[0.013s] Invoking command in '/home/eagletn7/Downloads/project-GO2/build/champ_bringup': CMAKE_PREFIX_PATH=/home/eagletn7/Downloads/project-GO2/install/champ_base:/home/eagletn7/Downloads/project-GO2/install/champ_msgs:/home/eagletn7/Downloads/project-GO2/install/champ_description:/home/eagletn7/Downloads/project-GO2/install/champ:/home/eagletn7/Downloads/project-GO2/install/go2_description:/home/eagletn7/Downloads/project-GO2/install/go2_config:/home/eagletn7/Downloads/project-GO2/install/champ_teleop:/home/eagletn7/Downloads/project-GO2/install/champ_navigation:/home/eagletn7/Downloads/project-GO2/install/champ_gazebo:/home/eagletn7/Downloads/project-GO2/install/champ_bringup:/home/eagletn7/Downloads/project-GO2/install/champ_config:/home/eagletn7/Downloads/project-GO2/install/go2_simple_navigation:/opt/ros/humble LD_LIBRARY_PATH=/home/eagletn7/Downloads/project-GO2/install/champ_base/lib:/home/eagletn7/Downloads/project-GO2/install/champ_msgs/lib:/home/eagletn7/Downloads/project-GO2/install/go2_config/lib:/usr/lib/x86_64-linux-gnu/gazebo-11/plugins:/opt/ros/humble/opt/rviz_ogre_vendor/lib:/opt/ros/humble/lib/x86_64-linux-gnu:/opt/ros/humble/lib PATH=/home/eagletn7/Downloads/project-GO2/install/champ_base/bin:/home/eagletn7/Downloads/project-GO2/install/champ_gazebo/bin:/opt/ros/humble/bin:/home/eagletn7/miniconda3/condabin:/usr/local/sbin:/usr/local/bin:/usr/sbin:/usr/bin:/sbin:/bin:/usr/games:/usr/local/games:/snap/bin:/snap/bin /usr/bin/cmake --build /home/eagletn7/Downloads/project-GO2/build/champ_bringup -- -j12 -l12
[0.065s] Built target ament_cmake_python_copy_champ_bringup
[0.256s] running egg_info
[0.257s] writing champ_bringup.egg-info/PKG-INFO
[0.257s] writing dependency_links to champ_bringup.egg-info/dependency_links.txt
[0.257s] writing top-level names to champ_bringup.egg-info/top_level.txt
[0.258s] reading manifest file 'champ_bringup.egg-info/SOURCES.txt'
[0.259s] writing manifest file 'champ_bringup.egg-info/SOURCES.txt'
[0.282s] Built target ament_cmake_python_build_champ_bringup_egg
[0.298s] Invoked command in '/home/eagletn7/Downloads/project-GO2/build/champ_bringup' returned '0': CMAKE_PREFIX_PATH=/home/eagletn7/Downloads/project-GO2/install/champ_base:/home/eagletn7/Downloads/project-GO2/install/champ_msgs:/home/eagletn7/Downloads/project-GO2/install/champ_description:/home/eagletn7/Downloads/project-GO2/install/champ:/home/eagletn7/Downloads/project-GO2/install/go2_description:/home/eagletn7/Downloads/project-GO2/install/go2_config:/home/eagletn7/Downloads/project-GO2/install/champ_teleop:/home/eagletn7/Downloads/project-GO2/install/champ_navigation:/home/eagletn7/Downloads/project-GO2/install/champ_gazebo:/home/eagletn7/Downloads/project-GO2/install/champ_bringup:/home/eagletn7/Downloads/project-GO2/install/champ_config:/home/eagletn7/Downloads/project-GO2/install/go2_simple_navigation:/opt/ros/humble LD_LIBRARY_PATH=/home/eagletn7/Downloads/project-GO2/install/champ_base/lib:/home/eagletn7/Downloads/project-GO2/install/champ_msgs/lib:/home/eagletn7/Downloads/project-GO2/install/go2_config/lib:/usr/lib/x86_64-linux-gnu/gazebo-11/plugins:/opt/ros/humble/opt/rviz_ogre_vendor/lib:/opt/ros/humble/lib/x86_64-linux-gnu:/opt/ros/humble/lib PATH=/home/eagletn7/Downloads/project-GO2/install/champ_base/bin:/home/eagletn7/Downloads/project-GO2/install/champ_gazebo/bin:/opt/ros/humble/bin:/home/eagletn7/miniconda3/condabin:/usr/local/sbin:/usr/local/bin:/usr/sbin:/usr/bin:/sbin:/bin:/usr/games:/usr/local/games:/snap/bin:/snap/bin /usr/bin/cmake --build /home/eagletn7/Downloads/project-GO2/build/champ_bringup -- -j12 -l12
[0.300s] Invoking command in '/home/eagletn7/Downloads/project-GO2/build/champ_bringup': CMAKE_PREFIX_PATH=/home/eagletn7/Downloads/project-GO2/install/champ_base:/home/eagletn7/Downloads/project-GO2/install/champ_msgs:/home/eagletn7/Downloads/project-GO2/install/champ_description:/home/eagletn7/Downloads/project-GO2/install/champ:/home/eagletn7/Downloads/project-GO2/install/go2_description:/home/eagletn7/Downloads/project-GO2/install/go2_config:/home/eagletn7/Downloads/project-GO2/install/champ_teleop:/home/eagletn7/Downloads/project-GO2/install/champ_navigation:/home/eagletn7/Downloads/project-GO2/install/champ_gazebo:/home/eagletn7/Downloads/project-GO2/install/champ_bringup:/home/eagletn7/Downloads/project-GO2/install/champ_config:/home/eagletn7/Downloads/project-GO2/install/go2_simple_navigation:/opt/ros/humble LD_LIBRARY_PATH=/home/eagletn7/Downloads/project-GO2/install/champ_base/lib:/home/eagletn7/Downloads/project-GO2/install/champ_msgs/lib:/home/eagletn7/Downloads/project-GO2/install/go2_config/lib:/usr/lib/x86_64-linux-gnu/gazebo-11/plugins:/opt/ros/humble/opt/rviz_ogre_vendor/lib:/opt/ros/humble/lib/x86_64-linux-gnu:/opt/ros/humble/lib PATH=/home/eagletn7/Downloads/project-GO2/install/champ_base/bin:/home/eagletn7/Downloads/project-GO2/install/champ_gazebo/bin:/opt/ros/humble/bin:/home/eagletn7/miniconda3/condabin:/usr/local/sbin:/usr/local/bin:/usr/sbin:/usr/bin:/sbin:/bin:/usr/games:/usr/local/games:/snap/bin:/snap/bin /usr/bin/cmake --install /home/eagletn7/Downloads/project-GO2/build/champ_bringup
[0.310s] -- Install configuration: ""
[0.310s] -- Up-to-date: /home/eagletn7/Downloads/project-GO2/install/champ_bringup/share/champ_bringup/launch
[0.310s] -- Up-to-date: /home/eagletn7/Downloads/project-GO2/install/champ_bringup/share/champ_bringup/launch/bringup.launch.py
[0.310s] -- Up-to-date: /home/eagletn7/Downloads/project-GO2/install/champ_bringup/share/champ_bringup/launch/joints_gui.launch
[0.310s] -- Up-to-date: /home/eagletn7/Downloads/project-GO2/install/champ_bringup/share/champ_bringup/launch/joints_gui.launch.py
[0.311s] -- Up-to-date: /home/eagletn7/Downloads/project-GO2/install/champ_bringup/share/champ_bringup/launch/include
[0.311s] -- Up-to-date: /home/eagletn7/Downloads/project-GO2/install/champ_bringup/share/champ_bringup/launch/include/laser
[0.311s] -- Up-to-date: /home/eagletn7/Downloads/project-GO2/install/champ_bringup/share/champ_bringup/launch/include/laser/sim.launch
[0.311s] -- Up-to-date: /home/eagletn7/Downloads/project-GO2/install/champ_bringup/share/champ_bringup/launch/include/laser/xv11.launch
[0.311s] -- Up-to-date: /home/eagletn7/Downloads/project-GO2/install/champ_bringup/share/champ_bringup/launch/include/laser/rplidar.launch
[0.311s] -- Up-to-date: /home/eagletn7/Downloads/project-GO2/install/champ_bringup/share/champ_bringup/launch/include/laser/realsense.launch
[0.311s] -- Up-to-date: /home/eagletn7/Downloads/project-GO2/install/champ_bringup/share/champ_bringup/launch/include/laser/sweep.launch
[0.311s] -- Up-to-date: /home/eagletn7/Downloads/project-GO2/install/champ_bringup/share/champ_bringup/launch/include/laser/d435.launch
[0.311s] -- Up-to-date: /home/eagletn7/Downloads/project-GO2/install/champ_bringup/share/champ_bringup/launch/include/laser/lms1xx.launch
[0.311s] -- Up-to-date: /home/eagletn7/Downloads/project-GO2/install/champ_bringup/share/champ_bringup/launch/include/laser/ydlidar.launch
[0.311s] -- Up-to-date: /home/eagletn7/Downloads/project-GO2/install/champ_bringup/share/champ_bringup/launch/include/laser/kinect.launch
[0.312s] -- Up-to-date: /home/eagletn7/Downloads/project-GO2/install/champ_bringup/share/champ_bringup/launch/include/laser/hokuyo.launch
[0.312s] -- Up-to-date: /home/eagletn7/Downloads/project-GO2/install/champ_bringup/share/champ_bringup/launch/include/velocity_smoother.launch
[0.312s] -- Up-to-date: /home/eagletn7/Downloads/project-GO2/install/champ_bringup/share/champ_bringup/launch/bringup.launch
[0.312s] -- Up-to-date: /home/eagletn7/Downloads/project-GO2/install/champ_bringup/share/champ_bringup/environment/pythonpath.sh
[0.312s] -- Up-to-date: /home/eagletn7/Downloads/project-GO2/install/champ_bringup/share/champ_bringup/environment/pythonpath.dsv
[0.312s] -- Up-to-date: /home/eagletn7/Downloads/project-GO2/install/champ_bringup/local/lib/python3.10/dist-packages/champ_bringup-0.1.0-py3.10.egg-info
[0.312s] -- Installing: /home/eagletn7/Downloads/project-GO2/install/champ_bringup/local/lib/python3.10/dist-packages/champ_bringup-0.1.0-py3.10.egg-info/PKG-INFO
[0.312s] -- Installing: /home/eagletn7/Downloads/project-GO2/install/champ_bringup/local/lib/python3.10/dist-packages/champ_bringup-0.1.0-py3.10.egg-info/SOURCES.txt
[0.312s] -- Installing: /home/eagletn7/Downloads/project-GO2/install/champ_bringup/local/lib/python3.10/dist-packages/champ_bringup-0.1.0-py3.10.egg-info/dependency_links.txt
[0.312s] -- Installing: /home/eagletn7/Downloads/project-GO2/install/champ_bringup/local/lib/python3.10/dist-packages/champ_bringup-0.1.0-py3.10.egg-info/top_level.txt
[0.312s] -- Up-to-date: /home/eagletn7/Downloads/project-GO2/install/champ_bringup/local/lib/python3.10/dist-packages/champ_bringup
[0.312s] -- Up-to-date: /home/eagletn7/Downloads/project-GO2/install/champ_bringup/local/lib/python3.10/dist-packages/champ_bringup/__init__.py
[0.312s] -- Up-to-date: /home/eagletn7/Downloads/project-GO2/install/champ_bringup/local/lib/python3.10/dist-packages/champ_bringup/joint_calibrator_relay.py
[0.343s] Listing '/home/eagletn7/Downloads/project-GO2/install/champ_bringup/local/lib/python3.10/dist-packages/champ_bringup'...
[0.346s] -- Up-to-date: /home/eagletn7/Downloads/project-GO2/install/champ_bringup/lib/champ_bringup/joint_calibrator_relay.py
[0.347s] -- Up-to-date: /home/eagletn7/Downloads/project-GO2/install/champ_bringup/share/ament_index/resource_index/package_run_dependencies/champ_bringup
[0.347s] -- Up-to-date: /home/eagletn7/Downloads/project-GO2/install/champ_bringup/share/ament_index/resource_index/parent_prefix_path/champ_bringup
[0.347s] -- Up-to-date: /home/eagletn7/Downloads/project-GO2/install/champ_bringup/share/champ_bringup/environment/ament_prefix_path.sh
[0.347s] -- Up-to-date: /home/eagletn7/Downloads/project-GO2/install/champ_bringup/share/champ_bringup/environment/ament_prefix_path.dsv
[0.347s] -- Up-to-date: /home/eagletn7/Downloads/project-GO2/install/champ_bringup/share/champ_bringup/environment/path.sh
[0.347s] -- Up-to-date: /home/eagletn7/Downloads/project-GO2/install/champ_bringup/share/champ_bringup/environment/path.dsv
[0.347s] -- Up-to-date: /home/eagletn7/Downloads/project-GO2/install/champ_bringup/share/champ_bringup/local_setup.bash
[0.347s] -- Up-to-date: /home/eagletn7/Downloads/project-GO2/install/champ_bringup/share/champ_bringup/local_setup.sh
[0.347s] -- Up-to-date: /home/eagletn7/Downloads/project-GO2/install/champ_bringup/share/champ_bringup/local_setup.zsh
[0.348s] -- Up-to-date: /home/eagletn7/Downloads/project-GO2/install/champ_bringup/share/champ_bringup/local_setup.dsv
[0.348s] -- Installing: /home/eagletn7/Downloads/project-GO2/install/champ_bringup/share/champ_bringup/package.dsv
[0.348s] -- Up-to-date: /home/eagletn7/Downloads/project-GO2/install/champ_bringup/share/ament_index/resource_index/packages/champ_bringup
[0.348s] -- Up-to-date: /home/eagletn7/Downloads/project-GO2/install/champ_bringup/share/champ_bringup/cmake/champ_bringupConfig.cmake
[0.348s] -- Up-to-date: /home/eagletn7/Downloads/project-GO2/install/champ_bringup/share/champ_bringup/cmake/champ_bringupConfig-version.cmake
[0.348s] -- Up-to-date: /home/eagletn7/Downloads/project-GO2/install/champ_bringup/share/champ_bringup/package.xml
[0.351s] Invoked command in '/home/eagletn7/Downloads/project-GO2/build/champ_bringup' returned '0': CMAKE_PREFIX_PATH=/home/eagletn7/Downloads/project-GO2/install/champ_base:/home/eagletn7/Downloads/project-GO2/install/champ_msgs:/home/eagletn7/Downloads/project-GO2/install/champ_description:/home/eagletn7/Downloads/project-GO2/install/champ:/home/eagletn7/Downloads/project-GO2/install/go2_description:/home/eagletn7/Downloads/project-GO2/install/go2_config:/home/eagletn7/Downloads/project-GO2/install/champ_teleop:/home/eagletn7/Downloads/project-GO2/install/champ_navigation:/home/eagletn7/Downloads/project-GO2/install/champ_gazebo:/home/eagletn7/Downloads/project-GO2/install/champ_bringup:/home/eagletn7/Downloads/project-GO2/install/champ_config:/home/eagletn7/Downloads/project-GO2/install/go2_simple_navigation:/opt/ros/humble LD_LIBRARY_PATH=/home/eagletn7/Downloads/project-GO2/install/champ_base/lib:/home/eagletn7/Downloads/project-GO2/install/champ_msgs/lib:/home/eagletn7/Downloads/project-GO2/install/go2_config/lib:/usr/lib/x86_64-linux-gnu/gazebo-11/plugins:/opt/ros/humble/opt/rviz_ogre_vendor/lib:/opt/ros/humble/lib/x86_64-linux-gnu:/opt/ros/humble/lib PATH=/home/eagletn7/Downloads/project-GO2/install/champ_base/bin:/home/eagletn7/Downloads/project-GO2/install/champ_gazebo/bin:/opt/ros/humble/bin:/home/eagletn7/miniconda3/condabin:/usr/local/sbin:/usr/local/bin:/usr/sbin:/usr/bin:/sbin:/bin:/usr/games:/usr/local/games:/snap/bin:/snap/bin /usr/bin/cmake --install /home/eagletn7/Downloads/project-GO2/build/champ_bringup
