[0.010s] Invoking command in '/home/eagletn7/Downloads/project-GO2/build/champ_base': CMAKE_PREFIX_PATH=/home/eagletn7/Downloads/project-GO2/install/champ_msgs:/home/eagletn7/Downloads/project-GO2/install/champ:/home/eagletn7/Downloads/project-GO2/install/go2_description:/home/eagletn7/Downloads/project-GO2/install/go2_config:/home/eagletn7/Downloads/project-GO2/install/champ_teleop:/home/eagletn7/Downloads/project-GO2/install/champ_navigation:/home/eagletn7/Downloads/project-GO2/install/champ_gazebo:/home/eagletn7/Downloads/project-GO2/install/champ_bringup:/home/eagletn7/Downloads/project-GO2/install/champ_base:/home/eagletn7/Downloads/project-GO2/install/champ_description:/home/eagletn7/Downloads/project-GO2/install/champ_config:/home/eagletn7/Downloads/project-GO2/install/go2_simple_navigation:/opt/ros/humble LD_LIBRARY_PATH=/home/eagletn7/Downloads/project-GO2/install/champ_msgs/lib:/home/eagletn7/Downloads/project-GO2/install/go2_config/lib:/home/eagletn7/Downloads/project-GO2/install/champ_base/lib:/usr/lib/x86_64-linux-gnu/gazebo-11/plugins:/opt/ros/humble/opt/rviz_ogre_vendor/lib:/opt/ros/humble/lib/x86_64-linux-gnu:/opt/ros/humble/lib /usr/bin/cmake --build /home/eagletn7/Downloads/project-GO2/build/champ_base -- -j12 -l12
[0.055s] [35m[1mConsolidate compiler generated dependencies of target quadruped_controller[0m
[0.056s] [35m[1mConsolidate compiler generated dependencies of target message_relay[0m
[0.056s] [35m[1mConsolidate compiler generated dependencies of target state_estimation[0m
[0.074s] [ 33%] Built target quadruped_controller
[0.074s] [ 33%] Built target message_relay
[0.074s] [ 50%] Built target state_estimation
[0.087s] [35m[1mConsolidate compiler generated dependencies of target state_estimation_node[0m
[0.087s] [35m[1mConsolidate compiler generated dependencies of target message_relay_node[0m
[0.087s] [35m[1mConsolidate compiler generated dependencies of target quadruped_controller_node[0m
[0.105s] [ 66%] Built target quadruped_controller_node
[0.105s] [ 83%] Built target message_relay_node
[0.105s] [100%] Built target state_estimation_node
[0.116s] Invoked command in '/home/eagletn7/Downloads/project-GO2/build/champ_base' returned '0': CMAKE_PREFIX_PATH=/home/eagletn7/Downloads/project-GO2/install/champ_msgs:/home/eagletn7/Downloads/project-GO2/install/champ:/home/eagletn7/Downloads/project-GO2/install/go2_description:/home/eagletn7/Downloads/project-GO2/install/go2_config:/home/eagletn7/Downloads/project-GO2/install/champ_teleop:/home/eagletn7/Downloads/project-GO2/install/champ_navigation:/home/eagletn7/Downloads/project-GO2/install/champ_gazebo:/home/eagletn7/Downloads/project-GO2/install/champ_bringup:/home/eagletn7/Downloads/project-GO2/install/champ_base:/home/eagletn7/Downloads/project-GO2/install/champ_description:/home/eagletn7/Downloads/project-GO2/install/champ_config:/home/eagletn7/Downloads/project-GO2/install/go2_simple_navigation:/opt/ros/humble LD_LIBRARY_PATH=/home/eagletn7/Downloads/project-GO2/install/champ_msgs/lib:/home/eagletn7/Downloads/project-GO2/install/go2_config/lib:/home/eagletn7/Downloads/project-GO2/install/champ_base/lib:/usr/lib/x86_64-linux-gnu/gazebo-11/plugins:/opt/ros/humble/opt/rviz_ogre_vendor/lib:/opt/ros/humble/lib/x86_64-linux-gnu:/opt/ros/humble/lib /usr/bin/cmake --build /home/eagletn7/Downloads/project-GO2/build/champ_base -- -j12 -l12
[0.116s] Invoking command in '/home/eagletn7/Downloads/project-GO2/build/champ_base': CMAKE_PREFIX_PATH=/home/eagletn7/Downloads/project-GO2/install/champ_msgs:/home/eagletn7/Downloads/project-GO2/install/champ:/home/eagletn7/Downloads/project-GO2/install/go2_description:/home/eagletn7/Downloads/project-GO2/install/go2_config:/home/eagletn7/Downloads/project-GO2/install/champ_teleop:/home/eagletn7/Downloads/project-GO2/install/champ_navigation:/home/eagletn7/Downloads/project-GO2/install/champ_gazebo:/home/eagletn7/Downloads/project-GO2/install/champ_bringup:/home/eagletn7/Downloads/project-GO2/install/champ_base:/home/eagletn7/Downloads/project-GO2/install/champ_description:/home/eagletn7/Downloads/project-GO2/install/champ_config:/home/eagletn7/Downloads/project-GO2/install/go2_simple_navigation:/opt/ros/humble LD_LIBRARY_PATH=/home/eagletn7/Downloads/project-GO2/install/champ_msgs/lib:/home/eagletn7/Downloads/project-GO2/install/go2_config/lib:/home/eagletn7/Downloads/project-GO2/install/champ_base/lib:/usr/lib/x86_64-linux-gnu/gazebo-11/plugins:/opt/ros/humble/opt/rviz_ogre_vendor/lib:/opt/ros/humble/lib/x86_64-linux-gnu:/opt/ros/humble/lib /usr/bin/cmake --install /home/eagletn7/Downloads/project-GO2/build/champ_base
[0.125s] -- Install configuration: ""
[0.125s] -- Up-to-date: /home/eagletn7/Downloads/project-GO2/install/champ_base/share/champ_base/config
[0.125s] -- Up-to-date: /home/eagletn7/Downloads/project-GO2/install/champ_base/share/champ_base/config/ekf
[0.125s] -- Up-to-date: /home/eagletn7/Downloads/project-GO2/install/champ_base/share/champ_base/config/ekf/footprint_to_odom.yaml
[0.125s] -- Up-to-date: /home/eagletn7/Downloads/project-GO2/install/champ_base/share/champ_base/config/ekf/base_to_footprint.yaml
[0.125s] -- Up-to-date: /home/eagletn7/Downloads/project-GO2/install/champ_base/share/champ_base/config/velocity_smoother
[0.125s] -- Up-to-date: /home/eagletn7/Downloads/project-GO2/install/champ_base/share/champ_base/config/velocity_smoother/velocity_smoother.yaml
[0.125s] -- Up-to-date: /home/eagletn7/Downloads/project-GO2/install/champ_base/lib/libquadruped_controller.so
[0.125s] -- Up-to-date: /home/eagletn7/Downloads/project-GO2/install/champ_base/bin/quadruped_controller_node
[0.126s] -- Up-to-date: /home/eagletn7/Downloads/project-GO2/install/champ_base/lib/libmessage_relay.so
[0.127s] -- Up-to-date: /home/eagletn7/Downloads/project-GO2/install/champ_base/bin/message_relay_node
[0.127s] -- Up-to-date: /home/eagletn7/Downloads/project-GO2/install/champ_base/lib/libstate_estimation.so
[0.127s] -- Up-to-date: /home/eagletn7/Downloads/project-GO2/install/champ_base/bin/state_estimation_node
[0.127s] -- Up-to-date: /home/eagletn7/Downloads/project-GO2/install/champ_base/lib/champ_base/quadruped_controller_node
[0.127s] -- Up-to-date: /home/eagletn7/Downloads/project-GO2/install/champ_base/lib/champ_base/message_relay_node
[0.128s] -- Up-to-date: /home/eagletn7/Downloads/project-GO2/install/champ_base/lib/champ_base/state_estimation_node
[0.128s] -- Up-to-date: /home/eagletn7/Downloads/project-GO2/install/champ_base/share/ament_index/resource_index/package_run_dependencies/champ_base
[0.128s] -- Up-to-date: /home/eagletn7/Downloads/project-GO2/install/champ_base/share/ament_index/resource_index/parent_prefix_path/champ_base
[0.128s] -- Up-to-date: /home/eagletn7/Downloads/project-GO2/install/champ_base/share/champ_base/environment/ament_prefix_path.sh
[0.128s] -- Up-to-date: /home/eagletn7/Downloads/project-GO2/install/champ_base/share/champ_base/environment/ament_prefix_path.dsv
[0.129s] -- Up-to-date: /home/eagletn7/Downloads/project-GO2/install/champ_base/share/champ_base/environment/path.sh
[0.129s] -- Up-to-date: /home/eagletn7/Downloads/project-GO2/install/champ_base/share/champ_base/environment/path.dsv
[0.129s] -- Up-to-date: /home/eagletn7/Downloads/project-GO2/install/champ_base/share/champ_base/local_setup.bash
[0.129s] -- Up-to-date: /home/eagletn7/Downloads/project-GO2/install/champ_base/share/champ_base/local_setup.sh
[0.129s] -- Up-to-date: /home/eagletn7/Downloads/project-GO2/install/champ_base/share/champ_base/local_setup.zsh
[0.129s] -- Up-to-date: /home/eagletn7/Downloads/project-GO2/install/champ_base/share/champ_base/local_setup.dsv
[0.129s] -- Installing: /home/eagletn7/Downloads/project-GO2/install/champ_base/share/champ_base/package.dsv
[0.129s] -- Up-to-date: /home/eagletn7/Downloads/project-GO2/install/champ_base/share/ament_index/resource_index/packages/champ_base
[0.129s] -- Up-to-date: /home/eagletn7/Downloads/project-GO2/install/champ_base/share/champ_base/cmake/ament_cmake_export_include_directories-extras.cmake
[0.129s] -- Up-to-date: /home/eagletn7/Downloads/project-GO2/install/champ_base/share/champ_base/cmake/ament_cmake_export_dependencies-extras.cmake
[0.129s] -- Up-to-date: /home/eagletn7/Downloads/project-GO2/install/champ_base/share/champ_base/cmake/champ_baseConfig.cmake
[0.130s] -- Up-to-date: /home/eagletn7/Downloads/project-GO2/install/champ_base/share/champ_base/cmake/champ_baseConfig-version.cmake
[0.130s] -- Up-to-date: /home/eagletn7/Downloads/project-GO2/install/champ_base/share/champ_base/package.xml
[0.141s] Invoked command in '/home/eagletn7/Downloads/project-GO2/build/champ_base' returned '0': CMAKE_PREFIX_PATH=/home/eagletn7/Downloads/project-GO2/install/champ_msgs:/home/eagletn7/Downloads/project-GO2/install/champ:/home/eagletn7/Downloads/project-GO2/install/go2_description:/home/eagletn7/Downloads/project-GO2/install/go2_config:/home/eagletn7/Downloads/project-GO2/install/champ_teleop:/home/eagletn7/Downloads/project-GO2/install/champ_navigation:/home/eagletn7/Downloads/project-GO2/install/champ_gazebo:/home/eagletn7/Downloads/project-GO2/install/champ_bringup:/home/eagletn7/Downloads/project-GO2/install/champ_base:/home/eagletn7/Downloads/project-GO2/install/champ_description:/home/eagletn7/Downloads/project-GO2/install/champ_config:/home/eagletn7/Downloads/project-GO2/install/go2_simple_navigation:/opt/ros/humble LD_LIBRARY_PATH=/home/eagletn7/Downloads/project-GO2/install/champ_msgs/lib:/home/eagletn7/Downloads/project-GO2/install/go2_config/lib:/home/eagletn7/Downloads/project-GO2/install/champ_base/lib:/usr/lib/x86_64-linux-gnu/gazebo-11/plugins:/opt/ros/humble/opt/rviz_ogre_vendor/lib:/opt/ros/humble/lib/x86_64-linux-gnu:/opt/ros/humble/lib /usr/bin/cmake --install /home/eagletn7/Downloads/project-GO2/build/champ_base
