[0.015s] Invoking command in '/home/eagletn7/Downloads/project-GO2/build/champ_gazebo': CMAKE_PREFIX_PATH=/home/eagletn7/Downloads/project-GO2/install/champ_msgs:/home/eagletn7/Downloads/project-GO2/install/champ:/home/eagletn7/Downloads/project-GO2/install/go2_description:/home/eagletn7/Downloads/project-GO2/install/go2_config:/home/eagletn7/Downloads/project-GO2/install/champ_teleop:/home/eagletn7/Downloads/project-GO2/install/champ_navigation:/home/eagletn7/Downloads/project-GO2/install/champ_gazebo:/home/eagletn7/Downloads/project-GO2/install/champ_bringup:/home/eagletn7/Downloads/project-GO2/install/champ_base:/home/eagletn7/Downloads/project-GO2/install/champ_description:/home/eagletn7/Downloads/project-GO2/install/champ_config:/home/eagletn7/Downloads/project-GO2/install/go2_simple_navigation:/opt/ros/humble CONDA_PROMPT_MODIFIER=(base) LD_LIBRARY_PATH=/home/eagletn7/Downloads/project-GO2/install/champ_msgs/lib:/home/eagletn7/Downloads/project-GO2/install/go2_config/lib:/home/eagletn7/Downloads/project-GO2/install/champ_base/lib:/usr/lib/x86_64-linux-gnu/gazebo-11/plugins:/opt/ros/humble/opt/rviz_ogre_vendor/lib:/opt/ros/humble/lib/x86_64-linux-gnu:/opt/ros/humble/lib /usr/bin/cmake --build /home/eagletn7/Downloads/project-GO2/build/champ_gazebo -- -j12 -l12
[0.071s] [35m[1mConsolidate compiler generated dependencies of target contact_sensor[0m
[0.114s] [ 50%] [32mBuilding CXX object CMakeFiles/contact_sensor.dir/src/contact_sensor.cpp.o[0m
[12.571s] [100%] [32m[1mLinking CXX executable contact_sensor[0m
[14.078s] [100%] Built target contact_sensor
[14.090s] Invoked command in '/home/eagletn7/Downloads/project-GO2/build/champ_gazebo' returned '0': CMAKE_PREFIX_PATH=/home/eagletn7/Downloads/project-GO2/install/champ_msgs:/home/eagletn7/Downloads/project-GO2/install/champ:/home/eagletn7/Downloads/project-GO2/install/go2_description:/home/eagletn7/Downloads/project-GO2/install/go2_config:/home/eagletn7/Downloads/project-GO2/install/champ_teleop:/home/eagletn7/Downloads/project-GO2/install/champ_navigation:/home/eagletn7/Downloads/project-GO2/install/champ_gazebo:/home/eagletn7/Downloads/project-GO2/install/champ_bringup:/home/eagletn7/Downloads/project-GO2/install/champ_base:/home/eagletn7/Downloads/project-GO2/install/champ_description:/home/eagletn7/Downloads/project-GO2/install/champ_config:/home/eagletn7/Downloads/project-GO2/install/go2_simple_navigation:/opt/ros/humble CONDA_PROMPT_MODIFIER=(base) LD_LIBRARY_PATH=/home/eagletn7/Downloads/project-GO2/install/champ_msgs/lib:/home/eagletn7/Downloads/project-GO2/install/go2_config/lib:/home/eagletn7/Downloads/project-GO2/install/champ_base/lib:/usr/lib/x86_64-linux-gnu/gazebo-11/plugins:/opt/ros/humble/opt/rviz_ogre_vendor/lib:/opt/ros/humble/lib/x86_64-linux-gnu:/opt/ros/humble/lib /usr/bin/cmake --build /home/eagletn7/Downloads/project-GO2/build/champ_gazebo -- -j12 -l12
[14.092s] Invoking command in '/home/eagletn7/Downloads/project-GO2/build/champ_gazebo': CMAKE_PREFIX_PATH=/home/eagletn7/Downloads/project-GO2/install/champ_msgs:/home/eagletn7/Downloads/project-GO2/install/champ:/home/eagletn7/Downloads/project-GO2/install/go2_description:/home/eagletn7/Downloads/project-GO2/install/go2_config:/home/eagletn7/Downloads/project-GO2/install/champ_teleop:/home/eagletn7/Downloads/project-GO2/install/champ_navigation:/home/eagletn7/Downloads/project-GO2/install/champ_gazebo:/home/eagletn7/Downloads/project-GO2/install/champ_bringup:/home/eagletn7/Downloads/project-GO2/install/champ_base:/home/eagletn7/Downloads/project-GO2/install/champ_description:/home/eagletn7/Downloads/project-GO2/install/champ_config:/home/eagletn7/Downloads/project-GO2/install/go2_simple_navigation:/opt/ros/humble CONDA_PROMPT_MODIFIER=(base) LD_LIBRARY_PATH=/home/eagletn7/Downloads/project-GO2/install/champ_msgs/lib:/home/eagletn7/Downloads/project-GO2/install/go2_config/lib:/home/eagletn7/Downloads/project-GO2/install/champ_base/lib:/usr/lib/x86_64-linux-gnu/gazebo-11/plugins:/opt/ros/humble/opt/rviz_ogre_vendor/lib:/opt/ros/humble/lib/x86_64-linux-gnu:/opt/ros/humble/lib /usr/bin/cmake --install /home/eagletn7/Downloads/project-GO2/build/champ_gazebo
[14.102s] -- Install configuration: ""
[14.103s] -- Up-to-date: /home/eagletn7/Downloads/project-GO2/install/champ_gazebo/bin/imu_sensor.py
[14.103s] -- Up-to-date: /home/eagletn7/Downloads/project-GO2/install/champ_gazebo/bin/odometry_tf.py
[14.103s] -- Up-to-date: /home/eagletn7/Downloads/project-GO2/install/champ_gazebo/bin/odometry.py
[14.104s] -- Installing: /home/eagletn7/Downloads/project-GO2/install/champ_gazebo/lib/champ_gazebo/contact_sensor
[14.106s] -- Set runtime path of "/home/eagletn7/Downloads/project-GO2/install/champ_gazebo/lib/champ_gazebo/contact_sensor" to ""
[14.107s] -- Up-to-date: /home/eagletn7/Downloads/project-GO2/install/champ_gazebo/share/champ_gazebo/launch
[14.107s] -- Up-to-date: /home/eagletn7/Downloads/project-GO2/install/champ_gazebo/share/champ_gazebo/launch/spawn_world.launch
[14.107s] -- Up-to-date: /home/eagletn7/Downloads/project-GO2/install/champ_gazebo/share/champ_gazebo/launch/gazebo.launch
[14.107s] -- Up-to-date: /home/eagletn7/Downloads/project-GO2/install/champ_gazebo/share/champ_gazebo/launch/gazebo.launch.py
[14.107s] -- Up-to-date: /home/eagletn7/Downloads/project-GO2/install/champ_gazebo/share/champ_gazebo/launch/spawn_robot.launch
[14.107s] -- Up-to-date: /home/eagletn7/Downloads/project-GO2/install/champ_gazebo/share/champ_gazebo/config
[14.107s] -- Up-to-date: /home/eagletn7/Downloads/project-GO2/install/champ_gazebo/share/champ_gazebo/config/gazebo.yaml
[14.107s] -- Up-to-date: /home/eagletn7/Downloads/project-GO2/install/champ_gazebo/share/champ_gazebo/config/ros_control.yaml
[14.107s] -- Up-to-date: /home/eagletn7/Downloads/project-GO2/install/champ_gazebo/share/champ_gazebo/worlds
[14.108s] -- Up-to-date: /home/eagletn7/Downloads/project-GO2/install/champ_gazebo/share/champ_gazebo/worlds/playground.world
[14.108s] -- Up-to-date: /home/eagletn7/Downloads/project-GO2/install/champ_gazebo/share/champ_gazebo/worlds/default.world
[14.108s] -- Up-to-date: /home/eagletn7/Downloads/project-GO2/install/champ_gazebo/share/champ_gazebo/worlds/outdoor.world
[14.108s] -- Up-to-date: /home/eagletn7/Downloads/project-GO2/install/champ_gazebo/share/ament_index/resource_index/package_run_dependencies/champ_gazebo
[14.108s] -- Up-to-date: /home/eagletn7/Downloads/project-GO2/install/champ_gazebo/share/ament_index/resource_index/parent_prefix_path/champ_gazebo
[14.108s] -- Up-to-date: /home/eagletn7/Downloads/project-GO2/install/champ_gazebo/share/champ_gazebo/environment/ament_prefix_path.sh
[14.108s] -- Up-to-date: /home/eagletn7/Downloads/project-GO2/install/champ_gazebo/share/champ_gazebo/environment/ament_prefix_path.dsv
[14.108s] -- Up-to-date: /home/eagletn7/Downloads/project-GO2/install/champ_gazebo/share/champ_gazebo/environment/path.sh
[14.108s] -- Up-to-date: /home/eagletn7/Downloads/project-GO2/install/champ_gazebo/share/champ_gazebo/environment/path.dsv
[14.108s] -- Up-to-date: /home/eagletn7/Downloads/project-GO2/install/champ_gazebo/share/champ_gazebo/local_setup.bash
[14.108s] -- Up-to-date: /home/eagletn7/Downloads/project-GO2/install/champ_gazebo/share/champ_gazebo/local_setup.sh
[14.109s] -- Up-to-date: /home/eagletn7/Downloads/project-GO2/install/champ_gazebo/share/champ_gazebo/local_setup.zsh
[14.109s] -- Up-to-date: /home/eagletn7/Downloads/project-GO2/install/champ_gazebo/share/champ_gazebo/local_setup.dsv
[14.109s] -- Installing: /home/eagletn7/Downloads/project-GO2/install/champ_gazebo/share/champ_gazebo/package.dsv
[14.109s] -- Up-to-date: /home/eagletn7/Downloads/project-GO2/install/champ_gazebo/share/ament_index/resource_index/packages/champ_gazebo
[14.109s] -- Up-to-date: /home/eagletn7/Downloads/project-GO2/install/champ_gazebo/share/champ_gazebo/cmake/ament_cmake_export_include_directories-extras.cmake
[14.109s] -- Up-to-date: /home/eagletn7/Downloads/project-GO2/install/champ_gazebo/share/champ_gazebo/cmake/ament_cmake_export_dependencies-extras.cmake
[14.109s] -- Up-to-date: /home/eagletn7/Downloads/project-GO2/install/champ_gazebo/share/champ_gazebo/cmake/champ_gazeboConfig.cmake
[14.109s] -- Up-to-date: /home/eagletn7/Downloads/project-GO2/install/champ_gazebo/share/champ_gazebo/cmake/champ_gazeboConfig-version.cmake
[14.109s] -- Up-to-date: /home/eagletn7/Downloads/project-GO2/install/champ_gazebo/share/champ_gazebo/package.xml
[14.111s] Invoked command in '/home/eagletn7/Downloads/project-GO2/build/champ_gazebo' returned '0': CMAKE_PREFIX_PATH=/home/eagletn7/Downloads/project-GO2/install/champ_msgs:/home/eagletn7/Downloads/project-GO2/install/champ:/home/eagletn7/Downloads/project-GO2/install/go2_description:/home/eagletn7/Downloads/project-GO2/install/go2_config:/home/eagletn7/Downloads/project-GO2/install/champ_teleop:/home/eagletn7/Downloads/project-GO2/install/champ_navigation:/home/eagletn7/Downloads/project-GO2/install/champ_gazebo:/home/eagletn7/Downloads/project-GO2/install/champ_bringup:/home/eagletn7/Downloads/project-GO2/install/champ_base:/home/eagletn7/Downloads/project-GO2/install/champ_description:/home/eagletn7/Downloads/project-GO2/install/champ_config:/home/eagletn7/Downloads/project-GO2/install/go2_simple_navigation:/opt/ros/humble CONDA_PROMPT_MODIFIER=(base) LD_LIBRARY_PATH=/home/eagletn7/Downloads/project-GO2/install/champ_msgs/lib:/home/eagletn7/Downloads/project-GO2/install/go2_config/lib:/home/eagletn7/Downloads/project-GO2/install/champ_base/lib:/usr/lib/x86_64-linux-gnu/gazebo-11/plugins:/opt/ros/humble/opt/rviz_ogre_vendor/lib:/opt/ros/humble/lib/x86_64-linux-gnu:/opt/ros/humble/lib /usr/bin/cmake --install /home/eagletn7/Downloads/project-GO2/build/champ_gazebo
