/home/eagletn7/Downloads/project-GO2/install/go2_simple_navigation/lib/python3.10/site-packages/go2_simple_navigation/dwb.test.py
/home/eagletn7/Downloads/project-GO2/install/go2_simple_navigation/lib/python3.10/site-packages/go2_simple_navigation/goal+avoid.py
/home/eagletn7/Downloads/project-GO2/install/go2_simple_navigation/lib/python3.10/site-packages/go2_simple_navigation/goal+avoid2.py
/home/eagletn7/Downloads/project-GO2/install/go2_simple_navigation/lib/python3.10/site-packages/go2_simple_navigation/obst_stop.py
/home/eagletn7/Downloads/project-GO2/install/go2_simple_navigation/lib/python3.10/site-packages/go2_simple_navigation/goal_avoid.py
/home/eagletn7/Downloads/project-GO2/install/go2_simple_navigation/lib/python3.10/site-packages/go2_simple_navigation/__init__.py
/home/eagletn7/Downloads/project-GO2/install/go2_simple_navigation/lib/python3.10/site-packages/go2_simple_navigation/strafe_avoid.py
/home/eagletn7/Downloads/project-GO2/install/go2_simple_navigation/lib/python3.10/site-packages/go2_simple_navigation/__pycache__/dwb.test.cpython-310.pyc
/home/eagletn7/Downloads/project-GO2/install/go2_simple_navigation/lib/python3.10/site-packages/go2_simple_navigation/__pycache__/goal+avoid.cpython-310.pyc
/home/eagletn7/Downloads/project-GO2/install/go2_simple_navigation/lib/python3.10/site-packages/go2_simple_navigation/__pycache__/goal+avoid2.cpython-310.pyc
/home/eagletn7/Downloads/project-GO2/install/go2_simple_navigation/lib/python3.10/site-packages/go2_simple_navigation/__pycache__/obst_stop.cpython-310.pyc
/home/eagletn7/Downloads/project-GO2/install/go2_simple_navigation/lib/python3.10/site-packages/go2_simple_navigation/__pycache__/goal_avoid.cpython-310.pyc
/home/eagletn7/Downloads/project-GO2/install/go2_simple_navigation/lib/python3.10/site-packages/go2_simple_navigation/__pycache__/__init__.cpython-310.pyc
/home/eagletn7/Downloads/project-GO2/install/go2_simple_navigation/lib/python3.10/site-packages/go2_simple_navigation/__pycache__/strafe_avoid.cpython-310.pyc
/home/eagletn7/Downloads/project-GO2/install/go2_simple_navigation/share/ament_index/resource_index/packages/go2_simple_navigation
/home/eagletn7/Downloads/project-GO2/install/go2_simple_navigation/share/go2_simple_navigation/package.xml
/home/eagletn7/Downloads/project-GO2/install/go2_simple_navigation/share/go2_simple_navigation/launch/test.launch.py
/home/eagletn7/Downloads/project-GO2/install/go2_simple_navigation/share/go2_simple_navigation/launch/simple_navigation.launch.py
/home/eagletn7/Downloads/project-GO2/install/go2_simple_navigation/lib/python3.10/site-packages/go2_simple_navigation-0.0.0-py3.10.egg-info/entry_points.txt
/home/eagletn7/Downloads/project-GO2/install/go2_simple_navigation/lib/python3.10/site-packages/go2_simple_navigation-0.0.0-py3.10.egg-info/zip-safe
/home/eagletn7/Downloads/project-GO2/install/go2_simple_navigation/lib/python3.10/site-packages/go2_simple_navigation-0.0.0-py3.10.egg-info/PKG-INFO
/home/eagletn7/Downloads/project-GO2/install/go2_simple_navigation/lib/python3.10/site-packages/go2_simple_navigation-0.0.0-py3.10.egg-info/SOURCES.txt
/home/eagletn7/Downloads/project-GO2/install/go2_simple_navigation/lib/python3.10/site-packages/go2_simple_navigation-0.0.0-py3.10.egg-info/dependency_links.txt
/home/eagletn7/Downloads/project-GO2/install/go2_simple_navigation/lib/python3.10/site-packages/go2_simple_navigation-0.0.0-py3.10.egg-info/top_level.txt
/home/eagletn7/Downloads/project-GO2/install/go2_simple_navigation/lib/python3.10/site-packages/go2_simple_navigation-0.0.0-py3.10.egg-info/requires.txt
/home/eagletn7/Downloads/project-GO2/install/go2_simple_navigation/lib/go2_simple_navigation/avoid_dwb
/home/eagletn7/Downloads/project-GO2/install/go2_simple_navigation/lib/go2_simple_navigation/go2_simple_navigation_node
/home/eagletn7/Downloads/project-GO2/install/go2_simple_navigation/lib/go2_simple_navigation/goal_avoid
/home/eagletn7/Downloads/project-GO2/install/go2_simple_navigation/lib/go2_simple_navigation/simple_avoidance
/home/eagletn7/Downloads/project-GO2/install/go2_simple_navigation/lib/go2_simple_navigation/walk
