[0.026s] Invoking command in '/home/eagletn7/Downloads/project-GO2/build/champ_config': CMAKE_PREFIX_PATH=${CMAKE_PREFIX_PATH}:/home/eagletn7/Downloads/project-GO2/install/go2_simple_navigation:/opt/ros/humble /usr/bin/cmake /home/eagletn7/Downloads/project-GO2/src/unitree-go2-ros2/champ/champ_config -DCMAKE_INSTALL_PREFIX=/home/eagletn7/Downloads/project-GO2/install/champ_config
[0.085s] -- The C compiler identification is GNU 11.4.0
[0.147s] -- The CXX compiler identification is GNU 11.4.0
[0.155s] -- Detecting C compiler ABI info
[0.231s] -- Detecting C compiler ABI info - done
[0.241s] -- Check for working C compiler: /usr/bin/cc - skipped
[0.241s] -- Detecting C compile features
[0.242s] -- Detecting C compile features - done
[0.245s] -- Detecting CXX compiler ABI info
[0.335s] -- Detecting CXX compiler ABI info - done
[0.342s] -- Check for working CXX compiler: /usr/bin/c++ - skipped
[0.342s] -- Detecting CXX compile features
[0.343s] -- Detecting CXX compile features - done
[0.345s] -- Found ament_cmake: 1.3.12 (/opt/ros/humble/share/ament_cmake/cmake)
[0.505s] -- Found Python3: /usr/bin/python3 (found version "3.10.12") found components: Interpreter 
[0.655s] -- Configuring done
[0.658s] -- Generating done
[0.661s] -- Build files have been written to: /home/eagletn7/Downloads/project-GO2/build/champ_config
[0.668s] Invoked command in '/home/eagletn7/Downloads/project-GO2/build/champ_config' returned '0': CMAKE_PREFIX_PATH=${CMAKE_PREFIX_PATH}:/home/eagletn7/Downloads/project-GO2/install/go2_simple_navigation:/opt/ros/humble /usr/bin/cmake /home/eagletn7/Downloads/project-GO2/src/unitree-go2-ros2/champ/champ_config -DCMAKE_INSTALL_PREFIX=/home/eagletn7/Downloads/project-GO2/install/champ_config
[0.668s] Invoking command in '/home/eagletn7/Downloads/project-GO2/build/champ_config': CMAKE_PREFIX_PATH=${CMAKE_PREFIX_PATH}:/home/eagletn7/Downloads/project-GO2/install/go2_simple_navigation:/opt/ros/humble /usr/bin/cmake --build /home/eagletn7/Downloads/project-GO2/build/champ_config -- -j12 -l12
[0.738s] Invoked command in '/home/eagletn7/Downloads/project-GO2/build/champ_config' returned '0': CMAKE_PREFIX_PATH=${CMAKE_PREFIX_PATH}:/home/eagletn7/Downloads/project-GO2/install/go2_simple_navigation:/opt/ros/humble /usr/bin/cmake --build /home/eagletn7/Downloads/project-GO2/build/champ_config -- -j12 -l12
[0.739s] Invoking command in '/home/eagletn7/Downloads/project-GO2/build/champ_config': CMAKE_PREFIX_PATH=${CMAKE_PREFIX_PATH}:/home/eagletn7/Downloads/project-GO2/install/go2_simple_navigation:/opt/ros/humble /usr/bin/cmake --install /home/eagletn7/Downloads/project-GO2/build/champ_config
[0.747s] -- Install configuration: ""
[0.747s] -- Installing: /home/eagletn7/Downloads/project-GO2/install/champ_config/share/champ_config/launch
[0.747s] -- Installing: /home/eagletn7/Downloads/project-GO2/install/champ_config/share/champ_config/launch/bringup.launch.py
[0.748s] -- Installing: /home/eagletn7/Downloads/project-GO2/install/champ_config/share/champ_config/launch/gazebo.launch.py
[0.748s] -- Installing: /home/eagletn7/Downloads/project-GO2/install/champ_config/share/champ_config/launch/slam.launch.py
[0.748s] -- Installing: /home/eagletn7/Downloads/project-GO2/install/champ_config/share/champ_config/launch/navigate.launch.py
[0.748s] -- Installing: /home/eagletn7/Downloads/project-GO2/install/champ_config/share/champ_config/config
[0.749s] -- Installing: /home/eagletn7/Downloads/project-GO2/install/champ_config/share/champ_config/config/links
[0.749s] -- Installing: /home/eagletn7/Downloads/project-GO2/install/champ_config/share/champ_config/config/links/links.yaml
[0.749s] -- Installing: /home/eagletn7/Downloads/project-GO2/install/champ_config/share/champ_config/config/autonomy
[0.749s] -- Installing: /home/eagletn7/Downloads/project-GO2/install/champ_config/share/champ_config/config/autonomy/navigation.yaml
[0.749s] -- Installing: /home/eagletn7/Downloads/project-GO2/install/champ_config/share/champ_config/config/autonomy/slam.yaml
[0.750s] -- Installing: /home/eagletn7/Downloads/project-GO2/install/champ_config/share/champ_config/config/gait
[0.750s] -- Installing: /home/eagletn7/Downloads/project-GO2/install/champ_config/share/champ_config/config/gait/gait.yaml
[0.750s] -- Installing: /home/eagletn7/Downloads/project-GO2/install/champ_config/share/champ_config/config/joints
[0.750s] -- Installing: /home/eagletn7/Downloads/project-GO2/install/champ_config/share/champ_config/config/joints/joints.yaml
[0.751s] -- Installing: /home/eagletn7/Downloads/project-GO2/install/champ_config/share/champ_config/maps
[0.751s] -- Installing: /home/eagletn7/Downloads/project-GO2/install/champ_config/share/champ_config/maps/playground.pgm
[0.751s] -- Installing: /home/eagletn7/Downloads/project-GO2/install/champ_config/share/champ_config/maps/map.yaml
[0.752s] -- Installing: /home/eagletn7/Downloads/project-GO2/install/champ_config/share/champ_config/maps/playground.yaml
[0.752s] -- Installing: /home/eagletn7/Downloads/project-GO2/install/champ_config/share/champ_config/maps/map.pgm
[0.756s] -- Installing: /home/eagletn7/Downloads/project-GO2/install/champ_config/share/champ_config/worlds
[0.756s] -- Installing: /home/eagletn7/Downloads/project-GO2/install/champ_config/share/champ_config/worlds/playground.world
[0.756s] -- Installing: /home/eagletn7/Downloads/project-GO2/install/champ_config/share/champ_config/worlds/default.world
[0.756s] -- Installing: /home/eagletn7/Downloads/project-GO2/install/champ_config/share/champ_config/worlds/outdoor.world
[0.757s] -- Installing: /home/eagletn7/Downloads/project-GO2/install/champ_config/share/ament_index/resource_index/package_run_dependencies/champ_config
[0.757s] -- Installing: /home/eagletn7/Downloads/project-GO2/install/champ_config/share/ament_index/resource_index/parent_prefix_path/champ_config
[0.757s] -- Installing: /home/eagletn7/Downloads/project-GO2/install/champ_config/share/champ_config/environment/ament_prefix_path.sh
[0.757s] -- Installing: /home/eagletn7/Downloads/project-GO2/install/champ_config/share/champ_config/environment/ament_prefix_path.dsv
[0.758s] -- Installing: /home/eagletn7/Downloads/project-GO2/install/champ_config/share/champ_config/environment/path.sh
[0.758s] -- Installing: /home/eagletn7/Downloads/project-GO2/install/champ_config/share/champ_config/environment/path.dsv
[0.758s] -- Installing: /home/eagletn7/Downloads/project-GO2/install/champ_config/share/champ_config/local_setup.bash
[0.758s] -- Installing: /home/eagletn7/Downloads/project-GO2/install/champ_config/share/champ_config/local_setup.sh
[0.758s] -- Installing: /home/eagletn7/Downloads/project-GO2/install/champ_config/share/champ_config/local_setup.zsh
[0.759s] -- Installing: /home/eagletn7/Downloads/project-GO2/install/champ_config/share/champ_config/local_setup.dsv
[0.759s] -- Installing: /home/eagletn7/Downloads/project-GO2/install/champ_config/share/champ_config/package.dsv
[0.759s] -- Installing: /home/eagletn7/Downloads/project-GO2/install/champ_config/share/ament_index/resource_index/packages/champ_config
[0.759s] -- Installing: /home/eagletn7/Downloads/project-GO2/install/champ_config/share/champ_config/cmake/champ_configConfig.cmake
[0.759s] -- Installing: /home/eagletn7/Downloads/project-GO2/install/champ_config/share/champ_config/cmake/champ_configConfig-version.cmake
[0.759s] -- Installing: /home/eagletn7/Downloads/project-GO2/install/champ_config/share/champ_config/package.xml
[0.762s] Invoked command in '/home/eagletn7/Downloads/project-GO2/build/champ_config' returned '0': CMAKE_PREFIX_PATH=${CMAKE_PREFIX_PATH}:/home/eagletn7/Downloads/project-GO2/install/go2_simple_navigation:/opt/ros/humble /usr/bin/cmake --install /home/eagletn7/Downloads/project-GO2/build/champ_config
