[0.030s] Invoking command in '/home/eagletn7/Downloads/project-GO2/build/champ': CMAKE_PREFIX_PATH=${CMAKE_PREFIX_PATH}:/home/eagletn7/Downloads/project-GO2/install/go2_simple_navigation:/opt/ros/humble /usr/bin/cmake /home/eagletn7/Downloads/project-GO2/src/unitree-go2-ros2/champ/champ -DCMAKE_INSTALL_PREFIX=/home/eagletn7/Downloads/project-GO2/install/champ
[0.091s] -- The C compiler identification is GNU 11.4.0
[0.150s] -- The CXX compiler identification is GNU 11.4.0
[0.157s] -- Detecting C compiler ABI info
[0.234s] -- Detecting C compiler ABI info - done
[0.244s] -- Check for working C compiler: /usr/bin/cc - skipped
[0.244s] -- Detecting C compile features
[0.244s] -- Detecting C compile features - done
[0.248s] -- Detecting CXX compiler ABI info
[0.337s] -- Detecting CXX compiler ABI info - done
[0.346s] -- Check for working CXX compiler: /usr/bin/c++ - skipped
[0.346s] -- Detecting CXX compile features
[0.347s] -- Detecting CXX compile features - done
[0.350s] -- Found ament_cmake: 1.3.12 (/opt/ros/humble/share/ament_cmake/cmake)
[0.505s] -- Found Python3: /usr/bin/python3 (found version "3.10.12") found components: Interpreter 
[0.606s] -- Found rclcpp: 16.0.14 (/opt/ros/humble/share/rclcpp/cmake)
[0.645s] -- Found rosidl_generator_c: 3.1.7 (/opt/ros/humble/share/rosidl_generator_c/cmake)
[0.652s] -- Found rosidl_adapter: 3.1.7 (/opt/ros/humble/share/rosidl_adapter/cmake)
[0.661s] -- Found rosidl_generator_cpp: 3.1.7 (/opt/ros/humble/share/rosidl_generator_cpp/cmake)
[0.675s] -- Using all available rosidl_typesupport_c: rosidl_typesupport_fastrtps_c;rosidl_typesupport_introspection_c
[0.694s] -- Using all available rosidl_typesupport_cpp: rosidl_typesupport_fastrtps_cpp;rosidl_typesupport_introspection_cpp
[0.741s] -- Found rmw_implementation_cmake: 6.1.2 (/opt/ros/humble/share/rmw_implementation_cmake/cmake)
[0.744s] -- Found rmw_fastrtps_cpp: 6.2.8 (/opt/ros/humble/share/rmw_fastrtps_cpp/cmake)
[0.832s] -- Found OpenSSL: /usr/lib/x86_64-linux-gnu/libcrypto.so (found version "3.0.2")  
[0.859s] -- Found FastRTPS: /opt/ros/humble/include  
[0.902s] -- Using RMW implementation 'rmw_fastrtps_cpp' as default
[0.910s] -- Looking for pthread.h
[0.972s] -- Looking for pthread.h - found
[0.973s] -- Performing Test CMAKE_HAVE_LIBC_PTHREAD
[1.042s] -- Performing Test CMAKE_HAVE_LIBC_PTHREAD - Success
[1.043s] -- Found Threads: TRUE  
[1.088s] -- Found ament_lint_auto: 0.12.14 (/opt/ros/humble/share/ament_lint_auto/cmake)
[1.138s] -- Configuring done
[1.142s] -- Generating done
[1.144s] -- Build files have been written to: /home/eagletn7/Downloads/project-GO2/build/champ
[1.151s] Invoked command in '/home/eagletn7/Downloads/project-GO2/build/champ' returned '0': CMAKE_PREFIX_PATH=${CMAKE_PREFIX_PATH}:/home/eagletn7/Downloads/project-GO2/install/go2_simple_navigation:/opt/ros/humble /usr/bin/cmake /home/eagletn7/Downloads/project-GO2/src/unitree-go2-ros2/champ/champ -DCMAKE_INSTALL_PREFIX=/home/eagletn7/Downloads/project-GO2/install/champ
[1.153s] Invoking command in '/home/eagletn7/Downloads/project-GO2/build/champ': CMAKE_PREFIX_PATH=${CMAKE_PREFIX_PATH}:/home/eagletn7/Downloads/project-GO2/install/go2_simple_navigation:/opt/ros/humble /usr/bin/cmake --build /home/eagletn7/Downloads/project-GO2/build/champ -- -j12 -l12
[1.192s] Invoked command in '/home/eagletn7/Downloads/project-GO2/build/champ' returned '0': CMAKE_PREFIX_PATH=${CMAKE_PREFIX_PATH}:/home/eagletn7/Downloads/project-GO2/install/go2_simple_navigation:/opt/ros/humble /usr/bin/cmake --build /home/eagletn7/Downloads/project-GO2/build/champ -- -j12 -l12
[1.194s] Invoking command in '/home/eagletn7/Downloads/project-GO2/build/champ': CMAKE_PREFIX_PATH=${CMAKE_PREFIX_PATH}:/home/eagletn7/Downloads/project-GO2/install/go2_simple_navigation:/opt/ros/humble /usr/bin/cmake --install /home/eagletn7/Downloads/project-GO2/build/champ
[1.203s] -- Install configuration: ""
[1.203s] -- Installing: /home/eagletn7/Downloads/project-GO2/install/champ/include
[1.203s] -- Installing: /home/eagletn7/Downloads/project-GO2/install/champ/include/champ
[1.204s] -- Installing: /home/eagletn7/Downloads/project-GO2/install/champ/include/champ/geometry
[1.204s] -- Installing: /home/eagletn7/Downloads/project-GO2/install/champ/include/champ/geometry/geometry.h
[1.204s] -- Installing: /home/eagletn7/Downloads/project-GO2/install/champ/include/champ/body_controller
[1.204s] -- Installing: /home/eagletn7/Downloads/project-GO2/install/champ/include/champ/body_controller/body_controller.h
[1.205s] -- Installing: /home/eagletn7/Downloads/project-GO2/install/champ/include/champ/odometry
[1.205s] -- Installing: /home/eagletn7/Downloads/project-GO2/install/champ/include/champ/odometry/odometry.h
[1.205s] -- Installing: /home/eagletn7/Downloads/project-GO2/install/champ/include/champ/LICENSE
[1.205s] -- Installing: /home/eagletn7/Downloads/project-GO2/install/champ/include/champ/leg_controller
[1.206s] -- Installing: /home/eagletn7/Downloads/project-GO2/install/champ/include/champ/leg_controller/phase_generator.h
[1.206s] -- Installing: /home/eagletn7/Downloads/project-GO2/install/champ/include/champ/leg_controller/trajectory_planner.h
[1.206s] -- Installing: /home/eagletn7/Downloads/project-GO2/install/champ/include/champ/leg_controller/leg_controller.h
[1.206s] -- Installing: /home/eagletn7/Downloads/project-GO2/install/champ/include/champ/kinematics
[1.206s] -- Installing: /home/eagletn7/Downloads/project-GO2/install/champ/include/champ/kinematics/kinematics.h
[1.206s] -- Installing: /home/eagletn7/Downloads/project-GO2/install/champ/include/champ/macros
[1.207s] -- Installing: /home/eagletn7/Downloads/project-GO2/install/champ/include/champ/macros/macros.h
[1.207s] -- Installing: /home/eagletn7/Downloads/project-GO2/install/champ/include/champ/README.md
[1.207s] -- Installing: /home/eagletn7/Downloads/project-GO2/install/champ/include/champ/quadruped_base
[1.207s] -- Installing: /home/eagletn7/Downloads/project-GO2/install/champ/include/champ/quadruped_base/quadruped_base.h
[1.208s] -- Installing: /home/eagletn7/Downloads/project-GO2/install/champ/include/champ/quadruped_base/quadruped_components.h
[1.208s] -- Installing: /home/eagletn7/Downloads/project-GO2/install/champ/include/champ/quadruped_base/quadruped_joint.h
[1.208s] -- Installing: /home/eagletn7/Downloads/project-GO2/install/champ/include/champ/quadruped_base/quadruped_leg.h
[1.208s] -- Installing: /home/eagletn7/Downloads/project-GO2/install/champ/include/champ/bla
[1.208s] -- Installing: /home/eagletn7/Downloads/project-GO2/install/champ/include/champ/bla/memory_delegate.h
[1.209s] -- Installing: /home/eagletn7/Downloads/project-GO2/install/champ/include/champ/bla/basic_linear_algebra.h
[1.209s] -- Installing: /home/eagletn7/Downloads/project-GO2/install/champ/include/champ/utils
[1.209s] -- Installing: /home/eagletn7/Downloads/project-GO2/install/champ/include/champ/utils/xmlrpc_helpers.h
[1.209s] -- Installing: /home/eagletn7/Downloads/project-GO2/install/champ/include/champ/utils/urdf_loader.h
[1.210s] -- Installing: /home/eagletn7/Downloads/project-GO2/install/champ/share/ament_index/resource_index/package_run_dependencies/champ
[1.210s] -- Installing: /home/eagletn7/Downloads/project-GO2/install/champ/share/ament_index/resource_index/parent_prefix_path/champ
[1.210s] -- Installing: /home/eagletn7/Downloads/project-GO2/install/champ/share/champ/environment/ament_prefix_path.sh
[1.210s] -- Installing: /home/eagletn7/Downloads/project-GO2/install/champ/share/champ/environment/ament_prefix_path.dsv
[1.211s] -- Installing: /home/eagletn7/Downloads/project-GO2/install/champ/share/champ/environment/path.sh
[1.213s] -- Installing: /home/eagletn7/Downloads/project-GO2/install/champ/share/champ/environment/path.dsv
[1.216s] -- Installing: /home/eagletn7/Downloads/project-GO2/install/champ/share/champ/local_setup.bash
[1.216s] -- Installing: /home/eagletn7/Downloads/project-GO2/install/champ/share/champ/local_setup.sh
[1.216s] -- Installing: /home/eagletn7/Downloads/project-GO2/install/champ/share/champ/local_setup.zsh
[1.216s] -- Installing: /home/eagletn7/Downloads/project-GO2/install/champ/share/champ/local_setup.dsv
[1.217s] -- Installing: /home/eagletn7/Downloads/project-GO2/install/champ/share/champ/package.dsv
[1.217s] -- Installing: /home/eagletn7/Downloads/project-GO2/install/champ/share/ament_index/resource_index/packages/champ
[1.217s] -- Installing: /home/eagletn7/Downloads/project-GO2/install/champ/share/champ/cmake/ament_cmake_export_include_directories-extras.cmake
[1.218s] -- Installing: /home/eagletn7/Downloads/project-GO2/install/champ/share/champ/cmake/champConfig.cmake
[1.218s] -- Installing: /home/eagletn7/Downloads/project-GO2/install/champ/share/champ/cmake/champConfig-version.cmake
[1.218s] -- Installing: /home/eagletn7/Downloads/project-GO2/install/champ/share/champ/package.xml
[1.221s] Invoked command in '/home/eagletn7/Downloads/project-GO2/build/champ' returned '0': CMAKE_PREFIX_PATH=${CMAKE_PREFIX_PATH}:/home/eagletn7/Downloads/project-GO2/install/go2_simple_navigation:/opt/ros/humble /usr/bin/cmake --install /home/eagletn7/Downloads/project-GO2/build/champ
