[0.040s] Invoking command in '/home/eagletn7/Downloads/project-GO2/build/champ_msgs': CMAKE_PREFIX_PATH=${CMAKE_PREFIX_PATH}:/home/eagletn7/Downloads/project-GO2/install/go2_simple_navigation:/opt/ros/humble CONDA_PROMPT_MODIFIER=(base) /usr/bin/cmake --build /home/eagletn7/Downloads/project-GO2/build/champ_msgs -- -j12 -l12
[0.156s] [  1%] Built target champ_msgs__cpp
[0.172s] [  2%] [32mBuilding C object CMakeFiles/champ_msgs__rosidl_generator_c.dir/rosidl_generator_c/champ_msgs/msg/detail/velocities__functions.c.o[0m
[0.174s] [  4%] [32mBuilding C object CMakeFiles/champ_msgs__rosidl_generator_c.dir/rosidl_generator_c/champ_msgs/msg/detail/point_array__functions.c.o[0m
[0.174s] [  4%] [32mBuilding C object CMakeFiles/champ_msgs__rosidl_generator_c.dir/rosidl_generator_c/champ_msgs/msg/detail/point__functions.c.o[0m
[0.174s] [  6%] [32mBuilding C object CMakeFiles/champ_msgs__rosidl_generator_c.dir/rosidl_generator_c/champ_msgs/msg/detail/imu__functions.c.o[0m
[0.174s] [  6%] [32mBuilding C object CMakeFiles/champ_msgs__rosidl_generator_c.dir/rosidl_generator_c/champ_msgs/msg/detail/joints__functions.c.o[0m
[0.175s] [  7%] [32mBuilding C object CMakeFiles/champ_msgs__rosidl_generator_c.dir/rosidl_generator_c/champ_msgs/msg/detail/pid__functions.c.o[0m
[0.175s] [  8%] [32mBuilding C object CMakeFiles/champ_msgs__rosidl_generator_c.dir/rosidl_generator_c/champ_msgs/msg/detail/contacts__functions.c.o[0m
[0.182s] [  8%] Built target ament_cmake_python_copy_champ_msgs
[0.186s] [  9%] [32mBuilding C object CMakeFiles/champ_msgs__rosidl_generator_c.dir/rosidl_generator_c/champ_msgs/msg/detail/contacts_stamped__functions.c.o[0m
[0.209s] [ 11%] [32mBuilding CXX object CMakeFiles/champ_msgs__rosidl_typesupport_introspection_cpp.dir/rosidl_typesupport_introspection_cpp/champ_msgs/msg/detail/velocities__type_support.cpp.o[0m
[0.209s] [ 11%] [32mBuilding CXX object CMakeFiles/champ_msgs__rosidl_typesupport_cpp.dir/rosidl_typesupport_cpp/champ_msgs/msg/velocities__type_support.cpp.o[0m
[0.210s] [ 12%] [32mBuilding CXX object CMakeFiles/champ_msgs__rosidl_typesupport_fastrtps_cpp.dir/rosidl_typesupport_fastrtps_cpp/champ_msgs/msg/detail/dds_fastrtps/velocities__type_support.cpp.o[0m
[0.378s] [ 14%] [32mBuilding C object CMakeFiles/champ_msgs__rosidl_generator_c.dir/rosidl_generator_c/champ_msgs/msg/detail/pose__functions.c.o[0m
[0.378s] [ 14%] [32mBuilding CXX object CMakeFiles/champ_msgs__rosidl_typesupport_introspection_cpp.dir/rosidl_typesupport_introspection_cpp/champ_msgs/msg/detail/pid__type_support.cpp.o[0m
[0.378s] [ 15%] [32mBuilding CXX object CMakeFiles/champ_msgs__rosidl_typesupport_cpp.dir/rosidl_typesupport_cpp/champ_msgs/msg/imu__type_support.cpp.o[0m
[0.378s] [ 16%] [32mBuilding CXX object CMakeFiles/champ_msgs__rosidl_typesupport_fastrtps_cpp.dir/rosidl_typesupport_fastrtps_cpp/champ_msgs/msg/detail/dds_fastrtps/imu__type_support.cpp.o[0m
[0.378s] [ 17%] [32mBuilding CXX object CMakeFiles/champ_msgs__rosidl_typesupport_introspection_cpp.dir/rosidl_typesupport_introspection_cpp/champ_msgs/msg/detail/point__type_support.cpp.o[0m
[0.381s] [ 18%] [32mBuilding CXX object CMakeFiles/champ_msgs__rosidl_typesupport_introspection_cpp.dir/rosidl_typesupport_introspection_cpp/champ_msgs/msg/detail/imu__type_support.cpp.o[0m
[0.381s] [ 20%] [32mBuilding CXX object CMakeFiles/champ_msgs__rosidl_typesupport_cpp.dir/rosidl_typesupport_cpp/champ_msgs/msg/pid__type_support.cpp.o[0m
[0.382s] [ 21%] [32mBuilding CXX object CMakeFiles/champ_msgs__rosidl_typesupport_fastrtps_cpp.dir/rosidl_typesupport_fastrtps_cpp/champ_msgs/msg/detail/dds_fastrtps/pid__type_support.cpp.o[0m
[0.437s] running egg_info
[0.437s] writing champ_msgs.egg-info/PKG-INFO
[0.437s] writing dependency_links to champ_msgs.egg-info/dependency_links.txt
[0.437s] writing top-level names to champ_msgs.egg-info/top_level.txt
[0.437s] reading manifest file 'champ_msgs.egg-info/SOURCES.txt'
[0.440s] writing manifest file 'champ_msgs.egg-info/SOURCES.txt'
[0.445s] [ 22%] [32m[1mLinking C shared library libchamp_msgs__rosidl_generator_c.so[0m
[0.487s] [ 22%] Built target ament_cmake_python_build_champ_msgs_egg
[0.502s] [ 23%] [32mBuilding CXX object CMakeFiles/champ_msgs__rosidl_typesupport_cpp.dir/rosidl_typesupport_cpp/champ_msgs/msg/point__type_support.cpp.o[0m
[0.578s] [ 24%] Built target champ_msgs__rosidl_generator_c
[0.605s] [ 25%] [32mBuilding CXX object CMakeFiles/champ_msgs__rosidl_typesupport_cpp.dir/rosidl_typesupport_cpp/champ_msgs/msg/point_array__type_support.cpp.o[0m
[0.736s] [ 26%] [32mBuilding CXX object CMakeFiles/champ_msgs__rosidl_typesupport_cpp.dir/rosidl_typesupport_cpp/champ_msgs/msg/joints__type_support.cpp.o[0m
[0.740s] [ 27%] [32mBuilding CXX object CMakeFiles/champ_msgs__rosidl_typesupport_introspection_cpp.dir/rosidl_typesupport_introspection_cpp/champ_msgs/msg/detail/point_array__type_support.cpp.o[0m
[0.758s] [ 28%] [32mBuilding CXX object CMakeFiles/champ_msgs__rosidl_typesupport_cpp.dir/rosidl_typesupport_cpp/champ_msgs/msg/contacts__type_support.cpp.o[0m
[0.811s] [ 29%] [32mBuilding CXX object CMakeFiles/champ_msgs__rosidl_typesupport_fastrtps_cpp.dir/rosidl_typesupport_fastrtps_cpp/champ_msgs/msg/detail/dds_fastrtps/point__type_support.cpp.o[0m
[0.827s] [ 30%] [32mBuilding CXX object CMakeFiles/champ_msgs__rosidl_typesupport_cpp.dir/rosidl_typesupport_cpp/champ_msgs/msg/contacts_stamped__type_support.cpp.o[0m
[0.835s] [ 31%] [32mBuilding CXX object CMakeFiles/champ_msgs__rosidl_typesupport_introspection_cpp.dir/rosidl_typesupport_introspection_cpp/champ_msgs/msg/detail/joints__type_support.cpp.o[0m
[0.840s] [ 32%] [32mBuilding C object CMakeFiles/champ_msgs__rosidl_typesupport_introspection_c.dir/rosidl_typesupport_introspection_c/champ_msgs/msg/detail/velocities__type_support.c.o[0m
[0.840s] [ 34%] [32mBuilding CXX object CMakeFiles/champ_msgs__rosidl_typesupport_cpp.dir/rosidl_typesupport_cpp/champ_msgs/msg/pose__type_support.cpp.o[0m
[0.840s] [ 34%] [32mBuilding CXX object CMakeFiles/champ_msgs__rosidl_typesupport_fastrtps_c.dir/rosidl_typesupport_fastrtps_c/champ_msgs/msg/detail/velocities__type_support_c.cpp.o[0m
[0.858s] [ 35%] [32mBuilding CXX object CMakeFiles/champ_msgs__rosidl_typesupport_c.dir/rosidl_typesupport_c/champ_msgs/msg/velocities__type_support.cpp.o[0m
[0.881s] [ 36%] [32mBuilding C object CMakeFiles/champ_msgs__rosidl_typesupport_introspection_c.dir/rosidl_typesupport_introspection_c/champ_msgs/msg/detail/pid__type_support.c.o[0m
[0.886s] [ 37%] [32mBuilding CXX object CMakeFiles/champ_msgs__rosidl_typesupport_c.dir/rosidl_typesupport_c/champ_msgs/msg/pid__type_support.cpp.o[0m
[0.904s] [ 38%] [32mBuilding CXX object CMakeFiles/champ_msgs__rosidl_typesupport_c.dir/rosidl_typesupport_c/champ_msgs/msg/imu__type_support.cpp.o[0m
[0.934s] [ 40%] [32mBuilding CXX object CMakeFiles/champ_msgs__rosidl_typesupport_fastrtps_cpp.dir/rosidl_typesupport_fastrtps_cpp/champ_msgs/msg/detail/dds_fastrtps/point_array__type_support.cpp.o[0m
[0.935s] [ 41%] [32mBuilding CXX object CMakeFiles/champ_msgs__rosidl_typesupport_introspection_cpp.dir/rosidl_typesupport_introspection_cpp/champ_msgs/msg/detail/contacts__type_support.cpp.o[0m
[0.935s] [ 42%] [32mBuilding C object CMakeFiles/champ_msgs__rosidl_typesupport_introspection_c.dir/rosidl_typesupport_introspection_c/champ_msgs/msg/detail/imu__type_support.c.o[0m
[0.952s] [ 43%] [32mBuilding CXX object CMakeFiles/champ_msgs__rosidl_typesupport_c.dir/rosidl_typesupport_c/champ_msgs/msg/point__type_support.cpp.o[0m
[1.003s] [ 44%] [32mBuilding CXX object CMakeFiles/champ_msgs__rosidl_typesupport_c.dir/rosidl_typesupport_c/champ_msgs/msg/point_array__type_support.cpp.o[0m
[1.017s] [ 45%] [32mBuilding C object CMakeFiles/champ_msgs__rosidl_typesupport_introspection_c.dir/rosidl_typesupport_introspection_c/champ_msgs/msg/detail/point__type_support.c.o[0m
[1.040s] [ 46%] [32mBuilding CXX object CMakeFiles/champ_msgs__rosidl_typesupport_fastrtps_c.dir/rosidl_typesupport_fastrtps_c/champ_msgs/msg/detail/pid__type_support_c.cpp.o[0m
[1.069s] [ 47%] [32mBuilding CXX object CMakeFiles/champ_msgs__rosidl_typesupport_c.dir/rosidl_typesupport_c/champ_msgs/msg/joints__type_support.cpp.o[0m
[1.080s] [ 48%] [32mBuilding CXX object CMakeFiles/champ_msgs__rosidl_typesupport_fastrtps_cpp.dir/rosidl_typesupport_fastrtps_cpp/champ_msgs/msg/detail/dds_fastrtps/joints__type_support.cpp.o[0m
[1.094s] [ 49%] [32mBuilding C object CMakeFiles/champ_msgs__rosidl_typesupport_introspection_c.dir/rosidl_typesupport_introspection_c/champ_msgs/msg/detail/point_array__type_support.c.o[0m
[1.143s] [ 50%] [32mBuilding CXX object CMakeFiles/champ_msgs__rosidl_typesupport_c.dir/rosidl_typesupport_c/champ_msgs/msg/contacts__type_support.cpp.o[0m
[1.145s] [ 51%] [32mBuilding CXX object CMakeFiles/champ_msgs__rosidl_typesupport_fastrtps_c.dir/rosidl_typesupport_fastrtps_c/champ_msgs/msg/detail/imu__type_support_c.cpp.o[0m
[1.155s] [ 52%] [32mBuilding CXX object CMakeFiles/champ_msgs__rosidl_typesupport_c.dir/rosidl_typesupport_c/champ_msgs/msg/contacts_stamped__type_support.cpp.o[0m
[1.163s] [ 53%] [32mBuilding C object CMakeFiles/champ_msgs__rosidl_typesupport_introspection_c.dir/rosidl_typesupport_introspection_c/champ_msgs/msg/detail/joints__type_support.c.o[0m
[1.167s] [ 54%] [32m[1mLinking CXX shared library libchamp_msgs__rosidl_typesupport_cpp.so[0m
[1.194s] [ 55%] [32mBuilding CXX object CMakeFiles/champ_msgs__rosidl_typesupport_fastrtps_c.dir/rosidl_typesupport_fastrtps_c/champ_msgs/msg/detail/point__type_support_c.cpp.o[0m
[1.202s] [ 56%] [32mBuilding CXX object CMakeFiles/champ_msgs__rosidl_typesupport_c.dir/rosidl_typesupport_c/champ_msgs/msg/pose__type_support.cpp.o[0m
[1.215s] [ 57%] [32mBuilding C object CMakeFiles/champ_msgs__rosidl_typesupport_introspection_c.dir/rosidl_typesupport_introspection_c/champ_msgs/msg/detail/contacts__type_support.c.o[0m
[1.219s] [ 58%] [32mBuilding CXX object CMakeFiles/champ_msgs__rosidl_typesupport_fastrtps_c.dir/rosidl_typesupport_fastrtps_c/champ_msgs/msg/detail/point_array__type_support_c.cpp.o[0m
[1.253s] [ 61%] [32m[1mLinking CXX shared library libchamp_msgs__rosidl_typesupport_c.so[0m
[1.254s] [ 61%] Built target champ_msgs__rosidl_typesupport_cpp
[1.257s] [ 62%] [32mBuilding CXX object CMakeFiles/champ_msgs__rosidl_typesupport_fastrtps_cpp.dir/rosidl_typesupport_fastrtps_cpp/champ_msgs/msg/detail/dds_fastrtps/contacts__type_support.cpp.o[0m
[1.265s] [ 63%] [32mBuilding C object CMakeFiles/champ_msgs__rosidl_typesupport_introspection_c.dir/rosidl_typesupport_introspection_c/champ_msgs/msg/detail/contacts_stamped__type_support.c.o[0m
[1.271s] [ 64%] [32mBuilding C object CMakeFiles/champ_msgs__rosidl_typesupport_introspection_c.dir/rosidl_typesupport_introspection_c/champ_msgs/msg/detail/pose__type_support.c.o[0m
[1.284s] [ 65%] [32mBuilding CXX object CMakeFiles/champ_msgs__rosidl_typesupport_fastrtps_c.dir/rosidl_typesupport_fastrtps_c/champ_msgs/msg/detail/joints__type_support_c.cpp.o[0m
[1.336s] [ 66%] [32mBuilding CXX object CMakeFiles/champ_msgs__rosidl_typesupport_introspection_cpp.dir/rosidl_typesupport_introspection_cpp/champ_msgs/msg/detail/contacts_stamped__type_support.cpp.o[0m
[1.345s] [ 67%] Built target champ_msgs__rosidl_typesupport_c
[1.348s] [ 68%] [32m[1mLinking C shared library libchamp_msgs__rosidl_typesupport_introspection_c.so[0m
[1.367s] [ 69%] [32mBuilding CXX object CMakeFiles/champ_msgs__rosidl_typesupport_fastrtps_cpp.dir/rosidl_typesupport_fastrtps_cpp/champ_msgs/msg/detail/dds_fastrtps/contacts_stamped__type_support.cpp.o[0m
[1.369s] [ 70%] [32mBuilding CXX object CMakeFiles/champ_msgs__rosidl_typesupport_introspection_cpp.dir/rosidl_typesupport_introspection_cpp/champ_msgs/msg/detail/pose__type_support.cpp.o[0m
[1.424s] [ 71%] Built target champ_msgs__rosidl_typesupport_introspection_c
[1.442s] [ 72%] [32mBuilding CXX object CMakeFiles/champ_msgs__rosidl_typesupport_fastrtps_c.dir/rosidl_typesupport_fastrtps_c/champ_msgs/msg/detail/contacts__type_support_c.cpp.o[0m
[1.448s] [ 73%] [32mBuilding CXX object CMakeFiles/champ_msgs__rosidl_typesupport_fastrtps_cpp.dir/rosidl_typesupport_fastrtps_cpp/champ_msgs/msg/detail/dds_fastrtps/pose__type_support.cpp.o[0m
[1.451s] [ 74%] [32mBuilding CXX object CMakeFiles/champ_msgs__rosidl_typesupport_fastrtps_c.dir/rosidl_typesupport_fastrtps_c/champ_msgs/msg/detail/contacts_stamped__type_support_c.cpp.o[0m
[1.552s] [ 75%] [32mBuilding CXX object CMakeFiles/champ_msgs__rosidl_typesupport_fastrtps_c.dir/rosidl_typesupport_fastrtps_c/champ_msgs/msg/detail/pose__type_support_c.cpp.o[0m
[1.820s] [ 76%] [32m[1mLinking CXX shared library libchamp_msgs__rosidl_typesupport_fastrtps_cpp.so[0m
[1.840s] [ 77%] [32m[1mLinking CXX shared library libchamp_msgs__rosidl_typesupport_introspection_cpp.so[0m
[1.881s] [ 78%] [32m[1mLinking CXX shared library libchamp_msgs__rosidl_typesupport_fastrtps_c.so[0m
[1.895s] [ 80%] Built target champ_msgs__rosidl_typesupport_fastrtps_cpp
[1.914s] [ 81%] Built target champ_msgs__rosidl_typesupport_introspection_cpp
[1.951s] [ 82%] Built target champ_msgs__rosidl_typesupport_fastrtps_c
[1.975s] [ 82%] Built target champ_msgs
[2.000s] [ 83%] Built target champ_msgs__py
[2.032s] [ 84%] [32mBuilding C object CMakeFiles/champ_msgs__rosidl_generator_py.dir/rosidl_generator_py/champ_msgs/msg/_pid_s.c.o[0m
[2.032s] [ 85%] [32mBuilding C object CMakeFiles/champ_msgs__rosidl_generator_py.dir/rosidl_generator_py/champ_msgs/msg/_imu_s.c.o[0m
[2.033s] [ 87%] [32mBuilding C object CMakeFiles/champ_msgs__rosidl_generator_py.dir/rosidl_generator_py/champ_msgs/msg/_velocities_s.c.o[0m
[2.033s] [ 87%] [32mBuilding C object CMakeFiles/champ_msgs__rosidl_generator_py.dir/rosidl_generator_py/champ_msgs/msg/_contacts_s.c.o[0m
[2.033s] [ 88%] [32mBuilding C object CMakeFiles/champ_msgs__rosidl_generator_py.dir/rosidl_generator_py/champ_msgs/msg/_point_array_s.c.o[0m
[2.034s] [ 89%] [32mBuilding C object CMakeFiles/champ_msgs__rosidl_generator_py.dir/rosidl_generator_py/champ_msgs/msg/_contacts_stamped_s.c.o[0m
[2.034s] [ 90%] [32mBuilding C object CMakeFiles/champ_msgs__rosidl_generator_py.dir/rosidl_generator_py/champ_msgs/msg/_pose_s.c.o[0m
[2.036s] [ 91%] [32mBuilding C object CMakeFiles/champ_msgs__rosidl_generator_py.dir/rosidl_generator_py/champ_msgs/msg/_point_s.c.o[0m
[2.037s] [ 92%] [32mBuilding C object CMakeFiles/champ_msgs__rosidl_generator_py.dir/rosidl_generator_py/champ_msgs/msg/_joints_s.c.o[0m
[2.157s] [ 93%] [32m[1mLinking C shared library rosidl_generator_py/champ_msgs/libchamp_msgs__rosidl_generator_py.so[0m
[2.199s] [ 93%] Built target champ_msgs__rosidl_generator_py
[2.222s] [ 95%] [32mBuilding C object CMakeFiles/champ_msgs__rosidl_typesupport_c__pyext.dir/rosidl_generator_py/champ_msgs/_champ_msgs_s.ep.rosidl_typesupport_c.c.o[0m
[2.222s] [ 95%] [32mBuilding C object CMakeFiles/champ_msgs__rosidl_typesupport_fastrtps_c__pyext.dir/rosidl_generator_py/champ_msgs/_champ_msgs_s.ep.rosidl_typesupport_fastrtps_c.c.o[0m
[2.223s] [ 96%] [32mBuilding C object CMakeFiles/champ_msgs__rosidl_typesupport_introspection_c__pyext.dir/rosidl_generator_py/champ_msgs/_champ_msgs_s.ep.rosidl_typesupport_introspection_c.c.o[0m
[2.328s] [ 97%] [32m[1mLinking C shared library rosidl_generator_py/champ_msgs/champ_msgs_s__rosidl_typesupport_introspection_c.cpython-310-x86_64-linux-gnu.so[0m
[2.330s] [ 98%] [32m[1mLinking C shared library rosidl_generator_py/champ_msgs/champ_msgs_s__rosidl_typesupport_c.cpython-310-x86_64-linux-gnu.so[0m
[2.367s] [100%] [32m[1mLinking C shared library rosidl_generator_py/champ_msgs/champ_msgs_s__rosidl_typesupport_fastrtps_c.cpython-310-x86_64-linux-gnu.so[0m
[2.370s] [100%] Built target champ_msgs__rosidl_typesupport_c__pyext
[2.373s] [100%] Built target champ_msgs__rosidl_typesupport_introspection_c__pyext
[2.408s] [100%] Built target champ_msgs__rosidl_typesupport_fastrtps_c__pyext
[2.423s] Invoked command in '/home/eagletn7/Downloads/project-GO2/build/champ_msgs' returned '0': CMAKE_PREFIX_PATH=${CMAKE_PREFIX_PATH}:/home/eagletn7/Downloads/project-GO2/install/go2_simple_navigation:/opt/ros/humble CONDA_PROMPT_MODIFIER=(base) /usr/bin/cmake --build /home/eagletn7/Downloads/project-GO2/build/champ_msgs -- -j12 -l12
[2.425s] Invoking command in '/home/eagletn7/Downloads/project-GO2/build/champ_msgs': CMAKE_PREFIX_PATH=${CMAKE_PREFIX_PATH}:/home/eagletn7/Downloads/project-GO2/install/go2_simple_navigation:/opt/ros/humble CONDA_PROMPT_MODIFIER=(base) /usr/bin/cmake --install /home/eagletn7/Downloads/project-GO2/build/champ_msgs
[2.433s] -- Install configuration: ""
[2.433s] -- Up-to-date: /home/eagletn7/Downloads/project-GO2/install/champ_msgs/share/ament_index/resource_index/rosidl_interfaces/champ_msgs
[2.433s] -- Up-to-date: /home/eagletn7/Downloads/project-GO2/install/champ_msgs/include/champ_msgs/champ_msgs
[2.434s] -- Up-to-date: /home/eagletn7/Downloads/project-GO2/install/champ_msgs/include/champ_msgs/champ_msgs/msg
[2.434s] -- Up-to-date: /home/eagletn7/Downloads/project-GO2/install/champ_msgs/include/champ_msgs/champ_msgs/msg/contacts.h
[2.434s] -- Up-to-date: /home/eagletn7/Downloads/project-GO2/install/champ_msgs/include/champ_msgs/champ_msgs/msg/contacts_stamped.h
[2.434s] -- Up-to-date: /home/eagletn7/Downloads/project-GO2/install/champ_msgs/include/champ_msgs/champ_msgs/msg/joints.h
[2.434s] -- Up-to-date: /home/eagletn7/Downloads/project-GO2/install/champ_msgs/include/champ_msgs/champ_msgs/msg/detail
[2.434s] -- Up-to-date: /home/eagletn7/Downloads/project-GO2/install/champ_msgs/include/champ_msgs/champ_msgs/msg/detail/pid__struct.h
[2.434s] -- Up-to-date: /home/eagletn7/Downloads/project-GO2/install/champ_msgs/include/champ_msgs/champ_msgs/msg/detail/imu__struct.h
[2.434s] -- Up-to-date: /home/eagletn7/Downloads/project-GO2/install/champ_msgs/include/champ_msgs/champ_msgs/msg/detail/pose__struct.h
[2.434s] -- Up-to-date: /home/eagletn7/Downloads/project-GO2/install/champ_msgs/include/champ_msgs/champ_msgs/msg/detail/point__functions.c
[2.435s] -- Up-to-date: /home/eagletn7/Downloads/project-GO2/install/champ_msgs/include/champ_msgs/champ_msgs/msg/detail/point__type_support.h
[2.435s] -- Up-to-date: /home/eagletn7/Downloads/project-GO2/install/champ_msgs/include/champ_msgs/champ_msgs/msg/detail/contacts__type_support.h
[2.435s] -- Up-to-date: /home/eagletn7/Downloads/project-GO2/install/champ_msgs/include/champ_msgs/champ_msgs/msg/detail/pose__type_support.h
[2.435s] -- Up-to-date: /home/eagletn7/Downloads/project-GO2/install/champ_msgs/include/champ_msgs/champ_msgs/msg/detail/pid__type_support.h
[2.435s] -- Up-to-date: /home/eagletn7/Downloads/project-GO2/install/champ_msgs/include/champ_msgs/champ_msgs/msg/detail/contacts_stamped__functions.c
[2.435s] -- Up-to-date: /home/eagletn7/Downloads/project-GO2/install/champ_msgs/include/champ_msgs/champ_msgs/msg/detail/contacts__struct.h
[2.435s] -- Up-to-date: /home/eagletn7/Downloads/project-GO2/install/champ_msgs/include/champ_msgs/champ_msgs/msg/detail/contacts_stamped__struct.h
[2.435s] -- Up-to-date: /home/eagletn7/Downloads/project-GO2/install/champ_msgs/include/champ_msgs/champ_msgs/msg/detail/pid__functions.c
[2.435s] -- Up-to-date: /home/eagletn7/Downloads/project-GO2/install/champ_msgs/include/champ_msgs/champ_msgs/msg/detail/point__functions.h
[2.435s] -- Up-to-date: /home/eagletn7/Downloads/project-GO2/install/champ_msgs/include/champ_msgs/champ_msgs/msg/detail/contacts__functions.c
[2.435s] -- Up-to-date: /home/eagletn7/Downloads/project-GO2/install/champ_msgs/include/champ_msgs/champ_msgs/msg/detail/joints__struct.h
[2.435s] -- Up-to-date: /home/eagletn7/Downloads/project-GO2/install/champ_msgs/include/champ_msgs/champ_msgs/msg/detail/point_array__functions.c
[2.435s] -- Up-to-date: /home/eagletn7/Downloads/project-GO2/install/champ_msgs/include/champ_msgs/champ_msgs/msg/detail/contacts_stamped__functions.h
[2.435s] -- Up-to-date: /home/eagletn7/Downloads/project-GO2/install/champ_msgs/include/champ_msgs/champ_msgs/msg/detail/joints__type_support.h
[2.435s] -- Up-to-date: /home/eagletn7/Downloads/project-GO2/install/champ_msgs/include/champ_msgs/champ_msgs/msg/detail/point_array__type_support.h
[2.435s] -- Up-to-date: /home/eagletn7/Downloads/project-GO2/install/champ_msgs/include/champ_msgs/champ_msgs/msg/detail/imu__type_support.h
[2.436s] -- Up-to-date: /home/eagletn7/Downloads/project-GO2/install/champ_msgs/include/champ_msgs/champ_msgs/msg/detail/contacts__functions.h
[2.436s] -- Up-to-date: /home/eagletn7/Downloads/project-GO2/install/champ_msgs/include/champ_msgs/champ_msgs/msg/detail/contacts_stamped__type_support.h
[2.436s] -- Up-to-date: /home/eagletn7/Downloads/project-GO2/install/champ_msgs/include/champ_msgs/champ_msgs/msg/detail/pose__functions.c
[2.436s] -- Up-to-date: /home/eagletn7/Downloads/project-GO2/install/champ_msgs/include/champ_msgs/champ_msgs/msg/detail/point_array__struct.h
[2.436s] -- Up-to-date: /home/eagletn7/Downloads/project-GO2/install/champ_msgs/include/champ_msgs/champ_msgs/msg/detail/point_array__functions.h
[2.436s] -- Up-to-date: /home/eagletn7/Downloads/project-GO2/install/champ_msgs/include/champ_msgs/champ_msgs/msg/detail/imu__functions.h
[2.436s] -- Up-to-date: /home/eagletn7/Downloads/project-GO2/install/champ_msgs/include/champ_msgs/champ_msgs/msg/detail/pose__functions.h
[2.436s] -- Up-to-date: /home/eagletn7/Downloads/project-GO2/install/champ_msgs/include/champ_msgs/champ_msgs/msg/detail/imu__functions.c
[2.436s] -- Up-to-date: /home/eagletn7/Downloads/project-GO2/install/champ_msgs/include/champ_msgs/champ_msgs/msg/detail/velocities__functions.c
[2.436s] -- Up-to-date: /home/eagletn7/Downloads/project-GO2/install/champ_msgs/include/champ_msgs/champ_msgs/msg/detail/pid__functions.h
[2.436s] -- Up-to-date: /home/eagletn7/Downloads/project-GO2/install/champ_msgs/include/champ_msgs/champ_msgs/msg/detail/velocities__struct.h
[2.436s] -- Up-to-date: /home/eagletn7/Downloads/project-GO2/install/champ_msgs/include/champ_msgs/champ_msgs/msg/detail/velocities__type_support.h
[2.436s] -- Up-to-date: /home/eagletn7/Downloads/project-GO2/install/champ_msgs/include/champ_msgs/champ_msgs/msg/detail/joints__functions.c
[2.436s] -- Up-to-date: /home/eagletn7/Downloads/project-GO2/install/champ_msgs/include/champ_msgs/champ_msgs/msg/detail/point__struct.h
[2.437s] -- Up-to-date: /home/eagletn7/Downloads/project-GO2/install/champ_msgs/include/champ_msgs/champ_msgs/msg/detail/joints__functions.h
[2.437s] -- Up-to-date: /home/eagletn7/Downloads/project-GO2/install/champ_msgs/include/champ_msgs/champ_msgs/msg/detail/velocities__functions.h
[2.437s] -- Up-to-date: /home/eagletn7/Downloads/project-GO2/install/champ_msgs/include/champ_msgs/champ_msgs/msg/pose.h
[2.437s] -- Up-to-date: /home/eagletn7/Downloads/project-GO2/install/champ_msgs/include/champ_msgs/champ_msgs/msg/rosidl_generator_c__visibility_control.h
[2.437s] -- Up-to-date: /home/eagletn7/Downloads/project-GO2/install/champ_msgs/include/champ_msgs/champ_msgs/msg/pid.h
[2.437s] -- Up-to-date: /home/eagletn7/Downloads/project-GO2/install/champ_msgs/include/champ_msgs/champ_msgs/msg/imu.h
[2.437s] -- Up-to-date: /home/eagletn7/Downloads/project-GO2/install/champ_msgs/include/champ_msgs/champ_msgs/msg/point.h
[2.437s] -- Up-to-date: /home/eagletn7/Downloads/project-GO2/install/champ_msgs/include/champ_msgs/champ_msgs/msg/point_array.h
[2.437s] -- Up-to-date: /home/eagletn7/Downloads/project-GO2/install/champ_msgs/include/champ_msgs/champ_msgs/msg/velocities.h
[2.437s] -- Up-to-date: /home/eagletn7/Downloads/project-GO2/install/champ_msgs/share/champ_msgs/environment/library_path.sh
[2.437s] -- Up-to-date: /home/eagletn7/Downloads/project-GO2/install/champ_msgs/share/champ_msgs/environment/library_path.dsv
[2.438s] -- Installing: /home/eagletn7/Downloads/project-GO2/install/champ_msgs/lib/libchamp_msgs__rosidl_generator_c.so
[2.439s] -- Set runtime path of "/home/eagletn7/Downloads/project-GO2/install/champ_msgs/lib/libchamp_msgs__rosidl_generator_c.so" to ""
[2.439s] -- Up-to-date: /home/eagletn7/Downloads/project-GO2/install/champ_msgs/include/champ_msgs/champ_msgs
[2.439s] -- Up-to-date: /home/eagletn7/Downloads/project-GO2/install/champ_msgs/include/champ_msgs/champ_msgs/msg
[2.439s] -- Up-to-date: /home/eagletn7/Downloads/project-GO2/install/champ_msgs/include/champ_msgs/champ_msgs/msg/detail
[2.439s] -- Up-to-date: /home/eagletn7/Downloads/project-GO2/install/champ_msgs/include/champ_msgs/champ_msgs/msg/detail/pid__rosidl_typesupport_fastrtps_c.h
[2.439s] -- Up-to-date: /home/eagletn7/Downloads/project-GO2/install/champ_msgs/include/champ_msgs/champ_msgs/msg/detail/contacts_stamped__rosidl_typesupport_fastrtps_c.h
[2.439s] -- Up-to-date: /home/eagletn7/Downloads/project-GO2/install/champ_msgs/include/champ_msgs/champ_msgs/msg/detail/velocities__rosidl_typesupport_fastrtps_c.h
[2.439s] -- Up-to-date: /home/eagletn7/Downloads/project-GO2/install/champ_msgs/include/champ_msgs/champ_msgs/msg/detail/point_array__rosidl_typesupport_fastrtps_c.h
[2.439s] -- Up-to-date: /home/eagletn7/Downloads/project-GO2/install/champ_msgs/include/champ_msgs/champ_msgs/msg/detail/point__rosidl_typesupport_fastrtps_c.h
[2.439s] -- Up-to-date: /home/eagletn7/Downloads/project-GO2/install/champ_msgs/include/champ_msgs/champ_msgs/msg/detail/pose__rosidl_typesupport_fastrtps_c.h
[2.439s] -- Up-to-date: /home/eagletn7/Downloads/project-GO2/install/champ_msgs/include/champ_msgs/champ_msgs/msg/detail/imu__rosidl_typesupport_fastrtps_c.h
[2.439s] -- Up-to-date: /home/eagletn7/Downloads/project-GO2/install/champ_msgs/include/champ_msgs/champ_msgs/msg/detail/contacts__rosidl_typesupport_fastrtps_c.h
[2.439s] -- Up-to-date: /home/eagletn7/Downloads/project-GO2/install/champ_msgs/include/champ_msgs/champ_msgs/msg/detail/joints__rosidl_typesupport_fastrtps_c.h
[2.439s] -- Up-to-date: /home/eagletn7/Downloads/project-GO2/install/champ_msgs/include/champ_msgs/champ_msgs/msg/rosidl_typesupport_fastrtps_c__visibility_control.h
[2.440s] -- Installing: /home/eagletn7/Downloads/project-GO2/install/champ_msgs/lib/libchamp_msgs__rosidl_typesupport_fastrtps_c.so
[2.440s] -- Set runtime path of "/home/eagletn7/Downloads/project-GO2/install/champ_msgs/lib/libchamp_msgs__rosidl_typesupport_fastrtps_c.so" to ""
[2.440s] -- Up-to-date: /home/eagletn7/Downloads/project-GO2/install/champ_msgs/include/champ_msgs/champ_msgs
[2.440s] -- Up-to-date: /home/eagletn7/Downloads/project-GO2/install/champ_msgs/include/champ_msgs/champ_msgs/msg
[2.440s] -- Up-to-date: /home/eagletn7/Downloads/project-GO2/install/champ_msgs/include/champ_msgs/champ_msgs/msg/rosidl_typesupport_introspection_c__visibility_control.h
[2.441s] -- Up-to-date: /home/eagletn7/Downloads/project-GO2/install/champ_msgs/include/champ_msgs/champ_msgs/msg/detail
[2.441s] -- Up-to-date: /home/eagletn7/Downloads/project-GO2/install/champ_msgs/include/champ_msgs/champ_msgs/msg/detail/point__type_support.c
[2.441s] -- Up-to-date: /home/eagletn7/Downloads/project-GO2/install/champ_msgs/include/champ_msgs/champ_msgs/msg/detail/imu__rosidl_typesupport_introspection_c.h
[2.441s] -- Up-to-date: /home/eagletn7/Downloads/project-GO2/install/champ_msgs/include/champ_msgs/champ_msgs/msg/detail/joints__rosidl_typesupport_introspection_c.h
[2.441s] -- Up-to-date: /home/eagletn7/Downloads/project-GO2/install/champ_msgs/include/champ_msgs/champ_msgs/msg/detail/pid__type_support.c
[2.441s] -- Up-to-date: /home/eagletn7/Downloads/project-GO2/install/champ_msgs/include/champ_msgs/champ_msgs/msg/detail/joints__type_support.c
[2.441s] -- Up-to-date: /home/eagletn7/Downloads/project-GO2/install/champ_msgs/include/champ_msgs/champ_msgs/msg/detail/pid__rosidl_typesupport_introspection_c.h
[2.441s] -- Up-to-date: /home/eagletn7/Downloads/project-GO2/install/champ_msgs/include/champ_msgs/champ_msgs/msg/detail/point_array__type_support.c
[2.441s] -- Up-to-date: /home/eagletn7/Downloads/project-GO2/install/champ_msgs/include/champ_msgs/champ_msgs/msg/detail/velocities__type_support.c
[2.441s] -- Up-to-date: /home/eagletn7/Downloads/project-GO2/install/champ_msgs/include/champ_msgs/champ_msgs/msg/detail/contacts__type_support.c
[2.441s] -- Up-to-date: /home/eagletn7/Downloads/project-GO2/install/champ_msgs/include/champ_msgs/champ_msgs/msg/detail/pose__type_support.c
[2.441s] -- Up-to-date: /home/eagletn7/Downloads/project-GO2/install/champ_msgs/include/champ_msgs/champ_msgs/msg/detail/velocities__rosidl_typesupport_introspection_c.h
[2.441s] -- Up-to-date: /home/eagletn7/Downloads/project-GO2/install/champ_msgs/include/champ_msgs/champ_msgs/msg/detail/contacts__rosidl_typesupport_introspection_c.h
[2.442s] -- Up-to-date: /home/eagletn7/Downloads/project-GO2/install/champ_msgs/include/champ_msgs/champ_msgs/msg/detail/point_array__rosidl_typesupport_introspection_c.h
[2.442s] -- Up-to-date: /home/eagletn7/Downloads/project-GO2/install/champ_msgs/include/champ_msgs/champ_msgs/msg/detail/point__rosidl_typesupport_introspection_c.h
[2.442s] -- Up-to-date: /home/eagletn7/Downloads/project-GO2/install/champ_msgs/include/champ_msgs/champ_msgs/msg/detail/contacts_stamped__rosidl_typesupport_introspection_c.h
[2.442s] -- Up-to-date: /home/eagletn7/Downloads/project-GO2/install/champ_msgs/include/champ_msgs/champ_msgs/msg/detail/pose__rosidl_typesupport_introspection_c.h
[2.442s] -- Up-to-date: /home/eagletn7/Downloads/project-GO2/install/champ_msgs/include/champ_msgs/champ_msgs/msg/detail/imu__type_support.c
[2.442s] -- Up-to-date: /home/eagletn7/Downloads/project-GO2/install/champ_msgs/include/champ_msgs/champ_msgs/msg/detail/contacts_stamped__type_support.c
[2.442s] -- Installing: /home/eagletn7/Downloads/project-GO2/install/champ_msgs/lib/libchamp_msgs__rosidl_typesupport_introspection_c.so
[2.442s] -- Set runtime path of "/home/eagletn7/Downloads/project-GO2/install/champ_msgs/lib/libchamp_msgs__rosidl_typesupport_introspection_c.so" to ""
[2.442s] -- Installing: /home/eagletn7/Downloads/project-GO2/install/champ_msgs/lib/libchamp_msgs__rosidl_typesupport_c.so
[2.443s] -- Set runtime path of "/home/eagletn7/Downloads/project-GO2/install/champ_msgs/lib/libchamp_msgs__rosidl_typesupport_c.so" to ""
[2.443s] -- Up-to-date: /home/eagletn7/Downloads/project-GO2/install/champ_msgs/include/champ_msgs/champ_msgs
[2.443s] -- Up-to-date: /home/eagletn7/Downloads/project-GO2/install/champ_msgs/include/champ_msgs/champ_msgs/msg
[2.443s] -- Up-to-date: /home/eagletn7/Downloads/project-GO2/install/champ_msgs/include/champ_msgs/champ_msgs/msg/imu.hpp
[2.443s] -- Up-to-date: /home/eagletn7/Downloads/project-GO2/install/champ_msgs/include/champ_msgs/champ_msgs/msg/detail
[2.443s] -- Up-to-date: /home/eagletn7/Downloads/project-GO2/install/champ_msgs/include/champ_msgs/champ_msgs/msg/detail/joints__type_support.hpp
[2.443s] -- Up-to-date: /home/eagletn7/Downloads/project-GO2/install/champ_msgs/include/champ_msgs/champ_msgs/msg/detail/point_array__struct.hpp
[2.443s] -- Up-to-date: /home/eagletn7/Downloads/project-GO2/install/champ_msgs/include/champ_msgs/champ_msgs/msg/detail/point_array__traits.hpp
[2.444s] -- Up-to-date: /home/eagletn7/Downloads/project-GO2/install/champ_msgs/include/champ_msgs/champ_msgs/msg/detail/pose__struct.hpp
[2.444s] -- Up-to-date: /home/eagletn7/Downloads/project-GO2/install/champ_msgs/include/champ_msgs/champ_msgs/msg/detail/contacts_stamped__traits.hpp
[2.444s] -- Up-to-date: /home/eagletn7/Downloads/project-GO2/install/champ_msgs/include/champ_msgs/champ_msgs/msg/detail/imu__traits.hpp
[2.444s] -- Up-to-date: /home/eagletn7/Downloads/project-GO2/install/champ_msgs/include/champ_msgs/champ_msgs/msg/detail/point__traits.hpp
[2.444s] -- Up-to-date: /home/eagletn7/Downloads/project-GO2/install/champ_msgs/include/champ_msgs/champ_msgs/msg/detail/pid__traits.hpp
[2.444s] -- Up-to-date: /home/eagletn7/Downloads/project-GO2/install/champ_msgs/include/champ_msgs/champ_msgs/msg/detail/pid__builder.hpp
[2.444s] -- Up-to-date: /home/eagletn7/Downloads/project-GO2/install/champ_msgs/include/champ_msgs/champ_msgs/msg/detail/joints__traits.hpp
[2.444s] -- Up-to-date: /home/eagletn7/Downloads/project-GO2/install/champ_msgs/include/champ_msgs/champ_msgs/msg/detail/joints__struct.hpp
[2.444s] -- Up-to-date: /home/eagletn7/Downloads/project-GO2/install/champ_msgs/include/champ_msgs/champ_msgs/msg/detail/point__type_support.hpp
[2.444s] -- Up-to-date: /home/eagletn7/Downloads/project-GO2/install/champ_msgs/include/champ_msgs/champ_msgs/msg/detail/contacts_stamped__builder.hpp
[2.444s] -- Up-to-date: /home/eagletn7/Downloads/project-GO2/install/champ_msgs/include/champ_msgs/champ_msgs/msg/detail/point__builder.hpp
[2.444s] -- Up-to-date: /home/eagletn7/Downloads/project-GO2/install/champ_msgs/include/champ_msgs/champ_msgs/msg/detail/contacts__builder.hpp
[2.445s] -- Up-to-date: /home/eagletn7/Downloads/project-GO2/install/champ_msgs/include/champ_msgs/champ_msgs/msg/detail/contacts__traits.hpp
[2.445s] -- Up-to-date: /home/eagletn7/Downloads/project-GO2/install/champ_msgs/include/champ_msgs/champ_msgs/msg/detail/velocities__type_support.hpp
[2.445s] -- Up-to-date: /home/eagletn7/Downloads/project-GO2/install/champ_msgs/include/champ_msgs/champ_msgs/msg/detail/pose__traits.hpp
[2.445s] -- Up-to-date: /home/eagletn7/Downloads/project-GO2/install/champ_msgs/include/champ_msgs/champ_msgs/msg/detail/imu__struct.hpp
[2.445s] -- Up-to-date: /home/eagletn7/Downloads/project-GO2/install/champ_msgs/include/champ_msgs/champ_msgs/msg/detail/pose__type_support.hpp
[2.445s] -- Up-to-date: /home/eagletn7/Downloads/project-GO2/install/champ_msgs/include/champ_msgs/champ_msgs/msg/detail/point_array__type_support.hpp
[2.445s] -- Up-to-date: /home/eagletn7/Downloads/project-GO2/install/champ_msgs/include/champ_msgs/champ_msgs/msg/detail/contacts__struct.hpp
[2.445s] -- Up-to-date: /home/eagletn7/Downloads/project-GO2/install/champ_msgs/include/champ_msgs/champ_msgs/msg/detail/joints__builder.hpp
[2.445s] -- Up-to-date: /home/eagletn7/Downloads/project-GO2/install/champ_msgs/include/champ_msgs/champ_msgs/msg/detail/velocities__builder.hpp
[2.445s] -- Up-to-date: /home/eagletn7/Downloads/project-GO2/install/champ_msgs/include/champ_msgs/champ_msgs/msg/detail/velocities__struct.hpp
[2.445s] -- Up-to-date: /home/eagletn7/Downloads/project-GO2/install/champ_msgs/include/champ_msgs/champ_msgs/msg/detail/contacts_stamped__type_support.hpp
[2.445s] -- Up-to-date: /home/eagletn7/Downloads/project-GO2/install/champ_msgs/include/champ_msgs/champ_msgs/msg/detail/velocities__traits.hpp
[2.445s] -- Up-to-date: /home/eagletn7/Downloads/project-GO2/install/champ_msgs/include/champ_msgs/champ_msgs/msg/detail/point__struct.hpp
[2.445s] -- Up-to-date: /home/eagletn7/Downloads/project-GO2/install/champ_msgs/include/champ_msgs/champ_msgs/msg/detail/imu__type_support.hpp
[2.445s] -- Up-to-date: /home/eagletn7/Downloads/project-GO2/install/champ_msgs/include/champ_msgs/champ_msgs/msg/detail/contacts_stamped__struct.hpp
[2.445s] -- Up-to-date: /home/eagletn7/Downloads/project-GO2/install/champ_msgs/include/champ_msgs/champ_msgs/msg/detail/pose__builder.hpp
[2.445s] -- Up-to-date: /home/eagletn7/Downloads/project-GO2/install/champ_msgs/include/champ_msgs/champ_msgs/msg/detail/imu__builder.hpp
[2.446s] -- Up-to-date: /home/eagletn7/Downloads/project-GO2/install/champ_msgs/include/champ_msgs/champ_msgs/msg/detail/pid__struct.hpp
[2.446s] -- Up-to-date: /home/eagletn7/Downloads/project-GO2/install/champ_msgs/include/champ_msgs/champ_msgs/msg/detail/point_array__builder.hpp
[2.446s] -- Up-to-date: /home/eagletn7/Downloads/project-GO2/install/champ_msgs/include/champ_msgs/champ_msgs/msg/detail/pid__type_support.hpp
[2.446s] -- Up-to-date: /home/eagletn7/Downloads/project-GO2/install/champ_msgs/include/champ_msgs/champ_msgs/msg/detail/contacts__type_support.hpp
[2.446s] -- Up-to-date: /home/eagletn7/Downloads/project-GO2/install/champ_msgs/include/champ_msgs/champ_msgs/msg/joints.hpp
[2.446s] -- Up-to-date: /home/eagletn7/Downloads/project-GO2/install/champ_msgs/include/champ_msgs/champ_msgs/msg/pid.hpp
[2.446s] -- Up-to-date: /home/eagletn7/Downloads/project-GO2/install/champ_msgs/include/champ_msgs/champ_msgs/msg/rosidl_generator_cpp__visibility_control.hpp
[2.446s] -- Up-to-date: /home/eagletn7/Downloads/project-GO2/install/champ_msgs/include/champ_msgs/champ_msgs/msg/contacts_stamped.hpp
[2.446s] -- Up-to-date: /home/eagletn7/Downloads/project-GO2/install/champ_msgs/include/champ_msgs/champ_msgs/msg/point.hpp
[2.446s] -- Up-to-date: /home/eagletn7/Downloads/project-GO2/install/champ_msgs/include/champ_msgs/champ_msgs/msg/contacts.hpp
[2.446s] -- Up-to-date: /home/eagletn7/Downloads/project-GO2/install/champ_msgs/include/champ_msgs/champ_msgs/msg/pose.hpp
[2.446s] -- Up-to-date: /home/eagletn7/Downloads/project-GO2/install/champ_msgs/include/champ_msgs/champ_msgs/msg/point_array.hpp
[2.446s] -- Up-to-date: /home/eagletn7/Downloads/project-GO2/install/champ_msgs/include/champ_msgs/champ_msgs/msg/velocities.hpp
[2.446s] -- Up-to-date: /home/eagletn7/Downloads/project-GO2/install/champ_msgs/include/champ_msgs/champ_msgs
[2.446s] -- Up-to-date: /home/eagletn7/Downloads/project-GO2/install/champ_msgs/include/champ_msgs/champ_msgs/msg
[2.446s] -- Up-to-date: /home/eagletn7/Downloads/project-GO2/install/champ_msgs/include/champ_msgs/champ_msgs/msg/rosidl_typesupport_fastrtps_cpp__visibility_control.h
[2.446s] -- Up-to-date: /home/eagletn7/Downloads/project-GO2/install/champ_msgs/include/champ_msgs/champ_msgs/msg/detail
[2.446s] -- Up-to-date: /home/eagletn7/Downloads/project-GO2/install/champ_msgs/include/champ_msgs/champ_msgs/msg/detail/velocities__rosidl_typesupport_fastrtps_cpp.hpp
[2.446s] -- Up-to-date: /home/eagletn7/Downloads/project-GO2/install/champ_msgs/include/champ_msgs/champ_msgs/msg/detail/contacts__rosidl_typesupport_fastrtps_cpp.hpp
[2.447s] -- Up-to-date: /home/eagletn7/Downloads/project-GO2/install/champ_msgs/include/champ_msgs/champ_msgs/msg/detail/point_array__rosidl_typesupport_fastrtps_cpp.hpp
[2.447s] -- Up-to-date: /home/eagletn7/Downloads/project-GO2/install/champ_msgs/include/champ_msgs/champ_msgs/msg/detail/dds_fastrtps
[2.447s] -- Up-to-date: /home/eagletn7/Downloads/project-GO2/install/champ_msgs/include/champ_msgs/champ_msgs/msg/detail/joints__rosidl_typesupport_fastrtps_cpp.hpp
[2.447s] -- Up-to-date: /home/eagletn7/Downloads/project-GO2/install/champ_msgs/include/champ_msgs/champ_msgs/msg/detail/pid__rosidl_typesupport_fastrtps_cpp.hpp
[2.447s] -- Up-to-date: /home/eagletn7/Downloads/project-GO2/install/champ_msgs/include/champ_msgs/champ_msgs/msg/detail/pose__rosidl_typesupport_fastrtps_cpp.hpp
[2.447s] -- Up-to-date: /home/eagletn7/Downloads/project-GO2/install/champ_msgs/include/champ_msgs/champ_msgs/msg/detail/contacts_stamped__rosidl_typesupport_fastrtps_cpp.hpp
[2.447s] -- Up-to-date: /home/eagletn7/Downloads/project-GO2/install/champ_msgs/include/champ_msgs/champ_msgs/msg/detail/point__rosidl_typesupport_fastrtps_cpp.hpp
[2.447s] -- Up-to-date: /home/eagletn7/Downloads/project-GO2/install/champ_msgs/include/champ_msgs/champ_msgs/msg/detail/imu__rosidl_typesupport_fastrtps_cpp.hpp
[2.447s] -- Installing: /home/eagletn7/Downloads/project-GO2/install/champ_msgs/lib/libchamp_msgs__rosidl_typesupport_fastrtps_cpp.so
[2.447s] -- Set runtime path of "/home/eagletn7/Downloads/project-GO2/install/champ_msgs/lib/libchamp_msgs__rosidl_typesupport_fastrtps_cpp.so" to ""
[2.447s] -- Up-to-date: /home/eagletn7/Downloads/project-GO2/install/champ_msgs/include/champ_msgs/champ_msgs
[2.447s] -- Up-to-date: /home/eagletn7/Downloads/project-GO2/install/champ_msgs/include/champ_msgs/champ_msgs/msg
[2.447s] -- Up-to-date: /home/eagletn7/Downloads/project-GO2/install/champ_msgs/include/champ_msgs/champ_msgs/msg/detail
[2.448s] -- Up-to-date: /home/eagletn7/Downloads/project-GO2/install/champ_msgs/include/champ_msgs/champ_msgs/msg/detail/contacts_stamped__rosidl_typesupport_introspection_cpp.hpp
[2.448s] -- Up-to-date: /home/eagletn7/Downloads/project-GO2/install/champ_msgs/include/champ_msgs/champ_msgs/msg/detail/pid__rosidl_typesupport_introspection_cpp.hpp
[2.448s] -- Up-to-date: /home/eagletn7/Downloads/project-GO2/install/champ_msgs/include/champ_msgs/champ_msgs/msg/detail/pid__type_support.cpp
[2.448s] -- Up-to-date: /home/eagletn7/Downloads/project-GO2/install/champ_msgs/include/champ_msgs/champ_msgs/msg/detail/pose__rosidl_typesupport_introspection_cpp.hpp
[2.448s] -- Up-to-date: /home/eagletn7/Downloads/project-GO2/install/champ_msgs/include/champ_msgs/champ_msgs/msg/detail/contacts_stamped__type_support.cpp
[2.448s] -- Up-to-date: /home/eagletn7/Downloads/project-GO2/install/champ_msgs/include/champ_msgs/champ_msgs/msg/detail/point_array__type_support.cpp
[2.448s] -- Up-to-date: /home/eagletn7/Downloads/project-GO2/install/champ_msgs/include/champ_msgs/champ_msgs/msg/detail/joints__rosidl_typesupport_introspection_cpp.hpp
[2.448s] -- Up-to-date: /home/eagletn7/Downloads/project-GO2/install/champ_msgs/include/champ_msgs/champ_msgs/msg/detail/contacts__type_support.cpp
[2.448s] -- Up-to-date: /home/eagletn7/Downloads/project-GO2/install/champ_msgs/include/champ_msgs/champ_msgs/msg/detail/velocities__type_support.cpp
[2.448s] -- Up-to-date: /home/eagletn7/Downloads/project-GO2/install/champ_msgs/include/champ_msgs/champ_msgs/msg/detail/point__rosidl_typesupport_introspection_cpp.hpp
[2.448s] -- Up-to-date: /home/eagletn7/Downloads/project-GO2/install/champ_msgs/include/champ_msgs/champ_msgs/msg/detail/joints__type_support.cpp
[2.448s] -- Up-to-date: /home/eagletn7/Downloads/project-GO2/install/champ_msgs/include/champ_msgs/champ_msgs/msg/detail/point__type_support.cpp
[2.448s] -- Up-to-date: /home/eagletn7/Downloads/project-GO2/install/champ_msgs/include/champ_msgs/champ_msgs/msg/detail/imu__type_support.cpp
[2.448s] -- Up-to-date: /home/eagletn7/Downloads/project-GO2/install/champ_msgs/include/champ_msgs/champ_msgs/msg/detail/contacts__rosidl_typesupport_introspection_cpp.hpp
[2.448s] -- Up-to-date: /home/eagletn7/Downloads/project-GO2/install/champ_msgs/include/champ_msgs/champ_msgs/msg/detail/imu__rosidl_typesupport_introspection_cpp.hpp
[2.448s] -- Up-to-date: /home/eagletn7/Downloads/project-GO2/install/champ_msgs/include/champ_msgs/champ_msgs/msg/detail/point_array__rosidl_typesupport_introspection_cpp.hpp
[2.448s] -- Up-to-date: /home/eagletn7/Downloads/project-GO2/install/champ_msgs/include/champ_msgs/champ_msgs/msg/detail/pose__type_support.cpp
[2.449s] -- Up-to-date: /home/eagletn7/Downloads/project-GO2/install/champ_msgs/include/champ_msgs/champ_msgs/msg/detail/velocities__rosidl_typesupport_introspection_cpp.hpp
[2.449s] -- Installing: /home/eagletn7/Downloads/project-GO2/install/champ_msgs/lib/libchamp_msgs__rosidl_typesupport_introspection_cpp.so
[2.449s] -- Set runtime path of "/home/eagletn7/Downloads/project-GO2/install/champ_msgs/lib/libchamp_msgs__rosidl_typesupport_introspection_cpp.so" to ""
[2.449s] -- Installing: /home/eagletn7/Downloads/project-GO2/install/champ_msgs/lib/libchamp_msgs__rosidl_typesupport_cpp.so
[2.450s] -- Set runtime path of "/home/eagletn7/Downloads/project-GO2/install/champ_msgs/lib/libchamp_msgs__rosidl_typesupport_cpp.so" to ""
[2.450s] -- Up-to-date: /home/eagletn7/Downloads/project-GO2/install/champ_msgs/share/champ_msgs/environment/pythonpath.sh
[2.450s] -- Up-to-date: /home/eagletn7/Downloads/project-GO2/install/champ_msgs/share/champ_msgs/environment/pythonpath.dsv
[2.450s] -- Up-to-date: /home/eagletn7/Downloads/project-GO2/install/champ_msgs/local/lib/python3.10/dist-packages/champ_msgs-0.1.0-py3.10.egg-info
[2.450s] -- Installing: /home/eagletn7/Downloads/project-GO2/install/champ_msgs/local/lib/python3.10/dist-packages/champ_msgs-0.1.0-py3.10.egg-info/PKG-INFO
[2.450s] -- Installing: /home/eagletn7/Downloads/project-GO2/install/champ_msgs/local/lib/python3.10/dist-packages/champ_msgs-0.1.0-py3.10.egg-info/SOURCES.txt
[2.450s] -- Installing: /home/eagletn7/Downloads/project-GO2/install/champ_msgs/local/lib/python3.10/dist-packages/champ_msgs-0.1.0-py3.10.egg-info/dependency_links.txt
[2.450s] -- Installing: /home/eagletn7/Downloads/project-GO2/install/champ_msgs/local/lib/python3.10/dist-packages/champ_msgs-0.1.0-py3.10.egg-info/top_level.txt
[2.450s] -- Up-to-date: /home/eagletn7/Downloads/project-GO2/install/champ_msgs/local/lib/python3.10/dist-packages/champ_msgs
[2.451s] -- Installing: /home/eagletn7/Downloads/project-GO2/install/champ_msgs/local/lib/python3.10/dist-packages/champ_msgs/champ_msgs_s__rosidl_typesupport_fastrtps_c.cpython-310-x86_64-linux-gnu.so
[2.451s] -- Up-to-date: /home/eagletn7/Downloads/project-GO2/install/champ_msgs/local/lib/python3.10/dist-packages/champ_msgs/_champ_msgs_s.ep.rosidl_typesupport_introspection_c.c
[2.451s] -- Up-to-date: /home/eagletn7/Downloads/project-GO2/install/champ_msgs/local/lib/python3.10/dist-packages/champ_msgs/_champ_msgs_s.ep.rosidl_typesupport_fastrtps_c.c
[2.451s] -- Up-to-date: /home/eagletn7/Downloads/project-GO2/install/champ_msgs/local/lib/python3.10/dist-packages/champ_msgs/msg
[2.451s] -- Up-to-date: /home/eagletn7/Downloads/project-GO2/install/champ_msgs/local/lib/python3.10/dist-packages/champ_msgs/msg/_imu.py
[2.451s] -- Up-to-date: /home/eagletn7/Downloads/project-GO2/install/champ_msgs/local/lib/python3.10/dist-packages/champ_msgs/msg/_contacts.py
[2.451s] -- Up-to-date: /home/eagletn7/Downloads/project-GO2/install/champ_msgs/local/lib/python3.10/dist-packages/champ_msgs/msg/_contacts_stamped_s.c
[2.451s] -- Up-to-date: /home/eagletn7/Downloads/project-GO2/install/champ_msgs/local/lib/python3.10/dist-packages/champ_msgs/msg/_point_s.c
[2.451s] -- Up-to-date: /home/eagletn7/Downloads/project-GO2/install/champ_msgs/local/lib/python3.10/dist-packages/champ_msgs/msg/_joints.py
[2.451s] -- Up-to-date: /home/eagletn7/Downloads/project-GO2/install/champ_msgs/local/lib/python3.10/dist-packages/champ_msgs/msg/_pose.py
[2.452s] -- Up-to-date: /home/eagletn7/Downloads/project-GO2/install/champ_msgs/local/lib/python3.10/dist-packages/champ_msgs/msg/_imu_s.c
[2.452s] -- Up-to-date: /home/eagletn7/Downloads/project-GO2/install/champ_msgs/local/lib/python3.10/dist-packages/champ_msgs/msg/_point_array_s.c
[2.452s] -- Up-to-date: /home/eagletn7/Downloads/project-GO2/install/champ_msgs/local/lib/python3.10/dist-packages/champ_msgs/msg/_point_array.py
[2.452s] -- Up-to-date: /home/eagletn7/Downloads/project-GO2/install/champ_msgs/local/lib/python3.10/dist-packages/champ_msgs/msg/_velocities_s.c
[2.452s] -- Up-to-date: /home/eagletn7/Downloads/project-GO2/install/champ_msgs/local/lib/python3.10/dist-packages/champ_msgs/msg/_pid.py
[2.452s] -- Up-to-date: /home/eagletn7/Downloads/project-GO2/install/champ_msgs/local/lib/python3.10/dist-packages/champ_msgs/msg/_joints_s.c
[2.452s] -- Up-to-date: /home/eagletn7/Downloads/project-GO2/install/champ_msgs/local/lib/python3.10/dist-packages/champ_msgs/msg/_contacts_stamped.py
[2.452s] -- Up-to-date: /home/eagletn7/Downloads/project-GO2/install/champ_msgs/local/lib/python3.10/dist-packages/champ_msgs/msg/_point.py
[2.452s] -- Up-to-date: /home/eagletn7/Downloads/project-GO2/install/champ_msgs/local/lib/python3.10/dist-packages/champ_msgs/msg/_pose_s.c
[2.452s] -- Up-to-date: /home/eagletn7/Downloads/project-GO2/install/champ_msgs/local/lib/python3.10/dist-packages/champ_msgs/msg/__init__.py
[2.452s] -- Up-to-date: /home/eagletn7/Downloads/project-GO2/install/champ_msgs/local/lib/python3.10/dist-packages/champ_msgs/msg/_contacts_s.c
[2.452s] -- Up-to-date: /home/eagletn7/Downloads/project-GO2/install/champ_msgs/local/lib/python3.10/dist-packages/champ_msgs/msg/_velocities.py
[2.452s] -- Up-to-date: /home/eagletn7/Downloads/project-GO2/install/champ_msgs/local/lib/python3.10/dist-packages/champ_msgs/msg/_pid_s.c
[2.452s] -- Installing: /home/eagletn7/Downloads/project-GO2/install/champ_msgs/local/lib/python3.10/dist-packages/champ_msgs/champ_msgs_s__rosidl_typesupport_introspection_c.cpython-310-x86_64-linux-gnu.so
[2.453s] -- Up-to-date: /home/eagletn7/Downloads/project-GO2/install/champ_msgs/local/lib/python3.10/dist-packages/champ_msgs/__init__.py
[2.453s] -- Up-to-date: /home/eagletn7/Downloads/project-GO2/install/champ_msgs/local/lib/python3.10/dist-packages/champ_msgs/_champ_msgs_s.ep.rosidl_typesupport_c.c
[2.453s] -- Installing: /home/eagletn7/Downloads/project-GO2/install/champ_msgs/local/lib/python3.10/dist-packages/champ_msgs/libchamp_msgs__rosidl_generator_py.so
[2.453s] -- Installing: /home/eagletn7/Downloads/project-GO2/install/champ_msgs/local/lib/python3.10/dist-packages/champ_msgs/champ_msgs_s__rosidl_typesupport_c.cpython-310-x86_64-linux-gnu.so
[2.488s] Listing '/home/eagletn7/Downloads/project-GO2/install/champ_msgs/local/lib/python3.10/dist-packages/champ_msgs'...
[2.488s] Listing '/home/eagletn7/Downloads/project-GO2/install/champ_msgs/local/lib/python3.10/dist-packages/champ_msgs/msg'...
[2.491s] -- Installing: /home/eagletn7/Downloads/project-GO2/install/champ_msgs/local/lib/python3.10/dist-packages/champ_msgs/champ_msgs_s__rosidl_typesupport_fastrtps_c.cpython-310-x86_64-linux-gnu.so
[2.491s] -- Set runtime path of "/home/eagletn7/Downloads/project-GO2/install/champ_msgs/local/lib/python3.10/dist-packages/champ_msgs/champ_msgs_s__rosidl_typesupport_fastrtps_c.cpython-310-x86_64-linux-gnu.so" to ""
[2.492s] -- Installing: /home/eagletn7/Downloads/project-GO2/install/champ_msgs/local/lib/python3.10/dist-packages/champ_msgs/champ_msgs_s__rosidl_typesupport_introspection_c.cpython-310-x86_64-linux-gnu.so
[2.492s] -- Set runtime path of "/home/eagletn7/Downloads/project-GO2/install/champ_msgs/local/lib/python3.10/dist-packages/champ_msgs/champ_msgs_s__rosidl_typesupport_introspection_c.cpython-310-x86_64-linux-gnu.so" to ""
[2.492s] -- Installing: /home/eagletn7/Downloads/project-GO2/install/champ_msgs/local/lib/python3.10/dist-packages/champ_msgs/champ_msgs_s__rosidl_typesupport_c.cpython-310-x86_64-linux-gnu.so
[2.493s] -- Set runtime path of "/home/eagletn7/Downloads/project-GO2/install/champ_msgs/local/lib/python3.10/dist-packages/champ_msgs/champ_msgs_s__rosidl_typesupport_c.cpython-310-x86_64-linux-gnu.so" to ""
[2.494s] -- Installing: /home/eagletn7/Downloads/project-GO2/install/champ_msgs/lib/libchamp_msgs__rosidl_generator_py.so
[2.494s] -- Set runtime path of "/home/eagletn7/Downloads/project-GO2/install/champ_msgs/lib/libchamp_msgs__rosidl_generator_py.so" to ""
[2.495s] -- Up-to-date: /home/eagletn7/Downloads/project-GO2/install/champ_msgs/share/champ_msgs/msg/Velocities.idl
[2.495s] -- Up-to-date: /home/eagletn7/Downloads/project-GO2/install/champ_msgs/share/champ_msgs/msg/PID.idl
[2.495s] -- Up-to-date: /home/eagletn7/Downloads/project-GO2/install/champ_msgs/share/champ_msgs/msg/Imu.idl
[2.495s] -- Up-to-date: /home/eagletn7/Downloads/project-GO2/install/champ_msgs/share/champ_msgs/msg/Point.idl
[2.495s] -- Up-to-date: /home/eagletn7/Downloads/project-GO2/install/champ_msgs/share/champ_msgs/msg/PointArray.idl
[2.495s] -- Up-to-date: /home/eagletn7/Downloads/project-GO2/install/champ_msgs/share/champ_msgs/msg/Joints.idl
[2.495s] -- Up-to-date: /home/eagletn7/Downloads/project-GO2/install/champ_msgs/share/champ_msgs/msg/Contacts.idl
[2.495s] -- Up-to-date: /home/eagletn7/Downloads/project-GO2/install/champ_msgs/share/champ_msgs/msg/ContactsStamped.idl
[2.495s] -- Up-to-date: /home/eagletn7/Downloads/project-GO2/install/champ_msgs/share/champ_msgs/msg/Pose.idl
[2.495s] -- Up-to-date: /home/eagletn7/Downloads/project-GO2/install/champ_msgs/share/champ_msgs/msg/Velocities.msg
[2.495s] -- Up-to-date: /home/eagletn7/Downloads/project-GO2/install/champ_msgs/share/champ_msgs/msg/PID.msg
[2.496s] -- Up-to-date: /home/eagletn7/Downloads/project-GO2/install/champ_msgs/share/champ_msgs/msg/Imu.msg
[2.496s] -- Up-to-date: /home/eagletn7/Downloads/project-GO2/install/champ_msgs/share/champ_msgs/msg/Point.msg
[2.496s] -- Up-to-date: /home/eagletn7/Downloads/project-GO2/install/champ_msgs/share/champ_msgs/msg/PointArray.msg
[2.496s] -- Up-to-date: /home/eagletn7/Downloads/project-GO2/install/champ_msgs/share/champ_msgs/msg/Joints.msg
[2.496s] -- Up-to-date: /home/eagletn7/Downloads/project-GO2/install/champ_msgs/share/champ_msgs/msg/Contacts.msg
[2.496s] -- Up-to-date: /home/eagletn7/Downloads/project-GO2/install/champ_msgs/share/champ_msgs/msg/ContactsStamped.msg
[2.496s] -- Up-to-date: /home/eagletn7/Downloads/project-GO2/install/champ_msgs/share/champ_msgs/msg/Pose.msg
[2.496s] -- Up-to-date: /home/eagletn7/Downloads/project-GO2/install/champ_msgs/share/ament_index/resource_index/package_run_dependencies/champ_msgs
[2.496s] -- Up-to-date: /home/eagletn7/Downloads/project-GO2/install/champ_msgs/share/ament_index/resource_index/parent_prefix_path/champ_msgs
[2.496s] -- Up-to-date: /home/eagletn7/Downloads/project-GO2/install/champ_msgs/share/champ_msgs/environment/ament_prefix_path.sh
[2.496s] -- Up-to-date: /home/eagletn7/Downloads/project-GO2/install/champ_msgs/share/champ_msgs/environment/ament_prefix_path.dsv
[2.496s] -- Up-to-date: /home/eagletn7/Downloads/project-GO2/install/champ_msgs/share/champ_msgs/environment/path.sh
[2.496s] -- Up-to-date: /home/eagletn7/Downloads/project-GO2/install/champ_msgs/share/champ_msgs/environment/path.dsv
[2.497s] -- Up-to-date: /home/eagletn7/Downloads/project-GO2/install/champ_msgs/share/champ_msgs/local_setup.bash
[2.497s] -- Up-to-date: /home/eagletn7/Downloads/project-GO2/install/champ_msgs/share/champ_msgs/local_setup.sh
[2.497s] -- Up-to-date: /home/eagletn7/Downloads/project-GO2/install/champ_msgs/share/champ_msgs/local_setup.zsh
[2.497s] -- Up-to-date: /home/eagletn7/Downloads/project-GO2/install/champ_msgs/share/champ_msgs/local_setup.dsv
[2.497s] -- Installing: /home/eagletn7/Downloads/project-GO2/install/champ_msgs/share/champ_msgs/package.dsv
[2.497s] -- Up-to-date: /home/eagletn7/Downloads/project-GO2/install/champ_msgs/share/ament_index/resource_index/packages/champ_msgs
[2.498s] -- Up-to-date: /home/eagletn7/Downloads/project-GO2/install/champ_msgs/share/champ_msgs/cmake/export_champ_msgs__rosidl_generator_cExport.cmake
[2.498s] -- Up-to-date: /home/eagletn7/Downloads/project-GO2/install/champ_msgs/share/champ_msgs/cmake/export_champ_msgs__rosidl_generator_cExport-noconfig.cmake
[2.499s] -- Up-to-date: /home/eagletn7/Downloads/project-GO2/install/champ_msgs/share/champ_msgs/cmake/export_champ_msgs__rosidl_typesupport_fastrtps_cExport.cmake
[2.499s] -- Up-to-date: /home/eagletn7/Downloads/project-GO2/install/champ_msgs/share/champ_msgs/cmake/export_champ_msgs__rosidl_typesupport_fastrtps_cExport-noconfig.cmake
[2.499s] -- Up-to-date: /home/eagletn7/Downloads/project-GO2/install/champ_msgs/share/champ_msgs/cmake/champ_msgs__rosidl_typesupport_introspection_cExport.cmake
[2.499s] -- Up-to-date: /home/eagletn7/Downloads/project-GO2/install/champ_msgs/share/champ_msgs/cmake/champ_msgs__rosidl_typesupport_introspection_cExport-noconfig.cmake
[2.500s] -- Up-to-date: /home/eagletn7/Downloads/project-GO2/install/champ_msgs/share/champ_msgs/cmake/champ_msgs__rosidl_typesupport_cExport.cmake
[2.500s] -- Up-to-date: /home/eagletn7/Downloads/project-GO2/install/champ_msgs/share/champ_msgs/cmake/champ_msgs__rosidl_typesupport_cExport-noconfig.cmake
[2.500s] -- Up-to-date: /home/eagletn7/Downloads/project-GO2/install/champ_msgs/share/champ_msgs/cmake/export_champ_msgs__rosidl_generator_cppExport.cmake
[2.501s] -- Up-to-date: /home/eagletn7/Downloads/project-GO2/install/champ_msgs/share/champ_msgs/cmake/export_champ_msgs__rosidl_typesupport_fastrtps_cppExport.cmake
[2.501s] -- Up-to-date: /home/eagletn7/Downloads/project-GO2/install/champ_msgs/share/champ_msgs/cmake/export_champ_msgs__rosidl_typesupport_fastrtps_cppExport-noconfig.cmake
[2.501s] -- Up-to-date: /home/eagletn7/Downloads/project-GO2/install/champ_msgs/share/champ_msgs/cmake/champ_msgs__rosidl_typesupport_introspection_cppExport.cmake
[2.501s] -- Up-to-date: /home/eagletn7/Downloads/project-GO2/install/champ_msgs/share/champ_msgs/cmake/champ_msgs__rosidl_typesupport_introspection_cppExport-noconfig.cmake
[2.502s] -- Up-to-date: /home/eagletn7/Downloads/project-GO2/install/champ_msgs/share/champ_msgs/cmake/champ_msgs__rosidl_typesupport_cppExport.cmake
[2.502s] -- Up-to-date: /home/eagletn7/Downloads/project-GO2/install/champ_msgs/share/champ_msgs/cmake/champ_msgs__rosidl_typesupport_cppExport-noconfig.cmake
[2.502s] -- Up-to-date: /home/eagletn7/Downloads/project-GO2/install/champ_msgs/share/champ_msgs/cmake/export_champ_msgs__rosidl_generator_pyExport.cmake
[2.502s] -- Up-to-date: /home/eagletn7/Downloads/project-GO2/install/champ_msgs/share/champ_msgs/cmake/export_champ_msgs__rosidl_generator_pyExport-noconfig.cmake
[2.502s] -- Up-to-date: /home/eagletn7/Downloads/project-GO2/install/champ_msgs/share/champ_msgs/cmake/rosidl_cmake-extras.cmake
[2.502s] -- Up-to-date: /home/eagletn7/Downloads/project-GO2/install/champ_msgs/share/champ_msgs/cmake/ament_cmake_export_dependencies-extras.cmake
[2.502s] -- Up-to-date: /home/eagletn7/Downloads/project-GO2/install/champ_msgs/share/champ_msgs/cmake/ament_cmake_export_include_directories-extras.cmake
[2.502s] -- Up-to-date: /home/eagletn7/Downloads/project-GO2/install/champ_msgs/share/champ_msgs/cmake/ament_cmake_export_libraries-extras.cmake
[2.503s] -- Up-to-date: /home/eagletn7/Downloads/project-GO2/install/champ_msgs/share/champ_msgs/cmake/ament_cmake_export_targets-extras.cmake
[2.503s] -- Up-to-date: /home/eagletn7/Downloads/project-GO2/install/champ_msgs/share/champ_msgs/cmake/rosidl_cmake_export_typesupport_targets-extras.cmake
[2.503s] -- Up-to-date: /home/eagletn7/Downloads/project-GO2/install/champ_msgs/share/champ_msgs/cmake/rosidl_cmake_export_typesupport_libraries-extras.cmake
[2.503s] -- Up-to-date: /home/eagletn7/Downloads/project-GO2/install/champ_msgs/share/champ_msgs/cmake/champ_msgsConfig.cmake
[2.503s] -- Up-to-date: /home/eagletn7/Downloads/project-GO2/install/champ_msgs/share/champ_msgs/cmake/champ_msgsConfig-version.cmake
[2.503s] -- Up-to-date: /home/eagletn7/Downloads/project-GO2/install/champ_msgs/share/champ_msgs/package.xml
[2.505s] Invoked command in '/home/eagletn7/Downloads/project-GO2/build/champ_msgs' returned '0': CMAKE_PREFIX_PATH=${CMAKE_PREFIX_PATH}:/home/eagletn7/Downloads/project-GO2/install/go2_simple_navigation:/opt/ros/humble CONDA_PROMPT_MODIFIER=(base) /usr/bin/cmake --install /home/eagletn7/Downloads/project-GO2/build/champ_msgs
