running egg_info
creating ../../build/go2_simple_navigation/go2_simple_navigation.egg-info
writing ../../build/go2_simple_navigation/go2_simple_navigation.egg-info/PKG-INFO
writing dependency_links to ../../build/go2_simple_navigation/go2_simple_navigation.egg-info/dependency_links.txt
writing entry points to ../../build/go2_simple_navigation/go2_simple_navigation.egg-info/entry_points.txt
writing requirements to ../../build/go2_simple_navigation/go2_simple_navigation.egg-info/requires.txt
writing top-level names to ../../build/go2_simple_navigation/go2_simple_navigation.egg-info/top_level.txt
writing manifest file '../../build/go2_simple_navigation/go2_simple_navigation.egg-info/SOURCES.txt'
reading manifest file '../../build/go2_simple_navigation/go2_simple_navigation.egg-info/SOURCES.txt'
writing manifest file '../../build/go2_simple_navigation/go2_simple_navigation.egg-info/SOURCES.txt'
running build
running build_py
creating /home/eagletn7/Downloads/project-GO2/build/go2_simple_navigation/build
creating /home/eagletn7/Downloads/project-GO2/build/go2_simple_navigation/build/lib
creating /home/eagletn7/Downloads/project-GO2/build/go2_simple_navigation/build/lib/go2_simple_navigation
copying go2_simple_navigation/dwb.test.py -> /home/eagletn7/Downloads/project-GO2/build/go2_simple_navigation/build/lib/go2_simple_navigation
copying go2_simple_navigation/goal+avoid.py -> /home/eagletn7/Downloads/project-GO2/build/go2_simple_navigation/build/lib/go2_simple_navigation
copying go2_simple_navigation/obst_stop.py -> /home/eagletn7/Downloads/project-GO2/build/go2_simple_navigation/build/lib/go2_simple_navigation
copying go2_simple_navigation/strafe-avoid.py -> /home/eagletn7/Downloads/project-GO2/build/go2_simple_navigation/build/lib/go2_simple_navigation
copying go2_simple_navigation/__init__.py -> /home/eagletn7/Downloads/project-GO2/build/go2_simple_navigation/build/lib/go2_simple_navigation
running install
running install_lib
creating /home/eagletn7/Downloads/project-GO2/install/go2_simple_navigation/lib/python3.10/site-packages/go2_simple_navigation
copying /home/eagletn7/Downloads/project-GO2/build/go2_simple_navigation/build/lib/go2_simple_navigation/dwb.test.py -> /home/eagletn7/Downloads/project-GO2/install/go2_simple_navigation/lib/python3.10/site-packages/go2_simple_navigation
copying /home/eagletn7/Downloads/project-GO2/build/go2_simple_navigation/build/lib/go2_simple_navigation/goal+avoid.py -> /home/eagletn7/Downloads/project-GO2/install/go2_simple_navigation/lib/python3.10/site-packages/go2_simple_navigation
copying /home/eagletn7/Downloads/project-GO2/build/go2_simple_navigation/build/lib/go2_simple_navigation/obst_stop.py -> /home/eagletn7/Downloads/project-GO2/install/go2_simple_navigation/lib/python3.10/site-packages/go2_simple_navigation
copying /home/eagletn7/Downloads/project-GO2/build/go2_simple_navigation/build/lib/go2_simple_navigation/strafe-avoid.py -> /home/eagletn7/Downloads/project-GO2/install/go2_simple_navigation/lib/python3.10/site-packages/go2_simple_navigation
copying /home/eagletn7/Downloads/project-GO2/build/go2_simple_navigation/build/lib/go2_simple_navigation/__init__.py -> /home/eagletn7/Downloads/project-GO2/install/go2_simple_navigation/lib/python3.10/site-packages/go2_simple_navigation
byte-compiling /home/eagletn7/Downloads/project-GO2/install/go2_simple_navigation/lib/python3.10/site-packages/go2_simple_navigation/dwb.test.py to dwb.test.cpython-310.pyc
byte-compiling /home/eagletn7/Downloads/project-GO2/install/go2_simple_navigation/lib/python3.10/site-packages/go2_simple_navigation/goal+avoid.py to goal+avoid.cpython-310.pyc
byte-compiling /home/eagletn7/Downloads/project-GO2/install/go2_simple_navigation/lib/python3.10/site-packages/go2_simple_navigation/obst_stop.py to obst_stop.cpython-310.pyc
byte-compiling /home/eagletn7/Downloads/project-GO2/install/go2_simple_navigation/lib/python3.10/site-packages/go2_simple_navigation/strafe-avoid.py to strafe-avoid.cpython-310.pyc
byte-compiling /home/eagletn7/Downloads/project-GO2/install/go2_simple_navigation/lib/python3.10/site-packages/go2_simple_navigation/__init__.py to __init__.cpython-310.pyc
running install_data
creating /home/eagletn7/Downloads/project-GO2/install/go2_simple_navigation/share/ament_index
creating /home/eagletn7/Downloads/project-GO2/install/go2_simple_navigation/share/ament_index/resource_index
creating /home/eagletn7/Downloads/project-GO2/install/go2_simple_navigation/share/ament_index/resource_index/packages
copying resource/go2_simple_navigation -> /home/eagletn7/Downloads/project-GO2/install/go2_simple_navigation/share/ament_index/resource_index/packages
copying package.xml -> /home/eagletn7/Downloads/project-GO2/install/go2_simple_navigation/share/go2_simple_navigation
creating /home/eagletn7/Downloads/project-GO2/install/go2_simple_navigation/share/go2_simple_navigation/launch
copying launch/test.launch.py -> /home/eagletn7/Downloads/project-GO2/install/go2_simple_navigation/share/go2_simple_navigation/launch
copying launch/simple_navigation.launch.py -> /home/eagletn7/Downloads/project-GO2/install/go2_simple_navigation/share/go2_simple_navigation/launch
running install_egg_info
Copying ../../build/go2_simple_navigation/go2_simple_navigation.egg-info to /home/eagletn7/Downloads/project-GO2/install/go2_simple_navigation/lib/python3.10/site-packages/go2_simple_navigation-0.0.0-py3.10.egg-info
running install_scripts
Installing avoid_dwb script to /home/eagletn7/Downloads/project-GO2/install/go2_simple_navigation/lib/go2_simple_navigation
Installing go2_simple_navigation_node script to /home/eagletn7/Downloads/project-GO2/install/go2_simple_navigation/lib/go2_simple_navigation
Installing simple_avoidance script to /home/eagletn7/Downloads/project-GO2/install/go2_simple_navigation/lib/go2_simple_navigation
Installing walk script to /home/eagletn7/Downloads/project-GO2/install/go2_simple_navigation/lib/go2_simple_navigation
writing list of installed files to '/home/eagletn7/Downloads/project-GO2/build/go2_simple_navigation/install.log'
