running egg_info
writing ../../build/go2_simple_navigation/go2_simple_navigation.egg-info/PKG-INFO
writing dependency_links to ../../build/go2_simple_navigation/go2_simple_navigation.egg-info/dependency_links.txt
writing entry points to ../../build/go2_simple_navigation/go2_simple_navigation.egg-info/entry_points.txt
writing requirements to ../../build/go2_simple_navigation/go2_simple_navigation.egg-info/requires.txt
writing top-level names to ../../build/go2_simple_navigation/go2_simple_navigation.egg-info/top_level.txt
reading manifest file '../../build/go2_simple_navigation/go2_simple_navigation.egg-info/SOURCES.txt'
writing manifest file '../../build/go2_simple_navigation/go2_simple_navigation.egg-info/SOURCES.txt'
running build
running build_py
running install
running install_lib
running install_data
running install_egg_info
removing '/home/eagletn7/Downloads/project-GO2/install/go2_simple_navigation/lib/python3.10/site-packages/go2_simple_navigation-0.0.0-py3.10.egg-info' (and everything under it)
Copying ../../build/go2_simple_navigation/go2_simple_navigation.egg-info to /home/eagletn7/Downloads/project-GO2/install/go2_simple_navigation/lib/python3.10/site-packages/go2_simple_navigation-0.0.0-py3.10.egg-info
running install_scripts
Installing go2_simple_navigation_node script to /home/eagletn7/Downloads/project-GO2/install/go2_simple_navigation/lib/go2_simple_navigation
Installing goal_avoid script to /home/eagletn7/Downloads/project-GO2/install/go2_simple_navigation/lib/go2_simple_navigation
writing list of installed files to '/home/eagletn7/Downloads/project-GO2/build/go2_simple_navigation/install.log'
