[0.540s] Invoking command in '/home/eagletn7/Downloads/project-GO2/src/go2_simple_navigation': PYTHONPATH=/home/eagletn7/Downloads/project-GO2/build/go2_simple_navigation/prefix_override:/usr/lib/python3/dist-packages/colcon_core/task/python/colcon_distutils_commands:/home/eagletn7/Downloads/project-GO2/install/go2_simple_navigation/lib/python3.10/site-packages:${PYTHONPATH} /usr/bin/python3 -W ignore:setup.py install is deprecated -W ignore:easy_install command is deprecated setup.py egg_info --egg-base ../../build/go2_simple_navigation build --build-base /home/eagletn7/Downloads/project-GO2/build/go2_simple_navigation/build install --record /home/eagletn7/Downloads/project-GO2/build/go2_simple_navigation/install.log --single-version-externally-managed install_data
[0.726s] running egg_info
[0.726s] writing ../../build/go2_simple_navigation/go2_simple_navigation.egg-info/PKG-INFO
[0.727s] writing dependency_links to ../../build/go2_simple_navigation/go2_simple_navigation.egg-info/dependency_links.txt
[0.727s] writing entry points to ../../build/go2_simple_navigation/go2_simple_navigation.egg-info/entry_points.txt
[0.727s] writing requirements to ../../build/go2_simple_navigation/go2_simple_navigation.egg-info/requires.txt
[0.727s] writing top-level names to ../../build/go2_simple_navigation/go2_simple_navigation.egg-info/top_level.txt
[0.728s] reading manifest file '../../build/go2_simple_navigation/go2_simple_navigation.egg-info/SOURCES.txt'
[0.729s] writing manifest file '../../build/go2_simple_navigation/go2_simple_navigation.egg-info/SOURCES.txt'
[0.729s] running build
[0.729s] running build_py
[0.729s] running install
[0.729s] running install_lib
[0.730s] running install_data
[0.730s] running install_egg_info
[0.732s] removing '/home/eagletn7/Downloads/project-GO2/install/go2_simple_navigation/lib/python3.10/site-packages/go2_simple_navigation-0.0.0-py3.10.egg-info' (and everything under it)
[0.732s] Copying ../../build/go2_simple_navigation/go2_simple_navigation.egg-info to /home/eagletn7/Downloads/project-GO2/install/go2_simple_navigation/lib/python3.10/site-packages/go2_simple_navigation-0.0.0-py3.10.egg-info
[0.733s] running install_scripts
[0.747s] Installing go2_simple_navigation_node script to /home/eagletn7/Downloads/project-GO2/install/go2_simple_navigation/lib/go2_simple_navigation
[0.748s] Installing goal_avoid script to /home/eagletn7/Downloads/project-GO2/install/go2_simple_navigation/lib/go2_simple_navigation
[0.748s] writing list of installed files to '/home/eagletn7/Downloads/project-GO2/build/go2_simple_navigation/install.log'
[0.764s] Invoked command in '/home/eagletn7/Downloads/project-GO2/src/go2_simple_navigation' returned '0': PYTHONPATH=/home/eagletn7/Downloads/project-GO2/build/go2_simple_navigation/prefix_override:/usr/lib/python3/dist-packages/colcon_core/task/python/colcon_distutils_commands:/home/eagletn7/Downloads/project-GO2/install/go2_simple_navigation/lib/python3.10/site-packages:${PYTHONPATH} /usr/bin/python3 -W ignore:setup.py install is deprecated -W ignore:easy_install command is deprecated setup.py egg_info --egg-base ../../build/go2_simple_navigation build --build-base /home/eagletn7/Downloads/project-GO2/build/go2_simple_navigation/build install --record /home/eagletn7/Downloads/project-GO2/build/go2_simple_navigation/install.log --single-version-externally-managed install_data
