[ 50%] [32mBuilding CXX object CMakeFiles/animated_box_plugin.dir/src/animated_box_plugin.cpp.o[0m
[100%] [32m[1mLinking CXX shared library libanimated_box_plugin.so[0m
[100%] Built target animated_box_plugin
-- Install configuration: ""
-- Installing: /home/eagletn7/Downloads/project-GO2/install/go2_config/lib/libanimated_box_plugin.so
-- Set runtime path of "/home/eagletn7/Downloads/project-GO2/install/go2_config/lib/libanimated_box_plugin.so" to ""
-- Up-to-date: /home/eagletn7/Downloads/project-GO2/install/go2_config/share/go2_config/launch
-- Up-to-date: /home/eagletn7/Downloads/project-GO2/install/go2_config/share/go2_config/launch/bringup.launch.py
-- Up-to-date: /home/eagletn7/Downloads/project-GO2/install/go2_config/share/go2_config/launch/gazebo_velodyne.launch.py
-- Up-to-date: /home/eagletn7/Downloads/project-GO2/install/go2_config/share/go2_config/launch/launch.test.py
-- Up-to-date: /home/eagletn7/Downloads/project-GO2/install/go2_config/share/go2_config/launch/gazebo.launch.py
-- Up-to-date: /home/eagletn7/Downloads/project-GO2/install/go2_config/share/go2_config/launch/go2_navigation.launch.py
-- Up-to-date: /home/eagletn7/Downloads/project-GO2/install/go2_config/share/go2_config/launch/slam.launch.py
-- Up-to-date: /home/eagletn7/Downloads/project-GO2/install/go2_config/share/go2_config/launch/log
-- Up-to-date: /home/eagletn7/Downloads/project-GO2/install/go2_config/share/go2_config/launch/log/build_2025-05-22_16-08-37
-- Up-to-date: /home/eagletn7/Downloads/project-GO2/install/go2_config/share/go2_config/launch/log/build_2025-05-22_16-08-37/logger_all.log
-- Up-to-date: /home/eagletn7/Downloads/project-GO2/install/go2_config/share/go2_config/launch/log/build_2025-05-22_16-08-37/events.log
-- Up-to-date: /home/eagletn7/Downloads/project-GO2/install/go2_config/share/go2_config/launch/log/latest
-- Up-to-date: /home/eagletn7/Downloads/project-GO2/install/go2_config/share/go2_config/launch/log/COLCON_IGNORE
-- Up-to-date: /home/eagletn7/Downloads/project-GO2/install/go2_config/share/go2_config/launch/log/latest_build
-- Up-to-date: /home/eagletn7/Downloads/project-GO2/install/go2_config/share/go2_config/launch/navigate.launch.py
-- Up-to-date: /home/eagletn7/Downloads/project-GO2/install/go2_config/share/go2_config/launch/install
-- Up-to-date: /home/eagletn7/Downloads/project-GO2/install/go2_config/share/go2_config/launch/install/setup.ps1
-- Up-to-date: /home/eagletn7/Downloads/project-GO2/install/go2_config/share/go2_config/launch/install/local_setup.zsh
-- Up-to-date: /home/eagletn7/Downloads/project-GO2/install/go2_config/share/go2_config/launch/install/_local_setup_util_ps1.py
-- Up-to-date: /home/eagletn7/Downloads/project-GO2/install/go2_config/share/go2_config/launch/install/_local_setup_util_sh.py
-- Up-to-date: /home/eagletn7/Downloads/project-GO2/install/go2_config/share/go2_config/launch/install/local_setup.bash
-- Up-to-date: /home/eagletn7/Downloads/project-GO2/install/go2_config/share/go2_config/launch/install/setup.sh
-- Up-to-date: /home/eagletn7/Downloads/project-GO2/install/go2_config/share/go2_config/launch/install/local_setup.sh
-- Up-to-date: /home/eagletn7/Downloads/project-GO2/install/go2_config/share/go2_config/launch/install/COLCON_IGNORE
-- Up-to-date: /home/eagletn7/Downloads/project-GO2/install/go2_config/share/go2_config/launch/install/local_setup.ps1
-- Up-to-date: /home/eagletn7/Downloads/project-GO2/install/go2_config/share/go2_config/launch/install/.colcon_install_layout
-- Up-to-date: /home/eagletn7/Downloads/project-GO2/install/go2_config/share/go2_config/launch/install/setup.zsh
-- Up-to-date: /home/eagletn7/Downloads/project-GO2/install/go2_config/share/go2_config/launch/install/setup.bash
-- Up-to-date: /home/eagletn7/Downloads/project-GO2/install/go2_config/share/go2_config/launch/build
-- Up-to-date: /home/eagletn7/Downloads/project-GO2/install/go2_config/share/go2_config/launch/build/.built_by
-- Up-to-date: /home/eagletn7/Downloads/project-GO2/install/go2_config/share/go2_config/launch/build/COLCON_IGNORE
-- Up-to-date: /home/eagletn7/Downloads/project-GO2/install/go2_config/share/go2_config/config
-- Up-to-date: /home/eagletn7/Downloads/project-GO2/install/go2_config/share/go2_config/config/links
-- Up-to-date: /home/eagletn7/Downloads/project-GO2/install/go2_config/share/go2_config/config/links/links.yaml
-- Up-to-date: /home/eagletn7/Downloads/project-GO2/install/go2_config/share/go2_config/config/ros_control
-- Up-to-date: /home/eagletn7/Downloads/project-GO2/install/go2_config/share/go2_config/config/ros_control/ros_control.yaml
-- Up-to-date: /home/eagletn7/Downloads/project-GO2/install/go2_config/share/go2_config/config/nav2
-- Up-to-date: /home/eagletn7/Downloads/project-GO2/install/go2_config/share/go2_config/config/nav2/nav2_params.yaml
-- Up-to-date: /home/eagletn7/Downloads/project-GO2/install/go2_config/share/go2_config/config/autonomy
-- Up-to-date: /home/eagletn7/Downloads/project-GO2/install/go2_config/share/go2_config/config/autonomy/navigation.yaml
-- Up-to-date: /home/eagletn7/Downloads/project-GO2/install/go2_config/share/go2_config/config/autonomy/slam.yaml
-- Up-to-date: /home/eagletn7/Downloads/project-GO2/install/go2_config/share/go2_config/config/gait
-- Up-to-date: /home/eagletn7/Downloads/project-GO2/install/go2_config/share/go2_config/config/gait/gait.yaml
-- Up-to-date: /home/eagletn7/Downloads/project-GO2/install/go2_config/share/go2_config/config/joints
-- Up-to-date: /home/eagletn7/Downloads/project-GO2/install/go2_config/share/go2_config/config/joints/joints.yaml
-- Up-to-date: /home/eagletn7/Downloads/project-GO2/install/go2_config/share/go2_config/maps
-- Up-to-date: /home/eagletn7/Downloads/project-GO2/install/go2_config/share/go2_config/maps/playground.pgm
-- Up-to-date: /home/eagletn7/Downloads/project-GO2/install/go2_config/share/go2_config/maps/map.yaml
-- Up-to-date: /home/eagletn7/Downloads/project-GO2/install/go2_config/share/go2_config/maps/playground.yaml
-- Up-to-date: /home/eagletn7/Downloads/project-GO2/install/go2_config/share/go2_config/maps/map.pgm
-- Up-to-date: /home/eagletn7/Downloads/project-GO2/install/go2_config/share/go2_config/worlds
-- Up-to-date: /home/eagletn7/Downloads/project-GO2/install/go2_config/share/go2_config/worlds/playground.world
-- Up-to-date: /home/eagletn7/Downloads/project-GO2/install/go2_config/share/go2_config/worlds/obstacle_test_world.world
-- Up-to-date: /home/eagletn7/Downloads/project-GO2/install/go2_config/share/go2_config/worlds/default.world
-- Up-to-date: /home/eagletn7/Downloads/project-GO2/install/go2_config/share/go2_config/worlds/outdoor.world
-- Up-to-date: /home/eagletn7/Downloads/project-GO2/install/go2_config/share/ament_index/resource_index/package_run_dependencies/go2_config
-- Up-to-date: /home/eagletn7/Downloads/project-GO2/install/go2_config/share/ament_index/resource_index/parent_prefix_path/go2_config
-- Up-to-date: /home/eagletn7/Downloads/project-GO2/install/go2_config/share/go2_config/environment/ament_prefix_path.sh
-- Up-to-date: /home/eagletn7/Downloads/project-GO2/install/go2_config/share/go2_config/environment/ament_prefix_path.dsv
-- Up-to-date: /home/eagletn7/Downloads/project-GO2/install/go2_config/share/go2_config/environment/path.sh
-- Up-to-date: /home/eagletn7/Downloads/project-GO2/install/go2_config/share/go2_config/environment/path.dsv
-- Up-to-date: /home/eagletn7/Downloads/project-GO2/install/go2_config/share/go2_config/local_setup.bash
-- Up-to-date: /home/eagletn7/Downloads/project-GO2/install/go2_config/share/go2_config/local_setup.sh
-- Up-to-date: /home/eagletn7/Downloads/project-GO2/install/go2_config/share/go2_config/local_setup.zsh
-- Up-to-date: /home/eagletn7/Downloads/project-GO2/install/go2_config/share/go2_config/local_setup.dsv
-- Installing: /home/eagletn7/Downloads/project-GO2/install/go2_config/share/go2_config/package.dsv
-- Up-to-date: /home/eagletn7/Downloads/project-GO2/install/go2_config/share/ament_index/resource_index/packages/go2_config
-- Up-to-date: /home/eagletn7/Downloads/project-GO2/install/go2_config/share/go2_config/cmake/go2_configConfig.cmake
-- Up-to-date: /home/eagletn7/Downloads/project-GO2/install/go2_config/share/go2_config/cmake/go2_configConfig-version.cmake
-- Up-to-date: /home/eagletn7/Downloads/project-GO2/install/go2_config/share/go2_config/package.xml
