[0.036s] Invoking command in '/home/eagletn7/Downloads/project-GO2/build/go2_config': CMAKE_PREFIX_PATH=${CMAKE_PREFIX_PATH}:/home/eagletn7/Downloads/project-GO2/install/go2_simple_navigation:/opt/ros/humble CONDA_PROMPT_MODIFIER=(base) /usr/bin/cmake --build /home/eagletn7/Downloads/project-GO2/build/go2_config -- -j12 -l12
[0.386s] [ 50%] [32mBuilding CXX object CMakeFiles/animated_box_plugin.dir/src/animated_box_plugin.cpp.o[0m
[10.791s] [100%] [32m[1mLinking CXX shared library libanimated_box_plugin.so[0m
[11.258s] [100%] Built target animated_box_plugin
[11.273s] Invoked command in '/home/eagletn7/Downloads/project-GO2/build/go2_config' returned '0': CMAKE_PREFIX_PATH=${CMAKE_PREFIX_PATH}:/home/eagletn7/Downloads/project-GO2/install/go2_simple_navigation:/opt/ros/humble CONDA_PROMPT_MODIFIER=(base) /usr/bin/cmake --build /home/eagletn7/Downloads/project-GO2/build/go2_config -- -j12 -l12
[11.276s] Invoking command in '/home/eagletn7/Downloads/project-GO2/build/go2_config': CMAKE_PREFIX_PATH=${CMAKE_PREFIX_PATH}:/home/eagletn7/Downloads/project-GO2/install/go2_simple_navigation:/opt/ros/humble CONDA_PROMPT_MODIFIER=(base) /usr/bin/cmake --install /home/eagletn7/Downloads/project-GO2/build/go2_config
[11.286s] -- Install configuration: ""
[11.287s] -- Installing: /home/eagletn7/Downloads/project-GO2/install/go2_config/lib/libanimated_box_plugin.so
[11.289s] -- Set runtime path of "/home/eagletn7/Downloads/project-GO2/install/go2_config/lib/libanimated_box_plugin.so" to ""
[11.289s] -- Up-to-date: /home/eagletn7/Downloads/project-GO2/install/go2_config/share/go2_config/launch
[11.290s] -- Up-to-date: /home/eagletn7/Downloads/project-GO2/install/go2_config/share/go2_config/launch/bringup.launch.py
[11.290s] -- Up-to-date: /home/eagletn7/Downloads/project-GO2/install/go2_config/share/go2_config/launch/gazebo_velodyne.launch.py
[11.290s] -- Up-to-date: /home/eagletn7/Downloads/project-GO2/install/go2_config/share/go2_config/launch/launch.test.py
[11.290s] -- Up-to-date: /home/eagletn7/Downloads/project-GO2/install/go2_config/share/go2_config/launch/gazebo.launch.py
[11.290s] -- Up-to-date: /home/eagletn7/Downloads/project-GO2/install/go2_config/share/go2_config/launch/go2_navigation.launch.py
[11.290s] -- Up-to-date: /home/eagletn7/Downloads/project-GO2/install/go2_config/share/go2_config/launch/slam.launch.py
[11.290s] -- Up-to-date: /home/eagletn7/Downloads/project-GO2/install/go2_config/share/go2_config/launch/log
[11.290s] -- Up-to-date: /home/eagletn7/Downloads/project-GO2/install/go2_config/share/go2_config/launch/log/build_2025-05-22_16-08-37
[11.290s] -- Up-to-date: /home/eagletn7/Downloads/project-GO2/install/go2_config/share/go2_config/launch/log/build_2025-05-22_16-08-37/logger_all.log
[11.291s] -- Up-to-date: /home/eagletn7/Downloads/project-GO2/install/go2_config/share/go2_config/launch/log/build_2025-05-22_16-08-37/events.log
[11.291s] -- Up-to-date: /home/eagletn7/Downloads/project-GO2/install/go2_config/share/go2_config/launch/log/latest
[11.291s] -- Up-to-date: /home/eagletn7/Downloads/project-GO2/install/go2_config/share/go2_config/launch/log/COLCON_IGNORE
[11.291s] -- Up-to-date: /home/eagletn7/Downloads/project-GO2/install/go2_config/share/go2_config/launch/log/latest_build
[11.291s] -- Up-to-date: /home/eagletn7/Downloads/project-GO2/install/go2_config/share/go2_config/launch/navigate.launch.py
[11.291s] -- Up-to-date: /home/eagletn7/Downloads/project-GO2/install/go2_config/share/go2_config/launch/install
[11.291s] -- Up-to-date: /home/eagletn7/Downloads/project-GO2/install/go2_config/share/go2_config/launch/install/setup.ps1
[11.291s] -- Up-to-date: /home/eagletn7/Downloads/project-GO2/install/go2_config/share/go2_config/launch/install/local_setup.zsh
[11.292s] -- Up-to-date: /home/eagletn7/Downloads/project-GO2/install/go2_config/share/go2_config/launch/install/_local_setup_util_ps1.py
[11.292s] -- Up-to-date: /home/eagletn7/Downloads/project-GO2/install/go2_config/share/go2_config/launch/install/_local_setup_util_sh.py
[11.292s] -- Up-to-date: /home/eagletn7/Downloads/project-GO2/install/go2_config/share/go2_config/launch/install/local_setup.bash
[11.292s] -- Up-to-date: /home/eagletn7/Downloads/project-GO2/install/go2_config/share/go2_config/launch/install/setup.sh
[11.292s] -- Up-to-date: /home/eagletn7/Downloads/project-GO2/install/go2_config/share/go2_config/launch/install/local_setup.sh
[11.292s] -- Up-to-date: /home/eagletn7/Downloads/project-GO2/install/go2_config/share/go2_config/launch/install/COLCON_IGNORE
[11.292s] -- Up-to-date: /home/eagletn7/Downloads/project-GO2/install/go2_config/share/go2_config/launch/install/local_setup.ps1
[11.292s] -- Up-to-date: /home/eagletn7/Downloads/project-GO2/install/go2_config/share/go2_config/launch/install/.colcon_install_layout
[11.292s] -- Up-to-date: /home/eagletn7/Downloads/project-GO2/install/go2_config/share/go2_config/launch/install/setup.zsh
[11.292s] -- Up-to-date: /home/eagletn7/Downloads/project-GO2/install/go2_config/share/go2_config/launch/install/setup.bash
[11.292s] -- Up-to-date: /home/eagletn7/Downloads/project-GO2/install/go2_config/share/go2_config/launch/build
[11.293s] -- Up-to-date: /home/eagletn7/Downloads/project-GO2/install/go2_config/share/go2_config/launch/build/.built_by
[11.293s] -- Up-to-date: /home/eagletn7/Downloads/project-GO2/install/go2_config/share/go2_config/launch/build/COLCON_IGNORE
[11.293s] -- Up-to-date: /home/eagletn7/Downloads/project-GO2/install/go2_config/share/go2_config/config
[11.293s] -- Up-to-date: /home/eagletn7/Downloads/project-GO2/install/go2_config/share/go2_config/config/links
[11.293s] -- Up-to-date: /home/eagletn7/Downloads/project-GO2/install/go2_config/share/go2_config/config/links/links.yaml
[11.293s] -- Up-to-date: /home/eagletn7/Downloads/project-GO2/install/go2_config/share/go2_config/config/ros_control
[11.293s] -- Up-to-date: /home/eagletn7/Downloads/project-GO2/install/go2_config/share/go2_config/config/ros_control/ros_control.yaml
[11.293s] -- Up-to-date: /home/eagletn7/Downloads/project-GO2/install/go2_config/share/go2_config/config/nav2
[11.294s] -- Up-to-date: /home/eagletn7/Downloads/project-GO2/install/go2_config/share/go2_config/config/nav2/nav2_params.yaml
[11.294s] -- Up-to-date: /home/eagletn7/Downloads/project-GO2/install/go2_config/share/go2_config/config/autonomy
[11.294s] -- Up-to-date: /home/eagletn7/Downloads/project-GO2/install/go2_config/share/go2_config/config/autonomy/navigation.yaml
[11.294s] -- Up-to-date: /home/eagletn7/Downloads/project-GO2/install/go2_config/share/go2_config/config/autonomy/slam.yaml
[11.294s] -- Up-to-date: /home/eagletn7/Downloads/project-GO2/install/go2_config/share/go2_config/config/gait
[11.295s] -- Up-to-date: /home/eagletn7/Downloads/project-GO2/install/go2_config/share/go2_config/config/gait/gait.yaml
[11.295s] -- Up-to-date: /home/eagletn7/Downloads/project-GO2/install/go2_config/share/go2_config/config/joints
[11.295s] -- Up-to-date: /home/eagletn7/Downloads/project-GO2/install/go2_config/share/go2_config/config/joints/joints.yaml
[11.295s] -- Up-to-date: /home/eagletn7/Downloads/project-GO2/install/go2_config/share/go2_config/maps
[11.295s] -- Up-to-date: /home/eagletn7/Downloads/project-GO2/install/go2_config/share/go2_config/maps/playground.pgm
[11.296s] -- Up-to-date: /home/eagletn7/Downloads/project-GO2/install/go2_config/share/go2_config/maps/map.yaml
[11.296s] -- Up-to-date: /home/eagletn7/Downloads/project-GO2/install/go2_config/share/go2_config/maps/playground.yaml
[11.296s] -- Up-to-date: /home/eagletn7/Downloads/project-GO2/install/go2_config/share/go2_config/maps/map.pgm
[11.296s] -- Up-to-date: /home/eagletn7/Downloads/project-GO2/install/go2_config/share/go2_config/worlds
[11.296s] -- Up-to-date: /home/eagletn7/Downloads/project-GO2/install/go2_config/share/go2_config/worlds/playground.world
[11.296s] -- Up-to-date: /home/eagletn7/Downloads/project-GO2/install/go2_config/share/go2_config/worlds/obstacle_test_world.world
[11.296s] -- Up-to-date: /home/eagletn7/Downloads/project-GO2/install/go2_config/share/go2_config/worlds/default.world
[11.296s] -- Up-to-date: /home/eagletn7/Downloads/project-GO2/install/go2_config/share/go2_config/worlds/outdoor.world
[11.296s] -- Up-to-date: /home/eagletn7/Downloads/project-GO2/install/go2_config/share/ament_index/resource_index/package_run_dependencies/go2_config
[11.296s] -- Up-to-date: /home/eagletn7/Downloads/project-GO2/install/go2_config/share/ament_index/resource_index/parent_prefix_path/go2_config
[11.297s] -- Up-to-date: /home/eagletn7/Downloads/project-GO2/install/go2_config/share/go2_config/environment/ament_prefix_path.sh
[11.297s] -- Up-to-date: /home/eagletn7/Downloads/project-GO2/install/go2_config/share/go2_config/environment/ament_prefix_path.dsv
[11.297s] -- Up-to-date: /home/eagletn7/Downloads/project-GO2/install/go2_config/share/go2_config/environment/path.sh
[11.297s] -- Up-to-date: /home/eagletn7/Downloads/project-GO2/install/go2_config/share/go2_config/environment/path.dsv
[11.297s] -- Up-to-date: /home/eagletn7/Downloads/project-GO2/install/go2_config/share/go2_config/local_setup.bash
[11.297s] -- Up-to-date: /home/eagletn7/Downloads/project-GO2/install/go2_config/share/go2_config/local_setup.sh
[11.297s] -- Up-to-date: /home/eagletn7/Downloads/project-GO2/install/go2_config/share/go2_config/local_setup.zsh
[11.297s] -- Up-to-date: /home/eagletn7/Downloads/project-GO2/install/go2_config/share/go2_config/local_setup.dsv
[11.297s] -- Installing: /home/eagletn7/Downloads/project-GO2/install/go2_config/share/go2_config/package.dsv
[11.297s] -- Up-to-date: /home/eagletn7/Downloads/project-GO2/install/go2_config/share/ament_index/resource_index/packages/go2_config
[11.298s] -- Up-to-date: /home/eagletn7/Downloads/project-GO2/install/go2_config/share/go2_config/cmake/go2_configConfig.cmake
[11.298s] -- Up-to-date: /home/eagletn7/Downloads/project-GO2/install/go2_config/share/go2_config/cmake/go2_configConfig-version.cmake
[11.298s] -- Up-to-date: /home/eagletn7/Downloads/project-GO2/install/go2_config/share/go2_config/package.xml
[11.301s] Invoked command in '/home/eagletn7/Downloads/project-GO2/build/go2_config' returned '0': CMAKE_PREFIX_PATH=${CMAKE_PREFIX_PATH}:/home/eagletn7/Downloads/project-GO2/install/go2_simple_navigation:/opt/ros/humble CONDA_PROMPT_MODIFIER=(base) /usr/bin/cmake --install /home/eagletn7/Downloads/project-GO2/build/go2_config
