[0.037s] Invoking command in '/home/eagletn7/Downloads/project-GO2/build/go2_config': CMAKE_PREFIX_PATH=${CMAKE_PREFIX_PATH}:/home/eagletn7/Downloads/project-GO2/install/go2_simple_navigation:/opt/ros/humble /usr/bin/cmake --build /home/eagletn7/Downloads/project-GO2/build/go2_config -- -j12 -l12
[0.118s] [100%] Built target animated_box_plugin
[0.285s] Invoked command in '/home/eagletn7/Downloads/project-GO2/build/go2_config' returned '0': CMAKE_PREFIX_PATH=${CMAKE_PREFIX_PATH}:/home/eagletn7/Downloads/project-GO2/install/go2_simple_navigation:/opt/ros/humble /usr/bin/cmake --build /home/eagletn7/Downloads/project-GO2/build/go2_config -- -j12 -l12
[0.305s] Invoking command in '/home/eagletn7/Downloads/project-GO2/build/go2_config': CMAKE_PREFIX_PATH=${CMAKE_PREFIX_PATH}:/home/eagletn7/Downloads/project-GO2/install/go2_simple_navigation:/opt/ros/humble /usr/bin/cmake --install /home/eagletn7/Downloads/project-GO2/build/go2_config
[0.312s] -- Install configuration: ""
[0.312s] -- Up-to-date: /home/eagletn7/Downloads/project-GO2/install/go2_config/lib/libanimated_box_plugin.so
[0.313s] -- Up-to-date: /home/eagletn7/Downloads/project-GO2/install/go2_config/share/go2_config/launch
[0.313s] -- Up-to-date: /home/eagletn7/Downloads/project-GO2/install/go2_config/share/go2_config/launch/bringup.launch.py
[0.314s] -- Up-to-date: /home/eagletn7/Downloads/project-GO2/install/go2_config/share/go2_config/launch/gazebo_velodyne.launch.py
[0.314s] -- Up-to-date: /home/eagletn7/Downloads/project-GO2/install/go2_config/share/go2_config/launch/launch.test.py
[0.314s] -- Up-to-date: /home/eagletn7/Downloads/project-GO2/install/go2_config/share/go2_config/launch/gazebo.launch.py
[0.314s] -- Up-to-date: /home/eagletn7/Downloads/project-GO2/install/go2_config/share/go2_config/launch/go2_navigation.launch.py
[0.314s] -- Up-to-date: /home/eagletn7/Downloads/project-GO2/install/go2_config/share/go2_config/launch/slam.launch.py
[0.314s] -- Up-to-date: /home/eagletn7/Downloads/project-GO2/install/go2_config/share/go2_config/launch/log
[0.314s] -- Up-to-date: /home/eagletn7/Downloads/project-GO2/install/go2_config/share/go2_config/launch/log/build_2025-05-22_16-08-37
[0.314s] -- Up-to-date: /home/eagletn7/Downloads/project-GO2/install/go2_config/share/go2_config/launch/log/build_2025-05-22_16-08-37/logger_all.log
[0.314s] -- Up-to-date: /home/eagletn7/Downloads/project-GO2/install/go2_config/share/go2_config/launch/log/build_2025-05-22_16-08-37/events.log
[0.314s] -- Up-to-date: /home/eagletn7/Downloads/project-GO2/install/go2_config/share/go2_config/launch/log/latest
[0.314s] -- Up-to-date: /home/eagletn7/Downloads/project-GO2/install/go2_config/share/go2_config/launch/log/COLCON_IGNORE
[0.314s] -- Up-to-date: /home/eagletn7/Downloads/project-GO2/install/go2_config/share/go2_config/launch/log/latest_build
[0.315s] -- Up-to-date: /home/eagletn7/Downloads/project-GO2/install/go2_config/share/go2_config/launch/navigate.launch.py
[0.315s] -- Up-to-date: /home/eagletn7/Downloads/project-GO2/install/go2_config/share/go2_config/launch/install
[0.315s] -- Up-to-date: /home/eagletn7/Downloads/project-GO2/install/go2_config/share/go2_config/launch/install/setup.ps1
[0.315s] -- Up-to-date: /home/eagletn7/Downloads/project-GO2/install/go2_config/share/go2_config/launch/install/local_setup.zsh
[0.315s] -- Up-to-date: /home/eagletn7/Downloads/project-GO2/install/go2_config/share/go2_config/launch/install/_local_setup_util_ps1.py
[0.315s] -- Up-to-date: /home/eagletn7/Downloads/project-GO2/install/go2_config/share/go2_config/launch/install/_local_setup_util_sh.py
[0.315s] -- Up-to-date: /home/eagletn7/Downloads/project-GO2/install/go2_config/share/go2_config/launch/install/local_setup.bash
[0.315s] -- Up-to-date: /home/eagletn7/Downloads/project-GO2/install/go2_config/share/go2_config/launch/install/setup.sh
[0.315s] -- Up-to-date: /home/eagletn7/Downloads/project-GO2/install/go2_config/share/go2_config/launch/install/local_setup.sh
[0.315s] -- Up-to-date: /home/eagletn7/Downloads/project-GO2/install/go2_config/share/go2_config/launch/install/COLCON_IGNORE
[0.316s] -- Up-to-date: /home/eagletn7/Downloads/project-GO2/install/go2_config/share/go2_config/launch/install/local_setup.ps1
[0.316s] -- Up-to-date: /home/eagletn7/Downloads/project-GO2/install/go2_config/share/go2_config/launch/install/.colcon_install_layout
[0.316s] -- Up-to-date: /home/eagletn7/Downloads/project-GO2/install/go2_config/share/go2_config/launch/install/setup.zsh
[0.316s] -- Up-to-date: /home/eagletn7/Downloads/project-GO2/install/go2_config/share/go2_config/launch/install/setup.bash
[0.316s] -- Up-to-date: /home/eagletn7/Downloads/project-GO2/install/go2_config/share/go2_config/launch/build
[0.316s] -- Up-to-date: /home/eagletn7/Downloads/project-GO2/install/go2_config/share/go2_config/launch/build/.built_by
[0.316s] -- Up-to-date: /home/eagletn7/Downloads/project-GO2/install/go2_config/share/go2_config/launch/build/COLCON_IGNORE
[0.316s] -- Up-to-date: /home/eagletn7/Downloads/project-GO2/install/go2_config/share/go2_config/config
[0.317s] -- Up-to-date: /home/eagletn7/Downloads/project-GO2/install/go2_config/share/go2_config/config/links
[0.317s] -- Up-to-date: /home/eagletn7/Downloads/project-GO2/install/go2_config/share/go2_config/config/links/links.yaml
[0.317s] -- Up-to-date: /home/eagletn7/Downloads/project-GO2/install/go2_config/share/go2_config/config/ros_control
[0.318s] -- Up-to-date: /home/eagletn7/Downloads/project-GO2/install/go2_config/share/go2_config/config/ros_control/ros_control.yaml
[0.318s] -- Up-to-date: /home/eagletn7/Downloads/project-GO2/install/go2_config/share/go2_config/config/nav2
[0.318s] -- Up-to-date: /home/eagletn7/Downloads/project-GO2/install/go2_config/share/go2_config/config/nav2/nav2_params.yaml
[0.318s] -- Up-to-date: /home/eagletn7/Downloads/project-GO2/install/go2_config/share/go2_config/config/autonomy
[0.318s] -- Up-to-date: /home/eagletn7/Downloads/project-GO2/install/go2_config/share/go2_config/config/autonomy/navigation.yaml
[0.318s] -- Up-to-date: /home/eagletn7/Downloads/project-GO2/install/go2_config/share/go2_config/config/autonomy/slam.yaml
[0.318s] -- Up-to-date: /home/eagletn7/Downloads/project-GO2/install/go2_config/share/go2_config/config/gait
[0.318s] -- Up-to-date: /home/eagletn7/Downloads/project-GO2/install/go2_config/share/go2_config/config/gait/gait.yaml
[0.318s] -- Up-to-date: /home/eagletn7/Downloads/project-GO2/install/go2_config/share/go2_config/config/joints
[0.318s] -- Up-to-date: /home/eagletn7/Downloads/project-GO2/install/go2_config/share/go2_config/config/joints/joints.yaml
[0.318s] -- Up-to-date: /home/eagletn7/Downloads/project-GO2/install/go2_config/share/go2_config/maps
[0.319s] -- Up-to-date: /home/eagletn7/Downloads/project-GO2/install/go2_config/share/go2_config/maps/playground.pgm
[0.319s] -- Up-to-date: /home/eagletn7/Downloads/project-GO2/install/go2_config/share/go2_config/maps/map.yaml
[0.319s] -- Up-to-date: /home/eagletn7/Downloads/project-GO2/install/go2_config/share/go2_config/maps/playground.yaml
[0.319s] -- Up-to-date: /home/eagletn7/Downloads/project-GO2/install/go2_config/share/go2_config/maps/map.pgm
[0.319s] -- Up-to-date: /home/eagletn7/Downloads/project-GO2/install/go2_config/share/go2_config/worlds
[0.319s] -- Up-to-date: /home/eagletn7/Downloads/project-GO2/install/go2_config/share/go2_config/worlds/playground.world
[0.319s] -- Up-to-date: /home/eagletn7/Downloads/project-GO2/install/go2_config/share/go2_config/worlds/obstacle_test_world.world
[0.319s] -- Up-to-date: /home/eagletn7/Downloads/project-GO2/install/go2_config/share/go2_config/worlds/default.world
[0.319s] -- Up-to-date: /home/eagletn7/Downloads/project-GO2/install/go2_config/share/go2_config/worlds/outdoor.world
[0.320s] -- Up-to-date: /home/eagletn7/Downloads/project-GO2/install/go2_config/share/ament_index/resource_index/package_run_dependencies/go2_config
[0.320s] -- Up-to-date: /home/eagletn7/Downloads/project-GO2/install/go2_config/share/ament_index/resource_index/parent_prefix_path/go2_config
[0.320s] -- Up-to-date: /home/eagletn7/Downloads/project-GO2/install/go2_config/share/go2_config/environment/ament_prefix_path.sh
[0.320s] -- Up-to-date: /home/eagletn7/Downloads/project-GO2/install/go2_config/share/go2_config/environment/ament_prefix_path.dsv
[0.320s] -- Up-to-date: /home/eagletn7/Downloads/project-GO2/install/go2_config/share/go2_config/environment/path.sh
[0.320s] -- Up-to-date: /home/eagletn7/Downloads/project-GO2/install/go2_config/share/go2_config/environment/path.dsv
[0.320s] -- Up-to-date: /home/eagletn7/Downloads/project-GO2/install/go2_config/share/go2_config/local_setup.bash
[0.320s] -- Up-to-date: /home/eagletn7/Downloads/project-GO2/install/go2_config/share/go2_config/local_setup.sh
[0.320s] -- Up-to-date: /home/eagletn7/Downloads/project-GO2/install/go2_config/share/go2_config/local_setup.zsh
[0.320s] -- Up-to-date: /home/eagletn7/Downloads/project-GO2/install/go2_config/share/go2_config/local_setup.dsv
[0.320s] -- Installing: /home/eagletn7/Downloads/project-GO2/install/go2_config/share/go2_config/package.dsv
[0.320s] -- Up-to-date: /home/eagletn7/Downloads/project-GO2/install/go2_config/share/ament_index/resource_index/packages/go2_config
[0.321s] -- Up-to-date: /home/eagletn7/Downloads/project-GO2/install/go2_config/share/go2_config/cmake/go2_configConfig.cmake
[0.321s] -- Up-to-date: /home/eagletn7/Downloads/project-GO2/install/go2_config/share/go2_config/cmake/go2_configConfig-version.cmake
[0.321s] -- Up-to-date: /home/eagletn7/Downloads/project-GO2/install/go2_config/share/go2_config/package.xml
[0.393s] Invoked command in '/home/eagletn7/Downloads/project-GO2/build/go2_config' returned '0': CMAKE_PREFIX_PATH=${CMAKE_PREFIX_PATH}:/home/eagletn7/Downloads/project-GO2/install/go2_simple_navigation:/opt/ros/humble /usr/bin/cmake --install /home/eagletn7/Downloads/project-GO2/build/go2_config
