[0.010s] Invoking command in '/home/eagletn7/Downloads/project-GO2/build/champ_base': CMAKE_PREFIX_PATH=/home/eagletn7/Downloads/project-GO2/install/champ_msgs:/home/eagletn7/Downloads/project-GO2/install/champ:/home/eagletn7/Downloads/project-GO2/install/go2_description:/home/eagletn7/Downloads/project-GO2/install/go2_config:/home/eagletn7/Downloads/project-GO2/install/champ_teleop:/home/eagletn7/Downloads/project-GO2/install/champ_navigation:/home/eagletn7/Downloads/project-GO2/install/champ_gazebo:/home/eagletn7/Downloads/project-GO2/install/champ_bringup:/home/eagletn7/Downloads/project-GO2/install/champ_base:/home/eagletn7/Downloads/project-GO2/install/champ_description:/home/eagletn7/Downloads/project-GO2/install/champ_config:/home/eagletn7/Downloads/project-GO2/install/go2_simple_navigation:/opt/ros/humble LD_LIBRARY_PATH=/home/eagletn7/Downloads/project-GO2/install/champ_msgs/lib:/usr/lib/x86_64-linux-gnu/gazebo-11/plugins:/home/eagletn7/Downloads/project-GO2/install/go2_config/lib:/home/eagletn7/Downloads/project-GO2/install/champ_base/lib:/opt/ros/humble/opt/rviz_ogre_vendor/lib:/opt/ros/humble/lib/x86_64-linux-gnu:/opt/ros/humble/lib /usr/bin/cmake /home/eagletn7/Downloads/project-GO2/src/unitree-go2-ros2/champ/champ_base -DCMAKE_INSTALL_PREFIX=/home/eagletn7/Downloads/project-GO2/install/champ_base
[0.057s] -- The C compiler identification is GNU 11.4.0
[0.106s] -- The CXX compiler identification is GNU 11.4.0
[0.112s] -- Detecting C compiler ABI info
[0.174s] -- Detecting C compiler ABI info - done
[0.180s] -- Check for working C compiler: /usr/bin/cc - skipped
[0.180s] -- Detecting C compile features
[0.181s] -- Detecting C compile features - done
[0.183s] -- Detecting CXX compiler ABI info
[0.254s] -- Detecting CXX compiler ABI info - done
[0.261s] -- Check for working CXX compiler: /usr/bin/c++ - skipped
[0.261s] -- Detecting CXX compile features
[0.261s] -- Detecting CXX compile features - done
[0.264s] -- Found ament_cmake: 1.3.12 (/opt/ros/humble/share/ament_cmake/cmake)
[0.396s] -- Found Python3: /usr/bin/python3 (found version "3.10.12") found components: Interpreter 
[0.490s] -- Found rclcpp: 16.0.14 (/opt/ros/humble/share/rclcpp/cmake)
[0.546s] -- Found rosidl_generator_c: 3.1.7 (/opt/ros/humble/share/rosidl_generator_c/cmake)
[0.551s] -- Found rosidl_adapter: 3.1.7 (/opt/ros/humble/share/rosidl_adapter/cmake)
[0.559s] -- Found rosidl_generator_cpp: 3.1.7 (/opt/ros/humble/share/rosidl_generator_cpp/cmake)
[0.571s] -- Using all available rosidl_typesupport_c: rosidl_typesupport_fastrtps_c;rosidl_typesupport_introspection_c
[0.587s] -- Using all available rosidl_typesupport_cpp: rosidl_typesupport_fastrtps_cpp;rosidl_typesupport_introspection_cpp
[0.630s] -- Found rmw_implementation_cmake: 6.1.2 (/opt/ros/humble/share/rmw_implementation_cmake/cmake)
[0.633s] -- Found rmw_fastrtps_cpp: 6.2.8 (/opt/ros/humble/share/rmw_fastrtps_cpp/cmake)
[0.726s] -- Found OpenSSL: /usr/lib/x86_64-linux-gnu/libcrypto.so (found version "3.0.2")  
[0.752s] -- Found FastRTPS: /opt/ros/humble/include  
[0.792s] -- Using RMW implementation 'rmw_fastrtps_cpp' as default
[0.801s] -- Looking for pthread.h
[0.871s] -- Looking for pthread.h - found
[0.872s] -- Performing Test CMAKE_HAVE_LIBC_PTHREAD
[0.945s] -- Performing Test CMAKE_HAVE_LIBC_PTHREAD - Success
[0.946s] -- Found Threads: TRUE  
[1.001s] -- Found rclpy: 3.3.17 (/opt/ros/humble/share/rclpy/cmake)
[1.002s] -- Found champ_msgs: 0.1.0 (/home/eagletn7/Downloads/project-GO2/install/champ_msgs/share/champ_msgs/cmake)
[1.030s] -- Found visualization_msgs: 4.9.0 (/opt/ros/humble/share/visualization_msgs/cmake)
[1.063s] -- Found trajectory_msgs: 4.9.0 (/opt/ros/humble/share/trajectory_msgs/cmake)
[1.078s] -- Found nav_msgs: 4.9.0 (/opt/ros/humble/share/nav_msgs/cmake)
[1.093s] -- Found tf2_ros: 0.25.16 (/opt/ros/humble/share/tf2_ros/cmake)
[1.185s] -- Found urdf: 2.6.1 (/opt/ros/humble/share/urdf/cmake)
[1.211s] -- Found champ: 0.1.0 (/home/eagletn7/Downloads/project-GO2/install/champ/share/champ/cmake)
[1.298s] -- Configuring done
[1.337s] -- Generating done
[1.350s] -- Build files have been written to: /home/eagletn7/Downloads/project-GO2/build/champ_base
