[0.013s] Invoking command in '/home/eagletn7/Downloads/project-GO2/build/champ_gazebo': CMAKE_PREFIX_PATH=/home/eagletn7/Downloads/project-GO2/install/champ_msgs:/home/eagletn7/Downloads/project-GO2/install/champ:/home/eagletn7/Downloads/project-GO2/install/go2_description:/home/eagletn7/Downloads/project-GO2/install/go2_config:/home/eagletn7/Downloads/project-GO2/install/champ_teleop:/home/eagletn7/Downloads/project-GO2/install/champ_navigation:/home/eagletn7/Downloads/project-GO2/install/champ_gazebo:/home/eagletn7/Downloads/project-GO2/install/champ_bringup:/home/eagletn7/Downloads/project-GO2/install/champ_base:/home/eagletn7/Downloads/project-GO2/install/champ_description:/home/eagletn7/Downloads/project-GO2/install/champ_config:/home/eagletn7/Downloads/project-GO2/install/go2_simple_navigation:/opt/ros/humble LD_LIBRARY_PATH=/home/eagletn7/Downloads/project-GO2/install/champ_msgs/lib:/home/eagletn7/Downloads/project-GO2/install/go2_config/lib:/home/eagletn7/Downloads/project-GO2/install/champ_base/lib:/usr/lib/x86_64-linux-gnu/gazebo-11/plugins:/opt/ros/humble/opt/rviz_ogre_vendor/lib:/opt/ros/humble/lib/x86_64-linux-gnu:/opt/ros/humble/lib /usr/bin/cmake --build /home/eagletn7/Downloads/project-GO2/build/champ_gazebo -- -j12 -l12
[0.088s] [100%] Built target contact_sensor
[0.099s] Invoked command in '/home/eagletn7/Downloads/project-GO2/build/champ_gazebo' returned '0': CMAKE_PREFIX_PATH=/home/eagletn7/Downloads/project-GO2/install/champ_msgs:/home/eagletn7/Downloads/project-GO2/install/champ:/home/eagletn7/Downloads/project-GO2/install/go2_description:/home/eagletn7/Downloads/project-GO2/install/go2_config:/home/eagletn7/Downloads/project-GO2/install/champ_teleop:/home/eagletn7/Downloads/project-GO2/install/champ_navigation:/home/eagletn7/Downloads/project-GO2/install/champ_gazebo:/home/eagletn7/Downloads/project-GO2/install/champ_bringup:/home/eagletn7/Downloads/project-GO2/install/champ_base:/home/eagletn7/Downloads/project-GO2/install/champ_description:/home/eagletn7/Downloads/project-GO2/install/champ_config:/home/eagletn7/Downloads/project-GO2/install/go2_simple_navigation:/opt/ros/humble LD_LIBRARY_PATH=/home/eagletn7/Downloads/project-GO2/install/champ_msgs/lib:/home/eagletn7/Downloads/project-GO2/install/go2_config/lib:/home/eagletn7/Downloads/project-GO2/install/champ_base/lib:/usr/lib/x86_64-linux-gnu/gazebo-11/plugins:/opt/ros/humble/opt/rviz_ogre_vendor/lib:/opt/ros/humble/lib/x86_64-linux-gnu:/opt/ros/humble/lib /usr/bin/cmake --build /home/eagletn7/Downloads/project-GO2/build/champ_gazebo -- -j12 -l12
[0.101s] Invoking command in '/home/eagletn7/Downloads/project-GO2/build/champ_gazebo': CMAKE_PREFIX_PATH=/home/eagletn7/Downloads/project-GO2/install/champ_msgs:/home/eagletn7/Downloads/project-GO2/install/champ:/home/eagletn7/Downloads/project-GO2/install/go2_description:/home/eagletn7/Downloads/project-GO2/install/go2_config:/home/eagletn7/Downloads/project-GO2/install/champ_teleop:/home/eagletn7/Downloads/project-GO2/install/champ_navigation:/home/eagletn7/Downloads/project-GO2/install/champ_gazebo:/home/eagletn7/Downloads/project-GO2/install/champ_bringup:/home/eagletn7/Downloads/project-GO2/install/champ_base:/home/eagletn7/Downloads/project-GO2/install/champ_description:/home/eagletn7/Downloads/project-GO2/install/champ_config:/home/eagletn7/Downloads/project-GO2/install/go2_simple_navigation:/opt/ros/humble LD_LIBRARY_PATH=/home/eagletn7/Downloads/project-GO2/install/champ_msgs/lib:/home/eagletn7/Downloads/project-GO2/install/go2_config/lib:/home/eagletn7/Downloads/project-GO2/install/champ_base/lib:/usr/lib/x86_64-linux-gnu/gazebo-11/plugins:/opt/ros/humble/opt/rviz_ogre_vendor/lib:/opt/ros/humble/lib/x86_64-linux-gnu:/opt/ros/humble/lib /usr/bin/cmake --install /home/eagletn7/Downloads/project-GO2/build/champ_gazebo
[0.108s] -- Install configuration: ""
[0.109s] -- Up-to-date: /home/eagletn7/Downloads/project-GO2/install/champ_gazebo/bin/imu_sensor.py
[0.109s] -- Up-to-date: /home/eagletn7/Downloads/project-GO2/install/champ_gazebo/bin/odometry_tf.py
[0.109s] -- Up-to-date: /home/eagletn7/Downloads/project-GO2/install/champ_gazebo/bin/odometry.py
[0.109s] -- Up-to-date: /home/eagletn7/Downloads/project-GO2/install/champ_gazebo/lib/champ_gazebo/contact_sensor
[0.109s] -- Up-to-date: /home/eagletn7/Downloads/project-GO2/install/champ_gazebo/share/champ_gazebo/launch
[0.109s] -- Up-to-date: /home/eagletn7/Downloads/project-GO2/install/champ_gazebo/share/champ_gazebo/launch/spawn_world.launch
[0.109s] -- Up-to-date: /home/eagletn7/Downloads/project-GO2/install/champ_gazebo/share/champ_gazebo/launch/gazebo.launch
[0.110s] -- Up-to-date: /home/eagletn7/Downloads/project-GO2/install/champ_gazebo/share/champ_gazebo/launch/gazebo.launch.py
[0.110s] -- Up-to-date: /home/eagletn7/Downloads/project-GO2/install/champ_gazebo/share/champ_gazebo/launch/spawn_robot.launch
[0.110s] -- Up-to-date: /home/eagletn7/Downloads/project-GO2/install/champ_gazebo/share/champ_gazebo/config
[0.110s] -- Up-to-date: /home/eagletn7/Downloads/project-GO2/install/champ_gazebo/share/champ_gazebo/config/gazebo.yaml
[0.110s] -- Up-to-date: /home/eagletn7/Downloads/project-GO2/install/champ_gazebo/share/champ_gazebo/config/ros_control.yaml
[0.110s] -- Up-to-date: /home/eagletn7/Downloads/project-GO2/install/champ_gazebo/share/champ_gazebo/worlds
[0.110s] -- Up-to-date: /home/eagletn7/Downloads/project-GO2/install/champ_gazebo/share/champ_gazebo/worlds/playground.world
[0.110s] -- Up-to-date: /home/eagletn7/Downloads/project-GO2/install/champ_gazebo/share/champ_gazebo/worlds/default.world
[0.111s] -- Up-to-date: /home/eagletn7/Downloads/project-GO2/install/champ_gazebo/share/champ_gazebo/worlds/outdoor.world
[0.111s] -- Up-to-date: /home/eagletn7/Downloads/project-GO2/install/champ_gazebo/share/ament_index/resource_index/package_run_dependencies/champ_gazebo
[0.111s] -- Up-to-date: /home/eagletn7/Downloads/project-GO2/install/champ_gazebo/share/ament_index/resource_index/parent_prefix_path/champ_gazebo
[0.111s] -- Up-to-date: /home/eagletn7/Downloads/project-GO2/install/champ_gazebo/share/champ_gazebo/environment/ament_prefix_path.sh
[0.111s] -- Up-to-date: /home/eagletn7/Downloads/project-GO2/install/champ_gazebo/share/champ_gazebo/environment/ament_prefix_path.dsv
[0.111s] -- Up-to-date: /home/eagletn7/Downloads/project-GO2/install/champ_gazebo/share/champ_gazebo/environment/path.sh
[0.111s] -- Up-to-date: /home/eagletn7/Downloads/project-GO2/install/champ_gazebo/share/champ_gazebo/environment/path.dsv
[0.111s] -- Up-to-date: /home/eagletn7/Downloads/project-GO2/install/champ_gazebo/share/champ_gazebo/local_setup.bash
[0.111s] -- Up-to-date: /home/eagletn7/Downloads/project-GO2/install/champ_gazebo/share/champ_gazebo/local_setup.sh
[0.111s] -- Up-to-date: /home/eagletn7/Downloads/project-GO2/install/champ_gazebo/share/champ_gazebo/local_setup.zsh
[0.111s] -- Up-to-date: /home/eagletn7/Downloads/project-GO2/install/champ_gazebo/share/champ_gazebo/local_setup.dsv
[0.111s] -- Installing: /home/eagletn7/Downloads/project-GO2/install/champ_gazebo/share/champ_gazebo/package.dsv
[0.112s] -- Up-to-date: /home/eagletn7/Downloads/project-GO2/install/champ_gazebo/share/ament_index/resource_index/packages/champ_gazebo
[0.112s] -- Up-to-date: /home/eagletn7/Downloads/project-GO2/install/champ_gazebo/share/champ_gazebo/cmake/ament_cmake_export_include_directories-extras.cmake
[0.112s] -- Up-to-date: /home/eagletn7/Downloads/project-GO2/install/champ_gazebo/share/champ_gazebo/cmake/ament_cmake_export_dependencies-extras.cmake
[0.112s] -- Up-to-date: /home/eagletn7/Downloads/project-GO2/install/champ_gazebo/share/champ_gazebo/cmake/champ_gazeboConfig.cmake
[0.112s] -- Up-to-date: /home/eagletn7/Downloads/project-GO2/install/champ_gazebo/share/champ_gazebo/cmake/champ_gazeboConfig-version.cmake
[0.112s] -- Up-to-date: /home/eagletn7/Downloads/project-GO2/install/champ_gazebo/share/champ_gazebo/package.xml
[0.115s] Invoked command in '/home/eagletn7/Downloads/project-GO2/build/champ_gazebo' returned '0': CMAKE_PREFIX_PATH=/home/eagletn7/Downloads/project-GO2/install/champ_msgs:/home/eagletn7/Downloads/project-GO2/install/champ:/home/eagletn7/Downloads/project-GO2/install/go2_description:/home/eagletn7/Downloads/project-GO2/install/go2_config:/home/eagletn7/Downloads/project-GO2/install/champ_teleop:/home/eagletn7/Downloads/project-GO2/install/champ_navigation:/home/eagletn7/Downloads/project-GO2/install/champ_gazebo:/home/eagletn7/Downloads/project-GO2/install/champ_bringup:/home/eagletn7/Downloads/project-GO2/install/champ_base:/home/eagletn7/Downloads/project-GO2/install/champ_description:/home/eagletn7/Downloads/project-GO2/install/champ_config:/home/eagletn7/Downloads/project-GO2/install/go2_simple_navigation:/opt/ros/humble LD_LIBRARY_PATH=/home/eagletn7/Downloads/project-GO2/install/champ_msgs/lib:/home/eagletn7/Downloads/project-GO2/install/go2_config/lib:/home/eagletn7/Downloads/project-GO2/install/champ_base/lib:/usr/lib/x86_64-linux-gnu/gazebo-11/plugins:/opt/ros/humble/opt/rviz_ogre_vendor/lib:/opt/ros/humble/lib/x86_64-linux-gnu:/opt/ros/humble/lib /usr/bin/cmake --install /home/eagletn7/Downloads/project-GO2/build/champ_gazebo
