[0.086s] Invoking command in '/home/nadim/project-GO2/src/build/champ_teleop': /usr/bin/cmake /home/nadim/project-GO2/src/unitree-go2-ros2/champ_teleop -DCMAKE_INSTALL_PREFIX=/home/nadim/project-GO2/src/install/champ_teleop
[0.993s] [31mCMake Error at CMakeLists.txt:4 (find_package):
[0.994s]   By not providing "Findament_cmake.cmake" in CMAKE_MODULE_PATH this project
[0.994s]   has asked CMake to find a package configuration file provided by
[0.994s]   "ament_cmake", but CMake did not find one.
[0.995s] 
[0.995s]   Could not find a package configuration file provided by "ament_cmake" with
[0.995s]   any of the following names:
[0.995s] 
[0.996s]     ament_cmakeConfig.cmake
[1.001s]     ament_cmake-config.cmake
[1.001s] 
[1.001s]   Add the installation prefix of "ament_cmake" to CMAKE_PREFIX_PATH or set
[1.001s]   "ament_cmake_DIR" to a directory containing one of the above files.  If
[1.001s]   "ament_cmake" provides a separate development package or SDK, be sure it
[1.001s]   has been installed.
[1.001s] 
[1.001s] [0m
[1.001s] -- The C compiler identification is GNU 11.4.0
[1.001s] -- The CXX compiler identification is GNU 11.4.0
[1.001s] -- Detecting C compiler ABI info
[1.001s] -- Detecting C compiler ABI info - done
[1.001s] -- Check for working C compiler: /usr/bin/cc - skipped
[1.001s] -- Detecting C compile features
[1.001s] -- Detecting C compile features - done
[1.001s] -- Detecting CXX compiler ABI info
[1.001s] -- Detecting CXX compiler ABI info - done
[1.001s] -- Check for working CXX compiler: /usr/bin/c++ - skipped
[1.002s] -- Detecting CXX compile features
[1.002s] -- Detecting CXX compile features - done
[1.002s] -- Configuring incomplete, errors occurred!
[1.002s] See also "/home/nadim/project-GO2/src/build/champ_teleop/CMakeFiles/CMakeOutput.log".
[1.007s] Invoked command in '/home/nadim/project-GO2/src/build/champ_teleop' returned '1': /usr/bin/cmake /home/nadim/project-GO2/src/unitree-go2-ros2/champ_teleop -DCMAKE_INSTALL_PREFIX=/home/nadim/project-GO2/src/install/champ_teleop
