[0.038s] Invoking command in '/home/nadim/project-GO2/src/build/champ': /usr/bin/cmake /home/nadim/project-GO2/src/unitree-go2-ros2/champ/champ -DCMAKE_INSTALL_PREFIX=/home/nadim/project-GO2/src/install/champ
[0.482s] -- The C compiler identification is GNU 11.4.0
[0.684s] -- The CXX compiler identification is GNU 11.4.0
[0.698s] -- Detecting C compiler ABI info
[0.809s] -- Detecting C compiler ABI info - done
[0.825s] -- Check for working C compiler: /usr/bin/cc - skipped
[0.827s] -- Detecting C compile features
[0.835s] -- Detecting C compile features - done
[0.845s] -- Detecting CXX compiler ABI info
[1.003s] -- Detecting CXX compiler ABI info - done
[1.015s] -- Check for working CXX compiler: /usr/bin/c++ - skipped
[1.015s] -- Detecting CXX compile features
[1.016s] -- Detecting CXX compile features - done
[1.034s] [31mCMake Error at CMakeLists.txt:5 (find_package):
[1.034s]   By not providing "Findament_cmake.cmake" in CMAKE_MODULE_PATH this project
[1.034s]   has asked CMake to find a package configuration file provided by
[1.034s]   "ament_cmake", but CMake did not find one.
[1.034s] 
[1.034s]   Could not find a package configuration file provided by "ament_cmake" with
[1.034s]   any of the following names:
[1.034s] 
[1.034s]     ament_cmakeConfig.cmake
[1.034s]     ament_cmake-config.cmake
[1.034s] 
[1.034s]   Add the installation prefix of "ament_cmake" to CMAKE_PREFIX_PATH or set
[1.034s]   "ament_cmake_DIR" to a directory containing one of the above files.  If
[1.034s]   "ament_cmake" provides a separate development package or SDK, be sure it
[1.034s]   has been installed.
[1.034s] 
[1.034s] [0m
[1.035s] -- Configuring incomplete, errors occurred!
[1.035s] See also "/home/nadim/project-GO2/src/build/champ/CMakeFiles/CMakeOutput.log".
[1.041s] Invoked command in '/home/nadim/project-GO2/src/build/champ' returned '1': /usr/bin/cmake /home/nadim/project-GO2/src/unitree-go2-ros2/champ/champ -DCMAKE_INSTALL_PREFIX=/home/nadim/project-GO2/src/install/champ
