[0.025s] Invoking command in '/home/eagletn7/Downloads/project-GO2/build/champ_navigation': CMAKE_PREFIX_PATH=${CMAKE_PREFIX_PATH}:/home/eagletn7/Downloads/project-GO2/install/go2_simple_navigation:/opt/ros/humble /usr/bin/cmake /home/eagletn7/Downloads/project-GO2/src/unitree-go2-ros2/champ/champ_navigation -DCMAKE_INSTALL_PREFIX=/home/eagletn7/Downloads/project-GO2/install/champ_navigation
[0.078s] -- The C compiler identification is GNU 11.4.0
[0.139s] -- The CXX compiler identification is GNU 11.4.0
[0.148s] -- Detecting C compiler ABI info
[0.223s] -- Detecting C compiler ABI info - done
[0.232s] -- Check for working C compiler: /usr/bin/cc - skipped
[0.233s] -- Detecting C compile features
[0.233s] -- Detecting C compile features - done
[0.237s] -- Detecting CXX compiler ABI info
[0.317s] -- Detecting CXX compiler ABI info - done
[0.328s] -- Check for working CXX compiler: /usr/bin/c++ - skipped
[0.328s] -- Detecting CXX compile features
[0.328s] -- Detecting CXX compile features - done
[0.331s] -- Found ament_cmake: 1.3.12 (/opt/ros/humble/share/ament_cmake/cmake)
[0.485s] -- Found Python3: /usr/bin/python3 (found version "3.10.12") found components: Interpreter 
[0.626s] -- Configuring done
[0.630s] -- Generating done
[0.632s] -- Build files have been written to: /home/eagletn7/Downloads/project-GO2/build/champ_navigation
[0.637s] Invoked command in '/home/eagletn7/Downloads/project-GO2/build/champ_navigation' returned '0': CMAKE_PREFIX_PATH=${CMAKE_PREFIX_PATH}:/home/eagletn7/Downloads/project-GO2/install/go2_simple_navigation:/opt/ros/humble /usr/bin/cmake /home/eagletn7/Downloads/project-GO2/src/unitree-go2-ros2/champ/champ_navigation -DCMAKE_INSTALL_PREFIX=/home/eagletn7/Downloads/project-GO2/install/champ_navigation
[0.639s] Invoking command in '/home/eagletn7/Downloads/project-GO2/build/champ_navigation': CMAKE_PREFIX_PATH=${CMAKE_PREFIX_PATH}:/home/eagletn7/Downloads/project-GO2/install/go2_simple_navigation:/opt/ros/humble /usr/bin/cmake --build /home/eagletn7/Downloads/project-GO2/build/champ_navigation -- -j12 -l12
[0.682s] Invoked command in '/home/eagletn7/Downloads/project-GO2/build/champ_navigation' returned '0': CMAKE_PREFIX_PATH=${CMAKE_PREFIX_PATH}:/home/eagletn7/Downloads/project-GO2/install/go2_simple_navigation:/opt/ros/humble /usr/bin/cmake --build /home/eagletn7/Downloads/project-GO2/build/champ_navigation -- -j12 -l12
[0.692s] Invoking command in '/home/eagletn7/Downloads/project-GO2/build/champ_navigation': CMAKE_PREFIX_PATH=${CMAKE_PREFIX_PATH}:/home/eagletn7/Downloads/project-GO2/install/go2_simple_navigation:/opt/ros/humble /usr/bin/cmake --install /home/eagletn7/Downloads/project-GO2/build/champ_navigation
[0.700s] -- Install configuration: ""
[0.700s] -- Installing: /home/eagletn7/Downloads/project-GO2/install/champ_navigation/share/champ_navigation/launch
[0.700s] -- Installing: /home/eagletn7/Downloads/project-GO2/install/champ_navigation/share/champ_navigation/launch/slam.launch.py
[0.700s] -- Installing: /home/eagletn7/Downloads/project-GO2/install/champ_navigation/share/champ_navigation/launch/navigate.launch.py
[0.700s] -- Installing: /home/eagletn7/Downloads/project-GO2/install/champ_navigation/share/champ_navigation/rviz
[0.701s] -- Installing: /home/eagletn7/Downloads/project-GO2/install/champ_navigation/share/champ_navigation/rviz/slam.rviz
[0.701s] -- Installing: /home/eagletn7/Downloads/project-GO2/install/champ_navigation/share/champ_navigation/rviz/navigation.rviz
[0.703s] -- Installing: /home/eagletn7/Downloads/project-GO2/install/champ_navigation/share/champ_navigation/rviz/navigation_minimal.rviz
[0.703s] -- Installing: /home/eagletn7/Downloads/project-GO2/install/champ_navigation/share/ament_index/resource_index/package_run_dependencies/champ_navigation
[0.703s] -- Installing: /home/eagletn7/Downloads/project-GO2/install/champ_navigation/share/ament_index/resource_index/parent_prefix_path/champ_navigation
[0.703s] -- Installing: /home/eagletn7/Downloads/project-GO2/install/champ_navigation/share/champ_navigation/environment/ament_prefix_path.sh
[0.703s] -- Installing: /home/eagletn7/Downloads/project-GO2/install/champ_navigation/share/champ_navigation/environment/ament_prefix_path.dsv
[0.703s] -- Installing: /home/eagletn7/Downloads/project-GO2/install/champ_navigation/share/champ_navigation/environment/path.sh
[0.703s] -- Installing: /home/eagletn7/Downloads/project-GO2/install/champ_navigation/share/champ_navigation/environment/path.dsv
[0.703s] -- Installing: /home/eagletn7/Downloads/project-GO2/install/champ_navigation/share/champ_navigation/local_setup.bash
[0.704s] -- Installing: /home/eagletn7/Downloads/project-GO2/install/champ_navigation/share/champ_navigation/local_setup.sh
[0.704s] -- Installing: /home/eagletn7/Downloads/project-GO2/install/champ_navigation/share/champ_navigation/local_setup.zsh
[0.704s] -- Installing: /home/eagletn7/Downloads/project-GO2/install/champ_navigation/share/champ_navigation/local_setup.dsv
[0.704s] -- Installing: /home/eagletn7/Downloads/project-GO2/install/champ_navigation/share/champ_navigation/package.dsv
[0.704s] -- Installing: /home/eagletn7/Downloads/project-GO2/install/champ_navigation/share/ament_index/resource_index/packages/champ_navigation
[0.704s] -- Installing: /home/eagletn7/Downloads/project-GO2/install/champ_navigation/share/champ_navigation/cmake/champ_navigationConfig.cmake
[0.705s] -- Installing: /home/eagletn7/Downloads/project-GO2/install/champ_navigation/share/champ_navigation/cmake/champ_navigationConfig-version.cmake
[0.705s] -- Installing: /home/eagletn7/Downloads/project-GO2/install/champ_navigation/share/champ_navigation/package.xml
[0.707s] Invoked command in '/home/eagletn7/Downloads/project-GO2/build/champ_navigation' returned '0': CMAKE_PREFIX_PATH=${CMAKE_PREFIX_PATH}:/home/eagletn7/Downloads/project-GO2/install/go2_simple_navigation:/opt/ros/humble /usr/bin/cmake --install /home/eagletn7/Downloads/project-GO2/build/champ_navigation
