[0.566s] Invoking command in '/home/eagletn7/Downloads/project-GO2/src/go2_simple_navigation': PYTHONPATH=/home/eagletn7/Downloads/project-GO2/build/go2_simple_navigation/prefix_override:/usr/lib/python3/dist-packages/colcon_core/task/python/colcon_distutils_commands:/home/eagletn7/Downloads/project-GO2/install/go2_simple_navigation/lib/python3.10/site-packages:${PYTHONPATH} /usr/bin/python3 -W ignore:setup.py install is deprecated -W ignore:easy_install command is deprecated setup.py egg_info --egg-base ../../build/go2_simple_navigation build --build-base /home/eagletn7/Downloads/project-GO2/build/go2_simple_navigation/build install --record /home/eagletn7/Downloads/project-GO2/build/go2_simple_navigation/install.log --single-version-externally-managed install_data
[0.754s] running egg_info
[0.755s] writing ../../build/go2_simple_navigation/go2_simple_navigation.egg-info/PKG-INFO
[0.755s] writing dependency_links to ../../build/go2_simple_navigation/go2_simple_navigation.egg-info/dependency_links.txt
[0.755s] writing entry points to ../../build/go2_simple_navigation/go2_simple_navigation.egg-info/entry_points.txt
[0.755s] writing requirements to ../../build/go2_simple_navigation/go2_simple_navigation.egg-info/requires.txt
[0.755s] writing top-level names to ../../build/go2_simple_navigation/go2_simple_navigation.egg-info/top_level.txt
[0.756s] reading manifest file '../../build/go2_simple_navigation/go2_simple_navigation.egg-info/SOURCES.txt'
[0.757s] writing manifest file '../../build/go2_simple_navigation/go2_simple_navigation.egg-info/SOURCES.txt'
[0.757s] running build
[0.757s] running build_py
[0.758s] copying go2_simple_navigation/goal+avoid.py -> /home/eagletn7/Downloads/project-GO2/build/go2_simple_navigation/build/lib/go2_simple_navigation
[0.758s] copying go2_simple_navigation/goal+avoid2.py -> /home/eagletn7/Downloads/project-GO2/build/go2_simple_navigation/build/lib/go2_simple_navigation
[0.758s] running install
[0.758s] running install_lib
[0.759s] copying /home/eagletn7/Downloads/project-GO2/build/go2_simple_navigation/build/lib/go2_simple_navigation/goal+avoid.py -> /home/eagletn7/Downloads/project-GO2/install/go2_simple_navigation/lib/python3.10/site-packages/go2_simple_navigation
[0.759s] copying /home/eagletn7/Downloads/project-GO2/build/go2_simple_navigation/build/lib/go2_simple_navigation/goal+avoid2.py -> /home/eagletn7/Downloads/project-GO2/install/go2_simple_navigation/lib/python3.10/site-packages/go2_simple_navigation
[0.759s] byte-compiling /home/eagletn7/Downloads/project-GO2/install/go2_simple_navigation/lib/python3.10/site-packages/go2_simple_navigation/goal+avoid.py to goal+avoid.cpython-310.pyc
[0.761s] byte-compiling /home/eagletn7/Downloads/project-GO2/install/go2_simple_navigation/lib/python3.10/site-packages/go2_simple_navigation/goal+avoid2.py to goal+avoid2.cpython-310.pyc
[0.762s] running install_data
[0.762s] running install_egg_info
[0.763s] removing '/home/eagletn7/Downloads/project-GO2/install/go2_simple_navigation/lib/python3.10/site-packages/go2_simple_navigation-0.0.0-py3.10.egg-info' (and everything under it)
[0.764s] Copying ../../build/go2_simple_navigation/go2_simple_navigation.egg-info to /home/eagletn7/Downloads/project-GO2/install/go2_simple_navigation/lib/python3.10/site-packages/go2_simple_navigation-0.0.0-py3.10.egg-info
[0.764s] running install_scripts
[0.779s] Installing avoid_dwb script to /home/eagletn7/Downloads/project-GO2/install/go2_simple_navigation/lib/go2_simple_navigation
[0.779s] Installing go2_simple_navigation_node script to /home/eagletn7/Downloads/project-GO2/install/go2_simple_navigation/lib/go2_simple_navigation
[0.779s] Installing goal_avoid script to /home/eagletn7/Downloads/project-GO2/install/go2_simple_navigation/lib/go2_simple_navigation
[0.779s] Installing simple_avoidance script to /home/eagletn7/Downloads/project-GO2/install/go2_simple_navigation/lib/go2_simple_navigation
[0.779s] Installing walk script to /home/eagletn7/Downloads/project-GO2/install/go2_simple_navigation/lib/go2_simple_navigation
[0.780s] writing list of installed files to '/home/eagletn7/Downloads/project-GO2/build/go2_simple_navigation/install.log'
[0.796s] Invoked command in '/home/eagletn7/Downloads/project-GO2/src/go2_simple_navigation' returned '0': PYTHONPATH=/home/eagletn7/Downloads/project-GO2/build/go2_simple_navigation/prefix_override:/usr/lib/python3/dist-packages/colcon_core/task/python/colcon_distutils_commands:/home/eagletn7/Downloads/project-GO2/install/go2_simple_navigation/lib/python3.10/site-packages:${PYTHONPATH} /usr/bin/python3 -W ignore:setup.py install is deprecated -W ignore:easy_install command is deprecated setup.py egg_info --egg-base ../../build/go2_simple_navigation build --build-base /home/eagletn7/Downloads/project-GO2/build/go2_simple_navigation/build install --record /home/eagletn7/Downloads/project-GO2/build/go2_simple_navigation/install.log --single-version-externally-managed install_data
