[0.030s] Invoking command in '/home/eagletn7/Downloads/project-GO2/build/champ_teleop': CMAKE_PREFIX_PATH=${CMAKE_PREFIX_PATH}:/home/eagletn7/Downloads/project-GO2/install/go2_simple_navigation:/opt/ros/humble /usr/bin/cmake --build /home/eagletn7/Downloads/project-GO2/build/champ_teleop -- -j12 -l12
[0.275s] Invoked command in '/home/eagletn7/Downloads/project-GO2/build/champ_teleop' returned '0': CMAKE_PREFIX_PATH=${CMAKE_PREFIX_PATH}:/home/eagletn7/Downloads/project-GO2/install/go2_simple_navigation:/opt/ros/humble /usr/bin/cmake --build /home/eagletn7/Downloads/project-GO2/build/champ_teleop -- -j12 -l12
[0.276s] Invoking command in '/home/eagletn7/Downloads/project-GO2/build/champ_teleop': CMAKE_PREFIX_PATH=${CMAKE_PREFIX_PATH}:/home/eagletn7/Downloads/project-GO2/install/go2_simple_navigation:/opt/ros/humble /usr/bin/cmake --install /home/eagletn7/Downloads/project-GO2/build/champ_teleop
[0.295s] -- Install configuration: ""
[0.295s] -- Up-to-date: /home/eagletn7/Downloads/project-GO2/install/champ_teleop/share/champ_teleop/launch
[0.295s] -- Up-to-date: /home/eagletn7/Downloads/project-GO2/install/champ_teleop/share/champ_teleop/launch/teleop.launch.py
[0.295s] -- Up-to-date: /home/eagletn7/Downloads/project-GO2/install/champ_teleop/lib/champ_teleop/champ_teleop.py
[0.295s] -- Up-to-date: /home/eagletn7/Downloads/project-GO2/install/champ_teleop/share/ament_index/resource_index/package_run_dependencies/champ_teleop
[0.295s] -- Up-to-date: /home/eagletn7/Downloads/project-GO2/install/champ_teleop/share/ament_index/resource_index/parent_prefix_path/champ_teleop
[0.295s] -- Up-to-date: /home/eagletn7/Downloads/project-GO2/install/champ_teleop/share/champ_teleop/environment/ament_prefix_path.sh
[0.295s] -- Up-to-date: /home/eagletn7/Downloads/project-GO2/install/champ_teleop/share/champ_teleop/environment/ament_prefix_path.dsv
[0.295s] -- Up-to-date: /home/eagletn7/Downloads/project-GO2/install/champ_teleop/share/champ_teleop/environment/path.sh
[0.295s] -- Up-to-date: /home/eagletn7/Downloads/project-GO2/install/champ_teleop/share/champ_teleop/environment/path.dsv
[0.295s] -- Up-to-date: /home/eagletn7/Downloads/project-GO2/install/champ_teleop/share/champ_teleop/local_setup.bash
[0.295s] -- Up-to-date: /home/eagletn7/Downloads/project-GO2/install/champ_teleop/share/champ_teleop/local_setup.sh
[0.296s] -- Up-to-date: /home/eagletn7/Downloads/project-GO2/install/champ_teleop/share/champ_teleop/local_setup.zsh
[0.298s] -- Up-to-date: /home/eagletn7/Downloads/project-GO2/install/champ_teleop/share/champ_teleop/local_setup.dsv
[0.299s] -- Installing: /home/eagletn7/Downloads/project-GO2/install/champ_teleop/share/champ_teleop/package.dsv
[0.299s] -- Up-to-date: /home/eagletn7/Downloads/project-GO2/install/champ_teleop/share/ament_index/resource_index/packages/champ_teleop
[0.299s] -- Up-to-date: /home/eagletn7/Downloads/project-GO2/install/champ_teleop/share/champ_teleop/cmake/champ_teleopConfig.cmake
[0.299s] -- Up-to-date: /home/eagletn7/Downloads/project-GO2/install/champ_teleop/share/champ_teleop/cmake/champ_teleopConfig-version.cmake
[0.299s] -- Up-to-date: /home/eagletn7/Downloads/project-GO2/install/champ_teleop/share/champ_teleop/package.xml
[0.343s] Invoked command in '/home/eagletn7/Downloads/project-GO2/build/champ_teleop' returned '0': CMAKE_PREFIX_PATH=${CMAKE_PREFIX_PATH}:/home/eagletn7/Downloads/project-GO2/install/go2_simple_navigation:/opt/ros/humble /usr/bin/cmake --install /home/eagletn7/Downloads/project-GO2/build/champ_teleop
