[35m[1mConsolidate compiler generated dependencies of target animated_box_plugin[0m
[100%] Built target animated_box_plugin
-- Install configuration: ""
-- Installing: /home/eagletn7/Downloads/project-GO2/install/go2_config/lib/libanimated_box_plugin.so
-- Set runtime path of "/home/eagletn7/Downloads/project-GO2/install/go2_config/lib/libanimated_box_plugin.so" to ""
-- Installing: /home/eagletn7/Downloads/project-GO2/install/go2_config/share/go2_config/launch
-- Installing: /home/eagletn7/Downloads/project-GO2/install/go2_config/share/go2_config/launch/bringup.launch.py
-- Installing: /home/eagletn7/Downloads/project-GO2/install/go2_config/share/go2_config/launch/gazebo_velodyne.launch.py
-- Installing: /home/eagletn7/Downloads/project-GO2/install/go2_config/share/go2_config/launch/launch.test.py
-- Installing: /home/eagletn7/Downloads/project-GO2/install/go2_config/share/go2_config/launch/gazebo.launch.py
-- Installing: /home/eagletn7/Downloads/project-GO2/install/go2_config/share/go2_config/launch/go2_navigation.launch.py
-- Installing: /home/eagletn7/Downloads/project-GO2/install/go2_config/share/go2_config/launch/slam.launch.py
-- Installing: /home/eagletn7/Downloads/project-GO2/install/go2_config/share/go2_config/launch/log
-- Installing: /home/eagletn7/Downloads/project-GO2/install/go2_config/share/go2_config/launch/log/build_2025-05-22_16-08-37
-- Installing: /home/eagletn7/Downloads/project-GO2/install/go2_config/share/go2_config/launch/log/build_2025-05-22_16-08-37/logger_all.log
-- Installing: /home/eagletn7/Downloads/project-GO2/install/go2_config/share/go2_config/launch/log/build_2025-05-22_16-08-37/events.log
-- Installing: /home/eagletn7/Downloads/project-GO2/install/go2_config/share/go2_config/launch/log/latest
-- Installing: /home/eagletn7/Downloads/project-GO2/install/go2_config/share/go2_config/launch/log/COLCON_IGNORE
-- Installing: /home/eagletn7/Downloads/project-GO2/install/go2_config/share/go2_config/launch/log/latest_build
-- Installing: /home/eagletn7/Downloads/project-GO2/install/go2_config/share/go2_config/launch/navigate.launch.py
-- Installing: /home/eagletn7/Downloads/project-GO2/install/go2_config/share/go2_config/launch/install
-- Installing: /home/eagletn7/Downloads/project-GO2/install/go2_config/share/go2_config/launch/install/setup.ps1
-- Installing: /home/eagletn7/Downloads/project-GO2/install/go2_config/share/go2_config/launch/install/local_setup.zsh
-- Installing: /home/eagletn7/Downloads/project-GO2/install/go2_config/share/go2_config/launch/install/_local_setup_util_ps1.py
-- Installing: /home/eagletn7/Downloads/project-GO2/install/go2_config/share/go2_config/launch/install/_local_setup_util_sh.py
-- Installing: /home/eagletn7/Downloads/project-GO2/install/go2_config/share/go2_config/launch/install/local_setup.bash
-- Installing: /home/eagletn7/Downloads/project-GO2/install/go2_config/share/go2_config/launch/install/setup.sh
-- Installing: /home/eagletn7/Downloads/project-GO2/install/go2_config/share/go2_config/launch/install/local_setup.sh
-- Installing: /home/eagletn7/Downloads/project-GO2/install/go2_config/share/go2_config/launch/install/COLCON_IGNORE
-- Installing: /home/eagletn7/Downloads/project-GO2/install/go2_config/share/go2_config/launch/install/local_setup.ps1
-- Installing: /home/eagletn7/Downloads/project-GO2/install/go2_config/share/go2_config/launch/install/.colcon_install_layout
-- Installing: /home/eagletn7/Downloads/project-GO2/install/go2_config/share/go2_config/launch/install/setup.zsh
-- Installing: /home/eagletn7/Downloads/project-GO2/install/go2_config/share/go2_config/launch/install/setup.bash
-- Installing: /home/eagletn7/Downloads/project-GO2/install/go2_config/share/go2_config/launch/build
-- Installing: /home/eagletn7/Downloads/project-GO2/install/go2_config/share/go2_config/launch/build/.built_by
-- Installing: /home/eagletn7/Downloads/project-GO2/install/go2_config/share/go2_config/launch/build/COLCON_IGNORE
-- Installing: /home/eagletn7/Downloads/project-GO2/install/go2_config/share/go2_config/config
-- Installing: /home/eagletn7/Downloads/project-GO2/install/go2_config/share/go2_config/config/links
-- Installing: /home/eagletn7/Downloads/project-GO2/install/go2_config/share/go2_config/config/links/links.yaml
-- Installing: /home/eagletn7/Downloads/project-GO2/install/go2_config/share/go2_config/config/ros_control
-- Installing: /home/eagletn7/Downloads/project-GO2/install/go2_config/share/go2_config/config/ros_control/ros_control.yaml
-- Installing: /home/eagletn7/Downloads/project-GO2/install/go2_config/share/go2_config/config/nav2
-- Installing: /home/eagletn7/Downloads/project-GO2/install/go2_config/share/go2_config/config/nav2/nav2_params.yaml
-- Installing: /home/eagletn7/Downloads/project-GO2/install/go2_config/share/go2_config/config/autonomy
-- Installing: /home/eagletn7/Downloads/project-GO2/install/go2_config/share/go2_config/config/autonomy/navigation.yaml
-- Installing: /home/eagletn7/Downloads/project-GO2/install/go2_config/share/go2_config/config/autonomy/slam.yaml
-- Installing: /home/eagletn7/Downloads/project-GO2/install/go2_config/share/go2_config/config/gait
-- Installing: /home/eagletn7/Downloads/project-GO2/install/go2_config/share/go2_config/config/gait/gait.yaml
-- Installing: /home/eagletn7/Downloads/project-GO2/install/go2_config/share/go2_config/config/joints
-- Installing: /home/eagletn7/Downloads/project-GO2/install/go2_config/share/go2_config/config/joints/joints.yaml
-- Installing: /home/eagletn7/Downloads/project-GO2/install/go2_config/share/go2_config/maps
-- Installing: /home/eagletn7/Downloads/project-GO2/install/go2_config/share/go2_config/maps/playground.pgm
-- Installing: /home/eagletn7/Downloads/project-GO2/install/go2_config/share/go2_config/maps/map.yaml
-- Installing: /home/eagletn7/Downloads/project-GO2/install/go2_config/share/go2_config/maps/playground.yaml
-- Installing: /home/eagletn7/Downloads/project-GO2/install/go2_config/share/go2_config/maps/map.pgm
-- Installing: /home/eagletn7/Downloads/project-GO2/install/go2_config/share/go2_config/worlds
-- Installing: /home/eagletn7/Downloads/project-GO2/install/go2_config/share/go2_config/worlds/playground.world
-- Installing: /home/eagletn7/Downloads/project-GO2/install/go2_config/share/go2_config/worlds/obstacle_test_world.world
-- Installing: /home/eagletn7/Downloads/project-GO2/install/go2_config/share/go2_config/worlds/default.world
-- Installing: /home/eagletn7/Downloads/project-GO2/install/go2_config/share/go2_config/worlds/outdoor.world
-- Installing: /home/eagletn7/Downloads/project-GO2/install/go2_config/share/ament_index/resource_index/package_run_dependencies/go2_config
-- Installing: /home/eagletn7/Downloads/project-GO2/install/go2_config/share/ament_index/resource_index/parent_prefix_path/go2_config
-- Installing: /home/eagletn7/Downloads/project-GO2/install/go2_config/share/go2_config/environment/ament_prefix_path.sh
-- Installing: /home/eagletn7/Downloads/project-GO2/install/go2_config/share/go2_config/environment/ament_prefix_path.dsv
-- Installing: /home/eagletn7/Downloads/project-GO2/install/go2_config/share/go2_config/environment/path.sh
-- Installing: /home/eagletn7/Downloads/project-GO2/install/go2_config/share/go2_config/environment/path.dsv
-- Installing: /home/eagletn7/Downloads/project-GO2/install/go2_config/share/go2_config/local_setup.bash
-- Installing: /home/eagletn7/Downloads/project-GO2/install/go2_config/share/go2_config/local_setup.sh
-- Installing: /home/eagletn7/Downloads/project-GO2/install/go2_config/share/go2_config/local_setup.zsh
-- Installing: /home/eagletn7/Downloads/project-GO2/install/go2_config/share/go2_config/local_setup.dsv
-- Installing: /home/eagletn7/Downloads/project-GO2/install/go2_config/share/go2_config/package.dsv
-- Installing: /home/eagletn7/Downloads/project-GO2/install/go2_config/share/ament_index/resource_index/packages/go2_config
-- Installing: /home/eagletn7/Downloads/project-GO2/install/go2_config/share/go2_config/cmake/go2_configConfig.cmake
-- Installing: /home/eagletn7/Downloads/project-GO2/install/go2_config/share/go2_config/cmake/go2_configConfig-version.cmake
-- Installing: /home/eagletn7/Downloads/project-GO2/install/go2_config/share/go2_config/package.xml
