[0.024s] Invoking command in '/home/eagletn7/Downloads/project-GO2/build/go2_config': CMAKE_PREFIX_PATH=${CMAKE_PREFIX_PATH}:/home/eagletn7/Downloads/project-GO2/install/go2_simple_navigation:/opt/ros/humble /usr/bin/cmake /home/eagletn7/Downloads/project-GO2/src/unitree-go2-ros2/robots/configs/go2_config -DCMAKE_INSTALL_PREFIX=/home/eagletn7/Downloads/project-GO2/install/go2_config
[0.083s] -- The C compiler identification is GNU 11.4.0
[0.140s] -- The CXX compiler identification is GNU 11.4.0
[0.147s] -- Detecting C compiler ABI info
[0.220s] -- Detecting C compiler ABI info - done
[0.231s] -- Check for working C compiler: /usr/bin/cc - skipped
[0.231s] -- Detecting C compile features
[0.232s] -- Detecting C compile features - done
[0.234s] -- Detecting CXX compiler ABI info
[0.315s] -- Detecting CXX compiler ABI info - done
[0.325s] -- Check for working CXX compiler: /usr/bin/c++ - skipped
[0.325s] -- Detecting CXX compile features
[0.326s] -- Detecting CXX compile features - done
[0.329s] -- Found ament_cmake: 1.3.12 (/opt/ros/humble/share/ament_cmake/cmake)
[0.486s] -- Found Python3: /usr/bin/python3 (found version "3.10.12") found components: Interpreter 
[0.588s] [33mCMake Warning (dev) at /usr/share/cmake-3.22/Modules/FindPackageHandleStandardArgs.cmake:438 (message):
[0.588s]   The package name passed to `find_package_handle_standard_args` (PkgConfig)
[0.588s]   does not match the name of the calling package (gazebo).  This can lead to
[0.588s]   problems in calling code that expects `find_package` result variables
[0.588s]   (e.g., `_FOUND`) to follow a certain pattern.
[0.588s] Call Stack (most recent call first):
[0.588s]   /usr/share/cmake-3.22/Modules/FindPkgConfig.cmake:99 (find_package_handle_standard_args)
[0.588s]   /usr/lib/x86_64-linux-gnu/cmake/gazebo/gazebo-config.cmake:72 (include)
[0.588s]   CMakeLists.txt:7 (find_package)
[0.588s] This warning is for project developers.  Use -Wno-dev to suppress it.
[0.588s] [0m
[0.588s] -- Found PkgConfig: /usr/bin/pkg-config (found version "0.29.2") 
[0.593s] -- Checking for module 'bullet>=2.82'
[0.611s] --   Found bullet, version 3.05
[0.736s] -- Found fcl: /usr/include (found suitable version "0.7.0", minimum required is "0.5.0") 
[0.786s] -- Found assimp: /usr/include (found version "5.2.0") 
[0.806s] -- Found DART: /usr/include (Required is at least version "6.6") found components: dart 
[0.967s] -- Found Boost: /usr/lib/x86_64-linux-gnu/cmake/Boost-1.74.0/BoostConfig.cmake (found suitable version "1.74.0", minimum required is "1.40.0") found components: thread system filesystem program_options regex iostreams date_time 
[0.982s] -- Found Protobuf: /usr/lib/x86_64-linux-gnu/libprotobuf.so (found version "3.12.4") 
[0.987s] -- Looking for ignition-math6 -- found version 6.15.1
[0.993s] -- Searching for dependencies of ignition-math6
[0.995s] -- Looking for OGRE...
[0.995s] -- OGRE_PREFIX_WATCH changed.
[1.001s] -- Checking for module 'OGRE'
[1.017s] --   Found OGRE, version 1.9.0
[1.052s] -- Found Ogre Ghadamon (1.9.0)
[1.062s] -- Found OGRE: optimized;/usr/lib/x86_64-linux-gnu/libOgreMain.so;debug;/usr/lib/x86_64-linux-gnu/libOgreMain.so
[1.070s] -- Looking for OGRE_Paging...
[1.075s] -- Found OGRE_Paging: optimized;/usr/lib/x86_64-linux-gnu/libOgrePaging.so;debug;/usr/lib/x86_64-linux-gnu/libOgrePaging.so
[1.075s] -- Looking for OGRE_Terrain...
[1.079s] -- Found OGRE_Terrain: optimized;/usr/lib/x86_64-linux-gnu/libOgreTerrain.so;debug;/usr/lib/x86_64-linux-gnu/libOgreTerrain.so
[1.079s] -- Looking for OGRE_Property...
[1.084s] -- Found OGRE_Property: optimized;/usr/lib/x86_64-linux-gnu/libOgreProperty.so;debug;/usr/lib/x86_64-linux-gnu/libOgreProperty.so
[1.084s] -- Looking for OGRE_RTShaderSystem...
[1.089s] -- Found OGRE_RTShaderSystem: optimized;/usr/lib/x86_64-linux-gnu/libOgreRTShaderSystem.so;debug;/usr/lib/x86_64-linux-gnu/libOgreRTShaderSystem.so
[1.089s] -- Looking for OGRE_Volume...
[1.094s] -- Found OGRE_Volume: optimized;/usr/lib/x86_64-linux-gnu/libOgreVolume.so;debug;/usr/lib/x86_64-linux-gnu/libOgreVolume.so
[1.094s] -- Looking for OGRE_Overlay...
[1.099s] -- Found OGRE_Overlay: optimized;/usr/lib/x86_64-linux-gnu/libOgreOverlay.so;debug;/usr/lib/x86_64-linux-gnu/libOgreOverlay.so
[1.215s] -- Looking for ignition-math6 -- found version 6.15.1
[1.217s] -- Looking for ignition-transport8 -- found version 8.2.1
[1.217s] -- Searching for dependencies of ignition-transport8
[1.236s] -- Found Protobuf: /usr/lib/x86_64-linux-gnu/libprotobuf.so (found suitable version "3.12.4", minimum required is "3") 
[1.247s] -- Config-file not installed for ZeroMQ -- checking for pkg-config
[1.252s] -- Checking for module 'libzmq >= 4'
[1.268s] --   Found libzmq , version 4.3.4
[1.313s] -- Found ZeroMQ: TRUE (Required is at least version "4") 
[1.318s] -- Checking for module 'uuid'
[1.333s] --   Found uuid, version 2.37.2
[1.373s] -- Found UUID: TRUE  
[1.376s] -- Looking for ignition-msgs5 -- found version 5.8.1
[1.376s] -- Searching for dependencies of ignition-msgs5
[1.395s] -- Looking for ignition-math6 -- found version 6.15.1
[1.400s] -- Checking for module 'tinyxml2'
[1.415s] --   Found tinyxml2, version 9.0.0
[1.455s] -- Looking for ignition-msgs5 -- found version 5.8.1
[1.458s] -- Looking for ignition-common3 -- found version 3.14.0
[1.458s] -- Searching for dependencies of ignition-common3
[1.458s] -- Looking for dlfcn.h - found
[1.459s] -- Looking for libdl - found
[1.460s] -- Found DL: TRUE  
[1.470s] -- Found tinyobjloader: /usr/lib/x86_64-linux-gnu/cmake/tinyobjloader/tinyobjloader-config.cmake (found version "2.0.0") 
[1.470s] -- Searching for <ignition-common3> component [graphics]
[1.472s] -- Looking for ignition-common3-graphics -- found version 3.14.0
[1.473s] -- Searching for dependencies of ignition-common3-graphics
[1.473s] -- Looking for ignition-math6 -- found version 6.15.1
[1.476s] -- Looking for ignition-fuel_tools4 -- found version 4.4.0
[1.476s] -- Searching for dependencies of ignition-fuel_tools4
[1.563s] -- Found CURL: /usr/lib/x86_64-linux-gnu/libcurl.so (found version "7.81.0")  
[1.571s] -- Checking for module 'jsoncpp'
[1.587s] --   Found jsoncpp, version 1.9.5
[1.632s] -- Found JSONCPP: TRUE  
[1.644s] -- Checking for module 'libzip'
[1.666s] --   Found libzip, version 1.7.3
[1.717s] -- Found ZIP: TRUE  
[1.718s] -- Looking for ignition-common3 -- found version 3.14.0
[1.718s] -- Looking for ignition-math6 -- found version 6.15.1
[1.719s] -- Looking for ignition-msgs5 -- found version 5.8.1
[1.726s] -- Found gazebo_ros: 3.9.0 (/opt/ros/humble/share/gazebo_ros/cmake)
[1.778s] -- Found rosidl_generator_c: 3.1.7 (/opt/ros/humble/share/rosidl_generator_c/cmake)
[1.783s] -- Found rosidl_adapter: 3.1.7 (/opt/ros/humble/share/rosidl_adapter/cmake)
[1.791s] -- Found rosidl_generator_cpp: 3.1.7 (/opt/ros/humble/share/rosidl_generator_cpp/cmake)
[1.803s] -- Using all available rosidl_typesupport_c: rosidl_typesupport_fastrtps_c;rosidl_typesupport_introspection_c
[1.818s] -- Using all available rosidl_typesupport_cpp: rosidl_typesupport_fastrtps_cpp;rosidl_typesupport_introspection_cpp
[1.860s] -- Found rmw_implementation_cmake: 6.1.2 (/opt/ros/humble/share/rmw_implementation_cmake/cmake)
[1.863s] -- Found rmw_fastrtps_cpp: 6.2.8 (/opt/ros/humble/share/rmw_fastrtps_cpp/cmake)
[1.963s] -- Found OpenSSL: /usr/lib/x86_64-linux-gnu/libcrypto.so (found version "3.0.2")  
[1.987s] -- Found FastRTPS: /opt/ros/humble/include  
[2.029s] -- Using RMW implementation 'rmw_fastrtps_cpp' as default
[2.037s] -- Found Threads: TRUE  
[2.083s] -- Gazebo version: 11.10
[2.083s] -- Checking for module 'tbb'
[2.100s] --   Found tbb, version 2021.5.0
[2.194s] -- Configuring done
[2.236s] -- Generating done
[2.240s] -- Build files have been written to: /home/eagletn7/Downloads/project-GO2/build/go2_config
[2.249s] Invoked command in '/home/eagletn7/Downloads/project-GO2/build/go2_config' returned '0': CMAKE_PREFIX_PATH=${CMAKE_PREFIX_PATH}:/home/eagletn7/Downloads/project-GO2/install/go2_simple_navigation:/opt/ros/humble /usr/bin/cmake /home/eagletn7/Downloads/project-GO2/src/unitree-go2-ros2/robots/configs/go2_config -DCMAKE_INSTALL_PREFIX=/home/eagletn7/Downloads/project-GO2/install/go2_config
[2.251s] Invoking command in '/home/eagletn7/Downloads/project-GO2/build/go2_config': CMAKE_PREFIX_PATH=${CMAKE_PREFIX_PATH}:/home/eagletn7/Downloads/project-GO2/install/go2_simple_navigation:/opt/ros/humble /usr/bin/cmake --build /home/eagletn7/Downloads/project-GO2/build/go2_config -- -j12 -l12
[2.297s] [ 50%] [32mBuilding CXX object CMakeFiles/animated_box_plugin.dir/src/animated_box_plugin.cpp.o[0m
[11.744s] [100%] [32m[1mLinking CXX shared library libanimated_box_plugin.so[0m
[12.006s] [100%] Built target animated_box_plugin
