[0.892s] Invoking command in '/home/eagletn7/Downloads/project-GO2/src/go2_simple_navigation': PYTHONPATH=/home/eagletn7/Downloads/project-GO2/build/go2_simple_navigation/prefix_override:/usr/lib/python3/dist-packages/colcon_core/task/python/colcon_distutils_commands:/home/eagletn7/Downloads/project-GO2/install/go2_simple_navigation/lib/python3.10/site-packages:${PYTHONPATH} /usr/bin/python3 -W ignore:setup.py install is deprecated -W ignore:easy_install command is deprecated setup.py egg_info --egg-base ../../build/go2_simple_navigation build --build-base /home/eagletn7/Downloads/project-GO2/build/go2_simple_navigation/build install --record /home/eagletn7/Downloads/project-GO2/build/go2_simple_navigation/install.log --single-version-externally-managed install_data
[1.077s] running egg_info
[1.078s] writing ../../build/go2_simple_navigation/go2_simple_navigation.egg-info/PKG-INFO
[1.078s] writing dependency_links to ../../build/go2_simple_navigation/go2_simple_navigation.egg-info/dependency_links.txt
[1.078s] writing entry points to ../../build/go2_simple_navigation/go2_simple_navigation.egg-info/entry_points.txt
[1.078s] writing requirements to ../../build/go2_simple_navigation/go2_simple_navigation.egg-info/requires.txt
[1.078s] writing top-level names to ../../build/go2_simple_navigation/go2_simple_navigation.egg-info/top_level.txt
[1.079s] reading manifest file '../../build/go2_simple_navigation/go2_simple_navigation.egg-info/SOURCES.txt'
[1.080s] writing manifest file '../../build/go2_simple_navigation/go2_simple_navigation.egg-info/SOURCES.txt'
[1.080s] running build
[1.080s] running build_py
[1.081s] running install
[1.081s] running install_lib
[1.082s] running install_data
[1.082s] copying launch/simple_navigation.launch.py -> /home/eagletn7/Downloads/project-GO2/install/go2_simple_navigation/share/go2_simple_navigation/launch
[1.082s] running install_egg_info
[1.084s] removing '/home/eagletn7/Downloads/project-GO2/install/go2_simple_navigation/lib/python3.10/site-packages/go2_simple_navigation-0.0.0-py3.10.egg-info' (and everything under it)
[1.084s] Copying ../../build/go2_simple_navigation/go2_simple_navigation.egg-info to /home/eagletn7/Downloads/project-GO2/install/go2_simple_navigation/lib/python3.10/site-packages/go2_simple_navigation-0.0.0-py3.10.egg-info
[1.085s] running install_scripts
[1.100s] Installing avoid_dwb script to /home/eagletn7/Downloads/project-GO2/install/go2_simple_navigation/lib/go2_simple_navigation
[1.100s] Installing go2_simple_navigation_node script to /home/eagletn7/Downloads/project-GO2/install/go2_simple_navigation/lib/go2_simple_navigation
[1.100s] Installing goal_avoid script to /home/eagletn7/Downloads/project-GO2/install/go2_simple_navigation/lib/go2_simple_navigation
[1.100s] Installing simple_avoidance script to /home/eagletn7/Downloads/project-GO2/install/go2_simple_navigation/lib/go2_simple_navigation
[1.100s] Installing walk script to /home/eagletn7/Downloads/project-GO2/install/go2_simple_navigation/lib/go2_simple_navigation
[1.100s] writing list of installed files to '/home/eagletn7/Downloads/project-GO2/build/go2_simple_navigation/install.log'
[1.116s] Invoked command in '/home/eagletn7/Downloads/project-GO2/src/go2_simple_navigation' returned '0': PYTHONPATH=/home/eagletn7/Downloads/project-GO2/build/go2_simple_navigation/prefix_override:/usr/lib/python3/dist-packages/colcon_core/task/python/colcon_distutils_commands:/home/eagletn7/Downloads/project-GO2/install/go2_simple_navigation/lib/python3.10/site-packages:${PYTHONPATH} /usr/bin/python3 -W ignore:setup.py install is deprecated -W ignore:easy_install command is deprecated setup.py egg_info --egg-base ../../build/go2_simple_navigation build --build-base /home/eagletn7/Downloads/project-GO2/build/go2_simple_navigation/build install --record /home/eagletn7/Downloads/project-GO2/build/go2_simple_navigation/install.log --single-version-externally-managed install_data
