[0.287s] Invoking command in '/home/eagletn7/Downloads/project-GO2/build/champ_teleop': CMAKE_PREFIX_PATH=${CMAKE_PREFIX_PATH}:/home/eagletn7/Downloads/project-GO2/install/go2_simple_navigation:/opt/ros/humble /usr/bin/cmake --build /home/eagletn7/Downloads/project-GO2/build/champ_teleop -- -j12 -l12
[0.565s] Invoked command in '/home/eagletn7/Downloads/project-GO2/build/champ_teleop' returned '0': CMAKE_PREFIX_PATH=${CMAKE_PREFIX_PATH}:/home/eagletn7/Downloads/project-GO2/install/go2_simple_navigation:/opt/ros/humble /usr/bin/cmake --build /home/eagletn7/Downloads/project-GO2/build/champ_teleop -- -j12 -l12
[0.568s] Invoking command in '/home/eagletn7/Downloads/project-GO2/build/champ_teleop': CMAKE_PREFIX_PATH=${CMAKE_PREFIX_PATH}:/home/eagletn7/Downloads/project-GO2/install/go2_simple_navigation:/opt/ros/humble /usr/bin/cmake --install /home/eagletn7/Downloads/project-GO2/build/champ_teleop
[0.590s] -- Install configuration: ""
[0.591s] -- Up-to-date: /home/eagletn7/Downloads/project-GO2/install/champ_teleop/share/champ_teleop/launch
[0.591s] -- Up-to-date: /home/eagletn7/Downloads/project-GO2/install/champ_teleop/share/champ_teleop/launch/teleop.launch.py
[0.591s] -- Up-to-date: /home/eagletn7/Downloads/project-GO2/install/champ_teleop/lib/champ_teleop/champ_teleop.py
[0.591s] -- Up-to-date: /home/eagletn7/Downloads/project-GO2/install/champ_teleop/share/ament_index/resource_index/package_run_dependencies/champ_teleop
[0.591s] -- Up-to-date: /home/eagletn7/Downloads/project-GO2/install/champ_teleop/share/ament_index/resource_index/parent_prefix_path/champ_teleop
[0.591s] -- Up-to-date: /home/eagletn7/Downloads/project-GO2/install/champ_teleop/share/champ_teleop/environment/ament_prefix_path.sh
[0.591s] -- Up-to-date: /home/eagletn7/Downloads/project-GO2/install/champ_teleop/share/champ_teleop/environment/ament_prefix_path.dsv
[0.591s] -- Up-to-date: /home/eagletn7/Downloads/project-GO2/install/champ_teleop/share/champ_teleop/environment/path.sh
[0.591s] -- Up-to-date: /home/eagletn7/Downloads/project-GO2/install/champ_teleop/share/champ_teleop/environment/path.dsv
[0.591s] -- Up-to-date: /home/eagletn7/Downloads/project-GO2/install/champ_teleop/share/champ_teleop/local_setup.bash
[0.591s] -- Up-to-date: /home/eagletn7/Downloads/project-GO2/install/champ_teleop/share/champ_teleop/local_setup.sh
[0.591s] -- Up-to-date: /home/eagletn7/Downloads/project-GO2/install/champ_teleop/share/champ_teleop/local_setup.zsh
[0.591s] -- Up-to-date: /home/eagletn7/Downloads/project-GO2/install/champ_teleop/share/champ_teleop/local_setup.dsv
[0.592s] -- Installing: /home/eagletn7/Downloads/project-GO2/install/champ_teleop/share/champ_teleop/package.dsv
[0.592s] -- Up-to-date: /home/eagletn7/Downloads/project-GO2/install/champ_teleop/share/ament_index/resource_index/packages/champ_teleop
[0.592s] -- Up-to-date: /home/eagletn7/Downloads/project-GO2/install/champ_teleop/share/champ_teleop/cmake/champ_teleopConfig.cmake
[0.592s] -- Up-to-date: /home/eagletn7/Downloads/project-GO2/install/champ_teleop/share/champ_teleop/cmake/champ_teleopConfig-version.cmake
[0.592s] -- Up-to-date: /home/eagletn7/Downloads/project-GO2/install/champ_teleop/share/champ_teleop/package.xml
[0.632s] Invoked command in '/home/eagletn7/Downloads/project-GO2/build/champ_teleop' returned '0': CMAKE_PREFIX_PATH=${CMAKE_PREFIX_PATH}:/home/eagletn7/Downloads/project-GO2/install/go2_simple_navigation:/opt/ros/humble /usr/bin/cmake --install /home/eagletn7/Downloads/project-GO2/build/champ_teleop
