[0.010s] Invoking command in '/home/eagletn7/Downloads/project-GO2/build/champ_gazebo': CMAKE_PREFIX_PATH=/home/eagletn7/Downloads/project-GO2/install/champ_msgs:/home/eagletn7/Downloads/project-GO2/install/champ:/home/eagletn7/Downloads/project-GO2/install/go2_description:/home/eagletn7/Downloads/project-GO2/install/go2_config:/home/eagletn7/Downloads/project-GO2/install/champ_teleop:/home/eagletn7/Downloads/project-GO2/install/champ_navigation:/home/eagletn7/Downloads/project-GO2/install/champ_gazebo:/home/eagletn7/Downloads/project-GO2/install/champ_bringup:/home/eagletn7/Downloads/project-GO2/install/champ_base:/home/eagletn7/Downloads/project-GO2/install/champ_description:/home/eagletn7/Downloads/project-GO2/install/champ_config:/home/eagletn7/Downloads/project-GO2/install/go2_simple_navigation:/opt/ros/humble LD_LIBRARY_PATH=/home/eagletn7/Downloads/project-GO2/install/champ_msgs/lib:/usr/lib/x86_64-linux-gnu/gazebo-11/plugins:/home/eagletn7/Downloads/project-GO2/install/go2_config/lib:/home/eagletn7/Downloads/project-GO2/install/champ_base/lib:/opt/ros/humble/opt/rviz_ogre_vendor/lib:/opt/ros/humble/lib/x86_64-linux-gnu:/opt/ros/humble/lib /usr/bin/cmake /home/eagletn7/Downloads/project-GO2/src/unitree-go2-ros2/champ/champ_gazebo -DCMAKE_INSTALL_PREFIX=/home/eagletn7/Downloads/project-GO2/install/champ_gazebo
[0.021s] -- Found ament_cmake: 1.3.12 (/opt/ros/humble/share/ament_cmake/cmake)
[0.121s] -- Found rclcpp: 16.0.14 (/opt/ros/humble/share/rclcpp/cmake)
[0.155s] -- Found rosidl_generator_c: 3.1.7 (/opt/ros/humble/share/rosidl_generator_c/cmake)
[0.158s] -- Found rosidl_adapter: 3.1.7 (/opt/ros/humble/share/rosidl_adapter/cmake)
[0.164s] -- Found rosidl_generator_cpp: 3.1.7 (/opt/ros/humble/share/rosidl_generator_cpp/cmake)
[0.172s] -- Using all available rosidl_typesupport_c: rosidl_typesupport_fastrtps_c;rosidl_typesupport_introspection_c
[0.184s] -- Using all available rosidl_typesupport_cpp: rosidl_typesupport_fastrtps_cpp;rosidl_typesupport_introspection_cpp
[0.210s] -- Found rmw_implementation_cmake: 6.1.2 (/opt/ros/humble/share/rmw_implementation_cmake/cmake)
[0.211s] -- Found rmw_fastrtps_cpp: 6.2.8 (/opt/ros/humble/share/rmw_fastrtps_cpp/cmake)
[0.312s] -- Using RMW implementation 'rmw_fastrtps_cpp' as default
[0.352s] -- Found urdf: 2.6.1 (/opt/ros/humble/share/urdf/cmake)
[0.371s] -- Found champ: 0.1.0 (/home/eagletn7/Downloads/project-GO2/install/champ/share/champ/cmake)
[0.372s] -- Found champ_msgs: 0.1.0 (/home/eagletn7/Downloads/project-GO2/install/champ_msgs/share/champ_msgs/cmake)
[0.396s] -- Found gazebo_ros2_control: 0.4.10 (/opt/ros/humble/share/gazebo_ros2_control/cmake)
[0.559s] -- Found PkgConfig: /usr/bin/pkg-config (found version "0.29.2") 
[0.560s] -- Checking for module 'bullet>=2.82'
[0.577s] --   Found bullet, version 3.05
[0.699s] -- Found fcl: /usr/include (found suitable version "0.7.0", minimum required is "0.5.0") 
[0.765s] -- Found assimp: /usr/include (found version "5.2.0") 
[0.804s] -- Found DART: /usr/include (Required is at least version "6.6") found components: dart 
[0.838s] -- Found Boost: /usr/lib/x86_64-linux-gnu/cmake/Boost-1.74.0/BoostConfig.cmake (found suitable version "1.74.0", minimum required is "1.40.0") found components: thread system filesystem program_options regex iostreams date_time 
[0.852s] -- Found Protobuf: /usr/lib/x86_64-linux-gnu/libprotobuf.so (found version "3.12.4") 
[0.858s] -- Looking for ignition-math6 -- found version 6.15.1
[0.864s] -- Searching for dependencies of ignition-math6
[0.865s] -- Looking for OGRE...
[0.866s] -- OGRE_PREFIX_WATCH changed.
[0.873s] -- Checking for module 'OGRE'
[0.890s] --   Found OGRE, version 1.9.0
[0.931s] -- Found Ogre Ghadamon (1.9.0)
[0.937s] -- Found OGRE: optimized;/usr/lib/x86_64-linux-gnu/libOgreMain.so;debug;/usr/lib/x86_64-linux-gnu/libOgreMain.so
[0.945s] -- Looking for OGRE_Paging...
[0.951s] -- Found OGRE_Paging: optimized;/usr/lib/x86_64-linux-gnu/libOgrePaging.so;debug;/usr/lib/x86_64-linux-gnu/libOgrePaging.so
[0.951s] -- Looking for OGRE_Terrain...
[0.956s] -- Found OGRE_Terrain: optimized;/usr/lib/x86_64-linux-gnu/libOgreTerrain.so;debug;/usr/lib/x86_64-linux-gnu/libOgreTerrain.so
[0.956s] -- Looking for OGRE_Property...
[0.961s] -- Found OGRE_Property: optimized;/usr/lib/x86_64-linux-gnu/libOgreProperty.so;debug;/usr/lib/x86_64-linux-gnu/libOgreProperty.so
[0.961s] -- Looking for OGRE_RTShaderSystem...
[0.966s] -- Found OGRE_RTShaderSystem: optimized;/usr/lib/x86_64-linux-gnu/libOgreRTShaderSystem.so;debug;/usr/lib/x86_64-linux-gnu/libOgreRTShaderSystem.so
[0.966s] -- Looking for OGRE_Volume...
[0.970s] -- Found OGRE_Volume: optimized;/usr/lib/x86_64-linux-gnu/libOgreVolume.so;debug;/usr/lib/x86_64-linux-gnu/libOgreVolume.so
[0.970s] -- Looking for OGRE_Overlay...
[0.975s] -- Found OGRE_Overlay: optimized;/usr/lib/x86_64-linux-gnu/libOgreOverlay.so;debug;/usr/lib/x86_64-linux-gnu/libOgreOverlay.so
[1.091s] -- Looking for ignition-math6 -- found version 6.15.1
[1.094s] -- Looking for ignition-transport8 -- found version 8.2.1
[1.094s] -- Searching for dependencies of ignition-transport8
[1.114s] -- Found Protobuf: /usr/lib/x86_64-linux-gnu/libprotobuf.so (found suitable version "3.12.4", minimum required is "3") 
[1.126s] -- Config-file not installed for ZeroMQ -- checking for pkg-config
[1.131s] -- Checking for module 'libzmq >= 4'
[1.148s] --   Found libzmq , version 4.3.4
[1.196s] -- Found ZeroMQ: TRUE (Required is at least version "4") 
[1.203s] -- Checking for module 'uuid'
[1.218s] --   Found uuid, version 2.37.2
[1.261s] -- Found UUID: TRUE  
[1.265s] -- Looking for ignition-msgs5 -- found version 5.8.1
[1.266s] -- Searching for dependencies of ignition-msgs5
[1.295s] -- Looking for ignition-math6 -- found version 6.15.1
[1.302s] -- Checking for module 'tinyxml2'
[1.321s] --   Found tinyxml2, version 9.0.0
[1.370s] -- Looking for ignition-msgs5 -- found version 5.8.1
[1.374s] -- Looking for ignition-common3 -- found version 3.14.0
[1.374s] -- Searching for dependencies of ignition-common3
[1.375s] -- Looking for dlfcn.h - found
[1.376s] -- Looking for libdl - found
[1.378s] -- Found DL: TRUE  
[1.395s] -- Found tinyobjloader: /usr/lib/x86_64-linux-gnu/cmake/tinyobjloader/tinyobjloader-config.cmake (found version "2.0.0") 
[1.395s] -- Searching for <ignition-common3> component [graphics]
[1.400s] -- Looking for ignition-common3-graphics -- found version 3.14.0
[1.400s] -- Searching for dependencies of ignition-common3-graphics
[1.401s] -- Looking for ignition-math6 -- found version 6.15.1
[1.405s] -- Looking for ignition-fuel_tools4 -- found version 4.4.0
[1.406s] -- Searching for dependencies of ignition-fuel_tools4
[1.511s] -- Found CURL: /usr/lib/x86_64-linux-gnu/libcurl.so (found version "7.81.0")  
[1.521s] -- Checking for module 'jsoncpp'
[1.538s] --   Found jsoncpp, version 1.9.5
[1.581s] -- Found JSONCPP: TRUE  
[1.588s] -- Checking for module 'libzip'
[1.605s] --   Found libzip, version 1.7.3
[1.649s] -- Found ZIP: TRUE  
[1.649s] -- Looking for ignition-common3 -- found version 3.14.0
[1.650s] -- Looking for ignition-math6 -- found version 6.15.1
[1.650s] -- Looking for ignition-msgs5 -- found version 5.8.1
[1.656s] -- Gazebo version: 11.10
[1.656s] -- Checking for module 'tbb'
[1.677s] --   Found tbb, version 2021.5.0
[1.830s] -- Configuring done
[1.882s] -- Generating done
[1.889s] -- Build files have been written to: /home/eagletn7/Downloads/project-GO2/build/champ_gazebo
[1.899s] Invoked command in '/home/eagletn7/Downloads/project-GO2/build/champ_gazebo' returned '0': CMAKE_PREFIX_PATH=/home/eagletn7/Downloads/project-GO2/install/champ_msgs:/home/eagletn7/Downloads/project-GO2/install/champ:/home/eagletn7/Downloads/project-GO2/install/go2_description:/home/eagletn7/Downloads/project-GO2/install/go2_config:/home/eagletn7/Downloads/project-GO2/install/champ_teleop:/home/eagletn7/Downloads/project-GO2/install/champ_navigation:/home/eagletn7/Downloads/project-GO2/install/champ_gazebo:/home/eagletn7/Downloads/project-GO2/install/champ_bringup:/home/eagletn7/Downloads/project-GO2/install/champ_base:/home/eagletn7/Downloads/project-GO2/install/champ_description:/home/eagletn7/Downloads/project-GO2/install/champ_config:/home/eagletn7/Downloads/project-GO2/install/go2_simple_navigation:/opt/ros/humble LD_LIBRARY_PATH=/home/eagletn7/Downloads/project-GO2/install/champ_msgs/lib:/usr/lib/x86_64-linux-gnu/gazebo-11/plugins:/home/eagletn7/Downloads/project-GO2/install/go2_config/lib:/home/eagletn7/Downloads/project-GO2/install/champ_base/lib:/opt/ros/humble/opt/rviz_ogre_vendor/lib:/opt/ros/humble/lib/x86_64-linux-gnu:/opt/ros/humble/lib /usr/bin/cmake /home/eagletn7/Downloads/project-GO2/src/unitree-go2-ros2/champ/champ_gazebo -DCMAKE_INSTALL_PREFIX=/home/eagletn7/Downloads/project-GO2/install/champ_gazebo
[1.900s] Invoking command in '/home/eagletn7/Downloads/project-GO2/build/champ_gazebo': CMAKE_PREFIX_PATH=/home/eagletn7/Downloads/project-GO2/install/champ_msgs:/home/eagletn7/Downloads/project-GO2/install/champ:/home/eagletn7/Downloads/project-GO2/install/go2_description:/home/eagletn7/Downloads/project-GO2/install/go2_config:/home/eagletn7/Downloads/project-GO2/install/champ_teleop:/home/eagletn7/Downloads/project-GO2/install/champ_navigation:/home/eagletn7/Downloads/project-GO2/install/champ_gazebo:/home/eagletn7/Downloads/project-GO2/install/champ_bringup:/home/eagletn7/Downloads/project-GO2/install/champ_base:/home/eagletn7/Downloads/project-GO2/install/champ_description:/home/eagletn7/Downloads/project-GO2/install/champ_config:/home/eagletn7/Downloads/project-GO2/install/go2_simple_navigation:/opt/ros/humble LD_LIBRARY_PATH=/home/eagletn7/Downloads/project-GO2/install/champ_msgs/lib:/usr/lib/x86_64-linux-gnu/gazebo-11/plugins:/home/eagletn7/Downloads/project-GO2/install/go2_config/lib:/home/eagletn7/Downloads/project-GO2/install/champ_base/lib:/opt/ros/humble/opt/rviz_ogre_vendor/lib:/opt/ros/humble/lib/x86_64-linux-gnu:/opt/ros/humble/lib /usr/bin/cmake --build /home/eagletn7/Downloads/project-GO2/build/champ_gazebo -- -j12 -l12
[1.954s] [ 50%] [32mBuilding CXX object CMakeFiles/contact_sensor.dir/src/contact_sensor.cpp.o[0m
[14.232s] [100%] [32m[1mLinking CXX executable contact_sensor[0m
[15.393s] [100%] Built target contact_sensor
[15.405s] Invoked command in '/home/eagletn7/Downloads/project-GO2/build/champ_gazebo' returned '0': CMAKE_PREFIX_PATH=/home/eagletn7/Downloads/project-GO2/install/champ_msgs:/home/eagletn7/Downloads/project-GO2/install/champ:/home/eagletn7/Downloads/project-GO2/install/go2_description:/home/eagletn7/Downloads/project-GO2/install/go2_config:/home/eagletn7/Downloads/project-GO2/install/champ_teleop:/home/eagletn7/Downloads/project-GO2/install/champ_navigation:/home/eagletn7/Downloads/project-GO2/install/champ_gazebo:/home/eagletn7/Downloads/project-GO2/install/champ_bringup:/home/eagletn7/Downloads/project-GO2/install/champ_base:/home/eagletn7/Downloads/project-GO2/install/champ_description:/home/eagletn7/Downloads/project-GO2/install/champ_config:/home/eagletn7/Downloads/project-GO2/install/go2_simple_navigation:/opt/ros/humble LD_LIBRARY_PATH=/home/eagletn7/Downloads/project-GO2/install/champ_msgs/lib:/usr/lib/x86_64-linux-gnu/gazebo-11/plugins:/home/eagletn7/Downloads/project-GO2/install/go2_config/lib:/home/eagletn7/Downloads/project-GO2/install/champ_base/lib:/opt/ros/humble/opt/rviz_ogre_vendor/lib:/opt/ros/humble/lib/x86_64-linux-gnu:/opt/ros/humble/lib /usr/bin/cmake --build /home/eagletn7/Downloads/project-GO2/build/champ_gazebo -- -j12 -l12
[15.407s] Invoking command in '/home/eagletn7/Downloads/project-GO2/build/champ_gazebo': CMAKE_PREFIX_PATH=/home/eagletn7/Downloads/project-GO2/install/champ_msgs:/home/eagletn7/Downloads/project-GO2/install/champ:/home/eagletn7/Downloads/project-GO2/install/go2_description:/home/eagletn7/Downloads/project-GO2/install/go2_config:/home/eagletn7/Downloads/project-GO2/install/champ_teleop:/home/eagletn7/Downloads/project-GO2/install/champ_navigation:/home/eagletn7/Downloads/project-GO2/install/champ_gazebo:/home/eagletn7/Downloads/project-GO2/install/champ_bringup:/home/eagletn7/Downloads/project-GO2/install/champ_base:/home/eagletn7/Downloads/project-GO2/install/champ_description:/home/eagletn7/Downloads/project-GO2/install/champ_config:/home/eagletn7/Downloads/project-GO2/install/go2_simple_navigation:/opt/ros/humble LD_LIBRARY_PATH=/home/eagletn7/Downloads/project-GO2/install/champ_msgs/lib:/usr/lib/x86_64-linux-gnu/gazebo-11/plugins:/home/eagletn7/Downloads/project-GO2/install/go2_config/lib:/home/eagletn7/Downloads/project-GO2/install/champ_base/lib:/opt/ros/humble/opt/rviz_ogre_vendor/lib:/opt/ros/humble/lib/x86_64-linux-gnu:/opt/ros/humble/lib /usr/bin/cmake --install /home/eagletn7/Downloads/project-GO2/build/champ_gazebo
[15.414s] -- Install configuration: ""
[15.414s] -- Installing: /home/eagletn7/Downloads/project-GO2/install/champ_gazebo/bin/imu_sensor.py
[15.414s] -- Installing: /home/eagletn7/Downloads/project-GO2/install/champ_gazebo/bin/odometry_tf.py
[15.414s] -- Installing: /home/eagletn7/Downloads/project-GO2/install/champ_gazebo/bin/odometry.py
[15.414s] -- Installing: /home/eagletn7/Downloads/project-GO2/install/champ_gazebo/lib/champ_gazebo/contact_sensor
[15.416s] -- Set runtime path of "/home/eagletn7/Downloads/project-GO2/install/champ_gazebo/lib/champ_gazebo/contact_sensor" to ""
[15.417s] -- Installing: /home/eagletn7/Downloads/project-GO2/install/champ_gazebo/share/champ_gazebo/launch
[15.417s] -- Installing: /home/eagletn7/Downloads/project-GO2/install/champ_gazebo/share/champ_gazebo/launch/spawn_world.launch
[15.417s] -- Installing: /home/eagletn7/Downloads/project-GO2/install/champ_gazebo/share/champ_gazebo/launch/gazebo.launch
[15.417s] -- Installing: /home/eagletn7/Downloads/project-GO2/install/champ_gazebo/share/champ_gazebo/launch/gazebo.launch.py
[15.417s] -- Installing: /home/eagletn7/Downloads/project-GO2/install/champ_gazebo/share/champ_gazebo/launch/spawn_robot.launch
[15.417s] -- Installing: /home/eagletn7/Downloads/project-GO2/install/champ_gazebo/share/champ_gazebo/config
[15.418s] -- Installing: /home/eagletn7/Downloads/project-GO2/install/champ_gazebo/share/champ_gazebo/config/gazebo.yaml
[15.418s] -- Installing: /home/eagletn7/Downloads/project-GO2/install/champ_gazebo/share/champ_gazebo/config/ros_control.yaml
[15.418s] -- Installing: /home/eagletn7/Downloads/project-GO2/install/champ_gazebo/share/champ_gazebo/worlds
[15.418s] -- Installing: /home/eagletn7/Downloads/project-GO2/install/champ_gazebo/share/champ_gazebo/worlds/playground.world
[15.418s] -- Installing: /home/eagletn7/Downloads/project-GO2/install/champ_gazebo/share/champ_gazebo/worlds/default.world
[15.418s] -- Installing: /home/eagletn7/Downloads/project-GO2/install/champ_gazebo/share/champ_gazebo/worlds/outdoor.world
[15.419s] -- Installing: /home/eagletn7/Downloads/project-GO2/install/champ_gazebo/share/ament_index/resource_index/package_run_dependencies/champ_gazebo
[15.419s] -- Installing: /home/eagletn7/Downloads/project-GO2/install/champ_gazebo/share/ament_index/resource_index/parent_prefix_path/champ_gazebo
[15.419s] -- Installing: /home/eagletn7/Downloads/project-GO2/install/champ_gazebo/share/champ_gazebo/environment/ament_prefix_path.sh
[15.419s] -- Installing: /home/eagletn7/Downloads/project-GO2/install/champ_gazebo/share/champ_gazebo/environment/ament_prefix_path.dsv
[15.419s] -- Installing: /home/eagletn7/Downloads/project-GO2/install/champ_gazebo/share/champ_gazebo/environment/path.sh
[15.420s] -- Installing: /home/eagletn7/Downloads/project-GO2/install/champ_gazebo/share/champ_gazebo/environment/path.dsv
[15.420s] -- Installing: /home/eagletn7/Downloads/project-GO2/install/champ_gazebo/share/champ_gazebo/local_setup.bash
[15.420s] -- Installing: /home/eagletn7/Downloads/project-GO2/install/champ_gazebo/share/champ_gazebo/local_setup.sh
[15.420s] -- Installing: /home/eagletn7/Downloads/project-GO2/install/champ_gazebo/share/champ_gazebo/local_setup.zsh
[15.420s] -- Installing: /home/eagletn7/Downloads/project-GO2/install/champ_gazebo/share/champ_gazebo/local_setup.dsv
[15.420s] -- Installing: /home/eagletn7/Downloads/project-GO2/install/champ_gazebo/share/champ_gazebo/package.dsv
[15.421s] -- Installing: /home/eagletn7/Downloads/project-GO2/install/champ_gazebo/share/ament_index/resource_index/packages/champ_gazebo
[15.421s] -- Installing: /home/eagletn7/Downloads/project-GO2/install/champ_gazebo/share/champ_gazebo/cmake/ament_cmake_export_include_directories-extras.cmake
[15.421s] -- Installing: /home/eagletn7/Downloads/project-GO2/install/champ_gazebo/share/champ_gazebo/cmake/ament_cmake_export_dependencies-extras.cmake
[15.421s] -- Installing: /home/eagletn7/Downloads/project-GO2/install/champ_gazebo/share/champ_gazebo/cmake/champ_gazeboConfig.cmake
[15.421s] -- Installing: /home/eagletn7/Downloads/project-GO2/install/champ_gazebo/share/champ_gazebo/cmake/champ_gazeboConfig-version.cmake
[15.421s] -- Installing: /home/eagletn7/Downloads/project-GO2/install/champ_gazebo/share/champ_gazebo/package.xml
[15.423s] Invoked command in '/home/eagletn7/Downloads/project-GO2/build/champ_gazebo' returned '0': CMAKE_PREFIX_PATH=/home/eagletn7/Downloads/project-GO2/install/champ_msgs:/home/eagletn7/Downloads/project-GO2/install/champ:/home/eagletn7/Downloads/project-GO2/install/go2_description:/home/eagletn7/Downloads/project-GO2/install/go2_config:/home/eagletn7/Downloads/project-GO2/install/champ_teleop:/home/eagletn7/Downloads/project-GO2/install/champ_navigation:/home/eagletn7/Downloads/project-GO2/install/champ_gazebo:/home/eagletn7/Downloads/project-GO2/install/champ_bringup:/home/eagletn7/Downloads/project-GO2/install/champ_base:/home/eagletn7/Downloads/project-GO2/install/champ_description:/home/eagletn7/Downloads/project-GO2/install/champ_config:/home/eagletn7/Downloads/project-GO2/install/go2_simple_navigation:/opt/ros/humble LD_LIBRARY_PATH=/home/eagletn7/Downloads/project-GO2/install/champ_msgs/lib:/usr/lib/x86_64-linux-gnu/gazebo-11/plugins:/home/eagletn7/Downloads/project-GO2/install/go2_config/lib:/home/eagletn7/Downloads/project-GO2/install/champ_base/lib:/opt/ros/humble/opt/rviz_ogre_vendor/lib:/opt/ros/humble/lib/x86_64-linux-gnu:/opt/ros/humble/lib /usr/bin/cmake --install /home/eagletn7/Downloads/project-GO2/build/champ_gazebo
