[0.037s] Invoking command in '/home/nadim/project-GO2/src/build/champ_msgs': /usr/bin/cmake /home/nadim/project-GO2/src/unitree-go2-ros2/champ/champ_msgs -DCMAKE_INSTALL_PREFIX=/home/nadim/project-GO2/src/install/champ_msgs
[0.477s] -- The C compiler identification is GNU 11.4.0
[0.657s] -- The CXX compiler identification is GNU 11.4.0
[0.680s] -- Detecting C compiler ABI info
[0.821s] -- Detecting C compiler ABI info - done
[0.830s] -- Check for working C compiler: /usr/bin/cc - skipped
[0.830s] -- Detecting C compile features
[0.830s] -- Detecting C compile features - done
[0.834s] -- Detecting CXX compiler ABI info
[1.000s] -- Detecting CXX compiler ABI info - done
[1.018s] -- Check for working CXX compiler: /usr/bin/c++ - skipped
[1.018s] -- Detecting CXX compile features
[1.018s] -- Detecting CXX compile features - done
[1.023s] [31mCMake Error at CMakeLists.txt:4 (find_package):
[1.023s]   By not providing "Findament_cmake.cmake" in CMAKE_MODULE_PATH this project
[1.023s]   has asked CMake to find a package configuration file provided by
[1.023s]   "ament_cmake", but CMake did not find one.
[1.023s] 
[1.023s]   Could not find a package configuration file provided by "ament_cmake" with
[1.023s]   any of the following names:
[1.023s] 
[1.023s]     ament_cmakeConfig.cmake
[1.023s]     ament_cmake-config.cmake
[1.023s] 
[1.023s]   Add the installation prefix of "ament_cmake" to CMAKE_PREFIX_PATH or set
[1.023s]   "ament_cmake_DIR" to a directory containing one of the above files.  If
[1.023s]   "ament_cmake" provides a separate development package or SDK, be sure it
[1.024s]   has been installed.
[1.024s] 
[1.024s] [0m
[1.024s] -- Configuring incomplete, errors occurred!
[1.024s] See also "/home/nadim/project-GO2/src/build/champ_msgs/CMakeFiles/CMakeOutput.log".
[1.036s] Invoked command in '/home/nadim/project-GO2/src/build/champ_msgs' returned '1': /usr/bin/cmake /home/nadim/project-GO2/src/unitree-go2-ros2/champ/champ_msgs -DCMAKE_INSTALL_PREFIX=/home/nadim/project-GO2/src/install/champ_msgs
