[0.027s] Invoking command in '/home/eagletn7/Downloads/project-GO2/build/champ_description': CMAKE_PREFIX_PATH=${CMAKE_PREFIX_PATH}:/home/eagletn7/Downloads/project-GO2/install/go2_simple_navigation:/opt/ros/humble /usr/bin/cmake /home/eagletn7/Downloads/project-GO2/src/unitree-go2-ros2/champ/champ_description -DCMAKE_INSTALL_PREFIX=/home/eagletn7/Downloads/project-GO2/install/champ_description
[0.084s] -- The C compiler identification is GNU 11.4.0
[0.146s] -- The CXX compiler identification is GNU 11.4.0
[0.153s] -- Detecting C compiler ABI info
[0.225s] -- Detecting C compiler ABI info - done
[0.232s] -- Check for working C compiler: /usr/bin/cc - skipped
[0.232s] -- Detecting C compile features
[0.234s] -- Detecting C compile features - done
[0.236s] -- Detecting CXX compiler ABI info
[0.326s] -- Detecting CXX compiler ABI info - done
[0.336s] -- Check for working CXX compiler: /usr/bin/c++ - skipped
[0.336s] -- Detecting CXX compile features
[0.337s] -- Detecting CXX compile features - done
[0.339s] -- Found ament_cmake: 1.3.12 (/opt/ros/humble/share/ament_cmake/cmake)
[0.484s] -- Found Python3: /usr/bin/python3 (found version "3.10.12") found components: Interpreter 
[0.585s] -- Found ament_lint_auto: 0.12.14 (/opt/ros/humble/share/ament_lint_auto/cmake)
[0.655s] -- Configuring done
[0.657s] -- Generating done
[0.659s] -- Build files have been written to: /home/eagletn7/Downloads/project-GO2/build/champ_description
[0.663s] Invoked command in '/home/eagletn7/Downloads/project-GO2/build/champ_description' returned '0': CMAKE_PREFIX_PATH=${CMAKE_PREFIX_PATH}:/home/eagletn7/Downloads/project-GO2/install/go2_simple_navigation:/opt/ros/humble /usr/bin/cmake /home/eagletn7/Downloads/project-GO2/src/unitree-go2-ros2/champ/champ_description -DCMAKE_INSTALL_PREFIX=/home/eagletn7/Downloads/project-GO2/install/champ_description
[0.665s] Invoking command in '/home/eagletn7/Downloads/project-GO2/build/champ_description': CMAKE_PREFIX_PATH=${CMAKE_PREFIX_PATH}:/home/eagletn7/Downloads/project-GO2/install/go2_simple_navigation:/opt/ros/humble /usr/bin/cmake --build /home/eagletn7/Downloads/project-GO2/build/champ_description -- -j12 -l12
[0.705s] Invoked command in '/home/eagletn7/Downloads/project-GO2/build/champ_description' returned '0': CMAKE_PREFIX_PATH=${CMAKE_PREFIX_PATH}:/home/eagletn7/Downloads/project-GO2/install/go2_simple_navigation:/opt/ros/humble /usr/bin/cmake --build /home/eagletn7/Downloads/project-GO2/build/champ_description -- -j12 -l12
[0.706s] Invoking command in '/home/eagletn7/Downloads/project-GO2/build/champ_description': CMAKE_PREFIX_PATH=${CMAKE_PREFIX_PATH}:/home/eagletn7/Downloads/project-GO2/install/go2_simple_navigation:/opt/ros/humble /usr/bin/cmake --install /home/eagletn7/Downloads/project-GO2/build/champ_description
[0.714s] -- Install configuration: ""
[0.714s] -- Installing: /home/eagletn7/Downloads/project-GO2/install/champ_description/share/champ_description/launch
[0.715s] -- Installing: /home/eagletn7/Downloads/project-GO2/install/champ_description/share/champ_description/launch/description.launch.py
[0.715s] -- Installing: /home/eagletn7/Downloads/project-GO2/install/champ_description/share/champ_description/launch/view_urdf.launch
[0.715s] -- Installing: /home/eagletn7/Downloads/project-GO2/install/champ_description/share/champ_description/launch/description.launch
[0.715s] -- Installing: /home/eagletn7/Downloads/project-GO2/install/champ_description/share/champ_description/rviz
[0.716s] -- Installing: /home/eagletn7/Downloads/project-GO2/install/champ_description/share/champ_description/rviz/urdf_viewer.rviz
[0.716s] -- Installing: /home/eagletn7/Downloads/project-GO2/install/champ_description/share/champ_description/meshes
[0.716s] -- Installing: /home/eagletn7/Downloads/project-GO2/install/champ_description/share/champ_description/meshes/hip.stl
[0.716s] -- Installing: /home/eagletn7/Downloads/project-GO2/install/champ_description/share/champ_description/meshes/asus_camera_simple.dae
[0.716s] -- Installing: /home/eagletn7/Downloads/project-GO2/install/champ_description/share/champ_description/meshes/lower_leg_simple.stl
[0.717s] -- Installing: /home/eagletn7/Downloads/project-GO2/install/champ_description/share/champ_description/meshes/base_simple.stl
[0.717s] -- Installing: /home/eagletn7/Downloads/project-GO2/install/champ_description/share/champ_description/meshes/base.stl
[0.717s] -- Installing: /home/eagletn7/Downloads/project-GO2/install/champ_description/share/champ_description/meshes/lower_leg.stl
[0.717s] -- Installing: /home/eagletn7/Downloads/project-GO2/install/champ_description/share/champ_description/meshes/upper_leg.stl
[0.717s] -- Installing: /home/eagletn7/Downloads/project-GO2/install/champ_description/share/champ_description/meshes/upper_leg_simple.stl
[0.718s] -- Installing: /home/eagletn7/Downloads/project-GO2/install/champ_description/share/champ_description/meshes/arm
[0.718s] -- Installing: /home/eagletn7/Downloads/project-GO2/install/champ_description/share/champ_description/meshes/arm/wrist1.stl
[0.718s] -- Installing: /home/eagletn7/Downloads/project-GO2/install/champ_description/share/champ_description/meshes/arm/wrist2.stl
[0.718s] -- Installing: /home/eagletn7/Downloads/project-GO2/install/champ_description/share/champ_description/meshes/arm/base.stl
[0.720s] -- Installing: /home/eagletn7/Downloads/project-GO2/install/champ_description/share/champ_description/meshes/arm/lower_arm.stl
[0.720s] -- Installing: /home/eagletn7/Downloads/project-GO2/install/champ_description/share/champ_description/meshes/arm/upper_arm.stl
[0.720s] -- Installing: /home/eagletn7/Downloads/project-GO2/install/champ_description/share/champ_description/meshes/hokuyo_utm_30lx.dae
[0.720s] -- Installing: /home/eagletn7/Downloads/project-GO2/install/champ_description/share/champ_description/urdf
[0.720s] -- Installing: /home/eagletn7/Downloads/project-GO2/install/champ_description/share/champ_description/urdf/champ_arm.urdf
[0.721s] -- Installing: /home/eagletn7/Downloads/project-GO2/install/champ_description/share/champ_description/urdf/asus_camera.urdf.xacro
[0.721s] -- Installing: /home/eagletn7/Downloads/project-GO2/install/champ_description/share/champ_description/urdf/champ.urdf
[0.721s] -- Installing: /home/eagletn7/Downloads/project-GO2/install/champ_description/share/champ_description/urdf/properties.urdf.xacro
[0.721s] -- Installing: /home/eagletn7/Downloads/project-GO2/install/champ_description/share/champ_description/urdf/champ.urdf.xacro
[0.721s] -- Installing: /home/eagletn7/Downloads/project-GO2/install/champ_description/share/champ_description/urdf/accessories.urdf.xacro
[0.721s] -- Installing: /home/eagletn7/Downloads/project-GO2/install/champ_description/share/champ_description/urdf/hokuyo_utm30lx.urdf.xacro
[0.721s] -- Installing: /home/eagletn7/Downloads/project-GO2/install/champ_description/share/champ_description/urdf/champ_velodyne.urdf
[0.721s] -- Installing: /home/eagletn7/Downloads/project-GO2/install/champ_description/share/champ_description/urdf/gen_urdf
[0.721s] -- Installing: /home/eagletn7/Downloads/project-GO2/install/champ_description/share/champ_description/urdf/leg.urdf.xacro
[0.722s] -- Installing: /home/eagletn7/Downloads/project-GO2/install/champ_description/share/ament_index/resource_index/package_run_dependencies/champ_description
[0.722s] -- Installing: /home/eagletn7/Downloads/project-GO2/install/champ_description/share/ament_index/resource_index/parent_prefix_path/champ_description
[0.722s] -- Installing: /home/eagletn7/Downloads/project-GO2/install/champ_description/share/champ_description/environment/ament_prefix_path.sh
[0.723s] -- Installing: /home/eagletn7/Downloads/project-GO2/install/champ_description/share/champ_description/environment/ament_prefix_path.dsv
[0.723s] -- Installing: /home/eagletn7/Downloads/project-GO2/install/champ_description/share/champ_description/environment/path.sh
[0.723s] -- Installing: /home/eagletn7/Downloads/project-GO2/install/champ_description/share/champ_description/environment/path.dsv
[0.723s] -- Installing: /home/eagletn7/Downloads/project-GO2/install/champ_description/share/champ_description/local_setup.bash
[0.723s] -- Installing: /home/eagletn7/Downloads/project-GO2/install/champ_description/share/champ_description/local_setup.sh
[0.723s] -- Installing: /home/eagletn7/Downloads/project-GO2/install/champ_description/share/champ_description/local_setup.zsh
[0.723s] -- Installing: /home/eagletn7/Downloads/project-GO2/install/champ_description/share/champ_description/local_setup.dsv
[0.723s] -- Installing: /home/eagletn7/Downloads/project-GO2/install/champ_description/share/champ_description/package.dsv
[0.724s] -- Installing: /home/eagletn7/Downloads/project-GO2/install/champ_description/share/ament_index/resource_index/packages/champ_description
[0.724s] -- Installing: /home/eagletn7/Downloads/project-GO2/install/champ_description/share/champ_description/cmake/champ_descriptionConfig.cmake
[0.724s] -- Installing: /home/eagletn7/Downloads/project-GO2/install/champ_description/share/champ_description/cmake/champ_descriptionConfig-version.cmake
[0.724s] -- Installing: /home/eagletn7/Downloads/project-GO2/install/champ_description/share/champ_description/package.xml
[0.742s] Invoked command in '/home/eagletn7/Downloads/project-GO2/build/champ_description' returned '0': CMAKE_PREFIX_PATH=${CMAKE_PREFIX_PATH}:/home/eagletn7/Downloads/project-GO2/install/go2_simple_navigation:/opt/ros/humble /usr/bin/cmake --install /home/eagletn7/Downloads/project-GO2/build/champ_description
