[0.028s] Invoking command in '/home/eagletn7/Downloads/project-GO2/build/champ_navigation': CMAKE_PREFIX_PATH=${CMAKE_PREFIX_PATH}:/home/eagletn7/Downloads/project-GO2/install/go2_simple_navigation:/opt/ros/humble /usr/bin/cmake --build /home/eagletn7/Downloads/project-GO2/build/champ_navigation -- -j12 -l12
[0.257s] Invoked command in '/home/eagletn7/Downloads/project-GO2/build/champ_navigation' returned '0': CMAKE_PREFIX_PATH=${CMAKE_PREFIX_PATH}:/home/eagletn7/Downloads/project-GO2/install/go2_simple_navigation:/opt/ros/humble /usr/bin/cmake --build /home/eagletn7/Downloads/project-GO2/build/champ_navigation -- -j12 -l12
[0.258s] Invoking command in '/home/eagletn7/Downloads/project-GO2/build/champ_navigation': CMAKE_PREFIX_PATH=${CMAKE_PREFIX_PATH}:/home/eagletn7/Downloads/project-GO2/install/go2_simple_navigation:/opt/ros/humble /usr/bin/cmake --install /home/eagletn7/Downloads/project-GO2/build/champ_navigation
[0.276s] -- Install configuration: ""
[0.276s] -- Up-to-date: /home/eagletn7/Downloads/project-GO2/install/champ_navigation/share/champ_navigation/launch
[0.276s] -- Up-to-date: /home/eagletn7/Downloads/project-GO2/install/champ_navigation/share/champ_navigation/launch/slam.launch.py
[0.276s] -- Up-to-date: /home/eagletn7/Downloads/project-GO2/install/champ_navigation/share/champ_navigation/launch/navigate.launch.py
[0.276s] -- Up-to-date: /home/eagletn7/Downloads/project-GO2/install/champ_navigation/share/champ_navigation/rviz
[0.278s] -- Up-to-date: /home/eagletn7/Downloads/project-GO2/install/champ_navigation/share/champ_navigation/rviz/slam.rviz
[0.281s] -- Up-to-date: /home/eagletn7/Downloads/project-GO2/install/champ_navigation/share/champ_navigation/rviz/navigation.rviz
[0.281s] -- Up-to-date: /home/eagletn7/Downloads/project-GO2/install/champ_navigation/share/champ_navigation/rviz/navigation_minimal.rviz
[0.281s] -- Up-to-date: /home/eagletn7/Downloads/project-GO2/install/champ_navigation/share/ament_index/resource_index/package_run_dependencies/champ_navigation
[0.282s] -- Up-to-date: /home/eagletn7/Downloads/project-GO2/install/champ_navigation/share/ament_index/resource_index/parent_prefix_path/champ_navigation
[0.282s] -- Up-to-date: /home/eagletn7/Downloads/project-GO2/install/champ_navigation/share/champ_navigation/environment/ament_prefix_path.sh
[0.282s] -- Up-to-date: /home/eagletn7/Downloads/project-GO2/install/champ_navigation/share/champ_navigation/environment/ament_prefix_path.dsv
[0.282s] -- Up-to-date: /home/eagletn7/Downloads/project-GO2/install/champ_navigation/share/champ_navigation/environment/path.sh
[0.282s] -- Up-to-date: /home/eagletn7/Downloads/project-GO2/install/champ_navigation/share/champ_navigation/environment/path.dsv
[0.282s] -- Up-to-date: /home/eagletn7/Downloads/project-GO2/install/champ_navigation/share/champ_navigation/local_setup.bash
[0.283s] -- Up-to-date: /home/eagletn7/Downloads/project-GO2/install/champ_navigation/share/champ_navigation/local_setup.sh
[0.283s] -- Up-to-date: /home/eagletn7/Downloads/project-GO2/install/champ_navigation/share/champ_navigation/local_setup.zsh
[0.283s] -- Up-to-date: /home/eagletn7/Downloads/project-GO2/install/champ_navigation/share/champ_navigation/local_setup.dsv
[0.283s] -- Up-to-date: /home/eagletn7/Downloads/project-GO2/install/champ_navigation/share/champ_navigation/package.dsv
[0.283s] -- Up-to-date: /home/eagletn7/Downloads/project-GO2/install/champ_navigation/share/ament_index/resource_index/packages/champ_navigation
[0.283s] -- Up-to-date: /home/eagletn7/Downloads/project-GO2/install/champ_navigation/share/champ_navigation/cmake/champ_navigationConfig.cmake
[0.283s] -- Up-to-date: /home/eagletn7/Downloads/project-GO2/install/champ_navigation/share/champ_navigation/cmake/champ_navigationConfig-version.cmake
[0.283s] -- Up-to-date: /home/eagletn7/Downloads/project-GO2/install/champ_navigation/share/champ_navigation/package.xml
[0.334s] Invoked command in '/home/eagletn7/Downloads/project-GO2/build/champ_navigation' returned '0': CMAKE_PREFIX_PATH=${CMAKE_PREFIX_PATH}:/home/eagletn7/Downloads/project-GO2/install/go2_simple_navigation:/opt/ros/humble /usr/bin/cmake --install /home/eagletn7/Downloads/project-GO2/build/champ_navigation
