[  1%] Built target champ_msgs__cpp
[ 12%] Built target champ_msgs__rosidl_generator_c
[ 12%] Built target ament_cmake_python_copy_champ_msgs
[ 24%] Built target champ_msgs__rosidl_typesupport_cpp
[ 40%] Built target champ_msgs__rosidl_typesupport_fastrtps_cpp
[ 63%] Built target champ_msgs__rosidl_typesupport_c
[ 64%] Built target champ_msgs__rosidl_typesupport_introspection_c
[ 70%] Built target champ_msgs__rosidl_typesupport_introspection_cpp
[ 82%] Built target champ_msgs__rosidl_typesupport_fastrtps_c
[ 82%] Built target champ_msgs
[ 83%] Built target champ_msgs__py
[ 93%] Built target champ_msgs__rosidl_generator_py
[ 97%] Built target champ_msgs__rosidl_typesupport_fastrtps_c__pyext
[ 97%] Built target champ_msgs__rosidl_typesupport_introspection_c__pyext
[100%] Built target champ_msgs__rosidl_typesupport_c__pyext
running egg_info
writing champ_msgs.egg-info/PKG-INFO
writing dependency_links to champ_msgs.egg-info/dependency_links.txt
writing top-level names to champ_msgs.egg-info/top_level.txt
reading manifest file 'champ_msgs.egg-info/SOURCES.txt'
writing manifest file 'champ_msgs.egg-info/SOURCES.txt'
[100%] Built target ament_cmake_python_build_champ_msgs_egg
