[0.035s] Invoking command in '/home/eagletn7/Downloads/project-GO2/build/champ_msgs': CMAKE_PREFIX_PATH=${CMAKE_PREFIX_PATH}:/home/eagletn7/Downloads/project-GO2/install/go2_simple_navigation:/opt/ros/humble /usr/bin/cmake --build /home/eagletn7/Downloads/project-GO2/build/champ_msgs -- -j12 -l12
[0.094s] [  1%] Built target champ_msgs__cpp
[0.097s] [ 12%] Built target champ_msgs__rosidl_generator_c
[0.105s] [ 12%] Built target ament_cmake_python_copy_champ_msgs
[0.121s] [ 24%] Built target champ_msgs__rosidl_typesupport_cpp
[0.125s] [ 40%] Built target champ_msgs__rosidl_typesupport_fastrtps_cpp
[0.126s] [ 63%] Built target champ_msgs__rosidl_typesupport_c
[0.126s] [ 64%] Built target champ_msgs__rosidl_typesupport_introspection_c
[0.126s] [ 70%] Built target champ_msgs__rosidl_typesupport_introspection_cpp
[0.127s] [ 82%] Built target champ_msgs__rosidl_typesupport_fastrtps_c
[0.148s] [ 82%] Built target champ_msgs
[0.168s] [ 83%] Built target champ_msgs__py
[0.195s] [ 93%] Built target champ_msgs__rosidl_generator_py
[0.217s] [ 97%] Built target champ_msgs__rosidl_typesupport_fastrtps_c__pyext
[0.217s] [ 97%] Built target champ_msgs__rosidl_typesupport_introspection_c__pyext
[0.217s] [100%] Built target champ_msgs__rosidl_typesupport_c__pyext
[0.301s] running egg_info
[0.302s] writing champ_msgs.egg-info/PKG-INFO
[0.302s] writing dependency_links to champ_msgs.egg-info/dependency_links.txt
[0.302s] writing top-level names to champ_msgs.egg-info/top_level.txt
[0.304s] reading manifest file 'champ_msgs.egg-info/SOURCES.txt'
[0.304s] writing manifest file 'champ_msgs.egg-info/SOURCES.txt'
[0.328s] [100%] Built target ament_cmake_python_build_champ_msgs_egg
