[0.034s] Invoking command in '/home/eagletn7/Downloads/project-GO2/build/champ_description': CMAKE_PREFIX_PATH=${CMAKE_PREFIX_PATH}:/home/eagletn7/Downloads/project-GO2/install/go2_simple_navigation:/opt/ros/humble /usr/bin/cmake --build /home/eagletn7/Downloads/project-GO2/build/champ_description -- -j12 -l12
[0.264s] Invoked command in '/home/eagletn7/Downloads/project-GO2/build/champ_description' returned '0': CMAKE_PREFIX_PATH=${CMAKE_PREFIX_PATH}:/home/eagletn7/Downloads/project-GO2/install/go2_simple_navigation:/opt/ros/humble /usr/bin/cmake --build /home/eagletn7/Downloads/project-GO2/build/champ_description -- -j12 -l12
[0.273s] Invoking command in '/home/eagletn7/Downloads/project-GO2/build/champ_description': CMAKE_PREFIX_PATH=${CMAKE_PREFIX_PATH}:/home/eagletn7/Downloads/project-GO2/install/go2_simple_navigation:/opt/ros/humble /usr/bin/cmake --install /home/eagletn7/Downloads/project-GO2/build/champ_description
[0.288s] -- Install configuration: ""
[0.288s] -- Up-to-date: /home/eagletn7/Downloads/project-GO2/install/champ_description/share/champ_description/launch
[0.288s] -- Up-to-date: /home/eagletn7/Downloads/project-GO2/install/champ_description/share/champ_description/launch/description.launch.py
[0.288s] -- Up-to-date: /home/eagletn7/Downloads/project-GO2/install/champ_description/share/champ_description/launch/view_urdf.launch
[0.288s] -- Up-to-date: /home/eagletn7/Downloads/project-GO2/install/champ_description/share/champ_description/launch/description.launch
[0.288s] -- Up-to-date: /home/eagletn7/Downloads/project-GO2/install/champ_description/share/champ_description/rviz
[0.288s] -- Up-to-date: /home/eagletn7/Downloads/project-GO2/install/champ_description/share/champ_description/rviz/urdf_viewer.rviz
[0.288s] -- Up-to-date: /home/eagletn7/Downloads/project-GO2/install/champ_description/share/champ_description/meshes
[0.289s] -- Up-to-date: /home/eagletn7/Downloads/project-GO2/install/champ_description/share/champ_description/meshes/hip.stl
[0.289s] -- Up-to-date: /home/eagletn7/Downloads/project-GO2/install/champ_description/share/champ_description/meshes/asus_camera_simple.dae
[0.289s] -- Up-to-date: /home/eagletn7/Downloads/project-GO2/install/champ_description/share/champ_description/meshes/lower_leg_simple.stl
[0.289s] -- Up-to-date: /home/eagletn7/Downloads/project-GO2/install/champ_description/share/champ_description/meshes/base_simple.stl
[0.289s] -- Up-to-date: /home/eagletn7/Downloads/project-GO2/install/champ_description/share/champ_description/meshes/base.stl
[0.290s] -- Up-to-date: /home/eagletn7/Downloads/project-GO2/install/champ_description/share/champ_description/meshes/lower_leg.stl
[0.290s] -- Up-to-date: /home/eagletn7/Downloads/project-GO2/install/champ_description/share/champ_description/meshes/upper_leg.stl
[0.290s] -- Up-to-date: /home/eagletn7/Downloads/project-GO2/install/champ_description/share/champ_description/meshes/upper_leg_simple.stl
[0.290s] -- Up-to-date: /home/eagletn7/Downloads/project-GO2/install/champ_description/share/champ_description/meshes/arm
[0.290s] -- Up-to-date: /home/eagletn7/Downloads/project-GO2/install/champ_description/share/champ_description/meshes/arm/wrist1.stl
[0.290s] -- Up-to-date: /home/eagletn7/Downloads/project-GO2/install/champ_description/share/champ_description/meshes/arm/wrist2.stl
[0.290s] -- Up-to-date: /home/eagletn7/Downloads/project-GO2/install/champ_description/share/champ_description/meshes/arm/base.stl
[0.290s] -- Up-to-date: /home/eagletn7/Downloads/project-GO2/install/champ_description/share/champ_description/meshes/arm/lower_arm.stl
[0.291s] -- Up-to-date: /home/eagletn7/Downloads/project-GO2/install/champ_description/share/champ_description/meshes/arm/upper_arm.stl
[0.291s] -- Up-to-date: /home/eagletn7/Downloads/project-GO2/install/champ_description/share/champ_description/meshes/hokuyo_utm_30lx.dae
[0.291s] -- Up-to-date: /home/eagletn7/Downloads/project-GO2/install/champ_description/share/champ_description/urdf
[0.291s] -- Up-to-date: /home/eagletn7/Downloads/project-GO2/install/champ_description/share/champ_description/urdf/champ_arm.urdf
[0.291s] -- Up-to-date: /home/eagletn7/Downloads/project-GO2/install/champ_description/share/champ_description/urdf/asus_camera.urdf.xacro
[0.291s] -- Up-to-date: /home/eagletn7/Downloads/project-GO2/install/champ_description/share/champ_description/urdf/champ.urdf
[0.291s] -- Up-to-date: /home/eagletn7/Downloads/project-GO2/install/champ_description/share/champ_description/urdf/properties.urdf.xacro
[0.291s] -- Up-to-date: /home/eagletn7/Downloads/project-GO2/install/champ_description/share/champ_description/urdf/champ.urdf.xacro
[0.291s] -- Up-to-date: /home/eagletn7/Downloads/project-GO2/install/champ_description/share/champ_description/urdf/accessories.urdf.xacro
[0.291s] -- Up-to-date: /home/eagletn7/Downloads/project-GO2/install/champ_description/share/champ_description/urdf/hokuyo_utm30lx.urdf.xacro
[0.291s] -- Up-to-date: /home/eagletn7/Downloads/project-GO2/install/champ_description/share/champ_description/urdf/champ_velodyne.urdf
[0.291s] -- Up-to-date: /home/eagletn7/Downloads/project-GO2/install/champ_description/share/champ_description/urdf/gen_urdf
[0.291s] -- Up-to-date: /home/eagletn7/Downloads/project-GO2/install/champ_description/share/champ_description/urdf/leg.urdf.xacro
[0.291s] -- Up-to-date: /home/eagletn7/Downloads/project-GO2/install/champ_description/share/ament_index/resource_index/package_run_dependencies/champ_description
[0.291s] -- Up-to-date: /home/eagletn7/Downloads/project-GO2/install/champ_description/share/ament_index/resource_index/parent_prefix_path/champ_description
[0.291s] -- Up-to-date: /home/eagletn7/Downloads/project-GO2/install/champ_description/share/champ_description/environment/ament_prefix_path.sh
[0.291s] -- Up-to-date: /home/eagletn7/Downloads/project-GO2/install/champ_description/share/champ_description/environment/ament_prefix_path.dsv
[0.292s] -- Up-to-date: /home/eagletn7/Downloads/project-GO2/install/champ_description/share/champ_description/environment/path.sh
[0.292s] -- Up-to-date: /home/eagletn7/Downloads/project-GO2/install/champ_description/share/champ_description/environment/path.dsv
[0.293s] -- Up-to-date: /home/eagletn7/Downloads/project-GO2/install/champ_description/share/champ_description/local_setup.bash
[0.293s] -- Up-to-date: /home/eagletn7/Downloads/project-GO2/install/champ_description/share/champ_description/local_setup.sh
[0.293s] -- Up-to-date: /home/eagletn7/Downloads/project-GO2/install/champ_description/share/champ_description/local_setup.zsh
[0.293s] -- Up-to-date: /home/eagletn7/Downloads/project-GO2/install/champ_description/share/champ_description/local_setup.dsv
[0.293s] -- Installing: /home/eagletn7/Downloads/project-GO2/install/champ_description/share/champ_description/package.dsv
[0.293s] -- Up-to-date: /home/eagletn7/Downloads/project-GO2/install/champ_description/share/ament_index/resource_index/packages/champ_description
[0.293s] -- Up-to-date: /home/eagletn7/Downloads/project-GO2/install/champ_description/share/champ_description/cmake/champ_descriptionConfig.cmake
[0.293s] -- Up-to-date: /home/eagletn7/Downloads/project-GO2/install/champ_description/share/champ_description/cmake/champ_descriptionConfig-version.cmake
[0.293s] -- Up-to-date: /home/eagletn7/Downloads/project-GO2/install/champ_description/share/champ_description/package.xml
[0.338s] Invoked command in '/home/eagletn7/Downloads/project-GO2/build/champ_description' returned '0': CMAKE_PREFIX_PATH=${CMAKE_PREFIX_PATH}:/home/eagletn7/Downloads/project-GO2/install/go2_simple_navigation:/opt/ros/humble /usr/bin/cmake --install /home/eagletn7/Downloads/project-GO2/build/champ_description
