[0.406s] DEBUG:colcon:Command line arguments: ['/usr/bin/colcon', 'build']
[0.406s] DEBUG:colcon:Parsed command line arguments: Namespace(log_base=None, log_level=None, verb_name='build', build_base='build', install_base='install', merge_install=False, symlink_install=False, test_result_base=None, continue_on_error=False, executor='parallel', parallel_workers=6, event_handlers=None, ignore_user_meta=False, metas=['./colcon.meta'], base_paths=['.'], packages_ignore=None, packages_ignore_regex=None, paths=None, packages_up_to=None, packages_up_to_regex=None, packages_above=None, packages_above_and_dependencies=None, packages_above_depth=None, packages_select_by_dep=None, packages_skip_by_dep=None, packages_skip_up_to=None, packages_select_build_failed=False, packages_skip_build_finished=False, packages_select_test_failures=False, packages_skip_test_passed=False, packages_select=None, packages_skip=None, packages_select_regex=None, packages_skip_regex=None, packages_start=None, packages_end=None, allow_overriding=[], cmake_args=None, cmake_target=None, cmake_target_skip_unavailable=False, cmake_clean_cache=False, cmake_clean_first=False, cmake_force_configure=False, ament_cmake_args=None, catkin_cmake_args=None, catkin_skip_building_tests=False, verb_parser=<colcon_defaults.argument_parser.defaults.DefaultArgumentsDecorator object at 0x764198a0aef0>, verb_extension=<colcon_core.verb.build.BuildVerb object at 0x764198a0a9b0>, main=<bound method BuildVerb.main of <colcon_core.verb.build.BuildVerb object at 0x764198a0a9b0>>)
[0.684s] Level 1:colcon.colcon_core.package_discovery:discover_packages(colcon_meta) check parameters
[0.684s] Level 1:colcon.colcon_core.package_discovery:discover_packages(recursive) check parameters
[0.684s] Level 1:colcon.colcon_core.package_discovery:discover_packages(ignore) check parameters
[0.684s] Level 1:colcon.colcon_core.package_discovery:discover_packages(path) check parameters
[0.684s] Level 1:colcon.colcon_core.package_discovery:discover_packages(colcon_meta) discover
[0.684s] Level 1:colcon.colcon_core.package_discovery:discover_packages(recursive) discover
[0.684s] INFO:colcon.colcon_core.package_discovery:Crawling recursively for packages in '/home/nadim/project-GO2/src'
[0.684s] Level 1:colcon.colcon_core.package_identification:_identify(.) by extensions ['ignore', 'ignore_ament_install']
[0.684s] Level 1:colcon.colcon_core.package_identification:_identify(.) by extension 'ignore'
[0.684s] Level 1:colcon.colcon_core.package_identification:_identify(.) by extension 'ignore_ament_install'
[0.684s] Level 1:colcon.colcon_core.package_identification:_identify(.) by extensions ['colcon_pkg']
[0.684s] Level 1:colcon.colcon_core.package_identification:_identify(.) by extension 'colcon_pkg'
[0.684s] Level 1:colcon.colcon_core.package_identification:_identify(.) by extensions ['colcon_meta']
[0.684s] Level 1:colcon.colcon_core.package_identification:_identify(.) by extension 'colcon_meta'
[0.684s] Level 1:colcon.colcon_core.package_identification:_identify(.) by extensions ['ros']
[0.684s] Level 1:colcon.colcon_core.package_identification:_identify(.) by extension 'ros'
[0.701s] Level 1:colcon.colcon_core.package_identification:_identify(.) by extensions ['cmake', 'python']
[0.701s] Level 1:colcon.colcon_core.package_identification:_identify(.) by extension 'cmake'
[0.701s] Level 1:colcon.colcon_core.package_identification:_identify(.) by extension 'python'
[0.701s] Level 1:colcon.colcon_core.package_identification:_identify(.) by extensions ['python_setup_py']
[0.701s] Level 1:colcon.colcon_core.package_identification:_identify(.) by extension 'python_setup_py'
[0.701s] Level 1:colcon.colcon_core.package_identification:_identify(build) by extensions ['ignore', 'ignore_ament_install']
[0.701s] Level 1:colcon.colcon_core.package_identification:_identify(build) by extension 'ignore'
[0.701s] Level 1:colcon.colcon_core.package_identification:_identify(build) ignored
[0.702s] Level 1:colcon.colcon_core.package_identification:_identify(go2_simple_navigation) by extensions ['ignore', 'ignore_ament_install']
[0.702s] Level 1:colcon.colcon_core.package_identification:_identify(go2_simple_navigation) by extension 'ignore'
[0.702s] Level 1:colcon.colcon_core.package_identification:_identify(go2_simple_navigation) by extension 'ignore_ament_install'
[0.702s] Level 1:colcon.colcon_core.package_identification:_identify(go2_simple_navigation) by extensions ['colcon_pkg']
[0.702s] Level 1:colcon.colcon_core.package_identification:_identify(go2_simple_navigation) by extension 'colcon_pkg'
[0.702s] Level 1:colcon.colcon_core.package_identification:_identify(go2_simple_navigation) by extensions ['colcon_meta']
[0.702s] Level 1:colcon.colcon_core.package_identification:_identify(go2_simple_navigation) by extension 'colcon_meta'
[0.702s] Level 1:colcon.colcon_core.package_identification:_identify(go2_simple_navigation) by extensions ['ros']
[0.702s] Level 1:colcon.colcon_core.package_identification:_identify(go2_simple_navigation) by extension 'ros'
[0.707s] DEBUG:colcon.colcon_core.package_identification:Package 'go2_simple_navigation' with type 'ros.ament_python' and name 'go2_simple_navigation'
[0.707s] Level 1:colcon.colcon_core.package_identification:_identify(install) by extensions ['ignore', 'ignore_ament_install']
[0.707s] Level 1:colcon.colcon_core.package_identification:_identify(install) by extension 'ignore'
[0.707s] Level 1:colcon.colcon_core.package_identification:_identify(install) ignored
[0.707s] Level 1:colcon.colcon_core.package_identification:_identify(log) by extensions ['ignore', 'ignore_ament_install']
[0.707s] Level 1:colcon.colcon_core.package_identification:_identify(log) by extension 'ignore'
[0.707s] Level 1:colcon.colcon_core.package_identification:_identify(log) ignored
[0.708s] Level 1:colcon.colcon_core.package_identification:_identify(unitree-go2-ros2) by extensions ['ignore', 'ignore_ament_install']
[0.708s] Level 1:colcon.colcon_core.package_identification:_identify(unitree-go2-ros2) by extension 'ignore'
[0.708s] Level 1:colcon.colcon_core.package_identification:_identify(unitree-go2-ros2) by extension 'ignore_ament_install'
[0.708s] Level 1:colcon.colcon_core.package_identification:_identify(unitree-go2-ros2) by extensions ['colcon_pkg']
[0.708s] Level 1:colcon.colcon_core.package_identification:_identify(unitree-go2-ros2) by extension 'colcon_pkg'
[0.708s] Level 1:colcon.colcon_core.package_identification:_identify(unitree-go2-ros2) by extensions ['colcon_meta']
[0.708s] Level 1:colcon.colcon_core.package_identification:_identify(unitree-go2-ros2) by extension 'colcon_meta'
[0.708s] Level 1:colcon.colcon_core.package_identification:_identify(unitree-go2-ros2) by extensions ['ros']
[0.708s] Level 1:colcon.colcon_core.package_identification:_identify(unitree-go2-ros2) by extension 'ros'
[0.708s] Level 1:colcon.colcon_core.package_identification:_identify(unitree-go2-ros2) by extensions ['cmake', 'python']
[0.708s] Level 1:colcon.colcon_core.package_identification:_identify(unitree-go2-ros2) by extension 'cmake'
[0.708s] Level 1:colcon.colcon_core.package_identification:_identify(unitree-go2-ros2) by extension 'python'
[0.708s] Level 1:colcon.colcon_core.package_identification:_identify(unitree-go2-ros2) by extensions ['python_setup_py']
[0.708s] Level 1:colcon.colcon_core.package_identification:_identify(unitree-go2-ros2) by extension 'python_setup_py'
[0.709s] Level 1:colcon.colcon_core.package_identification:_identify(unitree-go2-ros2/champ) by extensions ['ignore', 'ignore_ament_install']
[0.709s] Level 1:colcon.colcon_core.package_identification:_identify(unitree-go2-ros2/champ) by extension 'ignore'
[0.709s] Level 1:colcon.colcon_core.package_identification:_identify(unitree-go2-ros2/champ) by extension 'ignore_ament_install'
[0.709s] Level 1:colcon.colcon_core.package_identification:_identify(unitree-go2-ros2/champ) by extensions ['colcon_pkg']
[0.709s] Level 1:colcon.colcon_core.package_identification:_identify(unitree-go2-ros2/champ) by extension 'colcon_pkg'
[0.709s] Level 1:colcon.colcon_core.package_identification:_identify(unitree-go2-ros2/champ) by extensions ['colcon_meta']
[0.709s] Level 1:colcon.colcon_core.package_identification:_identify(unitree-go2-ros2/champ) by extension 'colcon_meta'
[0.709s] Level 1:colcon.colcon_core.package_identification:_identify(unitree-go2-ros2/champ) by extensions ['ros']
[0.709s] Level 1:colcon.colcon_core.package_identification:_identify(unitree-go2-ros2/champ) by extension 'ros'
[0.709s] Level 1:colcon.colcon_core.package_identification:_identify(unitree-go2-ros2/champ) by extensions ['cmake', 'python']
[0.709s] Level 1:colcon.colcon_core.package_identification:_identify(unitree-go2-ros2/champ) by extension 'cmake'
[0.709s] Level 1:colcon.colcon_core.package_identification:_identify(unitree-go2-ros2/champ) by extension 'python'
[0.709s] Level 1:colcon.colcon_core.package_identification:_identify(unitree-go2-ros2/champ) by extensions ['python_setup_py']
[0.709s] Level 1:colcon.colcon_core.package_identification:_identify(unitree-go2-ros2/champ) by extension 'python_setup_py'
[0.710s] Level 1:colcon.colcon_core.package_identification:_identify(unitree-go2-ros2/champ/champ) by extensions ['ignore', 'ignore_ament_install']
[0.710s] Level 1:colcon.colcon_core.package_identification:_identify(unitree-go2-ros2/champ/champ) by extension 'ignore'
[0.710s] Level 1:colcon.colcon_core.package_identification:_identify(unitree-go2-ros2/champ/champ) by extension 'ignore_ament_install'
[0.710s] Level 1:colcon.colcon_core.package_identification:_identify(unitree-go2-ros2/champ/champ) by extensions ['colcon_pkg']
[0.710s] Level 1:colcon.colcon_core.package_identification:_identify(unitree-go2-ros2/champ/champ) by extension 'colcon_pkg'
[0.710s] Level 1:colcon.colcon_core.package_identification:_identify(unitree-go2-ros2/champ/champ) by extensions ['colcon_meta']
[0.710s] Level 1:colcon.colcon_core.package_identification:_identify(unitree-go2-ros2/champ/champ) by extension 'colcon_meta'
[0.710s] Level 1:colcon.colcon_core.package_identification:_identify(unitree-go2-ros2/champ/champ) by extensions ['ros']
[0.710s] Level 1:colcon.colcon_core.package_identification:_identify(unitree-go2-ros2/champ/champ) by extension 'ros'
[0.711s] DEBUG:colcon.colcon_core.package_identification:Package 'unitree-go2-ros2/champ/champ' with type 'ros.ament_cmake' and name 'champ'
[0.712s] Level 1:colcon.colcon_core.package_identification:_identify(unitree-go2-ros2/champ/champ_base) by extensions ['ignore', 'ignore_ament_install']
[0.712s] Level 1:colcon.colcon_core.package_identification:_identify(unitree-go2-ros2/champ/champ_base) by extension 'ignore'
[0.712s] Level 1:colcon.colcon_core.package_identification:_identify(unitree-go2-ros2/champ/champ_base) by extension 'ignore_ament_install'
[0.712s] Level 1:colcon.colcon_core.package_identification:_identify(unitree-go2-ros2/champ/champ_base) by extensions ['colcon_pkg']
[0.712s] Level 1:colcon.colcon_core.package_identification:_identify(unitree-go2-ros2/champ/champ_base) by extension 'colcon_pkg'
[0.712s] Level 1:colcon.colcon_core.package_identification:_identify(unitree-go2-ros2/champ/champ_base) by extensions ['colcon_meta']
[0.712s] Level 1:colcon.colcon_core.package_identification:_identify(unitree-go2-ros2/champ/champ_base) by extension 'colcon_meta'
[0.712s] Level 1:colcon.colcon_core.package_identification:_identify(unitree-go2-ros2/champ/champ_base) by extensions ['ros']
[0.712s] Level 1:colcon.colcon_core.package_identification:_identify(unitree-go2-ros2/champ/champ_base) by extension 'ros'
[0.714s] DEBUG:colcon.colcon_core.package_identification:Package 'unitree-go2-ros2/champ/champ_base' with type 'ros.ament_cmake' and name 'champ_base'
[0.715s] Level 1:colcon.colcon_core.package_identification:_identify(unitree-go2-ros2/champ/champ_bringup) by extensions ['ignore', 'ignore_ament_install']
[0.715s] Level 1:colcon.colcon_core.package_identification:_identify(unitree-go2-ros2/champ/champ_bringup) by extension 'ignore'
[0.715s] Level 1:colcon.colcon_core.package_identification:_identify(unitree-go2-ros2/champ/champ_bringup) by extension 'ignore_ament_install'
[0.715s] Level 1:colcon.colcon_core.package_identification:_identify(unitree-go2-ros2/champ/champ_bringup) by extensions ['colcon_pkg']
[0.715s] Level 1:colcon.colcon_core.package_identification:_identify(unitree-go2-ros2/champ/champ_bringup) by extension 'colcon_pkg'
[0.715s] Level 1:colcon.colcon_core.package_identification:_identify(unitree-go2-ros2/champ/champ_bringup) by extensions ['colcon_meta']
[0.715s] Level 1:colcon.colcon_core.package_identification:_identify(unitree-go2-ros2/champ/champ_bringup) by extension 'colcon_meta'
[0.715s] Level 1:colcon.colcon_core.package_identification:_identify(unitree-go2-ros2/champ/champ_bringup) by extensions ['ros']
[0.715s] Level 1:colcon.colcon_core.package_identification:_identify(unitree-go2-ros2/champ/champ_bringup) by extension 'ros'
[0.716s] DEBUG:colcon.colcon_core.package_identification:Package 'unitree-go2-ros2/champ/champ_bringup' with type 'ros.ament_cmake' and name 'champ_bringup'
[0.717s] Level 1:colcon.colcon_core.package_identification:_identify(unitree-go2-ros2/champ/champ_config) by extensions ['ignore', 'ignore_ament_install']
[0.717s] Level 1:colcon.colcon_core.package_identification:_identify(unitree-go2-ros2/champ/champ_config) by extension 'ignore'
[0.717s] Level 1:colcon.colcon_core.package_identification:_identify(unitree-go2-ros2/champ/champ_config) by extension 'ignore_ament_install'
[0.717s] Level 1:colcon.colcon_core.package_identification:_identify(unitree-go2-ros2/champ/champ_config) by extensions ['colcon_pkg']
[0.717s] Level 1:colcon.colcon_core.package_identification:_identify(unitree-go2-ros2/champ/champ_config) by extension 'colcon_pkg'
[0.717s] Level 1:colcon.colcon_core.package_identification:_identify(unitree-go2-ros2/champ/champ_config) by extensions ['colcon_meta']
[0.717s] Level 1:colcon.colcon_core.package_identification:_identify(unitree-go2-ros2/champ/champ_config) by extension 'colcon_meta'
[0.717s] Level 1:colcon.colcon_core.package_identification:_identify(unitree-go2-ros2/champ/champ_config) by extensions ['ros']
[0.717s] Level 1:colcon.colcon_core.package_identification:_identify(unitree-go2-ros2/champ/champ_config) by extension 'ros'
[0.717s] DEBUG:colcon.colcon_core.package_identification:Package 'unitree-go2-ros2/champ/champ_config' with type 'ros.ament_cmake' and name 'champ_config'
[0.718s] Level 1:colcon.colcon_core.package_identification:_identify(unitree-go2-ros2/champ/champ_description) by extensions ['ignore', 'ignore_ament_install']
[0.718s] Level 1:colcon.colcon_core.package_identification:_identify(unitree-go2-ros2/champ/champ_description) by extension 'ignore'
[0.718s] Level 1:colcon.colcon_core.package_identification:_identify(unitree-go2-ros2/champ/champ_description) by extension 'ignore_ament_install'
[0.718s] Level 1:colcon.colcon_core.package_identification:_identify(unitree-go2-ros2/champ/champ_description) by extensions ['colcon_pkg']
[0.718s] Level 1:colcon.colcon_core.package_identification:_identify(unitree-go2-ros2/champ/champ_description) by extension 'colcon_pkg'
[0.718s] Level 1:colcon.colcon_core.package_identification:_identify(unitree-go2-ros2/champ/champ_description) by extensions ['colcon_meta']
[0.718s] Level 1:colcon.colcon_core.package_identification:_identify(unitree-go2-ros2/champ/champ_description) by extension 'colcon_meta'
[0.718s] Level 1:colcon.colcon_core.package_identification:_identify(unitree-go2-ros2/champ/champ_description) by extensions ['ros']
[0.718s] Level 1:colcon.colcon_core.package_identification:_identify(unitree-go2-ros2/champ/champ_description) by extension 'ros'
[0.719s] DEBUG:colcon.colcon_core.package_identification:Package 'unitree-go2-ros2/champ/champ_description' with type 'ros.ament_cmake' and name 'champ_description'
[0.720s] Level 1:colcon.colcon_core.package_identification:_identify(unitree-go2-ros2/champ/champ_gazebo) by extensions ['ignore', 'ignore_ament_install']
[0.720s] Level 1:colcon.colcon_core.package_identification:_identify(unitree-go2-ros2/champ/champ_gazebo) by extension 'ignore'
[0.720s] Level 1:colcon.colcon_core.package_identification:_identify(unitree-go2-ros2/champ/champ_gazebo) by extension 'ignore_ament_install'
[0.720s] Level 1:colcon.colcon_core.package_identification:_identify(unitree-go2-ros2/champ/champ_gazebo) by extensions ['colcon_pkg']
[0.720s] Level 1:colcon.colcon_core.package_identification:_identify(unitree-go2-ros2/champ/champ_gazebo) by extension 'colcon_pkg'
[0.720s] Level 1:colcon.colcon_core.package_identification:_identify(unitree-go2-ros2/champ/champ_gazebo) by extensions ['colcon_meta']
[0.720s] Level 1:colcon.colcon_core.package_identification:_identify(unitree-go2-ros2/champ/champ_gazebo) by extension 'colcon_meta'
[0.720s] Level 1:colcon.colcon_core.package_identification:_identify(unitree-go2-ros2/champ/champ_gazebo) by extensions ['ros']
[0.720s] Level 1:colcon.colcon_core.package_identification:_identify(unitree-go2-ros2/champ/champ_gazebo) by extension 'ros'
[0.721s] DEBUG:colcon.colcon_core.package_identification:Package 'unitree-go2-ros2/champ/champ_gazebo' with type 'ros.ament_cmake' and name 'champ_gazebo'
[0.722s] Level 1:colcon.colcon_core.package_identification:_identify(unitree-go2-ros2/champ/champ_msgs) by extensions ['ignore', 'ignore_ament_install']
[0.722s] Level 1:colcon.colcon_core.package_identification:_identify(unitree-go2-ros2/champ/champ_msgs) by extension 'ignore'
[0.722s] Level 1:colcon.colcon_core.package_identification:_identify(unitree-go2-ros2/champ/champ_msgs) by extension 'ignore_ament_install'
[0.722s] Level 1:colcon.colcon_core.package_identification:_identify(unitree-go2-ros2/champ/champ_msgs) by extensions ['colcon_pkg']
[0.722s] Level 1:colcon.colcon_core.package_identification:_identify(unitree-go2-ros2/champ/champ_msgs) by extension 'colcon_pkg'
[0.722s] Level 1:colcon.colcon_core.package_identification:_identify(unitree-go2-ros2/champ/champ_msgs) by extensions ['colcon_meta']
[0.722s] Level 1:colcon.colcon_core.package_identification:_identify(unitree-go2-ros2/champ/champ_msgs) by extension 'colcon_meta'
[0.722s] Level 1:colcon.colcon_core.package_identification:_identify(unitree-go2-ros2/champ/champ_msgs) by extensions ['ros']
[0.722s] Level 1:colcon.colcon_core.package_identification:_identify(unitree-go2-ros2/champ/champ_msgs) by extension 'ros'
[0.723s] DEBUG:colcon.colcon_core.package_identification:Package 'unitree-go2-ros2/champ/champ_msgs' with type 'ros.ament_cmake' and name 'champ_msgs'
[0.724s] Level 1:colcon.colcon_core.package_identification:_identify(unitree-go2-ros2/champ/champ_navigation) by extensions ['ignore', 'ignore_ament_install']
[0.724s] Level 1:colcon.colcon_core.package_identification:_identify(unitree-go2-ros2/champ/champ_navigation) by extension 'ignore'
[0.724s] Level 1:colcon.colcon_core.package_identification:_identify(unitree-go2-ros2/champ/champ_navigation) by extension 'ignore_ament_install'
[0.724s] Level 1:colcon.colcon_core.package_identification:_identify(unitree-go2-ros2/champ/champ_navigation) by extensions ['colcon_pkg']
[0.724s] Level 1:colcon.colcon_core.package_identification:_identify(unitree-go2-ros2/champ/champ_navigation) by extension 'colcon_pkg'
[0.724s] Level 1:colcon.colcon_core.package_identification:_identify(unitree-go2-ros2/champ/champ_navigation) by extensions ['colcon_meta']
[0.724s] Level 1:colcon.colcon_core.package_identification:_identify(unitree-go2-ros2/champ/champ_navigation) by extension 'colcon_meta'
[0.724s] Level 1:colcon.colcon_core.package_identification:_identify(unitree-go2-ros2/champ/champ_navigation) by extensions ['ros']
[0.724s] Level 1:colcon.colcon_core.package_identification:_identify(unitree-go2-ros2/champ/champ_navigation) by extension 'ros'
[0.725s] DEBUG:colcon.colcon_core.package_identification:Package 'unitree-go2-ros2/champ/champ_navigation' with type 'ros.ament_cmake' and name 'champ_navigation'
[0.726s] Level 1:colcon.colcon_core.package_identification:_identify(unitree-go2-ros2/champ/docs) by extensions ['ignore', 'ignore_ament_install']
[0.726s] Level 1:colcon.colcon_core.package_identification:_identify(unitree-go2-ros2/champ/docs) by extension 'ignore'
[0.726s] Level 1:colcon.colcon_core.package_identification:_identify(unitree-go2-ros2/champ/docs) by extension 'ignore_ament_install'
[0.726s] Level 1:colcon.colcon_core.package_identification:_identify(unitree-go2-ros2/champ/docs) by extensions ['colcon_pkg']
[0.726s] Level 1:colcon.colcon_core.package_identification:_identify(unitree-go2-ros2/champ/docs) by extension 'colcon_pkg'
[0.726s] Level 1:colcon.colcon_core.package_identification:_identify(unitree-go2-ros2/champ/docs) by extensions ['colcon_meta']
[0.726s] Level 1:colcon.colcon_core.package_identification:_identify(unitree-go2-ros2/champ/docs) by extension 'colcon_meta'
[0.726s] Level 1:colcon.colcon_core.package_identification:_identify(unitree-go2-ros2/champ/docs) by extensions ['ros']
[0.726s] Level 1:colcon.colcon_core.package_identification:_identify(unitree-go2-ros2/champ/docs) by extension 'ros'
[0.726s] Level 1:colcon.colcon_core.package_identification:_identify(unitree-go2-ros2/champ/docs) by extensions ['cmake', 'python']
[0.726s] Level 1:colcon.colcon_core.package_identification:_identify(unitree-go2-ros2/champ/docs) by extension 'cmake'
[0.726s] Level 1:colcon.colcon_core.package_identification:_identify(unitree-go2-ros2/champ/docs) by extension 'python'
[0.726s] Level 1:colcon.colcon_core.package_identification:_identify(unitree-go2-ros2/champ/docs) by extensions ['python_setup_py']
[0.726s] Level 1:colcon.colcon_core.package_identification:_identify(unitree-go2-ros2/champ/docs) by extension 'python_setup_py'
[0.727s] Level 1:colcon.colcon_core.package_identification:_identify(unitree-go2-ros2/champ/docs/images) by extensions ['ignore', 'ignore_ament_install']
[0.727s] Level 1:colcon.colcon_core.package_identification:_identify(unitree-go2-ros2/champ/docs/images) by extension 'ignore'
[0.727s] Level 1:colcon.colcon_core.package_identification:_identify(unitree-go2-ros2/champ/docs/images) by extension 'ignore_ament_install'
[0.727s] Level 1:colcon.colcon_core.package_identification:_identify(unitree-go2-ros2/champ/docs/images) by extensions ['colcon_pkg']
[0.727s] Level 1:colcon.colcon_core.package_identification:_identify(unitree-go2-ros2/champ/docs/images) by extension 'colcon_pkg'
[0.727s] Level 1:colcon.colcon_core.package_identification:_identify(unitree-go2-ros2/champ/docs/images) by extensions ['colcon_meta']
[0.727s] Level 1:colcon.colcon_core.package_identification:_identify(unitree-go2-ros2/champ/docs/images) by extension 'colcon_meta'
[0.727s] Level 1:colcon.colcon_core.package_identification:_identify(unitree-go2-ros2/champ/docs/images) by extensions ['ros']
[0.727s] Level 1:colcon.colcon_core.package_identification:_identify(unitree-go2-ros2/champ/docs/images) by extension 'ros'
[0.727s] Level 1:colcon.colcon_core.package_identification:_identify(unitree-go2-ros2/champ/docs/images) by extensions ['cmake', 'python']
[0.728s] Level 1:colcon.colcon_core.package_identification:_identify(unitree-go2-ros2/champ/docs/images) by extension 'cmake'
[0.728s] Level 1:colcon.colcon_core.package_identification:_identify(unitree-go2-ros2/champ/docs/images) by extension 'python'
[0.728s] Level 1:colcon.colcon_core.package_identification:_identify(unitree-go2-ros2/champ/docs/images) by extensions ['python_setup_py']
[0.728s] Level 1:colcon.colcon_core.package_identification:_identify(unitree-go2-ros2/champ/docs/images) by extension 'python_setup_py'
[0.728s] Level 1:colcon.colcon_core.package_identification:_identify(unitree-go2-ros2/champ_teleop) by extensions ['ignore', 'ignore_ament_install']
[0.728s] Level 1:colcon.colcon_core.package_identification:_identify(unitree-go2-ros2/champ_teleop) by extension 'ignore'
[0.728s] Level 1:colcon.colcon_core.package_identification:_identify(unitree-go2-ros2/champ_teleop) by extension 'ignore_ament_install'
[0.728s] Level 1:colcon.colcon_core.package_identification:_identify(unitree-go2-ros2/champ_teleop) by extensions ['colcon_pkg']
[0.728s] Level 1:colcon.colcon_core.package_identification:_identify(unitree-go2-ros2/champ_teleop) by extension 'colcon_pkg'
[0.728s] Level 1:colcon.colcon_core.package_identification:_identify(unitree-go2-ros2/champ_teleop) by extensions ['colcon_meta']
[0.728s] Level 1:colcon.colcon_core.package_identification:_identify(unitree-go2-ros2/champ_teleop) by extension 'colcon_meta'
[0.728s] Level 1:colcon.colcon_core.package_identification:_identify(unitree-go2-ros2/champ_teleop) by extensions ['ros']
[0.729s] Level 1:colcon.colcon_core.package_identification:_identify(unitree-go2-ros2/champ_teleop) by extension 'ros'
[0.730s] DEBUG:colcon.colcon_core.package_identification:Package 'unitree-go2-ros2/champ_teleop' with type 'ros.ament_cmake' and name 'champ_teleop'
[0.730s] Level 1:colcon.colcon_core.package_identification:_identify(unitree-go2-ros2/robots) by extensions ['ignore', 'ignore_ament_install']
[0.731s] Level 1:colcon.colcon_core.package_identification:_identify(unitree-go2-ros2/robots) by extension 'ignore'
[0.731s] Level 1:colcon.colcon_core.package_identification:_identify(unitree-go2-ros2/robots) by extension 'ignore_ament_install'
[0.731s] Level 1:colcon.colcon_core.package_identification:_identify(unitree-go2-ros2/robots) by extensions ['colcon_pkg']
[0.731s] Level 1:colcon.colcon_core.package_identification:_identify(unitree-go2-ros2/robots) by extension 'colcon_pkg'
[0.731s] Level 1:colcon.colcon_core.package_identification:_identify(unitree-go2-ros2/robots) by extensions ['colcon_meta']
[0.731s] Level 1:colcon.colcon_core.package_identification:_identify(unitree-go2-ros2/robots) by extension 'colcon_meta'
[0.731s] Level 1:colcon.colcon_core.package_identification:_identify(unitree-go2-ros2/robots) by extensions ['ros']
[0.731s] Level 1:colcon.colcon_core.package_identification:_identify(unitree-go2-ros2/robots) by extension 'ros'
[0.731s] Level 1:colcon.colcon_core.package_identification:_identify(unitree-go2-ros2/robots) by extensions ['cmake', 'python']
[0.731s] Level 1:colcon.colcon_core.package_identification:_identify(unitree-go2-ros2/robots) by extension 'cmake'
[0.731s] Level 1:colcon.colcon_core.package_identification:_identify(unitree-go2-ros2/robots) by extension 'python'
[0.731s] Level 1:colcon.colcon_core.package_identification:_identify(unitree-go2-ros2/robots) by extensions ['python_setup_py']
[0.731s] Level 1:colcon.colcon_core.package_identification:_identify(unitree-go2-ros2/robots) by extension 'python_setup_py'
[0.732s] Level 1:colcon.colcon_core.package_identification:_identify(unitree-go2-ros2/robots/configs) by extensions ['ignore', 'ignore_ament_install']
[0.732s] Level 1:colcon.colcon_core.package_identification:_identify(unitree-go2-ros2/robots/configs) by extension 'ignore'
[0.732s] Level 1:colcon.colcon_core.package_identification:_identify(unitree-go2-ros2/robots/configs) by extension 'ignore_ament_install'
[0.732s] Level 1:colcon.colcon_core.package_identification:_identify(unitree-go2-ros2/robots/configs) by extensions ['colcon_pkg']
[0.732s] Level 1:colcon.colcon_core.package_identification:_identify(unitree-go2-ros2/robots/configs) by extension 'colcon_pkg'
[0.732s] Level 1:colcon.colcon_core.package_identification:_identify(unitree-go2-ros2/robots/configs) by extensions ['colcon_meta']
[0.732s] Level 1:colcon.colcon_core.package_identification:_identify(unitree-go2-ros2/robots/configs) by extension 'colcon_meta'
[0.732s] Level 1:colcon.colcon_core.package_identification:_identify(unitree-go2-ros2/robots/configs) by extensions ['ros']
[0.732s] Level 1:colcon.colcon_core.package_identification:_identify(unitree-go2-ros2/robots/configs) by extension 'ros'
[0.732s] Level 1:colcon.colcon_core.package_identification:_identify(unitree-go2-ros2/robots/configs) by extensions ['cmake', 'python']
[0.732s] Level 1:colcon.colcon_core.package_identification:_identify(unitree-go2-ros2/robots/configs) by extension 'cmake'
[0.732s] Level 1:colcon.colcon_core.package_identification:_identify(unitree-go2-ros2/robots/configs) by extension 'python'
[0.732s] Level 1:colcon.colcon_core.package_identification:_identify(unitree-go2-ros2/robots/configs) by extensions ['python_setup_py']
[0.732s] Level 1:colcon.colcon_core.package_identification:_identify(unitree-go2-ros2/robots/configs) by extension 'python_setup_py'
[0.733s] Level 1:colcon.colcon_core.package_identification:_identify(unitree-go2-ros2/robots/configs/go2_config) by extensions ['ignore', 'ignore_ament_install']
[0.733s] Level 1:colcon.colcon_core.package_identification:_identify(unitree-go2-ros2/robots/configs/go2_config) by extension 'ignore'
[0.733s] Level 1:colcon.colcon_core.package_identification:_identify(unitree-go2-ros2/robots/configs/go2_config) by extension 'ignore_ament_install'
[0.733s] Level 1:colcon.colcon_core.package_identification:_identify(unitree-go2-ros2/robots/configs/go2_config) by extensions ['colcon_pkg']
[0.733s] Level 1:colcon.colcon_core.package_identification:_identify(unitree-go2-ros2/robots/configs/go2_config) by extension 'colcon_pkg'
[0.733s] Level 1:colcon.colcon_core.package_identification:_identify(unitree-go2-ros2/robots/configs/go2_config) by extensions ['colcon_meta']
[0.733s] Level 1:colcon.colcon_core.package_identification:_identify(unitree-go2-ros2/robots/configs/go2_config) by extension 'colcon_meta'
[0.733s] Level 1:colcon.colcon_core.package_identification:_identify(unitree-go2-ros2/robots/configs/go2_config) by extensions ['ros']
[0.733s] Level 1:colcon.colcon_core.package_identification:_identify(unitree-go2-ros2/robots/configs/go2_config) by extension 'ros'
[0.734s] DEBUG:colcon.colcon_core.package_identification:Package 'unitree-go2-ros2/robots/configs/go2_config' with type 'ros.ament_cmake' and name 'go2_config'
[0.735s] Level 1:colcon.colcon_core.package_identification:_identify(unitree-go2-ros2/robots/descriptions) by extensions ['ignore', 'ignore_ament_install']
[0.735s] Level 1:colcon.colcon_core.package_identification:_identify(unitree-go2-ros2/robots/descriptions) by extension 'ignore'
[0.735s] Level 1:colcon.colcon_core.package_identification:_identify(unitree-go2-ros2/robots/descriptions) by extension 'ignore_ament_install'
[0.735s] Level 1:colcon.colcon_core.package_identification:_identify(unitree-go2-ros2/robots/descriptions) by extensions ['colcon_pkg']
[0.735s] Level 1:colcon.colcon_core.package_identification:_identify(unitree-go2-ros2/robots/descriptions) by extension 'colcon_pkg'
[0.735s] Level 1:colcon.colcon_core.package_identification:_identify(unitree-go2-ros2/robots/descriptions) by extensions ['colcon_meta']
[0.735s] Level 1:colcon.colcon_core.package_identification:_identify(unitree-go2-ros2/robots/descriptions) by extension 'colcon_meta'
[0.735s] Level 1:colcon.colcon_core.package_identification:_identify(unitree-go2-ros2/robots/descriptions) by extensions ['ros']
[0.735s] Level 1:colcon.colcon_core.package_identification:_identify(unitree-go2-ros2/robots/descriptions) by extension 'ros'
[0.735s] Level 1:colcon.colcon_core.package_identification:_identify(unitree-go2-ros2/robots/descriptions) by extensions ['cmake', 'python']
[0.735s] Level 1:colcon.colcon_core.package_identification:_identify(unitree-go2-ros2/robots/descriptions) by extension 'cmake'
[0.735s] Level 1:colcon.colcon_core.package_identification:_identify(unitree-go2-ros2/robots/descriptions) by extension 'python'
[0.735s] Level 1:colcon.colcon_core.package_identification:_identify(unitree-go2-ros2/robots/descriptions) by extensions ['python_setup_py']
[0.735s] Level 1:colcon.colcon_core.package_identification:_identify(unitree-go2-ros2/robots/descriptions) by extension 'python_setup_py'
[0.736s] Level 1:colcon.colcon_core.package_identification:_identify(unitree-go2-ros2/robots/descriptions/go2_description) by extensions ['ignore', 'ignore_ament_install']
[0.736s] Level 1:colcon.colcon_core.package_identification:_identify(unitree-go2-ros2/robots/descriptions/go2_description) by extension 'ignore'
[0.736s] Level 1:colcon.colcon_core.package_identification:_identify(unitree-go2-ros2/robots/descriptions/go2_description) by extension 'ignore_ament_install'
[0.736s] Level 1:colcon.colcon_core.package_identification:_identify(unitree-go2-ros2/robots/descriptions/go2_description) by extensions ['colcon_pkg']
[0.736s] Level 1:colcon.colcon_core.package_identification:_identify(unitree-go2-ros2/robots/descriptions/go2_description) by extension 'colcon_pkg'
[0.736s] Level 1:colcon.colcon_core.package_identification:_identify(unitree-go2-ros2/robots/descriptions/go2_description) by extensions ['colcon_meta']
[0.736s] Level 1:colcon.colcon_core.package_identification:_identify(unitree-go2-ros2/robots/descriptions/go2_description) by extension 'colcon_meta'
[0.736s] Level 1:colcon.colcon_core.package_identification:_identify(unitree-go2-ros2/robots/descriptions/go2_description) by extensions ['ros']
[0.736s] Level 1:colcon.colcon_core.package_identification:_identify(unitree-go2-ros2/robots/descriptions/go2_description) by extension 'ros'
[0.738s] DEBUG:colcon.colcon_core.package_identification:Package 'unitree-go2-ros2/robots/descriptions/go2_description' with type 'ros.ament_cmake' and name 'go2_description'
[0.738s] Level 1:colcon.colcon_core.package_discovery:discover_packages(recursive) using defaults
[0.739s] Level 1:colcon.colcon_core.package_discovery:discover_packages(ignore) discover
[0.739s] Level 1:colcon.colcon_core.package_discovery:discover_packages(ignore) using defaults
[0.739s] Level 1:colcon.colcon_core.package_discovery:discover_packages(path) discover
[0.739s] Level 1:colcon.colcon_core.package_discovery:discover_packages(path) using defaults
[0.782s] Level 1:colcon.colcon_core.package_discovery:discover_packages(prefix_path) check parameters
[0.782s] Level 1:colcon.colcon_core.package_discovery:discover_packages(prefix_path) discover
[0.786s] Level 1:colcon.colcon_core.package_discovery:discover_packages(prefix_path) using defaults
[0.788s] Level 5:colcon.colcon_core.verb:set package 'champ' build argument 'cmake_args' from command line to 'None'
[0.788s] Level 5:colcon.colcon_core.verb:set package 'champ' build argument 'cmake_target' from command line to 'None'
[0.788s] Level 5:colcon.colcon_core.verb:set package 'champ' build argument 'cmake_target_skip_unavailable' from command line to 'False'
[0.788s] Level 5:colcon.colcon_core.verb:set package 'champ' build argument 'cmake_clean_cache' from command line to 'False'
[0.788s] Level 5:colcon.colcon_core.verb:set package 'champ' build argument 'cmake_clean_first' from command line to 'False'
[0.788s] Level 5:colcon.colcon_core.verb:set package 'champ' build argument 'cmake_force_configure' from command line to 'False'
[0.788s] Level 5:colcon.colcon_core.verb:set package 'champ' build argument 'ament_cmake_args' from command line to 'None'
[0.788s] Level 5:colcon.colcon_core.verb:set package 'champ' build argument 'catkin_cmake_args' from command line to 'None'
[0.788s] Level 5:colcon.colcon_core.verb:set package 'champ' build argument 'catkin_skip_building_tests' from command line to 'False'
[0.788s] DEBUG:colcon.colcon_core.verb:Building package 'champ' with the following arguments: {'ament_cmake_args': None, 'build_base': '/home/nadim/project-GO2/src/build/champ', 'catkin_cmake_args': None, 'catkin_skip_building_tests': False, 'cmake_args': None, 'cmake_clean_cache': False, 'cmake_clean_first': False, 'cmake_force_configure': False, 'cmake_target': None, 'cmake_target_skip_unavailable': False, 'install_base': '/home/nadim/project-GO2/src/install/champ', 'merge_install': False, 'path': '/home/nadim/project-GO2/src/unitree-go2-ros2/champ/champ', 'symlink_install': False, 'test_result_base': None}
[0.788s] Level 5:colcon.colcon_core.verb:set package 'champ_config' build argument 'cmake_args' from command line to 'None'
[0.788s] Level 5:colcon.colcon_core.verb:set package 'champ_config' build argument 'cmake_target' from command line to 'None'
[0.788s] Level 5:colcon.colcon_core.verb:set package 'champ_config' build argument 'cmake_target_skip_unavailable' from command line to 'False'
[0.789s] Level 5:colcon.colcon_core.verb:set package 'champ_config' build argument 'cmake_clean_cache' from command line to 'False'
[0.789s] Level 5:colcon.colcon_core.verb:set package 'champ_config' build argument 'cmake_clean_first' from command line to 'False'
[0.789s] Level 5:colcon.colcon_core.verb:set package 'champ_config' build argument 'cmake_force_configure' from command line to 'False'
[0.789s] Level 5:colcon.colcon_core.verb:set package 'champ_config' build argument 'ament_cmake_args' from command line to 'None'
[0.789s] Level 5:colcon.colcon_core.verb:set package 'champ_config' build argument 'catkin_cmake_args' from command line to 'None'
[0.789s] Level 5:colcon.colcon_core.verb:set package 'champ_config' build argument 'catkin_skip_building_tests' from command line to 'False'
[0.789s] DEBUG:colcon.colcon_core.verb:Building package 'champ_config' with the following arguments: {'ament_cmake_args': None, 'build_base': '/home/nadim/project-GO2/src/build/champ_config', 'catkin_cmake_args': None, 'catkin_skip_building_tests': False, 'cmake_args': None, 'cmake_clean_cache': False, 'cmake_clean_first': False, 'cmake_force_configure': False, 'cmake_target': None, 'cmake_target_skip_unavailable': False, 'install_base': '/home/nadim/project-GO2/src/install/champ_config', 'merge_install': False, 'path': '/home/nadim/project-GO2/src/unitree-go2-ros2/champ/champ_config', 'symlink_install': False, 'test_result_base': None}
[0.789s] Level 5:colcon.colcon_core.verb:set package 'champ_description' build argument 'cmake_args' from command line to 'None'
[0.789s] Level 5:colcon.colcon_core.verb:set package 'champ_description' build argument 'cmake_target' from command line to 'None'
[0.789s] Level 5:colcon.colcon_core.verb:set package 'champ_description' build argument 'cmake_target_skip_unavailable' from command line to 'False'
[0.789s] Level 5:colcon.colcon_core.verb:set package 'champ_description' build argument 'cmake_clean_cache' from command line to 'False'
[0.789s] Level 5:colcon.colcon_core.verb:set package 'champ_description' build argument 'cmake_clean_first' from command line to 'False'
[0.789s] Level 5:colcon.colcon_core.verb:set package 'champ_description' build argument 'cmake_force_configure' from command line to 'False'
[0.789s] Level 5:colcon.colcon_core.verb:set package 'champ_description' build argument 'ament_cmake_args' from command line to 'None'
[0.789s] Level 5:colcon.colcon_core.verb:set package 'champ_description' build argument 'catkin_cmake_args' from command line to 'None'
[0.789s] Level 5:colcon.colcon_core.verb:set package 'champ_description' build argument 'catkin_skip_building_tests' from command line to 'False'
[0.789s] DEBUG:colcon.colcon_core.verb:Building package 'champ_description' with the following arguments: {'ament_cmake_args': None, 'build_base': '/home/nadim/project-GO2/src/build/champ_description', 'catkin_cmake_args': None, 'catkin_skip_building_tests': False, 'cmake_args': None, 'cmake_clean_cache': False, 'cmake_clean_first': False, 'cmake_force_configure': False, 'cmake_target': None, 'cmake_target_skip_unavailable': False, 'install_base': '/home/nadim/project-GO2/src/install/champ_description', 'merge_install': False, 'path': '/home/nadim/project-GO2/src/unitree-go2-ros2/champ/champ_description', 'symlink_install': False, 'test_result_base': None}
[0.789s] Level 5:colcon.colcon_core.verb:set package 'champ_msgs' build argument 'cmake_args' from command line to 'None'
[0.789s] Level 5:colcon.colcon_core.verb:set package 'champ_msgs' build argument 'cmake_target' from command line to 'None'
[0.789s] Level 5:colcon.colcon_core.verb:set package 'champ_msgs' build argument 'cmake_target_skip_unavailable' from command line to 'False'
[0.789s] Level 5:colcon.colcon_core.verb:set package 'champ_msgs' build argument 'cmake_clean_cache' from command line to 'False'
[0.789s] Level 5:colcon.colcon_core.verb:set package 'champ_msgs' build argument 'cmake_clean_first' from command line to 'False'
[0.789s] Level 5:colcon.colcon_core.verb:set package 'champ_msgs' build argument 'cmake_force_configure' from command line to 'False'
[0.789s] Level 5:colcon.colcon_core.verb:set package 'champ_msgs' build argument 'ament_cmake_args' from command line to 'None'
[0.789s] Level 5:colcon.colcon_core.verb:set package 'champ_msgs' build argument 'catkin_cmake_args' from command line to 'None'
[0.789s] Level 5:colcon.colcon_core.verb:set package 'champ_msgs' build argument 'catkin_skip_building_tests' from command line to 'False'
[0.789s] DEBUG:colcon.colcon_core.verb:Building package 'champ_msgs' with the following arguments: {'ament_cmake_args': None, 'build_base': '/home/nadim/project-GO2/src/build/champ_msgs', 'catkin_cmake_args': None, 'catkin_skip_building_tests': False, 'cmake_args': None, 'cmake_clean_cache': False, 'cmake_clean_first': False, 'cmake_force_configure': False, 'cmake_target': None, 'cmake_target_skip_unavailable': False, 'install_base': '/home/nadim/project-GO2/src/install/champ_msgs', 'merge_install': False, 'path': '/home/nadim/project-GO2/src/unitree-go2-ros2/champ/champ_msgs', 'symlink_install': False, 'test_result_base': None}
[0.790s] Level 5:colcon.colcon_core.verb:set package 'champ_navigation' build argument 'cmake_args' from command line to 'None'
[0.790s] Level 5:colcon.colcon_core.verb:set package 'champ_navigation' build argument 'cmake_target' from command line to 'None'
[0.790s] Level 5:colcon.colcon_core.verb:set package 'champ_navigation' build argument 'cmake_target_skip_unavailable' from command line to 'False'
[0.790s] Level 5:colcon.colcon_core.verb:set package 'champ_navigation' build argument 'cmake_clean_cache' from command line to 'False'
[0.790s] Level 5:colcon.colcon_core.verb:set package 'champ_navigation' build argument 'cmake_clean_first' from command line to 'False'
[0.790s] Level 5:colcon.colcon_core.verb:set package 'champ_navigation' build argument 'cmake_force_configure' from command line to 'False'
[0.790s] Level 5:colcon.colcon_core.verb:set package 'champ_navigation' build argument 'ament_cmake_args' from command line to 'None'
[0.790s] Level 5:colcon.colcon_core.verb:set package 'champ_navigation' build argument 'catkin_cmake_args' from command line to 'None'
[0.790s] Level 5:colcon.colcon_core.verb:set package 'champ_navigation' build argument 'catkin_skip_building_tests' from command line to 'False'
[0.790s] DEBUG:colcon.colcon_core.verb:Building package 'champ_navigation' with the following arguments: {'ament_cmake_args': None, 'build_base': '/home/nadim/project-GO2/src/build/champ_navigation', 'catkin_cmake_args': None, 'catkin_skip_building_tests': False, 'cmake_args': None, 'cmake_clean_cache': False, 'cmake_clean_first': False, 'cmake_force_configure': False, 'cmake_target': None, 'cmake_target_skip_unavailable': False, 'install_base': '/home/nadim/project-GO2/src/install/champ_navigation', 'merge_install': False, 'path': '/home/nadim/project-GO2/src/unitree-go2-ros2/champ/champ_navigation', 'symlink_install': False, 'test_result_base': None}
[0.790s] Level 5:colcon.colcon_core.verb:set package 'champ_teleop' build argument 'cmake_args' from command line to 'None'
[0.790s] Level 5:colcon.colcon_core.verb:set package 'champ_teleop' build argument 'cmake_target' from command line to 'None'
[0.790s] Level 5:colcon.colcon_core.verb:set package 'champ_teleop' build argument 'cmake_target_skip_unavailable' from command line to 'False'
[0.790s] Level 5:colcon.colcon_core.verb:set package 'champ_teleop' build argument 'cmake_clean_cache' from command line to 'False'
[0.790s] Level 5:colcon.colcon_core.verb:set package 'champ_teleop' build argument 'cmake_clean_first' from command line to 'False'
[0.790s] Level 5:colcon.colcon_core.verb:set package 'champ_teleop' build argument 'cmake_force_configure' from command line to 'False'
[0.790s] Level 5:colcon.colcon_core.verb:set package 'champ_teleop' build argument 'ament_cmake_args' from command line to 'None'
[0.790s] Level 5:colcon.colcon_core.verb:set package 'champ_teleop' build argument 'catkin_cmake_args' from command line to 'None'
[0.790s] Level 5:colcon.colcon_core.verb:set package 'champ_teleop' build argument 'catkin_skip_building_tests' from command line to 'False'
[0.790s] DEBUG:colcon.colcon_core.verb:Building package 'champ_teleop' with the following arguments: {'ament_cmake_args': None, 'build_base': '/home/nadim/project-GO2/src/build/champ_teleop', 'catkin_cmake_args': None, 'catkin_skip_building_tests': False, 'cmake_args': None, 'cmake_clean_cache': False, 'cmake_clean_first': False, 'cmake_force_configure': False, 'cmake_target': None, 'cmake_target_skip_unavailable': False, 'install_base': '/home/nadim/project-GO2/src/install/champ_teleop', 'merge_install': False, 'path': '/home/nadim/project-GO2/src/unitree-go2-ros2/champ_teleop', 'symlink_install': False, 'test_result_base': None}
[0.790s] Level 5:colcon.colcon_core.verb:set package 'go2_config' build argument 'cmake_args' from command line to 'None'
[0.790s] Level 5:colcon.colcon_core.verb:set package 'go2_config' build argument 'cmake_target' from command line to 'None'
[0.790s] Level 5:colcon.colcon_core.verb:set package 'go2_config' build argument 'cmake_target_skip_unavailable' from command line to 'False'
[0.790s] Level 5:colcon.colcon_core.verb:set package 'go2_config' build argument 'cmake_clean_cache' from command line to 'False'
[0.790s] Level 5:colcon.colcon_core.verb:set package 'go2_config' build argument 'cmake_clean_first' from command line to 'False'
[0.790s] Level 5:colcon.colcon_core.verb:set package 'go2_config' build argument 'cmake_force_configure' from command line to 'False'
[0.790s] Level 5:colcon.colcon_core.verb:set package 'go2_config' build argument 'ament_cmake_args' from command line to 'None'
[0.790s] Level 5:colcon.colcon_core.verb:set package 'go2_config' build argument 'catkin_cmake_args' from command line to 'None'
[0.790s] Level 5:colcon.colcon_core.verb:set package 'go2_config' build argument 'catkin_skip_building_tests' from command line to 'False'
[0.790s] DEBUG:colcon.colcon_core.verb:Building package 'go2_config' with the following arguments: {'ament_cmake_args': None, 'build_base': '/home/nadim/project-GO2/src/build/go2_config', 'catkin_cmake_args': None, 'catkin_skip_building_tests': False, 'cmake_args': None, 'cmake_clean_cache': False, 'cmake_clean_first': False, 'cmake_force_configure': False, 'cmake_target': None, 'cmake_target_skip_unavailable': False, 'install_base': '/home/nadim/project-GO2/src/install/go2_config', 'merge_install': False, 'path': '/home/nadim/project-GO2/src/unitree-go2-ros2/robots/configs/go2_config', 'symlink_install': False, 'test_result_base': None}
[0.791s] Level 5:colcon.colcon_core.verb:set package 'go2_description' build argument 'cmake_args' from command line to 'None'
[0.791s] Level 5:colcon.colcon_core.verb:set package 'go2_description' build argument 'cmake_target' from command line to 'None'
[0.791s] Level 5:colcon.colcon_core.verb:set package 'go2_description' build argument 'cmake_target_skip_unavailable' from command line to 'False'
[0.791s] Level 5:colcon.colcon_core.verb:set package 'go2_description' build argument 'cmake_clean_cache' from command line to 'False'
[0.791s] Level 5:colcon.colcon_core.verb:set package 'go2_description' build argument 'cmake_clean_first' from command line to 'False'
[0.791s] Level 5:colcon.colcon_core.verb:set package 'go2_description' build argument 'cmake_force_configure' from command line to 'False'
[0.791s] Level 5:colcon.colcon_core.verb:set package 'go2_description' build argument 'ament_cmake_args' from command line to 'None'
[0.791s] Level 5:colcon.colcon_core.verb:set package 'go2_description' build argument 'catkin_cmake_args' from command line to 'None'
[0.791s] Level 5:colcon.colcon_core.verb:set package 'go2_description' build argument 'catkin_skip_building_tests' from command line to 'False'
[0.791s] DEBUG:colcon.colcon_core.verb:Building package 'go2_description' with the following arguments: {'ament_cmake_args': None, 'build_base': '/home/nadim/project-GO2/src/build/go2_description', 'catkin_cmake_args': None, 'catkin_skip_building_tests': False, 'cmake_args': None, 'cmake_clean_cache': False, 'cmake_clean_first': False, 'cmake_force_configure': False, 'cmake_target': None, 'cmake_target_skip_unavailable': False, 'install_base': '/home/nadim/project-GO2/src/install/go2_description', 'merge_install': False, 'path': '/home/nadim/project-GO2/src/unitree-go2-ros2/robots/descriptions/go2_description', 'symlink_install': False, 'test_result_base': None}
[0.791s] Level 5:colcon.colcon_core.verb:set package 'go2_simple_navigation' build argument 'cmake_args' from command line to 'None'
[0.791s] Level 5:colcon.colcon_core.verb:set package 'go2_simple_navigation' build argument 'cmake_target' from command line to 'None'
[0.791s] Level 5:colcon.colcon_core.verb:set package 'go2_simple_navigation' build argument 'cmake_target_skip_unavailable' from command line to 'False'
[0.791s] Level 5:colcon.colcon_core.verb:set package 'go2_simple_navigation' build argument 'cmake_clean_cache' from command line to 'False'
[0.791s] Level 5:colcon.colcon_core.verb:set package 'go2_simple_navigation' build argument 'cmake_clean_first' from command line to 'False'
[0.791s] Level 5:colcon.colcon_core.verb:set package 'go2_simple_navigation' build argument 'cmake_force_configure' from command line to 'False'
[0.791s] Level 5:colcon.colcon_core.verb:set package 'go2_simple_navigation' build argument 'ament_cmake_args' from command line to 'None'
[0.791s] Level 5:colcon.colcon_core.verb:set package 'go2_simple_navigation' build argument 'catkin_cmake_args' from command line to 'None'
[0.791s] Level 5:colcon.colcon_core.verb:set package 'go2_simple_navigation' build argument 'catkin_skip_building_tests' from command line to 'False'
[0.791s] DEBUG:colcon.colcon_core.verb:Building package 'go2_simple_navigation' with the following arguments: {'ament_cmake_args': None, 'build_base': '/home/nadim/project-GO2/src/build/go2_simple_navigation', 'catkin_cmake_args': None, 'catkin_skip_building_tests': False, 'cmake_args': None, 'cmake_clean_cache': False, 'cmake_clean_first': False, 'cmake_force_configure': False, 'cmake_target': None, 'cmake_target_skip_unavailable': False, 'install_base': '/home/nadim/project-GO2/src/install/go2_simple_navigation', 'merge_install': False, 'path': '/home/nadim/project-GO2/src/go2_simple_navigation', 'symlink_install': False, 'test_result_base': None}
[0.791s] Level 5:colcon.colcon_core.verb:set package 'champ_base' build argument 'cmake_args' from command line to 'None'
[0.791s] Level 5:colcon.colcon_core.verb:set package 'champ_base' build argument 'cmake_target' from command line to 'None'
[0.791s] Level 5:colcon.colcon_core.verb:set package 'champ_base' build argument 'cmake_target_skip_unavailable' from command line to 'False'
[0.791s] Level 5:colcon.colcon_core.verb:set package 'champ_base' build argument 'cmake_clean_cache' from command line to 'False'
[0.791s] Level 5:colcon.colcon_core.verb:set package 'champ_base' build argument 'cmake_clean_first' from command line to 'False'
[0.791s] Level 5:colcon.colcon_core.verb:set package 'champ_base' build argument 'cmake_force_configure' from command line to 'False'
[0.791s] Level 5:colcon.colcon_core.verb:set package 'champ_base' build argument 'ament_cmake_args' from command line to 'None'
[0.791s] Level 5:colcon.colcon_core.verb:set package 'champ_base' build argument 'catkin_cmake_args' from command line to 'None'
[0.791s] Level 5:colcon.colcon_core.verb:set package 'champ_base' build argument 'catkin_skip_building_tests' from command line to 'False'
[0.792s] DEBUG:colcon.colcon_core.verb:Building package 'champ_base' with the following arguments: {'ament_cmake_args': None, 'build_base': '/home/nadim/project-GO2/src/build/champ_base', 'catkin_cmake_args': None, 'catkin_skip_building_tests': False, 'cmake_args': None, 'cmake_clean_cache': False, 'cmake_clean_first': False, 'cmake_force_configure': False, 'cmake_target': None, 'cmake_target_skip_unavailable': False, 'install_base': '/home/nadim/project-GO2/src/install/champ_base', 'merge_install': False, 'path': '/home/nadim/project-GO2/src/unitree-go2-ros2/champ/champ_base', 'symlink_install': False, 'test_result_base': None}
[0.792s] Level 5:colcon.colcon_core.verb:set package 'champ_gazebo' build argument 'cmake_args' from command line to 'None'
[0.792s] Level 5:colcon.colcon_core.verb:set package 'champ_gazebo' build argument 'cmake_target' from command line to 'None'
[0.792s] Level 5:colcon.colcon_core.verb:set package 'champ_gazebo' build argument 'cmake_target_skip_unavailable' from command line to 'False'
[0.792s] Level 5:colcon.colcon_core.verb:set package 'champ_gazebo' build argument 'cmake_clean_cache' from command line to 'False'
[0.792s] Level 5:colcon.colcon_core.verb:set package 'champ_gazebo' build argument 'cmake_clean_first' from command line to 'False'
[0.792s] Level 5:colcon.colcon_core.verb:set package 'champ_gazebo' build argument 'cmake_force_configure' from command line to 'False'
[0.792s] Level 5:colcon.colcon_core.verb:set package 'champ_gazebo' build argument 'ament_cmake_args' from command line to 'None'
[0.792s] Level 5:colcon.colcon_core.verb:set package 'champ_gazebo' build argument 'catkin_cmake_args' from command line to 'None'
[0.792s] Level 5:colcon.colcon_core.verb:set package 'champ_gazebo' build argument 'catkin_skip_building_tests' from command line to 'False'
[0.792s] DEBUG:colcon.colcon_core.verb:Building package 'champ_gazebo' with the following arguments: {'ament_cmake_args': None, 'build_base': '/home/nadim/project-GO2/src/build/champ_gazebo', 'catkin_cmake_args': None, 'catkin_skip_building_tests': False, 'cmake_args': None, 'cmake_clean_cache': False, 'cmake_clean_first': False, 'cmake_force_configure': False, 'cmake_target': None, 'cmake_target_skip_unavailable': False, 'install_base': '/home/nadim/project-GO2/src/install/champ_gazebo', 'merge_install': False, 'path': '/home/nadim/project-GO2/src/unitree-go2-ros2/champ/champ_gazebo', 'symlink_install': False, 'test_result_base': None}
[0.792s] Level 5:colcon.colcon_core.verb:set package 'champ_bringup' build argument 'cmake_args' from command line to 'None'
[0.792s] Level 5:colcon.colcon_core.verb:set package 'champ_bringup' build argument 'cmake_target' from command line to 'None'
[0.792s] Level 5:colcon.colcon_core.verb:set package 'champ_bringup' build argument 'cmake_target_skip_unavailable' from command line to 'False'
[0.792s] Level 5:colcon.colcon_core.verb:set package 'champ_bringup' build argument 'cmake_clean_cache' from command line to 'False'
[0.792s] Level 5:colcon.colcon_core.verb:set package 'champ_bringup' build argument 'cmake_clean_first' from command line to 'False'
[0.792s] Level 5:colcon.colcon_core.verb:set package 'champ_bringup' build argument 'cmake_force_configure' from command line to 'False'
[0.792s] Level 5:colcon.colcon_core.verb:set package 'champ_bringup' build argument 'ament_cmake_args' from command line to 'None'
[0.792s] Level 5:colcon.colcon_core.verb:set package 'champ_bringup' build argument 'catkin_cmake_args' from command line to 'None'
[0.792s] Level 5:colcon.colcon_core.verb:set package 'champ_bringup' build argument 'catkin_skip_building_tests' from command line to 'False'
[0.792s] DEBUG:colcon.colcon_core.verb:Building package 'champ_bringup' with the following arguments: {'ament_cmake_args': None, 'build_base': '/home/nadim/project-GO2/src/build/champ_bringup', 'catkin_cmake_args': None, 'catkin_skip_building_tests': False, 'cmake_args': None, 'cmake_clean_cache': False, 'cmake_clean_first': False, 'cmake_force_configure': False, 'cmake_target': None, 'cmake_target_skip_unavailable': False, 'install_base': '/home/nadim/project-GO2/src/install/champ_bringup', 'merge_install': False, 'path': '/home/nadim/project-GO2/src/unitree-go2-ros2/champ/champ_bringup', 'symlink_install': False, 'test_result_base': None}
[0.792s] INFO:colcon.colcon_core.executor:Executing jobs using 'parallel' executor
[0.795s] DEBUG:colcon.colcon_parallel_executor.executor.parallel:run_until_complete
[0.795s] INFO:colcon.colcon_ros.task.ament_cmake.build:Building ROS package in '/home/nadim/project-GO2/src/unitree-go2-ros2/champ/champ' with build type 'ament_cmake'
[0.795s] INFO:colcon.colcon_cmake.task.cmake.build:Building CMake package in '/home/nadim/project-GO2/src/unitree-go2-ros2/champ/champ'
[0.806s] INFO:colcon.colcon_core.plugin_system:Skipping extension 'colcon_core.shell.bat': Not used on non-Windows systems
[0.806s] INFO:colcon.colcon_core.shell:Skip shell extension 'powershell' for command environment: Not usable outside of PowerShell
[0.806s] DEBUG:colcon.colcon_core.shell:Skip shell extension 'dsv' for command environment
[0.808s] INFO:colcon.colcon_ros.task.ament_cmake.build:Building ROS package in '/home/nadim/project-GO2/src/unitree-go2-ros2/champ/champ_msgs' with build type 'ament_cmake'
[0.808s] INFO:colcon.colcon_cmake.task.cmake.build:Building CMake package in '/home/nadim/project-GO2/src/unitree-go2-ros2/champ/champ_msgs'
[0.809s] INFO:colcon.colcon_core.shell:Skip shell extension 'powershell' for command environment: Not usable outside of PowerShell
[0.809s] DEBUG:colcon.colcon_core.shell:Skip shell extension 'dsv' for command environment
[0.811s] INFO:colcon.colcon_ros.task.ament_cmake.build:Building ROS package in '/home/nadim/project-GO2/src/unitree-go2-ros2/champ/champ_description' with build type 'ament_cmake'
[0.811s] INFO:colcon.colcon_cmake.task.cmake.build:Building CMake package in '/home/nadim/project-GO2/src/unitree-go2-ros2/champ/champ_description'
[0.811s] INFO:colcon.colcon_core.shell:Skip shell extension 'powershell' for command environment: Not usable outside of PowerShell
[0.811s] DEBUG:colcon.colcon_core.shell:Skip shell extension 'dsv' for command environment
[0.813s] INFO:colcon.colcon_ros.task.ament_cmake.build:Building ROS package in '/home/nadim/project-GO2/src/unitree-go2-ros2/champ/champ_config' with build type 'ament_cmake'
[0.813s] INFO:colcon.colcon_cmake.task.cmake.build:Building CMake package in '/home/nadim/project-GO2/src/unitree-go2-ros2/champ/champ_config'
[0.813s] INFO:colcon.colcon_core.shell:Skip shell extension 'powershell' for command environment: Not usable outside of PowerShell
[0.813s] DEBUG:colcon.colcon_core.shell:Skip shell extension 'dsv' for command environment
[0.816s] INFO:colcon.colcon_ros.task.ament_cmake.build:Building ROS package in '/home/nadim/project-GO2/src/unitree-go2-ros2/champ/champ_navigation' with build type 'ament_cmake'
[0.816s] INFO:colcon.colcon_cmake.task.cmake.build:Building CMake package in '/home/nadim/project-GO2/src/unitree-go2-ros2/champ/champ_navigation'
[0.816s] INFO:colcon.colcon_core.shell:Skip shell extension 'powershell' for command environment: Not usable outside of PowerShell
[0.816s] DEBUG:colcon.colcon_core.shell:Skip shell extension 'dsv' for command environment
[0.822s] INFO:colcon.colcon_ros.task.ament_cmake.build:Building ROS package in '/home/nadim/project-GO2/src/unitree-go2-ros2/champ_teleop' with build type 'ament_cmake'
[0.823s] INFO:colcon.colcon_cmake.task.cmake.build:Building CMake package in '/home/nadim/project-GO2/src/unitree-go2-ros2/champ_teleop'
[0.823s] INFO:colcon.colcon_core.shell:Skip shell extension 'powershell' for command environment: Not usable outside of PowerShell
[0.823s] DEBUG:colcon.colcon_core.shell:Skip shell extension 'dsv' for command environment
[0.837s] DEBUG:colcon.colcon_core.event_handler.log_command:Invoking command in '/home/nadim/project-GO2/src/build/champ': /usr/bin/cmake /home/nadim/project-GO2/src/unitree-go2-ros2/champ/champ -DCMAKE_INSTALL_PREFIX=/home/nadim/project-GO2/src/install/champ
[0.847s] DEBUG:colcon.colcon_core.event_handler.log_command:Invoking command in '/home/nadim/project-GO2/src/build/champ_msgs': /usr/bin/cmake /home/nadim/project-GO2/src/unitree-go2-ros2/champ/champ_msgs -DCMAKE_INSTALL_PREFIX=/home/nadim/project-GO2/src/install/champ_msgs
[0.868s] DEBUG:colcon.colcon_core.event_handler.log_command:Invoking command in '/home/nadim/project-GO2/src/build/champ_description': /usr/bin/cmake /home/nadim/project-GO2/src/unitree-go2-ros2/champ/champ_description -DCMAKE_INSTALL_PREFIX=/home/nadim/project-GO2/src/install/champ_description
[0.889s] DEBUG:colcon.colcon_core.event_handler.log_command:Invoking command in '/home/nadim/project-GO2/src/build/champ_config': /usr/bin/cmake /home/nadim/project-GO2/src/unitree-go2-ros2/champ/champ_config -DCMAKE_INSTALL_PREFIX=/home/nadim/project-GO2/src/install/champ_config
[0.906s] DEBUG:colcon.colcon_core.event_handler.log_command:Invoking command in '/home/nadim/project-GO2/src/build/champ_navigation': /usr/bin/cmake /home/nadim/project-GO2/src/unitree-go2-ros2/champ/champ_navigation -DCMAKE_INSTALL_PREFIX=/home/nadim/project-GO2/src/install/champ_navigation
[0.913s] DEBUG:colcon.colcon_core.event_handler.log_command:Invoking command in '/home/nadim/project-GO2/src/build/champ_teleop': /usr/bin/cmake /home/nadim/project-GO2/src/unitree-go2-ros2/champ_teleop -DCMAKE_INSTALL_PREFIX=/home/nadim/project-GO2/src/install/champ_teleop
[1.830s] DEBUG:colcon.colcon_core.event_handler.log_command:Invoked command in '/home/nadim/project-GO2/src/build/champ_description' returned '1': /usr/bin/cmake /home/nadim/project-GO2/src/unitree-go2-ros2/champ/champ_description -DCMAKE_INSTALL_PREFIX=/home/nadim/project-GO2/src/install/champ_description
[1.834s] DEBUG:colcon.colcon_core.event_handler.log_command:Invoked command in '/home/nadim/project-GO2/src/build/champ_teleop' returned '1': /usr/bin/cmake /home/nadim/project-GO2/src/unitree-go2-ros2/champ_teleop -DCMAKE_INSTALL_PREFIX=/home/nadim/project-GO2/src/install/champ_teleop
[1.836s] DEBUG:colcon.colcon_core.event_handler.log_command:Invoked command in '/home/nadim/project-GO2/src/build/champ' returned '1': /usr/bin/cmake /home/nadim/project-GO2/src/unitree-go2-ros2/champ/champ -DCMAKE_INSTALL_PREFIX=/home/nadim/project-GO2/src/install/champ
[1.843s] DEBUG:colcon.colcon_core.event_handler.log_command:Invoked command in '/home/nadim/project-GO2/src/build/champ_config' returned '1': /usr/bin/cmake /home/nadim/project-GO2/src/unitree-go2-ros2/champ/champ_config -DCMAKE_INSTALL_PREFIX=/home/nadim/project-GO2/src/install/champ_config
[1.847s] DEBUG:colcon.colcon_core.event_handler.log_command:Invoked command in '/home/nadim/project-GO2/src/build/champ_msgs' returned '1': /usr/bin/cmake /home/nadim/project-GO2/src/unitree-go2-ros2/champ/champ_msgs -DCMAKE_INSTALL_PREFIX=/home/nadim/project-GO2/src/install/champ_msgs
[1.848s] Level 1:colcon.colcon_core.environment:create_environment_scripts_only(champ_description)
[1.868s] Level 1:colcon.colcon_core.environment:checking '/home/nadim/project-GO2/src/install/champ_description' for CMake module files
[1.868s] Level 1:colcon.colcon_core.environment:checking '/home/nadim/project-GO2/src/install/champ_description' for CMake config files
[1.869s] Level 1:colcon.colcon_core.environment:checking '/home/nadim/project-GO2/src/install/champ_description/bin'
[1.869s] Level 1:colcon.colcon_core.environment:checking '/home/nadim/project-GO2/src/install/champ_description/lib/pkgconfig/champ_description.pc'
[1.872s] Level 1:colcon.colcon_core.environment:checking '/home/nadim/project-GO2/src/install/champ_description/lib/python3.10/site-packages'
[1.872s] Level 1:colcon.colcon_core.environment:checking '/home/nadim/project-GO2/src/install/champ_description/bin'
[1.873s] INFO:colcon.colcon_core.shell:Creating package script '/home/nadim/project-GO2/src/install/champ_description/share/champ_description/package.ps1'
[1.875s] INFO:colcon.colcon_core.shell:Creating package descriptor '/home/nadim/project-GO2/src/install/champ_description/share/champ_description/package.dsv'
[1.876s] INFO:colcon.colcon_core.shell:Creating package script '/home/nadim/project-GO2/src/install/champ_description/share/champ_description/package.sh'
[1.877s] INFO:colcon.colcon_core.shell:Creating package script '/home/nadim/project-GO2/src/install/champ_description/share/champ_description/package.bash'
[1.879s] INFO:colcon.colcon_core.shell:Creating package script '/home/nadim/project-GO2/src/install/champ_description/share/champ_description/package.zsh'
[1.881s] Level 1:colcon.colcon_core.environment:create_file_with_runtime_dependencies(/home/nadim/project-GO2/src/install/champ_description/share/colcon-core/packages/champ_description)
[1.900s] DEBUG:colcon.colcon_parallel_executor.executor.parallel:closing loop
[1.900s] DEBUG:colcon.colcon_parallel_executor.executor.parallel:loop closed
[1.901s] DEBUG:colcon.colcon_parallel_executor.executor.parallel:run_until_complete finished with '1'
[1.901s] DEBUG:colcon.colcon_core.event_reactor:joining thread
[1.925s] INFO:colcon.colcon_core.plugin_system:Skipping extension 'colcon_notification.desktop_notification.terminal_notifier': Not used on non-Darwin systems
[1.926s] INFO:colcon.colcon_core.plugin_system:Skipping extension 'colcon_notification.desktop_notification.win32': Not used on non-Windows systems
[1.926s] INFO:colcon.colcon_notification.desktop_notification:Sending desktop notification using 'notify2'
[1.957s] DEBUG:colcon.colcon_core.event_reactor:joined thread
[1.957s] INFO:colcon.colcon_core.shell:Creating prefix script '/home/nadim/project-GO2/src/install/local_setup.ps1'
[1.959s] INFO:colcon.colcon_core.shell:Creating prefix util module '/home/nadim/project-GO2/src/install/_local_setup_util_ps1.py'
[1.962s] INFO:colcon.colcon_core.shell:Creating prefix chain script '/home/nadim/project-GO2/src/install/setup.ps1'
[1.964s] INFO:colcon.colcon_core.shell:Creating prefix script '/home/nadim/project-GO2/src/install/local_setup.sh'
[1.965s] INFO:colcon.colcon_core.shell:Creating prefix util module '/home/nadim/project-GO2/src/install/_local_setup_util_sh.py'
[1.966s] INFO:colcon.colcon_core.shell:Creating prefix chain script '/home/nadim/project-GO2/src/install/setup.sh'
[1.967s] INFO:colcon.colcon_core.shell:Creating prefix script '/home/nadim/project-GO2/src/install/local_setup.bash'
[1.968s] INFO:colcon.colcon_core.shell:Creating prefix chain script '/home/nadim/project-GO2/src/install/setup.bash'
[1.970s] INFO:colcon.colcon_core.shell:Creating prefix script '/home/nadim/project-GO2/src/install/local_setup.zsh'
[1.971s] INFO:colcon.colcon_core.shell:Creating prefix chain script '/home/nadim/project-GO2/src/install/setup.zsh'
