[0.018s] Invoking command in '/home/eagletn7/Downloads/project-GO2/build/champ_base': CMAKE_PREFIX_PATH=/home/eagletn7/Downloads/project-GO2/install/champ_msgs:/home/eagletn7/Downloads/project-GO2/install/champ:/home/eagletn7/Downloads/project-GO2/install/go2_description:/home/eagletn7/Downloads/project-GO2/install/go2_config:/home/eagletn7/Downloads/project-GO2/install/champ_teleop:/home/eagletn7/Downloads/project-GO2/install/champ_navigation:/home/eagletn7/Downloads/project-GO2/install/champ_gazebo:/home/eagletn7/Downloads/project-GO2/install/champ_bringup:/home/eagletn7/Downloads/project-GO2/install/champ_base:/home/eagletn7/Downloads/project-GO2/install/champ_description:/home/eagletn7/Downloads/project-GO2/install/champ_config:/home/eagletn7/Downloads/project-GO2/install/go2_simple_navigation:/opt/ros/humble CONDA_PROMPT_MODIFIER=(base) LD_LIBRARY_PATH=/home/eagletn7/Downloads/project-GO2/install/champ_msgs/lib:/home/eagletn7/Downloads/project-GO2/install/go2_config/lib:/home/eagletn7/Downloads/project-GO2/install/champ_base/lib:/usr/lib/x86_64-linux-gnu/gazebo-11/plugins:/opt/ros/humble/opt/rviz_ogre_vendor/lib:/opt/ros/humble/lib/x86_64-linux-gnu:/opt/ros/humble/lib /usr/bin/cmake --build /home/eagletn7/Downloads/project-GO2/build/champ_base -- -j12 -l12
[0.069s] [35m[1mConsolidate compiler generated dependencies of target message_relay[0m
[0.069s] [35m[1mConsolidate compiler generated dependencies of target quadruped_controller[0m
[0.071s] [35m[1mConsolidate compiler generated dependencies of target state_estimation[0m
[0.102s] [  8%] [32mBuilding CXX object CMakeFiles/quadruped_controller.dir/src/quadruped_controller.cpp.o[0m
[0.102s] [ 25%] [32mBuilding CXX object CMakeFiles/state_estimation.dir/src/state_estimation.cpp.o[0m
[0.102s] [ 25%] [32mBuilding CXX object CMakeFiles/message_relay.dir/src/message_relay.cpp.o[0m
[9.766s] [ 33%] [32m[1mLinking CXX shared library libquadruped_controller.so[0m
[10.390s] [ 33%] Built target quadruped_controller
[10.405s] [35m[1mConsolidate compiler generated dependencies of target quadruped_controller_node[0m
[10.426s] [ 41%] [32mBuilding CXX object CMakeFiles/quadruped_controller_node.dir/src/quadruped_controller_node.cpp.o[0m
[12.385s] [ 50%] [32m[1mLinking CXX shared library libmessage_relay.so[0m
[13.017s] [ 58%] [32m[1mLinking CXX executable quadruped_controller_node[0m
[13.071s] [ 58%] Built target message_relay
[13.085s] [35m[1mConsolidate compiler generated dependencies of target message_relay_node[0m
[13.103s] [ 66%] [32mBuilding CXX object CMakeFiles/message_relay_node.dir/src/message_relay_node.cpp.o[0m
[13.347s] [ 66%] Built target quadruped_controller_node
[14.052s] [ 75%] [32m[1mLinking CXX shared library libstate_estimation.so[0m
[14.828s] [ 75%] Built target state_estimation
[14.844s] [35m[1mConsolidate compiler generated dependencies of target state_estimation_node[0m
[14.866s] [ 83%] [32mBuilding CXX object CMakeFiles/state_estimation_node.dir/src/state_estimation_node.cpp.o[0m
[15.705s] [ 91%] [32m[1mLinking CXX executable message_relay_node[0m
[16.017s] [ 91%] Built target message_relay_node
[19.353s] [100%] [32m[1mLinking CXX executable state_estimation_node[0m
[19.675s] [100%] Built target state_estimation_node
[19.687s] Invoked command in '/home/eagletn7/Downloads/project-GO2/build/champ_base' returned '0': CMAKE_PREFIX_PATH=/home/eagletn7/Downloads/project-GO2/install/champ_msgs:/home/eagletn7/Downloads/project-GO2/install/champ:/home/eagletn7/Downloads/project-GO2/install/go2_description:/home/eagletn7/Downloads/project-GO2/install/go2_config:/home/eagletn7/Downloads/project-GO2/install/champ_teleop:/home/eagletn7/Downloads/project-GO2/install/champ_navigation:/home/eagletn7/Downloads/project-GO2/install/champ_gazebo:/home/eagletn7/Downloads/project-GO2/install/champ_bringup:/home/eagletn7/Downloads/project-GO2/install/champ_base:/home/eagletn7/Downloads/project-GO2/install/champ_description:/home/eagletn7/Downloads/project-GO2/install/champ_config:/home/eagletn7/Downloads/project-GO2/install/go2_simple_navigation:/opt/ros/humble CONDA_PROMPT_MODIFIER=(base) LD_LIBRARY_PATH=/home/eagletn7/Downloads/project-GO2/install/champ_msgs/lib:/home/eagletn7/Downloads/project-GO2/install/go2_config/lib:/home/eagletn7/Downloads/project-GO2/install/champ_base/lib:/usr/lib/x86_64-linux-gnu/gazebo-11/plugins:/opt/ros/humble/opt/rviz_ogre_vendor/lib:/opt/ros/humble/lib/x86_64-linux-gnu:/opt/ros/humble/lib /usr/bin/cmake --build /home/eagletn7/Downloads/project-GO2/build/champ_base -- -j12 -l12
[19.689s] Invoking command in '/home/eagletn7/Downloads/project-GO2/build/champ_base': CMAKE_PREFIX_PATH=/home/eagletn7/Downloads/project-GO2/install/champ_msgs:/home/eagletn7/Downloads/project-GO2/install/champ:/home/eagletn7/Downloads/project-GO2/install/go2_description:/home/eagletn7/Downloads/project-GO2/install/go2_config:/home/eagletn7/Downloads/project-GO2/install/champ_teleop:/home/eagletn7/Downloads/project-GO2/install/champ_navigation:/home/eagletn7/Downloads/project-GO2/install/champ_gazebo:/home/eagletn7/Downloads/project-GO2/install/champ_bringup:/home/eagletn7/Downloads/project-GO2/install/champ_base:/home/eagletn7/Downloads/project-GO2/install/champ_description:/home/eagletn7/Downloads/project-GO2/install/champ_config:/home/eagletn7/Downloads/project-GO2/install/go2_simple_navigation:/opt/ros/humble CONDA_PROMPT_MODIFIER=(base) LD_LIBRARY_PATH=/home/eagletn7/Downloads/project-GO2/install/champ_msgs/lib:/home/eagletn7/Downloads/project-GO2/install/go2_config/lib:/home/eagletn7/Downloads/project-GO2/install/champ_base/lib:/usr/lib/x86_64-linux-gnu/gazebo-11/plugins:/opt/ros/humble/opt/rviz_ogre_vendor/lib:/opt/ros/humble/lib/x86_64-linux-gnu:/opt/ros/humble/lib /usr/bin/cmake --install /home/eagletn7/Downloads/project-GO2/build/champ_base
[19.700s] -- Install configuration: ""
[19.700s] -- Up-to-date: /home/eagletn7/Downloads/project-GO2/install/champ_base/share/champ_base/config
[19.700s] -- Up-to-date: /home/eagletn7/Downloads/project-GO2/install/champ_base/share/champ_base/config/ekf
[19.700s] -- Up-to-date: /home/eagletn7/Downloads/project-GO2/install/champ_base/share/champ_base/config/ekf/footprint_to_odom.yaml
[19.700s] -- Up-to-date: /home/eagletn7/Downloads/project-GO2/install/champ_base/share/champ_base/config/ekf/base_to_footprint.yaml
[19.701s] -- Up-to-date: /home/eagletn7/Downloads/project-GO2/install/champ_base/share/champ_base/config/velocity_smoother
[19.701s] -- Up-to-date: /home/eagletn7/Downloads/project-GO2/install/champ_base/share/champ_base/config/velocity_smoother/velocity_smoother.yaml
[19.702s] -- Installing: /home/eagletn7/Downloads/project-GO2/install/champ_base/lib/libquadruped_controller.so
[19.712s] -- Set runtime path of "/home/eagletn7/Downloads/project-GO2/install/champ_base/lib/libquadruped_controller.so" to ""
[19.713s] -- Installing: /home/eagletn7/Downloads/project-GO2/install/champ_base/bin/quadruped_controller_node
[19.714s] -- Set runtime path of "/home/eagletn7/Downloads/project-GO2/install/champ_base/bin/quadruped_controller_node" to ""
[19.715s] -- Installing: /home/eagletn7/Downloads/project-GO2/install/champ_base/lib/libmessage_relay.so
[19.728s] -- Set runtime path of "/home/eagletn7/Downloads/project-GO2/install/champ_base/lib/libmessage_relay.so" to ""
[19.729s] -- Installing: /home/eagletn7/Downloads/project-GO2/install/champ_base/bin/message_relay_node
[19.730s] -- Set runtime path of "/home/eagletn7/Downloads/project-GO2/install/champ_base/bin/message_relay_node" to ""
[19.731s] -- Installing: /home/eagletn7/Downloads/project-GO2/install/champ_base/lib/libstate_estimation.so
[19.746s] -- Set runtime path of "/home/eagletn7/Downloads/project-GO2/install/champ_base/lib/libstate_estimation.so" to ""
[19.747s] -- Installing: /home/eagletn7/Downloads/project-GO2/install/champ_base/bin/state_estimation_node
[19.747s] -- Set runtime path of "/home/eagletn7/Downloads/project-GO2/install/champ_base/bin/state_estimation_node" to ""
[19.748s] -- Installing: /home/eagletn7/Downloads/project-GO2/install/champ_base/lib/champ_base/quadruped_controller_node
[19.749s] -- Set runtime path of "/home/eagletn7/Downloads/project-GO2/install/champ_base/lib/champ_base/quadruped_controller_node" to ""
[19.750s] -- Installing: /home/eagletn7/Downloads/project-GO2/install/champ_base/lib/champ_base/message_relay_node
[19.750s] -- Set runtime path of "/home/eagletn7/Downloads/project-GO2/install/champ_base/lib/champ_base/message_relay_node" to ""
[19.751s] -- Installing: /home/eagletn7/Downloads/project-GO2/install/champ_base/lib/champ_base/state_estimation_node
[19.751s] -- Set runtime path of "/home/eagletn7/Downloads/project-GO2/install/champ_base/lib/champ_base/state_estimation_node" to ""
[19.752s] -- Up-to-date: /home/eagletn7/Downloads/project-GO2/install/champ_base/share/ament_index/resource_index/package_run_dependencies/champ_base
[19.752s] -- Up-to-date: /home/eagletn7/Downloads/project-GO2/install/champ_base/share/ament_index/resource_index/parent_prefix_path/champ_base
[19.752s] -- Up-to-date: /home/eagletn7/Downloads/project-GO2/install/champ_base/share/champ_base/environment/ament_prefix_path.sh
[19.752s] -- Up-to-date: /home/eagletn7/Downloads/project-GO2/install/champ_base/share/champ_base/environment/ament_prefix_path.dsv
[19.752s] -- Up-to-date: /home/eagletn7/Downloads/project-GO2/install/champ_base/share/champ_base/environment/path.sh
[19.752s] -- Up-to-date: /home/eagletn7/Downloads/project-GO2/install/champ_base/share/champ_base/environment/path.dsv
[19.752s] -- Up-to-date: /home/eagletn7/Downloads/project-GO2/install/champ_base/share/champ_base/local_setup.bash
[19.752s] -- Up-to-date: /home/eagletn7/Downloads/project-GO2/install/champ_base/share/champ_base/local_setup.sh
[19.752s] -- Up-to-date: /home/eagletn7/Downloads/project-GO2/install/champ_base/share/champ_base/local_setup.zsh
[19.753s] -- Up-to-date: /home/eagletn7/Downloads/project-GO2/install/champ_base/share/champ_base/local_setup.dsv
[19.753s] -- Installing: /home/eagletn7/Downloads/project-GO2/install/champ_base/share/champ_base/package.dsv
[19.753s] -- Up-to-date: /home/eagletn7/Downloads/project-GO2/install/champ_base/share/ament_index/resource_index/packages/champ_base
[19.753s] -- Up-to-date: /home/eagletn7/Downloads/project-GO2/install/champ_base/share/champ_base/cmake/ament_cmake_export_include_directories-extras.cmake
[19.753s] -- Up-to-date: /home/eagletn7/Downloads/project-GO2/install/champ_base/share/champ_base/cmake/ament_cmake_export_dependencies-extras.cmake
[19.753s] -- Up-to-date: /home/eagletn7/Downloads/project-GO2/install/champ_base/share/champ_base/cmake/champ_baseConfig.cmake
[19.753s] -- Up-to-date: /home/eagletn7/Downloads/project-GO2/install/champ_base/share/champ_base/cmake/champ_baseConfig-version.cmake
[19.753s] -- Up-to-date: /home/eagletn7/Downloads/project-GO2/install/champ_base/share/champ_base/package.xml
[19.756s] Invoked command in '/home/eagletn7/Downloads/project-GO2/build/champ_base' returned '0': CMAKE_PREFIX_PATH=/home/eagletn7/Downloads/project-GO2/install/champ_msgs:/home/eagletn7/Downloads/project-GO2/install/champ:/home/eagletn7/Downloads/project-GO2/install/go2_description:/home/eagletn7/Downloads/project-GO2/install/go2_config:/home/eagletn7/Downloads/project-GO2/install/champ_teleop:/home/eagletn7/Downloads/project-GO2/install/champ_navigation:/home/eagletn7/Downloads/project-GO2/install/champ_gazebo:/home/eagletn7/Downloads/project-GO2/install/champ_bringup:/home/eagletn7/Downloads/project-GO2/install/champ_base:/home/eagletn7/Downloads/project-GO2/install/champ_description:/home/eagletn7/Downloads/project-GO2/install/champ_config:/home/eagletn7/Downloads/project-GO2/install/go2_simple_navigation:/opt/ros/humble CONDA_PROMPT_MODIFIER=(base) LD_LIBRARY_PATH=/home/eagletn7/Downloads/project-GO2/install/champ_msgs/lib:/home/eagletn7/Downloads/project-GO2/install/go2_config/lib:/home/eagletn7/Downloads/project-GO2/install/champ_base/lib:/usr/lib/x86_64-linux-gnu/gazebo-11/plugins:/opt/ros/humble/opt/rviz_ogre_vendor/lib:/opt/ros/humble/lib/x86_64-linux-gnu:/opt/ros/humble/lib /usr/bin/cmake --install /home/eagletn7/Downloads/project-GO2/build/champ_base
