[0.035s] Invoking command in '/home/eagletn7/Downloads/project-GO2/build/champ_msgs': CMAKE_PREFIX_PATH=${CMAKE_PREFIX_PATH}:/home/eagletn7/Downloads/project-GO2/install/go2_simple_navigation:/opt/ros/humble /usr/bin/cmake --build /home/eagletn7/Downloads/project-GO2/build/champ_msgs -- -j12 -l12
[0.081s] [35m[1mConsolidate compiler generated dependencies of target champ_msgs__rosidl_generator_c[0m
[0.095s] [  1%] Built target champ_msgs__cpp
[0.095s] [ 12%] Built target champ_msgs__rosidl_generator_c
[0.103s] [ 12%] Built target ament_cmake_python_copy_champ_msgs
[0.111s] [35m[1mConsolidate compiler generated dependencies of target champ_msgs__rosidl_typesupport_cpp[0m
[0.111s] [35m[1mConsolidate compiler generated dependencies of target champ_msgs__rosidl_typesupport_fastrtps_cpp[0m
[0.112s] [35m[1mConsolidate compiler generated dependencies of target champ_msgs__rosidl_typesupport_introspection_cpp[0m
[0.116s] [35m[1mConsolidate compiler generated dependencies of target champ_msgs__rosidl_typesupport_c[0m
[0.119s] [35m[1mConsolidate compiler generated dependencies of target champ_msgs__rosidl_typesupport_introspection_c[0m
[0.120s] [35m[1mConsolidate compiler generated dependencies of target champ_msgs__rosidl_typesupport_fastrtps_c[0m
[0.131s] [ 34%] Built target champ_msgs__rosidl_typesupport_c
[0.131s] [ 35%] Built target champ_msgs__rosidl_typesupport_cpp
[0.132s] [ 47%] Built target champ_msgs__rosidl_typesupport_introspection_cpp
[0.135s] [ 58%] Built target champ_msgs__rosidl_typesupport_fastrtps_cpp
[0.137s] [ 70%] Built target champ_msgs__rosidl_typesupport_introspection_c
[0.138s] [ 82%] Built target champ_msgs__rosidl_typesupport_fastrtps_c
[0.158s] [ 82%] Built target champ_msgs
[0.180s] [ 83%] Built target champ_msgs__py
[0.194s] [35m[1mConsolidate compiler generated dependencies of target champ_msgs__rosidl_generator_py[0m
[0.212s] [ 93%] Built target champ_msgs__rosidl_generator_py
[0.222s] [35m[1mConsolidate compiler generated dependencies of target champ_msgs__rosidl_typesupport_introspection_c__pyext[0m
[0.222s] [35m[1mConsolidate compiler generated dependencies of target champ_msgs__rosidl_typesupport_fastrtps_c__pyext[0m
[0.224s] [35m[1mConsolidate compiler generated dependencies of target champ_msgs__rosidl_typesupport_c__pyext[0m
[0.234s] [ 97%] Built target champ_msgs__rosidl_typesupport_introspection_c__pyext
[0.235s] [ 97%] Built target champ_msgs__rosidl_typesupport_fastrtps_c__pyext
[0.237s] [100%] Built target champ_msgs__rosidl_typesupport_c__pyext
[0.307s] running egg_info
[0.307s] writing champ_msgs.egg-info/PKG-INFO
[0.308s] writing dependency_links to champ_msgs.egg-info/dependency_links.txt
[0.308s] writing top-level names to champ_msgs.egg-info/top_level.txt
[0.309s] reading manifest file 'champ_msgs.egg-info/SOURCES.txt'
[0.310s] writing manifest file 'champ_msgs.egg-info/SOURCES.txt'
[0.333s] [100%] Built target ament_cmake_python_build_champ_msgs_egg
