[0.018s] Invoking command in '/home/eagletn7/Downloads/project-GO2/build/champ_bringup': CMAKE_PREFIX_PATH=/home/eagletn7/Downloads/project-GO2/install/champ_base:/home/eagletn7/Downloads/project-GO2/install/champ_msgs:/home/eagletn7/Downloads/project-GO2/install/champ_description:/home/eagletn7/Downloads/project-GO2/install/champ:/home/eagletn7/Downloads/project-GO2/install/go2_description:/home/eagletn7/Downloads/project-GO2/install/go2_config:/home/eagletn7/Downloads/project-GO2/install/champ_teleop:/home/eagletn7/Downloads/project-GO2/install/champ_navigation:/home/eagletn7/Downloads/project-GO2/install/champ_gazebo:/home/eagletn7/Downloads/project-GO2/install/champ_bringup:/home/eagletn7/Downloads/project-GO2/install/champ_config:/home/eagletn7/Downloads/project-GO2/install/go2_simple_navigation:/opt/ros/humble LD_LIBRARY_PATH=/home/eagletn7/Downloads/project-GO2/install/champ_base/lib:/home/eagletn7/Downloads/project-GO2/install/champ_msgs/lib:/usr/lib/x86_64-linux-gnu/gazebo-11/plugins:/home/eagletn7/Downloads/project-GO2/install/go2_config/lib:/opt/ros/humble/opt/rviz_ogre_vendor/lib:/opt/ros/humble/lib/x86_64-linux-gnu:/opt/ros/humble/lib PATH=/home/eagletn7/Downloads/project-GO2/install/champ_base/bin:/home/eagletn7/Downloads/project-GO2/install/champ_gazebo/bin:/opt/ros/humble/bin:/home/eagletn7/miniconda3/condabin:/usr/local/sbin:/usr/local/bin:/usr/sbin:/usr/bin:/sbin:/bin:/usr/games:/usr/local/games:/snap/bin:/snap/bin /usr/bin/cmake /home/eagletn7/Downloads/project-GO2/src/unitree-go2-ros2/champ/champ_bringup -DCMAKE_INSTALL_PREFIX=/home/eagletn7/Downloads/project-GO2/install/champ_bringup
[0.074s] -- The C compiler identification is GNU 11.4.0
[0.132s] -- The CXX compiler identification is GNU 11.4.0
[0.145s] -- Detecting C compiler ABI info
[0.230s] -- Detecting C compiler ABI info - done
[0.243s] -- Check for working C compiler: /usr/bin/cc - skipped
[0.243s] -- Detecting C compile features
[0.244s] -- Detecting C compile features - done
[0.249s] -- Detecting CXX compiler ABI info
[0.335s] -- Detecting CXX compiler ABI info - done
[0.348s] -- Check for working CXX compiler: /usr/bin/c++ - skipped
[0.349s] -- Detecting CXX compile features
[0.349s] -- Detecting CXX compile features - done
[0.356s] -- Found ament_cmake: 1.3.12 (/opt/ros/humble/share/ament_cmake/cmake)
[0.536s] -- Found Python3: /usr/bin/python3 (found version "3.10.12") found components: Interpreter 
[0.788s] -- Configuring done
[0.794s] -- Generating done
[0.798s] -- Build files have been written to: /home/eagletn7/Downloads/project-GO2/build/champ_bringup
[0.804s] Invoked command in '/home/eagletn7/Downloads/project-GO2/build/champ_bringup' returned '0': CMAKE_PREFIX_PATH=/home/eagletn7/Downloads/project-GO2/install/champ_base:/home/eagletn7/Downloads/project-GO2/install/champ_msgs:/home/eagletn7/Downloads/project-GO2/install/champ_description:/home/eagletn7/Downloads/project-GO2/install/champ:/home/eagletn7/Downloads/project-GO2/install/go2_description:/home/eagletn7/Downloads/project-GO2/install/go2_config:/home/eagletn7/Downloads/project-GO2/install/champ_teleop:/home/eagletn7/Downloads/project-GO2/install/champ_navigation:/home/eagletn7/Downloads/project-GO2/install/champ_gazebo:/home/eagletn7/Downloads/project-GO2/install/champ_bringup:/home/eagletn7/Downloads/project-GO2/install/champ_config:/home/eagletn7/Downloads/project-GO2/install/go2_simple_navigation:/opt/ros/humble LD_LIBRARY_PATH=/home/eagletn7/Downloads/project-GO2/install/champ_base/lib:/home/eagletn7/Downloads/project-GO2/install/champ_msgs/lib:/usr/lib/x86_64-linux-gnu/gazebo-11/plugins:/home/eagletn7/Downloads/project-GO2/install/go2_config/lib:/opt/ros/humble/opt/rviz_ogre_vendor/lib:/opt/ros/humble/lib/x86_64-linux-gnu:/opt/ros/humble/lib PATH=/home/eagletn7/Downloads/project-GO2/install/champ_base/bin:/home/eagletn7/Downloads/project-GO2/install/champ_gazebo/bin:/opt/ros/humble/bin:/home/eagletn7/miniconda3/condabin:/usr/local/sbin:/usr/local/bin:/usr/sbin:/usr/bin:/sbin:/bin:/usr/games:/usr/local/games:/snap/bin:/snap/bin /usr/bin/cmake /home/eagletn7/Downloads/project-GO2/src/unitree-go2-ros2/champ/champ_bringup -DCMAKE_INSTALL_PREFIX=/home/eagletn7/Downloads/project-GO2/install/champ_bringup
[0.806s] Invoking command in '/home/eagletn7/Downloads/project-GO2/build/champ_bringup': CMAKE_PREFIX_PATH=/home/eagletn7/Downloads/project-GO2/install/champ_base:/home/eagletn7/Downloads/project-GO2/install/champ_msgs:/home/eagletn7/Downloads/project-GO2/install/champ_description:/home/eagletn7/Downloads/project-GO2/install/champ:/home/eagletn7/Downloads/project-GO2/install/go2_description:/home/eagletn7/Downloads/project-GO2/install/go2_config:/home/eagletn7/Downloads/project-GO2/install/champ_teleop:/home/eagletn7/Downloads/project-GO2/install/champ_navigation:/home/eagletn7/Downloads/project-GO2/install/champ_gazebo:/home/eagletn7/Downloads/project-GO2/install/champ_bringup:/home/eagletn7/Downloads/project-GO2/install/champ_config:/home/eagletn7/Downloads/project-GO2/install/go2_simple_navigation:/opt/ros/humble LD_LIBRARY_PATH=/home/eagletn7/Downloads/project-GO2/install/champ_base/lib:/home/eagletn7/Downloads/project-GO2/install/champ_msgs/lib:/usr/lib/x86_64-linux-gnu/gazebo-11/plugins:/home/eagletn7/Downloads/project-GO2/install/go2_config/lib:/opt/ros/humble/opt/rviz_ogre_vendor/lib:/opt/ros/humble/lib/x86_64-linux-gnu:/opt/ros/humble/lib PATH=/home/eagletn7/Downloads/project-GO2/install/champ_base/bin:/home/eagletn7/Downloads/project-GO2/install/champ_gazebo/bin:/opt/ros/humble/bin:/home/eagletn7/miniconda3/condabin:/usr/local/sbin:/usr/local/bin:/usr/sbin:/usr/bin:/sbin:/bin:/usr/games:/usr/local/games:/snap/bin:/snap/bin /usr/bin/cmake --build /home/eagletn7/Downloads/project-GO2/build/champ_bringup -- -j12 -l12
[0.870s] Built target ament_cmake_python_copy_champ_bringup
[1.048s] running egg_info
[1.048s] creating champ_bringup.egg-info
[1.048s] writing champ_bringup.egg-info/PKG-INFO
[1.048s] writing dependency_links to champ_bringup.egg-info/dependency_links.txt
[1.048s] writing top-level names to champ_bringup.egg-info/top_level.txt
[1.048s] writing manifest file 'champ_bringup.egg-info/SOURCES.txt'
[1.050s] reading manifest file 'champ_bringup.egg-info/SOURCES.txt'
[1.050s] writing manifest file 'champ_bringup.egg-info/SOURCES.txt'
[1.072s] Built target ament_cmake_python_build_champ_bringup_egg
[1.086s] Invoked command in '/home/eagletn7/Downloads/project-GO2/build/champ_bringup' returned '0': CMAKE_PREFIX_PATH=/home/eagletn7/Downloads/project-GO2/install/champ_base:/home/eagletn7/Downloads/project-GO2/install/champ_msgs:/home/eagletn7/Downloads/project-GO2/install/champ_description:/home/eagletn7/Downloads/project-GO2/install/champ:/home/eagletn7/Downloads/project-GO2/install/go2_description:/home/eagletn7/Downloads/project-GO2/install/go2_config:/home/eagletn7/Downloads/project-GO2/install/champ_teleop:/home/eagletn7/Downloads/project-GO2/install/champ_navigation:/home/eagletn7/Downloads/project-GO2/install/champ_gazebo:/home/eagletn7/Downloads/project-GO2/install/champ_bringup:/home/eagletn7/Downloads/project-GO2/install/champ_config:/home/eagletn7/Downloads/project-GO2/install/go2_simple_navigation:/opt/ros/humble LD_LIBRARY_PATH=/home/eagletn7/Downloads/project-GO2/install/champ_base/lib:/home/eagletn7/Downloads/project-GO2/install/champ_msgs/lib:/usr/lib/x86_64-linux-gnu/gazebo-11/plugins:/home/eagletn7/Downloads/project-GO2/install/go2_config/lib:/opt/ros/humble/opt/rviz_ogre_vendor/lib:/opt/ros/humble/lib/x86_64-linux-gnu:/opt/ros/humble/lib PATH=/home/eagletn7/Downloads/project-GO2/install/champ_base/bin:/home/eagletn7/Downloads/project-GO2/install/champ_gazebo/bin:/opt/ros/humble/bin:/home/eagletn7/miniconda3/condabin:/usr/local/sbin:/usr/local/bin:/usr/sbin:/usr/bin:/sbin:/bin:/usr/games:/usr/local/games:/snap/bin:/snap/bin /usr/bin/cmake --build /home/eagletn7/Downloads/project-GO2/build/champ_bringup -- -j12 -l12
[1.088s] Invoking command in '/home/eagletn7/Downloads/project-GO2/build/champ_bringup': CMAKE_PREFIX_PATH=/home/eagletn7/Downloads/project-GO2/install/champ_base:/home/eagletn7/Downloads/project-GO2/install/champ_msgs:/home/eagletn7/Downloads/project-GO2/install/champ_description:/home/eagletn7/Downloads/project-GO2/install/champ:/home/eagletn7/Downloads/project-GO2/install/go2_description:/home/eagletn7/Downloads/project-GO2/install/go2_config:/home/eagletn7/Downloads/project-GO2/install/champ_teleop:/home/eagletn7/Downloads/project-GO2/install/champ_navigation:/home/eagletn7/Downloads/project-GO2/install/champ_gazebo:/home/eagletn7/Downloads/project-GO2/install/champ_bringup:/home/eagletn7/Downloads/project-GO2/install/champ_config:/home/eagletn7/Downloads/project-GO2/install/go2_simple_navigation:/opt/ros/humble LD_LIBRARY_PATH=/home/eagletn7/Downloads/project-GO2/install/champ_base/lib:/home/eagletn7/Downloads/project-GO2/install/champ_msgs/lib:/usr/lib/x86_64-linux-gnu/gazebo-11/plugins:/home/eagletn7/Downloads/project-GO2/install/go2_config/lib:/opt/ros/humble/opt/rviz_ogre_vendor/lib:/opt/ros/humble/lib/x86_64-linux-gnu:/opt/ros/humble/lib PATH=/home/eagletn7/Downloads/project-GO2/install/champ_base/bin:/home/eagletn7/Downloads/project-GO2/install/champ_gazebo/bin:/opt/ros/humble/bin:/home/eagletn7/miniconda3/condabin:/usr/local/sbin:/usr/local/bin:/usr/sbin:/usr/bin:/sbin:/bin:/usr/games:/usr/local/games:/snap/bin:/snap/bin /usr/bin/cmake --install /home/eagletn7/Downloads/project-GO2/build/champ_bringup
[1.098s] -- Install configuration: ""
[1.098s] -- Installing: /home/eagletn7/Downloads/project-GO2/install/champ_bringup/share/champ_bringup/launch
[1.098s] -- Installing: /home/eagletn7/Downloads/project-GO2/install/champ_bringup/share/champ_bringup/launch/bringup.launch.py
[1.099s] -- Installing: /home/eagletn7/Downloads/project-GO2/install/champ_bringup/share/champ_bringup/launch/joints_gui.launch
[1.099s] -- Installing: /home/eagletn7/Downloads/project-GO2/install/champ_bringup/share/champ_bringup/launch/joints_gui.launch.py
[1.099s] -- Installing: /home/eagletn7/Downloads/project-GO2/install/champ_bringup/share/champ_bringup/launch/include
[1.099s] -- Installing: /home/eagletn7/Downloads/project-GO2/install/champ_bringup/share/champ_bringup/launch/include/laser
[1.099s] -- Installing: /home/eagletn7/Downloads/project-GO2/install/champ_bringup/share/champ_bringup/launch/include/laser/sim.launch
[1.100s] -- Installing: /home/eagletn7/Downloads/project-GO2/install/champ_bringup/share/champ_bringup/launch/include/laser/xv11.launch
[1.100s] -- Installing: /home/eagletn7/Downloads/project-GO2/install/champ_bringup/share/champ_bringup/launch/include/laser/rplidar.launch
[1.100s] -- Installing: /home/eagletn7/Downloads/project-GO2/install/champ_bringup/share/champ_bringup/launch/include/laser/realsense.launch
[1.100s] -- Installing: /home/eagletn7/Downloads/project-GO2/install/champ_bringup/share/champ_bringup/launch/include/laser/sweep.launch
[1.100s] -- Installing: /home/eagletn7/Downloads/project-GO2/install/champ_bringup/share/champ_bringup/launch/include/laser/d435.launch
[1.101s] -- Installing: /home/eagletn7/Downloads/project-GO2/install/champ_bringup/share/champ_bringup/launch/include/laser/lms1xx.launch
[1.101s] -- Installing: /home/eagletn7/Downloads/project-GO2/install/champ_bringup/share/champ_bringup/launch/include/laser/ydlidar.launch
[1.101s] -- Installing: /home/eagletn7/Downloads/project-GO2/install/champ_bringup/share/champ_bringup/launch/include/laser/kinect.launch
[1.101s] -- Installing: /home/eagletn7/Downloads/project-GO2/install/champ_bringup/share/champ_bringup/launch/include/laser/hokuyo.launch
[1.101s] -- Installing: /home/eagletn7/Downloads/project-GO2/install/champ_bringup/share/champ_bringup/launch/include/velocity_smoother.launch
[1.101s] -- Installing: /home/eagletn7/Downloads/project-GO2/install/champ_bringup/share/champ_bringup/launch/bringup.launch
[1.102s] -- Installing: /home/eagletn7/Downloads/project-GO2/install/champ_bringup/share/champ_bringup/environment/pythonpath.sh
[1.102s] -- Installing: /home/eagletn7/Downloads/project-GO2/install/champ_bringup/share/champ_bringup/environment/pythonpath.dsv
[1.102s] -- Installing: /home/eagletn7/Downloads/project-GO2/install/champ_bringup/local/lib/python3.10/dist-packages/champ_bringup-0.1.0-py3.10.egg-info
[1.102s] -- Installing: /home/eagletn7/Downloads/project-GO2/install/champ_bringup/local/lib/python3.10/dist-packages/champ_bringup-0.1.0-py3.10.egg-info/PKG-INFO
[1.103s] -- Installing: /home/eagletn7/Downloads/project-GO2/install/champ_bringup/local/lib/python3.10/dist-packages/champ_bringup-0.1.0-py3.10.egg-info/SOURCES.txt
[1.103s] -- Installing: /home/eagletn7/Downloads/project-GO2/install/champ_bringup/local/lib/python3.10/dist-packages/champ_bringup-0.1.0-py3.10.egg-info/dependency_links.txt
[1.103s] -- Installing: /home/eagletn7/Downloads/project-GO2/install/champ_bringup/local/lib/python3.10/dist-packages/champ_bringup-0.1.0-py3.10.egg-info/top_level.txt
[1.103s] -- Installing: /home/eagletn7/Downloads/project-GO2/install/champ_bringup/local/lib/python3.10/dist-packages/champ_bringup
[1.103s] -- Installing: /home/eagletn7/Downloads/project-GO2/install/champ_bringup/local/lib/python3.10/dist-packages/champ_bringup/__init__.py
[1.103s] -- Installing: /home/eagletn7/Downloads/project-GO2/install/champ_bringup/local/lib/python3.10/dist-packages/champ_bringup/joint_calibrator_relay.py
[1.136s] Listing '/home/eagletn7/Downloads/project-GO2/install/champ_bringup/local/lib/python3.10/dist-packages/champ_bringup'...
[1.137s] Compiling '/home/eagletn7/Downloads/project-GO2/install/champ_bringup/local/lib/python3.10/dist-packages/champ_bringup/__init__.py'...
[1.137s] Compiling '/home/eagletn7/Downloads/project-GO2/install/champ_bringup/local/lib/python3.10/dist-packages/champ_bringup/joint_calibrator_relay.py'...
[1.140s] -- Installing: /home/eagletn7/Downloads/project-GO2/install/champ_bringup/lib/champ_bringup/joint_calibrator_relay.py
[1.140s] -- Installing: /home/eagletn7/Downloads/project-GO2/install/champ_bringup/share/ament_index/resource_index/package_run_dependencies/champ_bringup
[1.140s] -- Installing: /home/eagletn7/Downloads/project-GO2/install/champ_bringup/share/ament_index/resource_index/parent_prefix_path/champ_bringup
[1.141s] -- Installing: /home/eagletn7/Downloads/project-GO2/install/champ_bringup/share/champ_bringup/environment/ament_prefix_path.sh
[1.141s] -- Installing: /home/eagletn7/Downloads/project-GO2/install/champ_bringup/share/champ_bringup/environment/ament_prefix_path.dsv
[1.141s] -- Installing: /home/eagletn7/Downloads/project-GO2/install/champ_bringup/share/champ_bringup/environment/path.sh
[1.141s] -- Installing: /home/eagletn7/Downloads/project-GO2/install/champ_bringup/share/champ_bringup/environment/path.dsv
[1.141s] -- Installing: /home/eagletn7/Downloads/project-GO2/install/champ_bringup/share/champ_bringup/local_setup.bash
[1.142s] -- Installing: /home/eagletn7/Downloads/project-GO2/install/champ_bringup/share/champ_bringup/local_setup.sh
[1.142s] -- Installing: /home/eagletn7/Downloads/project-GO2/install/champ_bringup/share/champ_bringup/local_setup.zsh
[1.142s] -- Installing: /home/eagletn7/Downloads/project-GO2/install/champ_bringup/share/champ_bringup/local_setup.dsv
[1.142s] -- Installing: /home/eagletn7/Downloads/project-GO2/install/champ_bringup/share/champ_bringup/package.dsv
[1.142s] -- Installing: /home/eagletn7/Downloads/project-GO2/install/champ_bringup/share/ament_index/resource_index/packages/champ_bringup
[1.143s] -- Installing: /home/eagletn7/Downloads/project-GO2/install/champ_bringup/share/champ_bringup/cmake/champ_bringupConfig.cmake
[1.143s] -- Installing: /home/eagletn7/Downloads/project-GO2/install/champ_bringup/share/champ_bringup/cmake/champ_bringupConfig-version.cmake
[1.143s] -- Installing: /home/eagletn7/Downloads/project-GO2/install/champ_bringup/share/champ_bringup/package.xml
[1.146s] Invoked command in '/home/eagletn7/Downloads/project-GO2/build/champ_bringup' returned '0': CMAKE_PREFIX_PATH=/home/eagletn7/Downloads/project-GO2/install/champ_base:/home/eagletn7/Downloads/project-GO2/install/champ_msgs:/home/eagletn7/Downloads/project-GO2/install/champ_description:/home/eagletn7/Downloads/project-GO2/install/champ:/home/eagletn7/Downloads/project-GO2/install/go2_description:/home/eagletn7/Downloads/project-GO2/install/go2_config:/home/eagletn7/Downloads/project-GO2/install/champ_teleop:/home/eagletn7/Downloads/project-GO2/install/champ_navigation:/home/eagletn7/Downloads/project-GO2/install/champ_gazebo:/home/eagletn7/Downloads/project-GO2/install/champ_bringup:/home/eagletn7/Downloads/project-GO2/install/champ_config:/home/eagletn7/Downloads/project-GO2/install/go2_simple_navigation:/opt/ros/humble LD_LIBRARY_PATH=/home/eagletn7/Downloads/project-GO2/install/champ_base/lib:/home/eagletn7/Downloads/project-GO2/install/champ_msgs/lib:/usr/lib/x86_64-linux-gnu/gazebo-11/plugins:/home/eagletn7/Downloads/project-GO2/install/go2_config/lib:/opt/ros/humble/opt/rviz_ogre_vendor/lib:/opt/ros/humble/lib/x86_64-linux-gnu:/opt/ros/humble/lib PATH=/home/eagletn7/Downloads/project-GO2/install/champ_base/bin:/home/eagletn7/Downloads/project-GO2/install/champ_gazebo/bin:/opt/ros/humble/bin:/home/eagletn7/miniconda3/condabin:/usr/local/sbin:/usr/local/bin:/usr/sbin:/usr/bin:/sbin:/bin:/usr/games:/usr/local/games:/snap/bin:/snap/bin /usr/bin/cmake --install /home/eagletn7/Downloads/project-GO2/build/champ_bringup
