[  8%] [32mBuilding CXX object CMakeFiles/quadruped_controller.dir/src/quadruped_controller.cpp.o[0m
[ 16%] [32mBuilding CXX object CMakeFiles/state_estimation.dir/src/state_estimation.cpp.o[0m
[ 25%] [32mBuilding CXX object CMakeFiles/message_relay.dir/src/message_relay.cpp.o[0m
[ 33%] [32m[1mLinking CXX shared library libquadruped_controller.so[0m
[ 33%] Built target quadruped_controller
[ 41%] [32mBuilding CXX object CMakeFiles/quadruped_controller_node.dir/src/quadruped_controller_node.cpp.o[0m
[ 50%] [32m[1mLinking CXX shared library libmessage_relay.so[0m
[ 50%] Built target message_relay
[ 58%] [32mBuilding CXX object CMakeFiles/message_relay_node.dir/src/message_relay_node.cpp.o[0m
[ 66%] [32m[1mLinking CXX executable quadruped_controller_node[0m
[ 66%] Built target quadruped_controller_node
[ 75%] [32m[1mLinking CXX shared library libstate_estimation.so[0m
[ 75%] Built target state_estimation
[ 83%] [32mBuilding CXX object CMakeFiles/state_estimation_node.dir/src/state_estimation_node.cpp.o[0m
[ 91%] [32m[1mLinking CXX executable message_relay_node[0m
[ 91%] Built target message_relay_node
[100%] [32m[1mLinking CXX executable state_estimation_node[0m
[100%] Built target state_estimation_node
-- Install configuration: ""
-- Installing: /home/eagletn7/Downloads/project-GO2/install/champ_base/share/champ_base/config
-- Installing: /home/eagletn7/Downloads/project-GO2/install/champ_base/share/champ_base/config/ekf
-- Installing: /home/eagletn7/Downloads/project-GO2/install/champ_base/share/champ_base/config/ekf/footprint_to_odom.yaml
-- Installing: /home/eagletn7/Downloads/project-GO2/install/champ_base/share/champ_base/config/ekf/base_to_footprint.yaml
-- Installing: /home/eagletn7/Downloads/project-GO2/install/champ_base/share/champ_base/config/velocity_smoother
-- Installing: /home/eagletn7/Downloads/project-GO2/install/champ_base/share/champ_base/config/velocity_smoother/velocity_smoother.yaml
-- Installing: /home/eagletn7/Downloads/project-GO2/install/champ_base/lib/libquadruped_controller.so
-- Set runtime path of "/home/eagletn7/Downloads/project-GO2/install/champ_base/lib/libquadruped_controller.so" to ""
-- Installing: /home/eagletn7/Downloads/project-GO2/install/champ_base/bin/quadruped_controller_node
-- Set runtime path of "/home/eagletn7/Downloads/project-GO2/install/champ_base/bin/quadruped_controller_node" to ""
-- Installing: /home/eagletn7/Downloads/project-GO2/install/champ_base/lib/libmessage_relay.so
-- Set runtime path of "/home/eagletn7/Downloads/project-GO2/install/champ_base/lib/libmessage_relay.so" to ""
-- Installing: /home/eagletn7/Downloads/project-GO2/install/champ_base/bin/message_relay_node
-- Set runtime path of "/home/eagletn7/Downloads/project-GO2/install/champ_base/bin/message_relay_node" to ""
-- Installing: /home/eagletn7/Downloads/project-GO2/install/champ_base/lib/libstate_estimation.so
-- Set runtime path of "/home/eagletn7/Downloads/project-GO2/install/champ_base/lib/libstate_estimation.so" to ""
-- Installing: /home/eagletn7/Downloads/project-GO2/install/champ_base/bin/state_estimation_node
-- Set runtime path of "/home/eagletn7/Downloads/project-GO2/install/champ_base/bin/state_estimation_node" to ""
-- Installing: /home/eagletn7/Downloads/project-GO2/install/champ_base/lib/champ_base/quadruped_controller_node
-- Set runtime path of "/home/eagletn7/Downloads/project-GO2/install/champ_base/lib/champ_base/quadruped_controller_node" to ""
-- Installing: /home/eagletn7/Downloads/project-GO2/install/champ_base/lib/champ_base/message_relay_node
-- Set runtime path of "/home/eagletn7/Downloads/project-GO2/install/champ_base/lib/champ_base/message_relay_node" to ""
-- Installing: /home/eagletn7/Downloads/project-GO2/install/champ_base/lib/champ_base/state_estimation_node
-- Set runtime path of "/home/eagletn7/Downloads/project-GO2/install/champ_base/lib/champ_base/state_estimation_node" to ""
-- Installing: /home/eagletn7/Downloads/project-GO2/install/champ_base/share/ament_index/resource_index/package_run_dependencies/champ_base
-- Installing: /home/eagletn7/Downloads/project-GO2/install/champ_base/share/ament_index/resource_index/parent_prefix_path/champ_base
-- Installing: /home/eagletn7/Downloads/project-GO2/install/champ_base/share/champ_base/environment/ament_prefix_path.sh
-- Installing: /home/eagletn7/Downloads/project-GO2/install/champ_base/share/champ_base/environment/ament_prefix_path.dsv
-- Installing: /home/eagletn7/Downloads/project-GO2/install/champ_base/share/champ_base/environment/path.sh
-- Installing: /home/eagletn7/Downloads/project-GO2/install/champ_base/share/champ_base/environment/path.dsv
-- Installing: /home/eagletn7/Downloads/project-GO2/install/champ_base/share/champ_base/local_setup.bash
-- Installing: /home/eagletn7/Downloads/project-GO2/install/champ_base/share/champ_base/local_setup.sh
-- Installing: /home/eagletn7/Downloads/project-GO2/install/champ_base/share/champ_base/local_setup.zsh
-- Installing: /home/eagletn7/Downloads/project-GO2/install/champ_base/share/champ_base/local_setup.dsv
-- Installing: /home/eagletn7/Downloads/project-GO2/install/champ_base/share/champ_base/package.dsv
-- Installing: /home/eagletn7/Downloads/project-GO2/install/champ_base/share/ament_index/resource_index/packages/champ_base
-- Installing: /home/eagletn7/Downloads/project-GO2/install/champ_base/share/champ_base/cmake/ament_cmake_export_include_directories-extras.cmake
-- Installing: /home/eagletn7/Downloads/project-GO2/install/champ_base/share/champ_base/cmake/ament_cmake_export_dependencies-extras.cmake
-- Installing: /home/eagletn7/Downloads/project-GO2/install/champ_base/share/champ_base/cmake/champ_baseConfig.cmake
-- Installing: /home/eagletn7/Downloads/project-GO2/install/champ_base/share/champ_base/cmake/champ_baseConfig-version.cmake
-- Installing: /home/eagletn7/Downloads/project-GO2/install/champ_base/share/champ_base/package.xml
