[0.012s] Invoking command in '/home/eagletn7/Downloads/project-GO2/build/champ_base': CMAKE_PREFIX_PATH=/home/eagletn7/Downloads/project-GO2/install/champ_msgs:/home/eagletn7/Downloads/project-GO2/install/champ:/home/eagletn7/Downloads/project-GO2/install/go2_description:/home/eagletn7/Downloads/project-GO2/install/go2_config:/home/eagletn7/Downloads/project-GO2/install/champ_teleop:/home/eagletn7/Downloads/project-GO2/install/champ_navigation:/home/eagletn7/Downloads/project-GO2/install/champ_gazebo:/home/eagletn7/Downloads/project-GO2/install/champ_bringup:/home/eagletn7/Downloads/project-GO2/install/champ_base:/home/eagletn7/Downloads/project-GO2/install/champ_description:/home/eagletn7/Downloads/project-GO2/install/champ_config:/home/eagletn7/Downloads/project-GO2/install/go2_simple_navigation:/opt/ros/humble LD_LIBRARY_PATH=/home/eagletn7/Downloads/project-GO2/install/champ_msgs/lib:/usr/lib/x86_64-linux-gnu/gazebo-11/plugins:/home/eagletn7/Downloads/project-GO2/install/go2_config/lib:/home/eagletn7/Downloads/project-GO2/install/champ_base/lib:/opt/ros/humble/opt/rviz_ogre_vendor/lib:/opt/ros/humble/lib/x86_64-linux-gnu:/opt/ros/humble/lib /usr/bin/cmake --build /home/eagletn7/Downloads/project-GO2/build/champ_base -- -j12 -l12
[0.066s] [  8%] [32mBuilding CXX object CMakeFiles/quadruped_controller.dir/src/quadruped_controller.cpp.o[0m
[0.066s] [ 16%] [32mBuilding CXX object CMakeFiles/state_estimation.dir/src/state_estimation.cpp.o[0m
[0.066s] [ 25%] [32mBuilding CXX object CMakeFiles/message_relay.dir/src/message_relay.cpp.o[0m
[9.798s] [ 33%] [32m[1mLinking CXX shared library libquadruped_controller.so[0m
[10.368s] [ 33%] Built target quadruped_controller
[10.393s] [ 41%] [32mBuilding CXX object CMakeFiles/quadruped_controller_node.dir/src/quadruped_controller_node.cpp.o[0m
[11.978s] [ 50%] [32m[1mLinking CXX shared library libmessage_relay.so[0m
[12.658s] [ 50%] Built target message_relay
[12.684s] [ 58%] [32mBuilding CXX object CMakeFiles/message_relay_node.dir/src/message_relay_node.cpp.o[0m
[13.129s] [ 66%] [32m[1mLinking CXX executable quadruped_controller_node[0m
[13.393s] [ 66%] Built target quadruped_controller_node
[14.307s] [ 75%] [32m[1mLinking CXX shared library libstate_estimation.so[0m
[15.166s] [ 75%] Built target state_estimation
[15.190s] [ 83%] [32mBuilding CXX object CMakeFiles/state_estimation_node.dir/src/state_estimation_node.cpp.o[0m
[15.364s] [ 91%] [32m[1mLinking CXX executable message_relay_node[0m
[15.642s] [ 91%] Built target message_relay_node
[19.591s] [100%] [32m[1mLinking CXX executable state_estimation_node[0m
[19.902s] [100%] Built target state_estimation_node
[19.917s] Invoked command in '/home/eagletn7/Downloads/project-GO2/build/champ_base' returned '0': CMAKE_PREFIX_PATH=/home/eagletn7/Downloads/project-GO2/install/champ_msgs:/home/eagletn7/Downloads/project-GO2/install/champ:/home/eagletn7/Downloads/project-GO2/install/go2_description:/home/eagletn7/Downloads/project-GO2/install/go2_config:/home/eagletn7/Downloads/project-GO2/install/champ_teleop:/home/eagletn7/Downloads/project-GO2/install/champ_navigation:/home/eagletn7/Downloads/project-GO2/install/champ_gazebo:/home/eagletn7/Downloads/project-GO2/install/champ_bringup:/home/eagletn7/Downloads/project-GO2/install/champ_base:/home/eagletn7/Downloads/project-GO2/install/champ_description:/home/eagletn7/Downloads/project-GO2/install/champ_config:/home/eagletn7/Downloads/project-GO2/install/go2_simple_navigation:/opt/ros/humble LD_LIBRARY_PATH=/home/eagletn7/Downloads/project-GO2/install/champ_msgs/lib:/usr/lib/x86_64-linux-gnu/gazebo-11/plugins:/home/eagletn7/Downloads/project-GO2/install/go2_config/lib:/home/eagletn7/Downloads/project-GO2/install/champ_base/lib:/opt/ros/humble/opt/rviz_ogre_vendor/lib:/opt/ros/humble/lib/x86_64-linux-gnu:/opt/ros/humble/lib /usr/bin/cmake --build /home/eagletn7/Downloads/project-GO2/build/champ_base -- -j12 -l12
[19.919s] Invoking command in '/home/eagletn7/Downloads/project-GO2/build/champ_base': CMAKE_PREFIX_PATH=/home/eagletn7/Downloads/project-GO2/install/champ_msgs:/home/eagletn7/Downloads/project-GO2/install/champ:/home/eagletn7/Downloads/project-GO2/install/go2_description:/home/eagletn7/Downloads/project-GO2/install/go2_config:/home/eagletn7/Downloads/project-GO2/install/champ_teleop:/home/eagletn7/Downloads/project-GO2/install/champ_navigation:/home/eagletn7/Downloads/project-GO2/install/champ_gazebo:/home/eagletn7/Downloads/project-GO2/install/champ_bringup:/home/eagletn7/Downloads/project-GO2/install/champ_base:/home/eagletn7/Downloads/project-GO2/install/champ_description:/home/eagletn7/Downloads/project-GO2/install/champ_config:/home/eagletn7/Downloads/project-GO2/install/go2_simple_navigation:/opt/ros/humble LD_LIBRARY_PATH=/home/eagletn7/Downloads/project-GO2/install/champ_msgs/lib:/usr/lib/x86_64-linux-gnu/gazebo-11/plugins:/home/eagletn7/Downloads/project-GO2/install/go2_config/lib:/home/eagletn7/Downloads/project-GO2/install/champ_base/lib:/opt/ros/humble/opt/rviz_ogre_vendor/lib:/opt/ros/humble/lib/x86_64-linux-gnu:/opt/ros/humble/lib /usr/bin/cmake --install /home/eagletn7/Downloads/project-GO2/build/champ_base
[19.928s] -- Install configuration: ""
[19.928s] -- Installing: /home/eagletn7/Downloads/project-GO2/install/champ_base/share/champ_base/config
[19.929s] -- Installing: /home/eagletn7/Downloads/project-GO2/install/champ_base/share/champ_base/config/ekf
[19.929s] -- Installing: /home/eagletn7/Downloads/project-GO2/install/champ_base/share/champ_base/config/ekf/footprint_to_odom.yaml
[19.929s] -- Installing: /home/eagletn7/Downloads/project-GO2/install/champ_base/share/champ_base/config/ekf/base_to_footprint.yaml
[19.929s] -- Installing: /home/eagletn7/Downloads/project-GO2/install/champ_base/share/champ_base/config/velocity_smoother
[19.930s] -- Installing: /home/eagletn7/Downloads/project-GO2/install/champ_base/share/champ_base/config/velocity_smoother/velocity_smoother.yaml
[19.930s] -- Installing: /home/eagletn7/Downloads/project-GO2/install/champ_base/lib/libquadruped_controller.so
[19.943s] -- Set runtime path of "/home/eagletn7/Downloads/project-GO2/install/champ_base/lib/libquadruped_controller.so" to ""
[19.943s] -- Installing: /home/eagletn7/Downloads/project-GO2/install/champ_base/bin/quadruped_controller_node
[19.944s] -- Set runtime path of "/home/eagletn7/Downloads/project-GO2/install/champ_base/bin/quadruped_controller_node" to ""
[19.944s] -- Installing: /home/eagletn7/Downloads/project-GO2/install/champ_base/lib/libmessage_relay.so
[19.957s] -- Set runtime path of "/home/eagletn7/Downloads/project-GO2/install/champ_base/lib/libmessage_relay.so" to ""
[19.958s] -- Installing: /home/eagletn7/Downloads/project-GO2/install/champ_base/bin/message_relay_node
[19.958s] -- Set runtime path of "/home/eagletn7/Downloads/project-GO2/install/champ_base/bin/message_relay_node" to ""
[19.958s] -- Installing: /home/eagletn7/Downloads/project-GO2/install/champ_base/lib/libstate_estimation.so
[19.973s] -- Set runtime path of "/home/eagletn7/Downloads/project-GO2/install/champ_base/lib/libstate_estimation.so" to ""
[19.974s] -- Installing: /home/eagletn7/Downloads/project-GO2/install/champ_base/bin/state_estimation_node
[19.974s] -- Set runtime path of "/home/eagletn7/Downloads/project-GO2/install/champ_base/bin/state_estimation_node" to ""
[19.974s] -- Installing: /home/eagletn7/Downloads/project-GO2/install/champ_base/lib/champ_base/quadruped_controller_node
[19.975s] -- Set runtime path of "/home/eagletn7/Downloads/project-GO2/install/champ_base/lib/champ_base/quadruped_controller_node" to ""
[19.975s] -- Installing: /home/eagletn7/Downloads/project-GO2/install/champ_base/lib/champ_base/message_relay_node
[19.975s] -- Set runtime path of "/home/eagletn7/Downloads/project-GO2/install/champ_base/lib/champ_base/message_relay_node" to ""
[19.975s] -- Installing: /home/eagletn7/Downloads/project-GO2/install/champ_base/lib/champ_base/state_estimation_node
[19.976s] -- Set runtime path of "/home/eagletn7/Downloads/project-GO2/install/champ_base/lib/champ_base/state_estimation_node" to ""
[19.976s] -- Installing: /home/eagletn7/Downloads/project-GO2/install/champ_base/share/ament_index/resource_index/package_run_dependencies/champ_base
[19.976s] -- Installing: /home/eagletn7/Downloads/project-GO2/install/champ_base/share/ament_index/resource_index/parent_prefix_path/champ_base
[19.976s] -- Installing: /home/eagletn7/Downloads/project-GO2/install/champ_base/share/champ_base/environment/ament_prefix_path.sh
[19.976s] -- Installing: /home/eagletn7/Downloads/project-GO2/install/champ_base/share/champ_base/environment/ament_prefix_path.dsv
[19.976s] -- Installing: /home/eagletn7/Downloads/project-GO2/install/champ_base/share/champ_base/environment/path.sh
[19.976s] -- Installing: /home/eagletn7/Downloads/project-GO2/install/champ_base/share/champ_base/environment/path.dsv
[19.977s] -- Installing: /home/eagletn7/Downloads/project-GO2/install/champ_base/share/champ_base/local_setup.bash
[19.977s] -- Installing: /home/eagletn7/Downloads/project-GO2/install/champ_base/share/champ_base/local_setup.sh
[19.977s] -- Installing: /home/eagletn7/Downloads/project-GO2/install/champ_base/share/champ_base/local_setup.zsh
[19.977s] -- Installing: /home/eagletn7/Downloads/project-GO2/install/champ_base/share/champ_base/local_setup.dsv
[19.977s] -- Installing: /home/eagletn7/Downloads/project-GO2/install/champ_base/share/champ_base/package.dsv
[19.977s] -- Installing: /home/eagletn7/Downloads/project-GO2/install/champ_base/share/ament_index/resource_index/packages/champ_base
[19.977s] -- Installing: /home/eagletn7/Downloads/project-GO2/install/champ_base/share/champ_base/cmake/ament_cmake_export_include_directories-extras.cmake
[19.978s] -- Installing: /home/eagletn7/Downloads/project-GO2/install/champ_base/share/champ_base/cmake/ament_cmake_export_dependencies-extras.cmake
[19.978s] -- Installing: /home/eagletn7/Downloads/project-GO2/install/champ_base/share/champ_base/cmake/champ_baseConfig.cmake
[19.978s] -- Installing: /home/eagletn7/Downloads/project-GO2/install/champ_base/share/champ_base/cmake/champ_baseConfig-version.cmake
[19.978s] -- Installing: /home/eagletn7/Downloads/project-GO2/install/champ_base/share/champ_base/package.xml
[19.981s] Invoked command in '/home/eagletn7/Downloads/project-GO2/build/champ_base' returned '0': CMAKE_PREFIX_PATH=/home/eagletn7/Downloads/project-GO2/install/champ_msgs:/home/eagletn7/Downloads/project-GO2/install/champ:/home/eagletn7/Downloads/project-GO2/install/go2_description:/home/eagletn7/Downloads/project-GO2/install/go2_config:/home/eagletn7/Downloads/project-GO2/install/champ_teleop:/home/eagletn7/Downloads/project-GO2/install/champ_navigation:/home/eagletn7/Downloads/project-GO2/install/champ_gazebo:/home/eagletn7/Downloads/project-GO2/install/champ_bringup:/home/eagletn7/Downloads/project-GO2/install/champ_base:/home/eagletn7/Downloads/project-GO2/install/champ_description:/home/eagletn7/Downloads/project-GO2/install/champ_config:/home/eagletn7/Downloads/project-GO2/install/go2_simple_navigation:/opt/ros/humble LD_LIBRARY_PATH=/home/eagletn7/Downloads/project-GO2/install/champ_msgs/lib:/usr/lib/x86_64-linux-gnu/gazebo-11/plugins:/home/eagletn7/Downloads/project-GO2/install/go2_config/lib:/home/eagletn7/Downloads/project-GO2/install/champ_base/lib:/opt/ros/humble/opt/rviz_ogre_vendor/lib:/opt/ros/humble/lib/x86_64-linux-gnu:/opt/ros/humble/lib /usr/bin/cmake --install /home/eagletn7/Downloads/project-GO2/build/champ_base
