[1.091s] Invoking command in '/home/eagletn7/Downloads/project-GO2/src/go2_simple_navigation': CONDA_PROMPT_MODIFIER=(base) PYTHONPATH=/home/eagletn7/Downloads/project-GO2/build/go2_simple_navigation/prefix_override:/usr/lib/python3/dist-packages/colcon_core/task/python/colcon_distutils_commands:/home/eagletn7/Downloads/project-GO2/install/go2_simple_navigation/lib/python3.10/site-packages:${PYTHONPATH} /usr/bin/python3 -W ignore:setup.py install is deprecated -W ignore:easy_install command is deprecated setup.py egg_info --egg-base ../../build/go2_simple_navigation build --build-base /home/eagletn7/Downloads/project-GO2/build/go2_simple_navigation/build install --record /home/eagletn7/Downloads/project-GO2/build/go2_simple_navigation/install.log --single-version-externally-managed install_data
[1.375s] running egg_info
[1.375s] writing ../../build/go2_simple_navigation/go2_simple_navigation.egg-info/PKG-INFO
[1.378s] writing dependency_links to ../../build/go2_simple_navigation/go2_simple_navigation.egg-info/dependency_links.txt
[1.378s] writing entry points to ../../build/go2_simple_navigation/go2_simple_navigation.egg-info/entry_points.txt
[1.379s] writing requirements to ../../build/go2_simple_navigation/go2_simple_navigation.egg-info/requires.txt
[1.379s] writing top-level names to ../../build/go2_simple_navigation/go2_simple_navigation.egg-info/top_level.txt
[1.381s] reading manifest file '../../build/go2_simple_navigation/go2_simple_navigation.egg-info/SOURCES.txt'
[1.384s] writing manifest file '../../build/go2_simple_navigation/go2_simple_navigation.egg-info/SOURCES.txt'
[1.384s] running build
[1.384s] running build_py
[1.386s] running install
[1.386s] running install_lib
[1.391s] running install_data
[1.393s] running install_egg_info
[1.393s] removing '/home/eagletn7/Downloads/project-GO2/install/go2_simple_navigation/lib/python3.10/site-packages/go2_simple_navigation-0.0.0-py3.10.egg-info' (and everything under it)
[1.394s] Copying ../../build/go2_simple_navigation/go2_simple_navigation.egg-info to /home/eagletn7/Downloads/project-GO2/install/go2_simple_navigation/lib/python3.10/site-packages/go2_simple_navigation-0.0.0-py3.10.egg-info
[1.395s] running install_scripts
[1.418s] Installing avoid_dwb script to /home/eagletn7/Downloads/project-GO2/install/go2_simple_navigation/lib/go2_simple_navigation
[1.420s] Installing go2_simple_navigation_node script to /home/eagletn7/Downloads/project-GO2/install/go2_simple_navigation/lib/go2_simple_navigation
[1.420s] Installing simple_avoidance script to /home/eagletn7/Downloads/project-GO2/install/go2_simple_navigation/lib/go2_simple_navigation
[1.420s] Installing walk script to /home/eagletn7/Downloads/project-GO2/install/go2_simple_navigation/lib/go2_simple_navigation
[1.420s] writing list of installed files to '/home/eagletn7/Downloads/project-GO2/build/go2_simple_navigation/install.log'
[1.453s] Invoked command in '/home/eagletn7/Downloads/project-GO2/src/go2_simple_navigation' returned '0': CONDA_PROMPT_MODIFIER=(base) PYTHONPATH=/home/eagletn7/Downloads/project-GO2/build/go2_simple_navigation/prefix_override:/usr/lib/python3/dist-packages/colcon_core/task/python/colcon_distutils_commands:/home/eagletn7/Downloads/project-GO2/install/go2_simple_navigation/lib/python3.10/site-packages:${PYTHONPATH} /usr/bin/python3 -W ignore:setup.py install is deprecated -W ignore:easy_install command is deprecated setup.py egg_info --egg-base ../../build/go2_simple_navigation build --build-base /home/eagletn7/Downloads/project-GO2/build/go2_simple_navigation/build install --record /home/eagletn7/Downloads/project-GO2/build/go2_simple_navigation/install.log --single-version-externally-managed install_data
