[0.028s] Invoking command in '/home/eagletn7/Downloads/project-GO2/build/champ_msgs': CMAKE_PREFIX_PATH=${CMAKE_PREFIX_PATH}:/home/eagletn7/Downloads/project-GO2/install/go2_simple_navigation:/opt/ros/humble /usr/bin/cmake /home/eagletn7/Downloads/project-GO2/src/unitree-go2-ros2/champ/champ_msgs -DCMAKE_INSTALL_PREFIX=/home/eagletn7/Downloads/project-GO2/install/champ_msgs
[0.087s] -- The C compiler identification is GNU 11.4.0
[0.141s] -- The CXX compiler identification is GNU 11.4.0
[0.148s] -- Detecting C compiler ABI info
[0.224s] -- Detecting C compiler ABI info - done
[0.232s] -- Check for working C compiler: /usr/bin/cc - skipped
[0.233s] -- Detecting C compile features
[0.233s] -- Detecting C compile features - done
[0.237s] -- Detecting CXX compiler ABI info
[0.328s] -- Detecting CXX compiler ABI info - done
[0.337s] -- Check for working CXX compiler: /usr/bin/c++ - skipped
[0.337s] -- Detecting CXX compile features
[0.338s] -- Detecting CXX compile features - done
[0.340s] -- Found ament_cmake: 1.3.12 (/opt/ros/humble/share/ament_cmake/cmake)
[0.489s] -- Found Python3: /usr/bin/python3 (found version "3.10.12") found components: Interpreter 
[0.588s] -- Found rosidl_default_generators: 1.2.0 (/opt/ros/humble/share/rosidl_default_generators/cmake)
[0.591s] -- Using all available rosidl_typesupport_c: rosidl_typesupport_fastrtps_c;rosidl_typesupport_introspection_c
[0.599s] -- Found rosidl_adapter: 3.1.7 (/opt/ros/humble/share/rosidl_adapter/cmake)
[0.647s] -- Using all available rosidl_typesupport_cpp: rosidl_typesupport_fastrtps_cpp;rosidl_typesupport_introspection_cpp
[0.686s] -- Found std_msgs: 4.9.0 (/opt/ros/humble/share/std_msgs/cmake)
[0.712s] -- Found geometry_msgs: 4.9.0 (/opt/ros/humble/share/geometry_msgs/cmake)
[0.999s] -- Found ament_cmake_ros: 0.10.0 (/opt/ros/humble/share/ament_cmake_ros/cmake)
[1.261s] -- Using all available rosidl_typesupport_c: rosidl_typesupport_fastrtps_c;rosidl_typesupport_introspection_c
[1.666s] -- Using all available rosidl_typesupport_cpp: rosidl_typesupport_fastrtps_cpp;rosidl_typesupport_introspection_cpp
[1.686s] -- Found PythonInterp: /usr/bin/python3 (found suitable version "3.10.12", minimum required is "3.6") 
[1.689s] -- Found python_cmake_module: 0.10.0 (/opt/ros/humble/share/python_cmake_module/cmake)
[1.713s] -- Found PythonLibs: /usr/lib/x86_64-linux-gnu/libpython3.10.so (found suitable version "3.10.12", minimum required is "3.5") 
[1.714s] -- Using PYTHON_EXECUTABLE: /usr/bin/python3
[1.714s] -- Using PYTHON_INCLUDE_DIRS: /usr/include/python3.10
[1.714s] -- Using PYTHON_LIBRARIES: /usr/lib/x86_64-linux-gnu/libpython3.10.so
[1.737s] -- Found PythonExtra: .so  
[1.812s] -- Found ament_lint_auto: 0.12.14 (/opt/ros/humble/share/ament_lint_auto/cmake)
[1.821s] -- Configuring done
[1.863s] -- Generating done
[1.874s] -- Build files have been written to: /home/eagletn7/Downloads/project-GO2/build/champ_msgs
[1.880s] Invoked command in '/home/eagletn7/Downloads/project-GO2/build/champ_msgs' returned '0': CMAKE_PREFIX_PATH=${CMAKE_PREFIX_PATH}:/home/eagletn7/Downloads/project-GO2/install/go2_simple_navigation:/opt/ros/humble /usr/bin/cmake /home/eagletn7/Downloads/project-GO2/src/unitree-go2-ros2/champ/champ_msgs -DCMAKE_INSTALL_PREFIX=/home/eagletn7/Downloads/project-GO2/install/champ_msgs
[1.882s] Invoking command in '/home/eagletn7/Downloads/project-GO2/build/champ_msgs': CMAKE_PREFIX_PATH=${CMAKE_PREFIX_PATH}:/home/eagletn7/Downloads/project-GO2/install/go2_simple_navigation:/opt/ros/humble /usr/bin/cmake --build /home/eagletn7/Downloads/project-GO2/build/champ_msgs -- -j12 -l12
[1.932s] [  1%] [34m[1mGenerating C code for ROS interfaces[0m
[1.939s] [  2%] [34m[1mGenerating C++ code for ROS interfaces[0m
[1.947s] [  2%] Built target ament_cmake_python_copy_champ_msgs
[2.122s] running egg_info
[2.123s] creating champ_msgs.egg-info
[2.123s] writing champ_msgs.egg-info/PKG-INFO
[2.123s] writing dependency_links to champ_msgs.egg-info/dependency_links.txt
[2.123s] writing top-level names to champ_msgs.egg-info/top_level.txt
[2.123s] writing manifest file 'champ_msgs.egg-info/SOURCES.txt'
[2.124s] reading manifest file 'champ_msgs.egg-info/SOURCES.txt'
[2.125s] writing manifest file 'champ_msgs.egg-info/SOURCES.txt'
[2.147s] [  2%] Built target ament_cmake_python_build_champ_msgs_egg
[2.433s] [  2%] Built target champ_msgs__cpp
[2.442s] [  3%] [34m[1mGenerating C++ type support dispatch for ROS interfaces[0m
[2.445s] [  4%] [34m[1mGenerating C++ type support for eProsima Fast-RTPS[0m
[2.446s] [  5%] [34m[1mGenerating C++ introspection for ROS interfaces[0m
[2.478s] [  6%] [32mBuilding C object CMakeFiles/champ_msgs__rosidl_generator_c.dir/rosidl_generator_c/champ_msgs/msg/detail/pid__functions.c.o[0m
[2.479s] [  7%] [32mBuilding C object CMakeFiles/champ_msgs__rosidl_generator_c.dir/rosidl_generator_c/champ_msgs/msg/detail/contacts__functions.c.o[0m
[2.479s] [  8%] [32mBuilding C object CMakeFiles/champ_msgs__rosidl_generator_c.dir/rosidl_generator_c/champ_msgs/msg/detail/joints__functions.c.o[0m
[2.479s] [  9%] [32mBuilding C object CMakeFiles/champ_msgs__rosidl_generator_c.dir/rosidl_generator_c/champ_msgs/msg/detail/imu__functions.c.o[0m
[2.479s] [ 10%] [32mBuilding C object CMakeFiles/champ_msgs__rosidl_generator_c.dir/rosidl_generator_c/champ_msgs/msg/detail/contacts_stamped__functions.c.o[0m
[2.479s] [ 11%] [32mBuilding C object CMakeFiles/champ_msgs__rosidl_generator_c.dir/rosidl_generator_c/champ_msgs/msg/detail/velocities__functions.c.o[0m
[2.479s] [ 12%] [32mBuilding C object CMakeFiles/champ_msgs__rosidl_generator_c.dir/rosidl_generator_c/champ_msgs/msg/detail/pose__functions.c.o[0m
[2.481s] [ 13%] [32mBuilding C object CMakeFiles/champ_msgs__rosidl_generator_c.dir/rosidl_generator_c/champ_msgs/msg/detail/point__functions.c.o[0m
[2.483s] [ 14%] [32mBuilding C object CMakeFiles/champ_msgs__rosidl_generator_c.dir/rosidl_generator_c/champ_msgs/msg/detail/point_array__functions.c.o[0m
[2.545s] [ 15%] [32m[1mLinking C shared library libchamp_msgs__rosidl_generator_c.so[0m
[2.580s] [ 15%] Built target champ_msgs__rosidl_generator_c
[2.590s] [ 17%] [34m[1mGenerating C introspection for ROS interfaces[0m
[2.590s] [ 17%] [34m[1mGenerating C type support for eProsima Fast-RTPS[0m
[2.591s] [ 18%] [34m[1mGenerating C type support dispatch for ROS interfaces[0m
[2.783s] [ 20%] [32mBuilding CXX object CMakeFiles/champ_msgs__rosidl_typesupport_cpp.dir/rosidl_typesupport_cpp/champ_msgs/msg/joints__type_support.cpp.o[0m
[2.783s] [ 21%] [32mBuilding CXX object CMakeFiles/champ_msgs__rosidl_typesupport_cpp.dir/rosidl_typesupport_cpp/champ_msgs/msg/imu__type_support.cpp.o[0m
[2.783s] [ 23%] [32mBuilding CXX object CMakeFiles/champ_msgs__rosidl_typesupport_cpp.dir/rosidl_typesupport_cpp/champ_msgs/msg/contacts__type_support.cpp.o[0m
[2.783s] [ 23%] [32mBuilding CXX object CMakeFiles/champ_msgs__rosidl_typesupport_cpp.dir/rosidl_typesupport_cpp/champ_msgs/msg/velocities__type_support.cpp.o[0m
[2.783s] [ 24%] [32mBuilding CXX object CMakeFiles/champ_msgs__rosidl_typesupport_cpp.dir/rosidl_typesupport_cpp/champ_msgs/msg/point_array__type_support.cpp.o[0m
[2.783s] [ 25%] [32mBuilding CXX object CMakeFiles/champ_msgs__rosidl_typesupport_cpp.dir/rosidl_typesupport_cpp/champ_msgs/msg/pid__type_support.cpp.o[0m
[2.783s] [ 26%] [32mBuilding CXX object CMakeFiles/champ_msgs__rosidl_typesupport_cpp.dir/rosidl_typesupport_cpp/champ_msgs/msg/point__type_support.cpp.o[0m
[3.096s] [ 27%] [32mBuilding CXX object CMakeFiles/champ_msgs__rosidl_typesupport_introspection_cpp.dir/rosidl_typesupport_introspection_cpp/champ_msgs/msg/detail/velocities__type_support.cpp.o[0m
[3.109s] [ 29%] [32mBuilding CXX object CMakeFiles/champ_msgs__rosidl_typesupport_introspection_cpp.dir/rosidl_typesupport_introspection_cpp/champ_msgs/msg/detail/imu__type_support.cpp.o[0m
[3.109s] [ 29%] [32mBuilding CXX object CMakeFiles/champ_msgs__rosidl_typesupport_introspection_cpp.dir/rosidl_typesupport_introspection_cpp/champ_msgs/msg/detail/pid__type_support.cpp.o[0m
[3.123s] [ 30%] [32mBuilding CXX object CMakeFiles/champ_msgs__rosidl_typesupport_cpp.dir/rosidl_typesupport_cpp/champ_msgs/msg/contacts_stamped__type_support.cpp.o[0m
[3.133s] [ 31%] [32mBuilding CXX object CMakeFiles/champ_msgs__rosidl_typesupport_c.dir/rosidl_typesupport_c/champ_msgs/msg/velocities__type_support.cpp.o[0m
[3.134s] [ 32%] [32mBuilding CXX object CMakeFiles/champ_msgs__rosidl_typesupport_introspection_cpp.dir/rosidl_typesupport_introspection_cpp/champ_msgs/msg/detail/point_array__type_support.cpp.o[0m
[3.138s] [ 33%] [32mBuilding CXX object CMakeFiles/champ_msgs__rosidl_typesupport_introspection_cpp.dir/rosidl_typesupport_introspection_cpp/champ_msgs/msg/detail/point__type_support.cpp.o[0m
[3.150s] [ 34%] [32mBuilding CXX object CMakeFiles/champ_msgs__rosidl_typesupport_cpp.dir/rosidl_typesupport_cpp/champ_msgs/msg/pose__type_support.cpp.o[0m
[3.170s] [ 35%] [32mBuilding CXX object CMakeFiles/champ_msgs__rosidl_typesupport_c.dir/rosidl_typesupport_c/champ_msgs/msg/pid__type_support.cpp.o[0m
[3.174s] [ 36%] [32mBuilding CXX object CMakeFiles/champ_msgs__rosidl_typesupport_c.dir/rosidl_typesupport_c/champ_msgs/msg/imu__type_support.cpp.o[0m
[3.214s] [ 37%] [32mBuilding C object CMakeFiles/champ_msgs__rosidl_typesupport_introspection_c.dir/rosidl_typesupport_introspection_c/champ_msgs/msg/detail/velocities__type_support.c.o[0m
[3.220s] [ 38%] [32mBuilding CXX object CMakeFiles/champ_msgs__rosidl_typesupport_fastrtps_cpp.dir/rosidl_typesupport_fastrtps_cpp/champ_msgs/msg/detail/dds_fastrtps/velocities__type_support.cpp.o[0m
[3.226s] [ 40%] [32mBuilding C object CMakeFiles/champ_msgs__rosidl_typesupport_introspection_c.dir/rosidl_typesupport_introspection_c/champ_msgs/msg/detail/pid__type_support.c.o[0m
[3.227s] [ 41%] [32mBuilding CXX object CMakeFiles/champ_msgs__rosidl_typesupport_c.dir/rosidl_typesupport_c/champ_msgs/msg/point__type_support.cpp.o[0m
[3.258s] [ 42%] [32mBuilding C object CMakeFiles/champ_msgs__rosidl_typesupport_introspection_c.dir/rosidl_typesupport_introspection_c/champ_msgs/msg/detail/imu__type_support.c.o[0m
[3.265s] [ 43%] [32mBuilding CXX object CMakeFiles/champ_msgs__rosidl_typesupport_fastrtps_c.dir/rosidl_typesupport_fastrtps_c/champ_msgs/msg/detail/velocities__type_support_c.cpp.o[0m
[3.269s] [ 44%] [32mBuilding CXX object CMakeFiles/champ_msgs__rosidl_typesupport_c.dir/rosidl_typesupport_c/champ_msgs/msg/point_array__type_support.cpp.o[0m
[3.283s] [ 45%] [32mBuilding CXX object CMakeFiles/champ_msgs__rosidl_typesupport_c.dir/rosidl_typesupport_c/champ_msgs/msg/joints__type_support.cpp.o[0m
[3.315s] [ 46%] [32mBuilding C object CMakeFiles/champ_msgs__rosidl_typesupport_introspection_c.dir/rosidl_typesupport_introspection_c/champ_msgs/msg/detail/point__type_support.c.o[0m
[3.319s] [ 47%] [32mBuilding CXX object CMakeFiles/champ_msgs__rosidl_typesupport_fastrtps_cpp.dir/rosidl_typesupport_fastrtps_cpp/champ_msgs/msg/detail/dds_fastrtps/pid__type_support.cpp.o[0m
[3.346s] [ 48%] [32mBuilding CXX object CMakeFiles/champ_msgs__rosidl_typesupport_c.dir/rosidl_typesupport_c/champ_msgs/msg/contacts__type_support.cpp.o[0m
[3.363s] [ 49%] [32mBuilding C object CMakeFiles/champ_msgs__rosidl_typesupport_introspection_c.dir/rosidl_typesupport_introspection_c/champ_msgs/msg/detail/point_array__type_support.c.o[0m
[3.418s] [ 50%] [32mBuilding CXX object CMakeFiles/champ_msgs__rosidl_typesupport_c.dir/rosidl_typesupport_c/champ_msgs/msg/contacts_stamped__type_support.cpp.o[0m
[3.431s] [ 51%] [32mBuilding C object CMakeFiles/champ_msgs__rosidl_typesupport_introspection_c.dir/rosidl_typesupport_introspection_c/champ_msgs/msg/detail/joints__type_support.c.o[0m
[3.447s] [ 52%] [32mBuilding CXX object CMakeFiles/champ_msgs__rosidl_typesupport_c.dir/rosidl_typesupport_c/champ_msgs/msg/pose__type_support.cpp.o[0m
[3.465s] [ 53%] [32mBuilding CXX object CMakeFiles/champ_msgs__rosidl_typesupport_introspection_cpp.dir/rosidl_typesupport_introspection_cpp/champ_msgs/msg/detail/joints__type_support.cpp.o[0m
[3.466s] [ 54%] [32m[1mLinking CXX shared library libchamp_msgs__rosidl_typesupport_cpp.so[0m
[3.491s] [ 55%] [32m[1mLinking CXX shared library libchamp_msgs__rosidl_typesupport_c.so[0m
[3.499s] [ 56%] [32mBuilding C object CMakeFiles/champ_msgs__rosidl_typesupport_introspection_c.dir/rosidl_typesupport_introspection_c/champ_msgs/msg/detail/contacts__type_support.c.o[0m
[3.525s] [ 56%] Built target champ_msgs__rosidl_typesupport_cpp
[3.536s] [ 57%] [32mBuilding CXX object CMakeFiles/champ_msgs__rosidl_typesupport_fastrtps_c.dir/rosidl_typesupport_fastrtps_c/champ_msgs/msg/detail/pid__type_support_c.cpp.o[0m
[3.540s] [ 58%] [32mBuilding C object CMakeFiles/champ_msgs__rosidl_typesupport_introspection_c.dir/rosidl_typesupport_introspection_c/champ_msgs/msg/detail/contacts_stamped__type_support.c.o[0m
[3.540s] [ 60%] [32mBuilding CXX object CMakeFiles/champ_msgs__rosidl_typesupport_introspection_cpp.dir/rosidl_typesupport_introspection_cpp/champ_msgs/msg/detail/contacts__type_support.cpp.o[0m
[3.540s] [ 61%] [32mBuilding CXX object CMakeFiles/champ_msgs__rosidl_typesupport_fastrtps_cpp.dir/rosidl_typesupport_fastrtps_cpp/champ_msgs/msg/detail/dds_fastrtps/imu__type_support.cpp.o[0m
[3.543s] [ 62%] [32mBuilding CXX object CMakeFiles/champ_msgs__rosidl_typesupport_introspection_cpp.dir/rosidl_typesupport_introspection_cpp/champ_msgs/msg/detail/contacts_stamped__type_support.cpp.o[0m
[3.554s] [ 63%] [32mBuilding CXX object CMakeFiles/champ_msgs__rosidl_typesupport_introspection_cpp.dir/rosidl_typesupport_introspection_cpp/champ_msgs/msg/detail/pose__type_support.cpp.o[0m
[3.555s] [ 63%] Built target champ_msgs__rosidl_typesupport_c
[3.567s] [ 65%] [32mBuilding CXX object CMakeFiles/champ_msgs__rosidl_typesupport_fastrtps_cpp.dir/rosidl_typesupport_fastrtps_cpp/champ_msgs/msg/detail/dds_fastrtps/point__type_support.cpp.o[0m
[3.570s] [ 65%] [32mBuilding CXX object CMakeFiles/champ_msgs__rosidl_typesupport_fastrtps_c.dir/rosidl_typesupport_fastrtps_c/champ_msgs/msg/detail/imu__type_support_c.cpp.o[0m
[3.589s] [ 66%] [32mBuilding C object CMakeFiles/champ_msgs__rosidl_typesupport_introspection_c.dir/rosidl_typesupport_introspection_c/champ_msgs/msg/detail/pose__type_support.c.o[0m
[3.633s] [ 67%] [32m[1mLinking C shared library libchamp_msgs__rosidl_typesupport_introspection_c.so[0m
[3.674s] [ 68%] [32mBuilding CXX object CMakeFiles/champ_msgs__rosidl_typesupport_fastrtps_c.dir/rosidl_typesupport_fastrtps_c/champ_msgs/msg/detail/point__type_support_c.cpp.o[0m
[3.682s] [ 68%] Built target champ_msgs__rosidl_typesupport_introspection_c
[3.690s] [ 69%] [32mBuilding CXX object CMakeFiles/champ_msgs__rosidl_typesupport_fastrtps_cpp.dir/rosidl_typesupport_fastrtps_cpp/champ_msgs/msg/detail/dds_fastrtps/point_array__type_support.cpp.o[0m
[3.699s] [ 70%] [32mBuilding CXX object CMakeFiles/champ_msgs__rosidl_typesupport_fastrtps_c.dir/rosidl_typesupport_fastrtps_c/champ_msgs/msg/detail/point_array__type_support_c.cpp.o[0m
[3.768s] [ 71%] [32mBuilding CXX object CMakeFiles/champ_msgs__rosidl_typesupport_fastrtps_cpp.dir/rosidl_typesupport_fastrtps_cpp/champ_msgs/msg/detail/dds_fastrtps/joints__type_support.cpp.o[0m
[3.947s] [ 72%] [32mBuilding CXX object CMakeFiles/champ_msgs__rosidl_typesupport_fastrtps_c.dir/rosidl_typesupport_fastrtps_c/champ_msgs/msg/detail/joints__type_support_c.cpp.o[0m
[3.956s] [ 73%] [32mBuilding CXX object CMakeFiles/champ_msgs__rosidl_typesupport_fastrtps_c.dir/rosidl_typesupport_fastrtps_c/champ_msgs/msg/detail/contacts__type_support_c.cpp.o[0m
[3.980s] [ 74%] [32mBuilding CXX object CMakeFiles/champ_msgs__rosidl_typesupport_fastrtps_cpp.dir/rosidl_typesupport_fastrtps_cpp/champ_msgs/msg/detail/dds_fastrtps/contacts__type_support.cpp.o[0m
[4.003s] [ 75%] [32mBuilding CXX object CMakeFiles/champ_msgs__rosidl_typesupport_fastrtps_c.dir/rosidl_typesupport_fastrtps_c/champ_msgs/msg/detail/contacts_stamped__type_support_c.cpp.o[0m
[4.007s] [ 76%] [32mBuilding CXX object CMakeFiles/champ_msgs__rosidl_typesupport_fastrtps_cpp.dir/rosidl_typesupport_fastrtps_cpp/champ_msgs/msg/detail/dds_fastrtps/contacts_stamped__type_support.cpp.o[0m
[4.055s] [ 78%] [32mBuilding CXX object CMakeFiles/champ_msgs__rosidl_typesupport_fastrtps_cpp.dir/rosidl_typesupport_fastrtps_cpp/champ_msgs/msg/detail/dds_fastrtps/pose__type_support.cpp.o[0m
[4.055s] [ 78%] [32mBuilding CXX object CMakeFiles/champ_msgs__rosidl_typesupport_fastrtps_c.dir/rosidl_typesupport_fastrtps_c/champ_msgs/msg/detail/pose__type_support_c.cpp.o[0m
[4.065s] [ 80%] [32m[1mLinking CXX shared library libchamp_msgs__rosidl_typesupport_introspection_cpp.so[0m
[4.191s] [ 80%] Built target champ_msgs__rosidl_typesupport_introspection_cpp
[4.414s] [ 81%] [32m[1mLinking CXX shared library libchamp_msgs__rosidl_typesupport_fastrtps_c.so[0m
[4.438s] [ 82%] [32m[1mLinking CXX shared library libchamp_msgs__rosidl_typesupport_fastrtps_cpp.so[0m
[4.485s] [ 82%] Built target champ_msgs__rosidl_typesupport_fastrtps_c
[4.504s] [ 82%] Built target champ_msgs__rosidl_typesupport_fastrtps_cpp
[4.524s] [ 82%] Built target champ_msgs
[4.542s] [ 83%] [34m[1mGenerating Python code for ROS interfaces[0m
[5.271s] [ 83%] Built target champ_msgs__py
[5.291s] [ 85%] [32mBuilding C object CMakeFiles/champ_msgs__rosidl_generator_py.dir/rosidl_generator_py/champ_msgs/msg/_point_s.c.o[0m
[5.291s] [ 85%] [32mBuilding C object CMakeFiles/champ_msgs__rosidl_generator_py.dir/rosidl_generator_py/champ_msgs/msg/_imu_s.c.o[0m
[5.291s] [ 86%] [32mBuilding C object CMakeFiles/champ_msgs__rosidl_generator_py.dir/rosidl_generator_py/champ_msgs/msg/_velocities_s.c.o[0m
[5.291s] [ 87%] [32mBuilding C object CMakeFiles/champ_msgs__rosidl_generator_py.dir/rosidl_generator_py/champ_msgs/msg/_pid_s.c.o[0m
[5.291s] [ 89%] [32mBuilding C object CMakeFiles/champ_msgs__rosidl_generator_py.dir/rosidl_generator_py/champ_msgs/msg/_point_array_s.c.o[0m
[5.291s] [ 89%] [32mBuilding C object CMakeFiles/champ_msgs__rosidl_generator_py.dir/rosidl_generator_py/champ_msgs/msg/_joints_s.c.o[0m
[5.292s] [ 91%] [32mBuilding C object CMakeFiles/champ_msgs__rosidl_generator_py.dir/rosidl_generator_py/champ_msgs/msg/_contacts_s.c.o[0m
[5.292s] [ 91%] [32mBuilding C object CMakeFiles/champ_msgs__rosidl_generator_py.dir/rosidl_generator_py/champ_msgs/msg/_contacts_stamped_s.c.o[0m
[5.292s] [ 92%] [32mBuilding C object CMakeFiles/champ_msgs__rosidl_generator_py.dir/rosidl_generator_py/champ_msgs/msg/_pose_s.c.o[0m
[5.412s] [ 93%] [32m[1mLinking C shared library rosidl_generator_py/champ_msgs/libchamp_msgs__rosidl_generator_py.so[0m
[5.450s] [ 93%] Built target champ_msgs__rosidl_generator_py
[5.468s] [ 95%] [32mBuilding C object CMakeFiles/champ_msgs__rosidl_typesupport_c__pyext.dir/rosidl_generator_py/champ_msgs/_champ_msgs_s.ep.rosidl_typesupport_c.c.o[0m
[5.468s] [ 95%] [32mBuilding C object CMakeFiles/champ_msgs__rosidl_typesupport_fastrtps_c__pyext.dir/rosidl_generator_py/champ_msgs/_champ_msgs_s.ep.rosidl_typesupport_fastrtps_c.c.o[0m
[5.478s] [ 96%] [32mBuilding C object CMakeFiles/champ_msgs__rosidl_typesupport_introspection_c__pyext.dir/rosidl_generator_py/champ_msgs/_champ_msgs_s.ep.rosidl_typesupport_introspection_c.c.o[0m
[5.573s] [ 98%] [32m[1mLinking C shared library rosidl_generator_py/champ_msgs/champ_msgs_s__rosidl_typesupport_fastrtps_c.cpython-310-x86_64-linux-gnu.so[0m
[5.573s] [ 98%] [32m[1mLinking C shared library rosidl_generator_py/champ_msgs/champ_msgs_s__rosidl_typesupport_c.cpython-310-x86_64-linux-gnu.so[0m
[5.587s] [100%] [32m[1mLinking C shared library rosidl_generator_py/champ_msgs/champ_msgs_s__rosidl_typesupport_introspection_c.cpython-310-x86_64-linux-gnu.so[0m
[5.611s] [100%] Built target champ_msgs__rosidl_typesupport_c__pyext
[5.611s] [100%] Built target champ_msgs__rosidl_typesupport_fastrtps_c__pyext
[5.627s] [100%] Built target champ_msgs__rosidl_typesupport_introspection_c__pyext
[5.639s] Invoked command in '/home/eagletn7/Downloads/project-GO2/build/champ_msgs' returned '0': CMAKE_PREFIX_PATH=${CMAKE_PREFIX_PATH}:/home/eagletn7/Downloads/project-GO2/install/go2_simple_navigation:/opt/ros/humble /usr/bin/cmake --build /home/eagletn7/Downloads/project-GO2/build/champ_msgs -- -j12 -l12
[5.641s] Invoking command in '/home/eagletn7/Downloads/project-GO2/build/champ_msgs': CMAKE_PREFIX_PATH=${CMAKE_PREFIX_PATH}:/home/eagletn7/Downloads/project-GO2/install/go2_simple_navigation:/opt/ros/humble /usr/bin/cmake --install /home/eagletn7/Downloads/project-GO2/build/champ_msgs
[5.647s] -- Install configuration: ""
[5.647s] -- Installing: /home/eagletn7/Downloads/project-GO2/install/champ_msgs/share/ament_index/resource_index/rosidl_interfaces/champ_msgs
[5.647s] -- Installing: /home/eagletn7/Downloads/project-GO2/install/champ_msgs/include/champ_msgs/champ_msgs
[5.647s] -- Installing: /home/eagletn7/Downloads/project-GO2/install/champ_msgs/include/champ_msgs/champ_msgs/msg
[5.647s] -- Installing: /home/eagletn7/Downloads/project-GO2/install/champ_msgs/include/champ_msgs/champ_msgs/msg/contacts.h
[5.648s] -- Installing: /home/eagletn7/Downloads/project-GO2/install/champ_msgs/include/champ_msgs/champ_msgs/msg/contacts_stamped.h
[5.648s] -- Installing: /home/eagletn7/Downloads/project-GO2/install/champ_msgs/include/champ_msgs/champ_msgs/msg/joints.h
[5.648s] -- Installing: /home/eagletn7/Downloads/project-GO2/install/champ_msgs/include/champ_msgs/champ_msgs/msg/detail
[5.648s] -- Installing: /home/eagletn7/Downloads/project-GO2/install/champ_msgs/include/champ_msgs/champ_msgs/msg/detail/pid__struct.h
[5.648s] -- Installing: /home/eagletn7/Downloads/project-GO2/install/champ_msgs/include/champ_msgs/champ_msgs/msg/detail/imu__struct.h
[5.648s] -- Installing: /home/eagletn7/Downloads/project-GO2/install/champ_msgs/include/champ_msgs/champ_msgs/msg/detail/pose__struct.h
[5.648s] -- Installing: /home/eagletn7/Downloads/project-GO2/install/champ_msgs/include/champ_msgs/champ_msgs/msg/detail/point__functions.c
[5.648s] -- Installing: /home/eagletn7/Downloads/project-GO2/install/champ_msgs/include/champ_msgs/champ_msgs/msg/detail/point__type_support.h
[5.648s] -- Installing: /home/eagletn7/Downloads/project-GO2/install/champ_msgs/include/champ_msgs/champ_msgs/msg/detail/contacts__type_support.h
[5.649s] -- Installing: /home/eagletn7/Downloads/project-GO2/install/champ_msgs/include/champ_msgs/champ_msgs/msg/detail/pose__type_support.h
[5.649s] -- Installing: /home/eagletn7/Downloads/project-GO2/install/champ_msgs/include/champ_msgs/champ_msgs/msg/detail/pid__type_support.h
[5.649s] -- Installing: /home/eagletn7/Downloads/project-GO2/install/champ_msgs/include/champ_msgs/champ_msgs/msg/detail/contacts_stamped__functions.c
[5.649s] -- Installing: /home/eagletn7/Downloads/project-GO2/install/champ_msgs/include/champ_msgs/champ_msgs/msg/detail/contacts__struct.h
[5.649s] -- Installing: /home/eagletn7/Downloads/project-GO2/install/champ_msgs/include/champ_msgs/champ_msgs/msg/detail/contacts_stamped__struct.h
[5.649s] -- Installing: /home/eagletn7/Downloads/project-GO2/install/champ_msgs/include/champ_msgs/champ_msgs/msg/detail/pid__functions.c
[5.649s] -- Installing: /home/eagletn7/Downloads/project-GO2/install/champ_msgs/include/champ_msgs/champ_msgs/msg/detail/point__functions.h
[5.649s] -- Installing: /home/eagletn7/Downloads/project-GO2/install/champ_msgs/include/champ_msgs/champ_msgs/msg/detail/contacts__functions.c
[5.650s] -- Installing: /home/eagletn7/Downloads/project-GO2/install/champ_msgs/include/champ_msgs/champ_msgs/msg/detail/joints__struct.h
[5.650s] -- Installing: /home/eagletn7/Downloads/project-GO2/install/champ_msgs/include/champ_msgs/champ_msgs/msg/detail/point_array__functions.c
[5.650s] -- Installing: /home/eagletn7/Downloads/project-GO2/install/champ_msgs/include/champ_msgs/champ_msgs/msg/detail/contacts_stamped__functions.h
[5.650s] -- Installing: /home/eagletn7/Downloads/project-GO2/install/champ_msgs/include/champ_msgs/champ_msgs/msg/detail/joints__type_support.h
[5.650s] -- Installing: /home/eagletn7/Downloads/project-GO2/install/champ_msgs/include/champ_msgs/champ_msgs/msg/detail/point_array__type_support.h
[5.650s] -- Installing: /home/eagletn7/Downloads/project-GO2/install/champ_msgs/include/champ_msgs/champ_msgs/msg/detail/imu__type_support.h
[5.650s] -- Installing: /home/eagletn7/Downloads/project-GO2/install/champ_msgs/include/champ_msgs/champ_msgs/msg/detail/contacts__functions.h
[5.650s] -- Installing: /home/eagletn7/Downloads/project-GO2/install/champ_msgs/include/champ_msgs/champ_msgs/msg/detail/contacts_stamped__type_support.h
[5.651s] -- Installing: /home/eagletn7/Downloads/project-GO2/install/champ_msgs/include/champ_msgs/champ_msgs/msg/detail/pose__functions.c
[5.651s] -- Installing: /home/eagletn7/Downloads/project-GO2/install/champ_msgs/include/champ_msgs/champ_msgs/msg/detail/point_array__struct.h
[5.651s] -- Installing: /home/eagletn7/Downloads/project-GO2/install/champ_msgs/include/champ_msgs/champ_msgs/msg/detail/point_array__functions.h
[5.651s] -- Installing: /home/eagletn7/Downloads/project-GO2/install/champ_msgs/include/champ_msgs/champ_msgs/msg/detail/imu__functions.h
[5.651s] -- Installing: /home/eagletn7/Downloads/project-GO2/install/champ_msgs/include/champ_msgs/champ_msgs/msg/detail/pose__functions.h
[5.651s] -- Installing: /home/eagletn7/Downloads/project-GO2/install/champ_msgs/include/champ_msgs/champ_msgs/msg/detail/imu__functions.c
[5.651s] -- Installing: /home/eagletn7/Downloads/project-GO2/install/champ_msgs/include/champ_msgs/champ_msgs/msg/detail/velocities__functions.c
[5.651s] -- Installing: /home/eagletn7/Downloads/project-GO2/install/champ_msgs/include/champ_msgs/champ_msgs/msg/detail/pid__functions.h
[5.652s] -- Installing: /home/eagletn7/Downloads/project-GO2/install/champ_msgs/include/champ_msgs/champ_msgs/msg/detail/velocities__struct.h
[5.652s] -- Installing: /home/eagletn7/Downloads/project-GO2/install/champ_msgs/include/champ_msgs/champ_msgs/msg/detail/velocities__type_support.h
[5.652s] -- Installing: /home/eagletn7/Downloads/project-GO2/install/champ_msgs/include/champ_msgs/champ_msgs/msg/detail/joints__functions.c
[5.652s] -- Installing: /home/eagletn7/Downloads/project-GO2/install/champ_msgs/include/champ_msgs/champ_msgs/msg/detail/point__struct.h
[5.652s] -- Installing: /home/eagletn7/Downloads/project-GO2/install/champ_msgs/include/champ_msgs/champ_msgs/msg/detail/joints__functions.h
[5.652s] -- Installing: /home/eagletn7/Downloads/project-GO2/install/champ_msgs/include/champ_msgs/champ_msgs/msg/detail/velocities__functions.h
[5.652s] -- Installing: /home/eagletn7/Downloads/project-GO2/install/champ_msgs/include/champ_msgs/champ_msgs/msg/pose.h
[5.652s] -- Installing: /home/eagletn7/Downloads/project-GO2/install/champ_msgs/include/champ_msgs/champ_msgs/msg/rosidl_generator_c__visibility_control.h
[5.653s] -- Installing: /home/eagletn7/Downloads/project-GO2/install/champ_msgs/include/champ_msgs/champ_msgs/msg/pid.h
[5.653s] -- Installing: /home/eagletn7/Downloads/project-GO2/install/champ_msgs/include/champ_msgs/champ_msgs/msg/imu.h
[5.653s] -- Installing: /home/eagletn7/Downloads/project-GO2/install/champ_msgs/include/champ_msgs/champ_msgs/msg/point.h
[5.653s] -- Installing: /home/eagletn7/Downloads/project-GO2/install/champ_msgs/include/champ_msgs/champ_msgs/msg/point_array.h
[5.653s] -- Installing: /home/eagletn7/Downloads/project-GO2/install/champ_msgs/include/champ_msgs/champ_msgs/msg/velocities.h
[5.653s] -- Installing: /home/eagletn7/Downloads/project-GO2/install/champ_msgs/share/champ_msgs/environment/library_path.sh
[5.653s] -- Installing: /home/eagletn7/Downloads/project-GO2/install/champ_msgs/share/champ_msgs/environment/library_path.dsv
[5.654s] -- Installing: /home/eagletn7/Downloads/project-GO2/install/champ_msgs/lib/libchamp_msgs__rosidl_generator_c.so
[5.654s] -- Set runtime path of "/home/eagletn7/Downloads/project-GO2/install/champ_msgs/lib/libchamp_msgs__rosidl_generator_c.so" to ""
[5.654s] -- Up-to-date: /home/eagletn7/Downloads/project-GO2/install/champ_msgs/include/champ_msgs/champ_msgs
[5.654s] -- Up-to-date: /home/eagletn7/Downloads/project-GO2/install/champ_msgs/include/champ_msgs/champ_msgs/msg
[5.654s] -- Up-to-date: /home/eagletn7/Downloads/project-GO2/install/champ_msgs/include/champ_msgs/champ_msgs/msg/detail
[5.654s] -- Installing: /home/eagletn7/Downloads/project-GO2/install/champ_msgs/include/champ_msgs/champ_msgs/msg/detail/pid__rosidl_typesupport_fastrtps_c.h
[5.654s] -- Installing: /home/eagletn7/Downloads/project-GO2/install/champ_msgs/include/champ_msgs/champ_msgs/msg/detail/contacts_stamped__rosidl_typesupport_fastrtps_c.h
[5.655s] -- Installing: /home/eagletn7/Downloads/project-GO2/install/champ_msgs/include/champ_msgs/champ_msgs/msg/detail/velocities__rosidl_typesupport_fastrtps_c.h
[5.655s] -- Installing: /home/eagletn7/Downloads/project-GO2/install/champ_msgs/include/champ_msgs/champ_msgs/msg/detail/point_array__rosidl_typesupport_fastrtps_c.h
[5.655s] -- Installing: /home/eagletn7/Downloads/project-GO2/install/champ_msgs/include/champ_msgs/champ_msgs/msg/detail/point__rosidl_typesupport_fastrtps_c.h
[5.655s] -- Installing: /home/eagletn7/Downloads/project-GO2/install/champ_msgs/include/champ_msgs/champ_msgs/msg/detail/pose__rosidl_typesupport_fastrtps_c.h
[5.655s] -- Installing: /home/eagletn7/Downloads/project-GO2/install/champ_msgs/include/champ_msgs/champ_msgs/msg/detail/imu__rosidl_typesupport_fastrtps_c.h
[5.655s] -- Installing: /home/eagletn7/Downloads/project-GO2/install/champ_msgs/include/champ_msgs/champ_msgs/msg/detail/contacts__rosidl_typesupport_fastrtps_c.h
[5.655s] -- Installing: /home/eagletn7/Downloads/project-GO2/install/champ_msgs/include/champ_msgs/champ_msgs/msg/detail/joints__rosidl_typesupport_fastrtps_c.h
[5.655s] -- Installing: /home/eagletn7/Downloads/project-GO2/install/champ_msgs/include/champ_msgs/champ_msgs/msg/rosidl_typesupport_fastrtps_c__visibility_control.h
[5.655s] -- Installing: /home/eagletn7/Downloads/project-GO2/install/champ_msgs/lib/libchamp_msgs__rosidl_typesupport_fastrtps_c.so
[5.656s] -- Set runtime path of "/home/eagletn7/Downloads/project-GO2/install/champ_msgs/lib/libchamp_msgs__rosidl_typesupport_fastrtps_c.so" to ""
[5.656s] -- Up-to-date: /home/eagletn7/Downloads/project-GO2/install/champ_msgs/include/champ_msgs/champ_msgs
[5.656s] -- Up-to-date: /home/eagletn7/Downloads/project-GO2/install/champ_msgs/include/champ_msgs/champ_msgs/msg
[5.656s] -- Installing: /home/eagletn7/Downloads/project-GO2/install/champ_msgs/include/champ_msgs/champ_msgs/msg/rosidl_typesupport_introspection_c__visibility_control.h
[5.656s] -- Up-to-date: /home/eagletn7/Downloads/project-GO2/install/champ_msgs/include/champ_msgs/champ_msgs/msg/detail
[5.656s] -- Installing: /home/eagletn7/Downloads/project-GO2/install/champ_msgs/include/champ_msgs/champ_msgs/msg/detail/point__type_support.c
[5.656s] -- Installing: /home/eagletn7/Downloads/project-GO2/install/champ_msgs/include/champ_msgs/champ_msgs/msg/detail/imu__rosidl_typesupport_introspection_c.h
[5.656s] -- Installing: /home/eagletn7/Downloads/project-GO2/install/champ_msgs/include/champ_msgs/champ_msgs/msg/detail/joints__rosidl_typesupport_introspection_c.h
[5.657s] -- Installing: /home/eagletn7/Downloads/project-GO2/install/champ_msgs/include/champ_msgs/champ_msgs/msg/detail/pid__type_support.c
[5.657s] -- Installing: /home/eagletn7/Downloads/project-GO2/install/champ_msgs/include/champ_msgs/champ_msgs/msg/detail/joints__type_support.c
[5.657s] -- Installing: /home/eagletn7/Downloads/project-GO2/install/champ_msgs/include/champ_msgs/champ_msgs/msg/detail/pid__rosidl_typesupport_introspection_c.h
[5.657s] -- Installing: /home/eagletn7/Downloads/project-GO2/install/champ_msgs/include/champ_msgs/champ_msgs/msg/detail/point_array__type_support.c
[5.657s] -- Installing: /home/eagletn7/Downloads/project-GO2/install/champ_msgs/include/champ_msgs/champ_msgs/msg/detail/velocities__type_support.c
[5.657s] -- Installing: /home/eagletn7/Downloads/project-GO2/install/champ_msgs/include/champ_msgs/champ_msgs/msg/detail/contacts__type_support.c
[5.657s] -- Installing: /home/eagletn7/Downloads/project-GO2/install/champ_msgs/include/champ_msgs/champ_msgs/msg/detail/pose__type_support.c
[5.657s] -- Installing: /home/eagletn7/Downloads/project-GO2/install/champ_msgs/include/champ_msgs/champ_msgs/msg/detail/velocities__rosidl_typesupport_introspection_c.h
[5.657s] -- Installing: /home/eagletn7/Downloads/project-GO2/install/champ_msgs/include/champ_msgs/champ_msgs/msg/detail/contacts__rosidl_typesupport_introspection_c.h
[5.657s] -- Installing: /home/eagletn7/Downloads/project-GO2/install/champ_msgs/include/champ_msgs/champ_msgs/msg/detail/point_array__rosidl_typesupport_introspection_c.h
[5.658s] -- Installing: /home/eagletn7/Downloads/project-GO2/install/champ_msgs/include/champ_msgs/champ_msgs/msg/detail/point__rosidl_typesupport_introspection_c.h
[5.658s] -- Installing: /home/eagletn7/Downloads/project-GO2/install/champ_msgs/include/champ_msgs/champ_msgs/msg/detail/contacts_stamped__rosidl_typesupport_introspection_c.h
[5.658s] -- Installing: /home/eagletn7/Downloads/project-GO2/install/champ_msgs/include/champ_msgs/champ_msgs/msg/detail/pose__rosidl_typesupport_introspection_c.h
[5.658s] -- Installing: /home/eagletn7/Downloads/project-GO2/install/champ_msgs/include/champ_msgs/champ_msgs/msg/detail/imu__type_support.c
[5.658s] -- Installing: /home/eagletn7/Downloads/project-GO2/install/champ_msgs/include/champ_msgs/champ_msgs/msg/detail/contacts_stamped__type_support.c
[5.658s] -- Installing: /home/eagletn7/Downloads/project-GO2/install/champ_msgs/lib/libchamp_msgs__rosidl_typesupport_introspection_c.so
[5.659s] -- Set runtime path of "/home/eagletn7/Downloads/project-GO2/install/champ_msgs/lib/libchamp_msgs__rosidl_typesupport_introspection_c.so" to ""
[5.659s] -- Installing: /home/eagletn7/Downloads/project-GO2/install/champ_msgs/lib/libchamp_msgs__rosidl_typesupport_c.so
[5.659s] -- Set runtime path of "/home/eagletn7/Downloads/project-GO2/install/champ_msgs/lib/libchamp_msgs__rosidl_typesupport_c.so" to ""
[5.659s] -- Up-to-date: /home/eagletn7/Downloads/project-GO2/install/champ_msgs/include/champ_msgs/champ_msgs
[5.659s] -- Up-to-date: /home/eagletn7/Downloads/project-GO2/install/champ_msgs/include/champ_msgs/champ_msgs/msg
[5.659s] -- Installing: /home/eagletn7/Downloads/project-GO2/install/champ_msgs/include/champ_msgs/champ_msgs/msg/imu.hpp
[5.659s] -- Up-to-date: /home/eagletn7/Downloads/project-GO2/install/champ_msgs/include/champ_msgs/champ_msgs/msg/detail
[5.659s] -- Installing: /home/eagletn7/Downloads/project-GO2/install/champ_msgs/include/champ_msgs/champ_msgs/msg/detail/joints__type_support.hpp
[5.660s] -- Installing: /home/eagletn7/Downloads/project-GO2/install/champ_msgs/include/champ_msgs/champ_msgs/msg/detail/point_array__struct.hpp
[5.660s] -- Installing: /home/eagletn7/Downloads/project-GO2/install/champ_msgs/include/champ_msgs/champ_msgs/msg/detail/point_array__traits.hpp
[5.660s] -- Installing: /home/eagletn7/Downloads/project-GO2/install/champ_msgs/include/champ_msgs/champ_msgs/msg/detail/pose__struct.hpp
[5.660s] -- Installing: /home/eagletn7/Downloads/project-GO2/install/champ_msgs/include/champ_msgs/champ_msgs/msg/detail/contacts_stamped__traits.hpp
[5.660s] -- Installing: /home/eagletn7/Downloads/project-GO2/install/champ_msgs/include/champ_msgs/champ_msgs/msg/detail/imu__traits.hpp
[5.660s] -- Installing: /home/eagletn7/Downloads/project-GO2/install/champ_msgs/include/champ_msgs/champ_msgs/msg/detail/point__traits.hpp
[5.660s] -- Installing: /home/eagletn7/Downloads/project-GO2/install/champ_msgs/include/champ_msgs/champ_msgs/msg/detail/pid__traits.hpp
[5.660s] -- Installing: /home/eagletn7/Downloads/project-GO2/install/champ_msgs/include/champ_msgs/champ_msgs/msg/detail/pid__builder.hpp
[5.660s] -- Installing: /home/eagletn7/Downloads/project-GO2/install/champ_msgs/include/champ_msgs/champ_msgs/msg/detail/joints__traits.hpp
[5.661s] -- Installing: /home/eagletn7/Downloads/project-GO2/install/champ_msgs/include/champ_msgs/champ_msgs/msg/detail/joints__struct.hpp
[5.661s] -- Installing: /home/eagletn7/Downloads/project-GO2/install/champ_msgs/include/champ_msgs/champ_msgs/msg/detail/point__type_support.hpp
[5.661s] -- Installing: /home/eagletn7/Downloads/project-GO2/install/champ_msgs/include/champ_msgs/champ_msgs/msg/detail/contacts_stamped__builder.hpp
[5.661s] -- Installing: /home/eagletn7/Downloads/project-GO2/install/champ_msgs/include/champ_msgs/champ_msgs/msg/detail/point__builder.hpp
[5.661s] -- Installing: /home/eagletn7/Downloads/project-GO2/install/champ_msgs/include/champ_msgs/champ_msgs/msg/detail/contacts__builder.hpp
[5.661s] -- Installing: /home/eagletn7/Downloads/project-GO2/install/champ_msgs/include/champ_msgs/champ_msgs/msg/detail/contacts__traits.hpp
[5.661s] -- Installing: /home/eagletn7/Downloads/project-GO2/install/champ_msgs/include/champ_msgs/champ_msgs/msg/detail/velocities__type_support.hpp
[5.661s] -- Installing: /home/eagletn7/Downloads/project-GO2/install/champ_msgs/include/champ_msgs/champ_msgs/msg/detail/pose__traits.hpp
[5.662s] -- Installing: /home/eagletn7/Downloads/project-GO2/install/champ_msgs/include/champ_msgs/champ_msgs/msg/detail/imu__struct.hpp
[5.662s] -- Installing: /home/eagletn7/Downloads/project-GO2/install/champ_msgs/include/champ_msgs/champ_msgs/msg/detail/pose__type_support.hpp
[5.662s] -- Installing: /home/eagletn7/Downloads/project-GO2/install/champ_msgs/include/champ_msgs/champ_msgs/msg/detail/point_array__type_support.hpp
[5.662s] -- Installing: /home/eagletn7/Downloads/project-GO2/install/champ_msgs/include/champ_msgs/champ_msgs/msg/detail/contacts__struct.hpp
[5.662s] -- Installing: /home/eagletn7/Downloads/project-GO2/install/champ_msgs/include/champ_msgs/champ_msgs/msg/detail/joints__builder.hpp
[5.662s] -- Installing: /home/eagletn7/Downloads/project-GO2/install/champ_msgs/include/champ_msgs/champ_msgs/msg/detail/velocities__builder.hpp
[5.662s] -- Installing: /home/eagletn7/Downloads/project-GO2/install/champ_msgs/include/champ_msgs/champ_msgs/msg/detail/velocities__struct.hpp
[5.663s] -- Installing: /home/eagletn7/Downloads/project-GO2/install/champ_msgs/include/champ_msgs/champ_msgs/msg/detail/contacts_stamped__type_support.hpp
[5.663s] -- Installing: /home/eagletn7/Downloads/project-GO2/install/champ_msgs/include/champ_msgs/champ_msgs/msg/detail/velocities__traits.hpp
[5.663s] -- Installing: /home/eagletn7/Downloads/project-GO2/install/champ_msgs/include/champ_msgs/champ_msgs/msg/detail/point__struct.hpp
[5.663s] -- Installing: /home/eagletn7/Downloads/project-GO2/install/champ_msgs/include/champ_msgs/champ_msgs/msg/detail/imu__type_support.hpp
[5.663s] -- Installing: /home/eagletn7/Downloads/project-GO2/install/champ_msgs/include/champ_msgs/champ_msgs/msg/detail/contacts_stamped__struct.hpp
[5.663s] -- Installing: /home/eagletn7/Downloads/project-GO2/install/champ_msgs/include/champ_msgs/champ_msgs/msg/detail/pose__builder.hpp
[5.664s] -- Installing: /home/eagletn7/Downloads/project-GO2/install/champ_msgs/include/champ_msgs/champ_msgs/msg/detail/imu__builder.hpp
[5.664s] -- Installing: /home/eagletn7/Downloads/project-GO2/install/champ_msgs/include/champ_msgs/champ_msgs/msg/detail/pid__struct.hpp
[5.664s] -- Installing: /home/eagletn7/Downloads/project-GO2/install/champ_msgs/include/champ_msgs/champ_msgs/msg/detail/point_array__builder.hpp
[5.664s] -- Installing: /home/eagletn7/Downloads/project-GO2/install/champ_msgs/include/champ_msgs/champ_msgs/msg/detail/pid__type_support.hpp
[5.664s] -- Installing: /home/eagletn7/Downloads/project-GO2/install/champ_msgs/include/champ_msgs/champ_msgs/msg/detail/contacts__type_support.hpp
[5.664s] -- Installing: /home/eagletn7/Downloads/project-GO2/install/champ_msgs/include/champ_msgs/champ_msgs/msg/joints.hpp
[5.664s] -- Installing: /home/eagletn7/Downloads/project-GO2/install/champ_msgs/include/champ_msgs/champ_msgs/msg/pid.hpp
[5.664s] -- Installing: /home/eagletn7/Downloads/project-GO2/install/champ_msgs/include/champ_msgs/champ_msgs/msg/rosidl_generator_cpp__visibility_control.hpp
[5.665s] -- Installing: /home/eagletn7/Downloads/project-GO2/install/champ_msgs/include/champ_msgs/champ_msgs/msg/contacts_stamped.hpp
[5.665s] -- Installing: /home/eagletn7/Downloads/project-GO2/install/champ_msgs/include/champ_msgs/champ_msgs/msg/point.hpp
[5.665s] -- Installing: /home/eagletn7/Downloads/project-GO2/install/champ_msgs/include/champ_msgs/champ_msgs/msg/contacts.hpp
[5.665s] -- Installing: /home/eagletn7/Downloads/project-GO2/install/champ_msgs/include/champ_msgs/champ_msgs/msg/pose.hpp
[5.665s] -- Installing: /home/eagletn7/Downloads/project-GO2/install/champ_msgs/include/champ_msgs/champ_msgs/msg/point_array.hpp
[5.665s] -- Installing: /home/eagletn7/Downloads/project-GO2/install/champ_msgs/include/champ_msgs/champ_msgs/msg/velocities.hpp
[5.665s] -- Up-to-date: /home/eagletn7/Downloads/project-GO2/install/champ_msgs/include/champ_msgs/champ_msgs
[5.665s] -- Up-to-date: /home/eagletn7/Downloads/project-GO2/install/champ_msgs/include/champ_msgs/champ_msgs/msg
[5.666s] -- Installing: /home/eagletn7/Downloads/project-GO2/install/champ_msgs/include/champ_msgs/champ_msgs/msg/rosidl_typesupport_fastrtps_cpp__visibility_control.h
[5.666s] -- Up-to-date: /home/eagletn7/Downloads/project-GO2/install/champ_msgs/include/champ_msgs/champ_msgs/msg/detail
[5.666s] -- Installing: /home/eagletn7/Downloads/project-GO2/install/champ_msgs/include/champ_msgs/champ_msgs/msg/detail/velocities__rosidl_typesupport_fastrtps_cpp.hpp
[5.666s] -- Installing: /home/eagletn7/Downloads/project-GO2/install/champ_msgs/include/champ_msgs/champ_msgs/msg/detail/contacts__rosidl_typesupport_fastrtps_cpp.hpp
[5.666s] -- Installing: /home/eagletn7/Downloads/project-GO2/install/champ_msgs/include/champ_msgs/champ_msgs/msg/detail/point_array__rosidl_typesupport_fastrtps_cpp.hpp
[5.666s] -- Installing: /home/eagletn7/Downloads/project-GO2/install/champ_msgs/include/champ_msgs/champ_msgs/msg/detail/dds_fastrtps
[5.666s] -- Installing: /home/eagletn7/Downloads/project-GO2/install/champ_msgs/include/champ_msgs/champ_msgs/msg/detail/joints__rosidl_typesupport_fastrtps_cpp.hpp
[5.666s] -- Installing: /home/eagletn7/Downloads/project-GO2/install/champ_msgs/include/champ_msgs/champ_msgs/msg/detail/pid__rosidl_typesupport_fastrtps_cpp.hpp
[5.666s] -- Installing: /home/eagletn7/Downloads/project-GO2/install/champ_msgs/include/champ_msgs/champ_msgs/msg/detail/pose__rosidl_typesupport_fastrtps_cpp.hpp
[5.667s] -- Installing: /home/eagletn7/Downloads/project-GO2/install/champ_msgs/include/champ_msgs/champ_msgs/msg/detail/contacts_stamped__rosidl_typesupport_fastrtps_cpp.hpp
[5.667s] -- Installing: /home/eagletn7/Downloads/project-GO2/install/champ_msgs/include/champ_msgs/champ_msgs/msg/detail/point__rosidl_typesupport_fastrtps_cpp.hpp
[5.667s] -- Installing: /home/eagletn7/Downloads/project-GO2/install/champ_msgs/include/champ_msgs/champ_msgs/msg/detail/imu__rosidl_typesupport_fastrtps_cpp.hpp
[5.667s] -- Installing: /home/eagletn7/Downloads/project-GO2/install/champ_msgs/lib/libchamp_msgs__rosidl_typesupport_fastrtps_cpp.so
[5.667s] -- Set runtime path of "/home/eagletn7/Downloads/project-GO2/install/champ_msgs/lib/libchamp_msgs__rosidl_typesupport_fastrtps_cpp.so" to ""
[5.667s] -- Up-to-date: /home/eagletn7/Downloads/project-GO2/install/champ_msgs/include/champ_msgs/champ_msgs
[5.667s] -- Up-to-date: /home/eagletn7/Downloads/project-GO2/install/champ_msgs/include/champ_msgs/champ_msgs/msg
[5.668s] -- Up-to-date: /home/eagletn7/Downloads/project-GO2/install/champ_msgs/include/champ_msgs/champ_msgs/msg/detail
[5.668s] -- Installing: /home/eagletn7/Downloads/project-GO2/install/champ_msgs/include/champ_msgs/champ_msgs/msg/detail/contacts_stamped__rosidl_typesupport_introspection_cpp.hpp
[5.668s] -- Installing: /home/eagletn7/Downloads/project-GO2/install/champ_msgs/include/champ_msgs/champ_msgs/msg/detail/pid__rosidl_typesupport_introspection_cpp.hpp
[5.668s] -- Installing: /home/eagletn7/Downloads/project-GO2/install/champ_msgs/include/champ_msgs/champ_msgs/msg/detail/pid__type_support.cpp
[5.668s] -- Installing: /home/eagletn7/Downloads/project-GO2/install/champ_msgs/include/champ_msgs/champ_msgs/msg/detail/pose__rosidl_typesupport_introspection_cpp.hpp
[5.668s] -- Installing: /home/eagletn7/Downloads/project-GO2/install/champ_msgs/include/champ_msgs/champ_msgs/msg/detail/contacts_stamped__type_support.cpp
[5.668s] -- Installing: /home/eagletn7/Downloads/project-GO2/install/champ_msgs/include/champ_msgs/champ_msgs/msg/detail/point_array__type_support.cpp
[5.668s] -- Installing: /home/eagletn7/Downloads/project-GO2/install/champ_msgs/include/champ_msgs/champ_msgs/msg/detail/joints__rosidl_typesupport_introspection_cpp.hpp
[5.668s] -- Installing: /home/eagletn7/Downloads/project-GO2/install/champ_msgs/include/champ_msgs/champ_msgs/msg/detail/contacts__type_support.cpp
[5.669s] -- Installing: /home/eagletn7/Downloads/project-GO2/install/champ_msgs/include/champ_msgs/champ_msgs/msg/detail/velocities__type_support.cpp
[5.669s] -- Installing: /home/eagletn7/Downloads/project-GO2/install/champ_msgs/include/champ_msgs/champ_msgs/msg/detail/point__rosidl_typesupport_introspection_cpp.hpp
[5.669s] -- Installing: /home/eagletn7/Downloads/project-GO2/install/champ_msgs/include/champ_msgs/champ_msgs/msg/detail/joints__type_support.cpp
[5.669s] -- Installing: /home/eagletn7/Downloads/project-GO2/install/champ_msgs/include/champ_msgs/champ_msgs/msg/detail/point__type_support.cpp
[5.669s] -- Installing: /home/eagletn7/Downloads/project-GO2/install/champ_msgs/include/champ_msgs/champ_msgs/msg/detail/imu__type_support.cpp
[5.669s] -- Installing: /home/eagletn7/Downloads/project-GO2/install/champ_msgs/include/champ_msgs/champ_msgs/msg/detail/contacts__rosidl_typesupport_introspection_cpp.hpp
[5.669s] -- Installing: /home/eagletn7/Downloads/project-GO2/install/champ_msgs/include/champ_msgs/champ_msgs/msg/detail/imu__rosidl_typesupport_introspection_cpp.hpp
[5.669s] -- Installing: /home/eagletn7/Downloads/project-GO2/install/champ_msgs/include/champ_msgs/champ_msgs/msg/detail/point_array__rosidl_typesupport_introspection_cpp.hpp
[5.670s] -- Installing: /home/eagletn7/Downloads/project-GO2/install/champ_msgs/include/champ_msgs/champ_msgs/msg/detail/pose__type_support.cpp
[5.670s] -- Installing: /home/eagletn7/Downloads/project-GO2/install/champ_msgs/include/champ_msgs/champ_msgs/msg/detail/velocities__rosidl_typesupport_introspection_cpp.hpp
[5.670s] -- Installing: /home/eagletn7/Downloads/project-GO2/install/champ_msgs/lib/libchamp_msgs__rosidl_typesupport_introspection_cpp.so
[5.670s] -- Set runtime path of "/home/eagletn7/Downloads/project-GO2/install/champ_msgs/lib/libchamp_msgs__rosidl_typesupport_introspection_cpp.so" to ""
[5.670s] -- Installing: /home/eagletn7/Downloads/project-GO2/install/champ_msgs/lib/libchamp_msgs__rosidl_typesupport_cpp.so
[5.671s] -- Set runtime path of "/home/eagletn7/Downloads/project-GO2/install/champ_msgs/lib/libchamp_msgs__rosidl_typesupport_cpp.so" to ""
[5.671s] -- Installing: /home/eagletn7/Downloads/project-GO2/install/champ_msgs/share/champ_msgs/environment/pythonpath.sh
[5.671s] -- Installing: /home/eagletn7/Downloads/project-GO2/install/champ_msgs/share/champ_msgs/environment/pythonpath.dsv
[5.671s] -- Installing: /home/eagletn7/Downloads/project-GO2/install/champ_msgs/local/lib/python3.10/dist-packages/champ_msgs-0.1.0-py3.10.egg-info
[5.671s] -- Installing: /home/eagletn7/Downloads/project-GO2/install/champ_msgs/local/lib/python3.10/dist-packages/champ_msgs-0.1.0-py3.10.egg-info/PKG-INFO
[5.671s] -- Installing: /home/eagletn7/Downloads/project-GO2/install/champ_msgs/local/lib/python3.10/dist-packages/champ_msgs-0.1.0-py3.10.egg-info/SOURCES.txt
[5.671s] -- Installing: /home/eagletn7/Downloads/project-GO2/install/champ_msgs/local/lib/python3.10/dist-packages/champ_msgs-0.1.0-py3.10.egg-info/dependency_links.txt
[5.671s] -- Installing: /home/eagletn7/Downloads/project-GO2/install/champ_msgs/local/lib/python3.10/dist-packages/champ_msgs-0.1.0-py3.10.egg-info/top_level.txt
[5.672s] -- Installing: /home/eagletn7/Downloads/project-GO2/install/champ_msgs/local/lib/python3.10/dist-packages/champ_msgs
[5.672s] -- Installing: /home/eagletn7/Downloads/project-GO2/install/champ_msgs/local/lib/python3.10/dist-packages/champ_msgs/champ_msgs_s__rosidl_typesupport_fastrtps_c.cpython-310-x86_64-linux-gnu.so
[5.672s] -- Installing: /home/eagletn7/Downloads/project-GO2/install/champ_msgs/local/lib/python3.10/dist-packages/champ_msgs/_champ_msgs_s.ep.rosidl_typesupport_introspection_c.c
[5.672s] -- Installing: /home/eagletn7/Downloads/project-GO2/install/champ_msgs/local/lib/python3.10/dist-packages/champ_msgs/_champ_msgs_s.ep.rosidl_typesupport_fastrtps_c.c
[5.672s] -- Installing: /home/eagletn7/Downloads/project-GO2/install/champ_msgs/local/lib/python3.10/dist-packages/champ_msgs/msg
[5.672s] -- Installing: /home/eagletn7/Downloads/project-GO2/install/champ_msgs/local/lib/python3.10/dist-packages/champ_msgs/msg/_imu.py
[5.672s] -- Installing: /home/eagletn7/Downloads/project-GO2/install/champ_msgs/local/lib/python3.10/dist-packages/champ_msgs/msg/_contacts.py
[5.672s] -- Installing: /home/eagletn7/Downloads/project-GO2/install/champ_msgs/local/lib/python3.10/dist-packages/champ_msgs/msg/_contacts_stamped_s.c
[5.673s] -- Installing: /home/eagletn7/Downloads/project-GO2/install/champ_msgs/local/lib/python3.10/dist-packages/champ_msgs/msg/_point_s.c
[5.673s] -- Installing: /home/eagletn7/Downloads/project-GO2/install/champ_msgs/local/lib/python3.10/dist-packages/champ_msgs/msg/_joints.py
[5.673s] -- Installing: /home/eagletn7/Downloads/project-GO2/install/champ_msgs/local/lib/python3.10/dist-packages/champ_msgs/msg/_pose.py
[5.673s] -- Installing: /home/eagletn7/Downloads/project-GO2/install/champ_msgs/local/lib/python3.10/dist-packages/champ_msgs/msg/_imu_s.c
[5.673s] -- Installing: /home/eagletn7/Downloads/project-GO2/install/champ_msgs/local/lib/python3.10/dist-packages/champ_msgs/msg/_point_array_s.c
[5.673s] -- Installing: /home/eagletn7/Downloads/project-GO2/install/champ_msgs/local/lib/python3.10/dist-packages/champ_msgs/msg/_point_array.py
[5.673s] -- Installing: /home/eagletn7/Downloads/project-GO2/install/champ_msgs/local/lib/python3.10/dist-packages/champ_msgs/msg/_velocities_s.c
[5.673s] -- Installing: /home/eagletn7/Downloads/project-GO2/install/champ_msgs/local/lib/python3.10/dist-packages/champ_msgs/msg/_pid.py
[5.674s] -- Installing: /home/eagletn7/Downloads/project-GO2/install/champ_msgs/local/lib/python3.10/dist-packages/champ_msgs/msg/_joints_s.c
[5.674s] -- Installing: /home/eagletn7/Downloads/project-GO2/install/champ_msgs/local/lib/python3.10/dist-packages/champ_msgs/msg/_contacts_stamped.py
[5.674s] -- Installing: /home/eagletn7/Downloads/project-GO2/install/champ_msgs/local/lib/python3.10/dist-packages/champ_msgs/msg/_point.py
[5.674s] -- Installing: /home/eagletn7/Downloads/project-GO2/install/champ_msgs/local/lib/python3.10/dist-packages/champ_msgs/msg/_pose_s.c
[5.674s] -- Installing: /home/eagletn7/Downloads/project-GO2/install/champ_msgs/local/lib/python3.10/dist-packages/champ_msgs/msg/__init__.py
[5.674s] -- Installing: /home/eagletn7/Downloads/project-GO2/install/champ_msgs/local/lib/python3.10/dist-packages/champ_msgs/msg/_contacts_s.c
[5.674s] -- Installing: /home/eagletn7/Downloads/project-GO2/install/champ_msgs/local/lib/python3.10/dist-packages/champ_msgs/msg/_velocities.py
[5.674s] -- Installing: /home/eagletn7/Downloads/project-GO2/install/champ_msgs/local/lib/python3.10/dist-packages/champ_msgs/msg/_pid_s.c
[5.675s] -- Installing: /home/eagletn7/Downloads/project-GO2/install/champ_msgs/local/lib/python3.10/dist-packages/champ_msgs/champ_msgs_s__rosidl_typesupport_introspection_c.cpython-310-x86_64-linux-gnu.so
[5.675s] -- Installing: /home/eagletn7/Downloads/project-GO2/install/champ_msgs/local/lib/python3.10/dist-packages/champ_msgs/__init__.py
[5.675s] -- Installing: /home/eagletn7/Downloads/project-GO2/install/champ_msgs/local/lib/python3.10/dist-packages/champ_msgs/_champ_msgs_s.ep.rosidl_typesupport_c.c
[5.675s] -- Installing: /home/eagletn7/Downloads/project-GO2/install/champ_msgs/local/lib/python3.10/dist-packages/champ_msgs/libchamp_msgs__rosidl_generator_py.so
[5.675s] -- Installing: /home/eagletn7/Downloads/project-GO2/install/champ_msgs/local/lib/python3.10/dist-packages/champ_msgs/champ_msgs_s__rosidl_typesupport_c.cpython-310-x86_64-linux-gnu.so
[5.720s] Listing '/home/eagletn7/Downloads/project-GO2/install/champ_msgs/local/lib/python3.10/dist-packages/champ_msgs'...
[5.720s] Compiling '/home/eagletn7/Downloads/project-GO2/install/champ_msgs/local/lib/python3.10/dist-packages/champ_msgs/__init__.py'...
[5.720s] Listing '/home/eagletn7/Downloads/project-GO2/install/champ_msgs/local/lib/python3.10/dist-packages/champ_msgs/msg'...
[5.720s] Compiling '/home/eagletn7/Downloads/project-GO2/install/champ_msgs/local/lib/python3.10/dist-packages/champ_msgs/msg/__init__.py'...
[5.720s] Compiling '/home/eagletn7/Downloads/project-GO2/install/champ_msgs/local/lib/python3.10/dist-packages/champ_msgs/msg/_contacts.py'...
[5.720s] Compiling '/home/eagletn7/Downloads/project-GO2/install/champ_msgs/local/lib/python3.10/dist-packages/champ_msgs/msg/_contacts_stamped.py'...
[5.720s] Compiling '/home/eagletn7/Downloads/project-GO2/install/champ_msgs/local/lib/python3.10/dist-packages/champ_msgs/msg/_imu.py'...
[5.720s] Compiling '/home/eagletn7/Downloads/project-GO2/install/champ_msgs/local/lib/python3.10/dist-packages/champ_msgs/msg/_joints.py'...
[5.720s] Compiling '/home/eagletn7/Downloads/project-GO2/install/champ_msgs/local/lib/python3.10/dist-packages/champ_msgs/msg/_pid.py'...
[5.720s] Compiling '/home/eagletn7/Downloads/project-GO2/install/champ_msgs/local/lib/python3.10/dist-packages/champ_msgs/msg/_point.py'...
[5.720s] Compiling '/home/eagletn7/Downloads/project-GO2/install/champ_msgs/local/lib/python3.10/dist-packages/champ_msgs/msg/_point_array.py'...
[5.720s] Compiling '/home/eagletn7/Downloads/project-GO2/install/champ_msgs/local/lib/python3.10/dist-packages/champ_msgs/msg/_pose.py'...
[5.720s] Compiling '/home/eagletn7/Downloads/project-GO2/install/champ_msgs/local/lib/python3.10/dist-packages/champ_msgs/msg/_velocities.py'...
[5.723s] -- Installing: /home/eagletn7/Downloads/project-GO2/install/champ_msgs/local/lib/python3.10/dist-packages/champ_msgs/champ_msgs_s__rosidl_typesupport_fastrtps_c.cpython-310-x86_64-linux-gnu.so
[5.723s] -- Set runtime path of "/home/eagletn7/Downloads/project-GO2/install/champ_msgs/local/lib/python3.10/dist-packages/champ_msgs/champ_msgs_s__rosidl_typesupport_fastrtps_c.cpython-310-x86_64-linux-gnu.so" to ""
[5.724s] -- Installing: /home/eagletn7/Downloads/project-GO2/install/champ_msgs/local/lib/python3.10/dist-packages/champ_msgs/champ_msgs_s__rosidl_typesupport_introspection_c.cpython-310-x86_64-linux-gnu.so
[5.724s] -- Set runtime path of "/home/eagletn7/Downloads/project-GO2/install/champ_msgs/local/lib/python3.10/dist-packages/champ_msgs/champ_msgs_s__rosidl_typesupport_introspection_c.cpython-310-x86_64-linux-gnu.so" to ""
[5.724s] -- Installing: /home/eagletn7/Downloads/project-GO2/install/champ_msgs/local/lib/python3.10/dist-packages/champ_msgs/champ_msgs_s__rosidl_typesupport_c.cpython-310-x86_64-linux-gnu.so
[5.724s] -- Set runtime path of "/home/eagletn7/Downloads/project-GO2/install/champ_msgs/local/lib/python3.10/dist-packages/champ_msgs/champ_msgs_s__rosidl_typesupport_c.cpython-310-x86_64-linux-gnu.so" to ""
[5.725s] -- Installing: /home/eagletn7/Downloads/project-GO2/install/champ_msgs/lib/libchamp_msgs__rosidl_generator_py.so
[5.725s] -- Set runtime path of "/home/eagletn7/Downloads/project-GO2/install/champ_msgs/lib/libchamp_msgs__rosidl_generator_py.so" to ""
[5.725s] -- Installing: /home/eagletn7/Downloads/project-GO2/install/champ_msgs/share/champ_msgs/msg/Velocities.idl
[5.725s] -- Installing: /home/eagletn7/Downloads/project-GO2/install/champ_msgs/share/champ_msgs/msg/PID.idl
[5.725s] -- Installing: /home/eagletn7/Downloads/project-GO2/install/champ_msgs/share/champ_msgs/msg/Imu.idl
[5.725s] -- Installing: /home/eagletn7/Downloads/project-GO2/install/champ_msgs/share/champ_msgs/msg/Point.idl
[5.725s] -- Installing: /home/eagletn7/Downloads/project-GO2/install/champ_msgs/share/champ_msgs/msg/PointArray.idl
[5.726s] -- Installing: /home/eagletn7/Downloads/project-GO2/install/champ_msgs/share/champ_msgs/msg/Joints.idl
[5.726s] -- Installing: /home/eagletn7/Downloads/project-GO2/install/champ_msgs/share/champ_msgs/msg/Contacts.idl
[5.726s] -- Installing: /home/eagletn7/Downloads/project-GO2/install/champ_msgs/share/champ_msgs/msg/ContactsStamped.idl
[5.726s] -- Installing: /home/eagletn7/Downloads/project-GO2/install/champ_msgs/share/champ_msgs/msg/Pose.idl
[5.726s] -- Installing: /home/eagletn7/Downloads/project-GO2/install/champ_msgs/share/champ_msgs/msg/Velocities.msg
[5.726s] -- Installing: /home/eagletn7/Downloads/project-GO2/install/champ_msgs/share/champ_msgs/msg/PID.msg
[5.726s] -- Installing: /home/eagletn7/Downloads/project-GO2/install/champ_msgs/share/champ_msgs/msg/Imu.msg
[5.727s] -- Installing: /home/eagletn7/Downloads/project-GO2/install/champ_msgs/share/champ_msgs/msg/Point.msg
[5.727s] -- Installing: /home/eagletn7/Downloads/project-GO2/install/champ_msgs/share/champ_msgs/msg/PointArray.msg
[5.727s] -- Installing: /home/eagletn7/Downloads/project-GO2/install/champ_msgs/share/champ_msgs/msg/Joints.msg
[5.727s] -- Installing: /home/eagletn7/Downloads/project-GO2/install/champ_msgs/share/champ_msgs/msg/Contacts.msg
[5.727s] -- Installing: /home/eagletn7/Downloads/project-GO2/install/champ_msgs/share/champ_msgs/msg/ContactsStamped.msg
[5.727s] -- Installing: /home/eagletn7/Downloads/project-GO2/install/champ_msgs/share/champ_msgs/msg/Pose.msg
[5.727s] -- Installing: /home/eagletn7/Downloads/project-GO2/install/champ_msgs/share/ament_index/resource_index/package_run_dependencies/champ_msgs
[5.728s] -- Installing: /home/eagletn7/Downloads/project-GO2/install/champ_msgs/share/ament_index/resource_index/parent_prefix_path/champ_msgs
[5.728s] -- Installing: /home/eagletn7/Downloads/project-GO2/install/champ_msgs/share/champ_msgs/environment/ament_prefix_path.sh
[5.728s] -- Installing: /home/eagletn7/Downloads/project-GO2/install/champ_msgs/share/champ_msgs/environment/ament_prefix_path.dsv
[5.728s] -- Installing: /home/eagletn7/Downloads/project-GO2/install/champ_msgs/share/champ_msgs/environment/path.sh
[5.728s] -- Installing: /home/eagletn7/Downloads/project-GO2/install/champ_msgs/share/champ_msgs/environment/path.dsv
[5.728s] -- Installing: /home/eagletn7/Downloads/project-GO2/install/champ_msgs/share/champ_msgs/local_setup.bash
[5.728s] -- Installing: /home/eagletn7/Downloads/project-GO2/install/champ_msgs/share/champ_msgs/local_setup.sh
[5.729s] -- Installing: /home/eagletn7/Downloads/project-GO2/install/champ_msgs/share/champ_msgs/local_setup.zsh
[5.729s] -- Installing: /home/eagletn7/Downloads/project-GO2/install/champ_msgs/share/champ_msgs/local_setup.dsv
[5.729s] -- Installing: /home/eagletn7/Downloads/project-GO2/install/champ_msgs/share/champ_msgs/package.dsv
[5.729s] -- Installing: /home/eagletn7/Downloads/project-GO2/install/champ_msgs/share/ament_index/resource_index/packages/champ_msgs
[5.729s] -- Installing: /home/eagletn7/Downloads/project-GO2/install/champ_msgs/share/champ_msgs/cmake/export_champ_msgs__rosidl_generator_cExport.cmake
[5.729s] -- Installing: /home/eagletn7/Downloads/project-GO2/install/champ_msgs/share/champ_msgs/cmake/export_champ_msgs__rosidl_generator_cExport-noconfig.cmake
[5.730s] -- Installing: /home/eagletn7/Downloads/project-GO2/install/champ_msgs/share/champ_msgs/cmake/export_champ_msgs__rosidl_typesupport_fastrtps_cExport.cmake
[5.730s] -- Installing: /home/eagletn7/Downloads/project-GO2/install/champ_msgs/share/champ_msgs/cmake/export_champ_msgs__rosidl_typesupport_fastrtps_cExport-noconfig.cmake
[5.730s] -- Installing: /home/eagletn7/Downloads/project-GO2/install/champ_msgs/share/champ_msgs/cmake/champ_msgs__rosidl_typesupport_introspection_cExport.cmake
[5.730s] -- Installing: /home/eagletn7/Downloads/project-GO2/install/champ_msgs/share/champ_msgs/cmake/champ_msgs__rosidl_typesupport_introspection_cExport-noconfig.cmake
[5.730s] -- Installing: /home/eagletn7/Downloads/project-GO2/install/champ_msgs/share/champ_msgs/cmake/champ_msgs__rosidl_typesupport_cExport.cmake
[5.730s] -- Installing: /home/eagletn7/Downloads/project-GO2/install/champ_msgs/share/champ_msgs/cmake/champ_msgs__rosidl_typesupport_cExport-noconfig.cmake
[5.730s] -- Installing: /home/eagletn7/Downloads/project-GO2/install/champ_msgs/share/champ_msgs/cmake/export_champ_msgs__rosidl_generator_cppExport.cmake
[5.731s] -- Installing: /home/eagletn7/Downloads/project-GO2/install/champ_msgs/share/champ_msgs/cmake/export_champ_msgs__rosidl_typesupport_fastrtps_cppExport.cmake
[5.731s] -- Installing: /home/eagletn7/Downloads/project-GO2/install/champ_msgs/share/champ_msgs/cmake/export_champ_msgs__rosidl_typesupport_fastrtps_cppExport-noconfig.cmake
[5.731s] -- Installing: /home/eagletn7/Downloads/project-GO2/install/champ_msgs/share/champ_msgs/cmake/champ_msgs__rosidl_typesupport_introspection_cppExport.cmake
[5.731s] -- Installing: /home/eagletn7/Downloads/project-GO2/install/champ_msgs/share/champ_msgs/cmake/champ_msgs__rosidl_typesupport_introspection_cppExport-noconfig.cmake
[5.731s] -- Installing: /home/eagletn7/Downloads/project-GO2/install/champ_msgs/share/champ_msgs/cmake/champ_msgs__rosidl_typesupport_cppExport.cmake
[5.731s] -- Installing: /home/eagletn7/Downloads/project-GO2/install/champ_msgs/share/champ_msgs/cmake/champ_msgs__rosidl_typesupport_cppExport-noconfig.cmake
[5.732s] -- Installing: /home/eagletn7/Downloads/project-GO2/install/champ_msgs/share/champ_msgs/cmake/export_champ_msgs__rosidl_generator_pyExport.cmake
[5.732s] -- Installing: /home/eagletn7/Downloads/project-GO2/install/champ_msgs/share/champ_msgs/cmake/export_champ_msgs__rosidl_generator_pyExport-noconfig.cmake
[5.732s] -- Installing: /home/eagletn7/Downloads/project-GO2/install/champ_msgs/share/champ_msgs/cmake/rosidl_cmake-extras.cmake
[5.732s] -- Installing: /home/eagletn7/Downloads/project-GO2/install/champ_msgs/share/champ_msgs/cmake/ament_cmake_export_dependencies-extras.cmake
[5.732s] -- Installing: /home/eagletn7/Downloads/project-GO2/install/champ_msgs/share/champ_msgs/cmake/ament_cmake_export_include_directories-extras.cmake
[5.732s] -- Installing: /home/eagletn7/Downloads/project-GO2/install/champ_msgs/share/champ_msgs/cmake/ament_cmake_export_libraries-extras.cmake
[5.732s] -- Installing: /home/eagletn7/Downloads/project-GO2/install/champ_msgs/share/champ_msgs/cmake/ament_cmake_export_targets-extras.cmake
[5.733s] -- Installing: /home/eagletn7/Downloads/project-GO2/install/champ_msgs/share/champ_msgs/cmake/rosidl_cmake_export_typesupport_targets-extras.cmake
[5.733s] -- Installing: /home/eagletn7/Downloads/project-GO2/install/champ_msgs/share/champ_msgs/cmake/rosidl_cmake_export_typesupport_libraries-extras.cmake
[5.733s] -- Installing: /home/eagletn7/Downloads/project-GO2/install/champ_msgs/share/champ_msgs/cmake/champ_msgsConfig.cmake
[5.733s] -- Installing: /home/eagletn7/Downloads/project-GO2/install/champ_msgs/share/champ_msgs/cmake/champ_msgsConfig-version.cmake
[5.733s] -- Installing: /home/eagletn7/Downloads/project-GO2/install/champ_msgs/share/champ_msgs/package.xml
[5.736s] Invoked command in '/home/eagletn7/Downloads/project-GO2/build/champ_msgs' returned '0': CMAKE_PREFIX_PATH=${CMAKE_PREFIX_PATH}:/home/eagletn7/Downloads/project-GO2/install/go2_simple_navigation:/opt/ros/humble /usr/bin/cmake --install /home/eagletn7/Downloads/project-GO2/build/champ_msgs
