[0.056s] Invoking command in '/home/nadim/project-GO2/src/build/champ_description': /usr/bin/cmake /home/nadim/project-GO2/src/unitree-go2-ros2/champ/champ_description -DCMAKE_INSTALL_PREFIX=/home/nadim/project-GO2/src/install/champ_description
[0.466s] -- The C compiler identification is GNU 11.4.0
[0.657s] -- The CXX compiler identification is GNU 11.4.0
[0.682s] -- Detecting C compiler ABI info
[0.810s] -- Detecting C compiler ABI info - done
[0.820s] -- Check for working C compiler: /usr/bin/cc - skipped
[0.820s] -- Detecting C compile features
[0.820s] -- Detecting C compile features - done
[0.823s] -- Detecting CXX compiler ABI info
[0.972s] -- Detecting CXX compiler ABI info - done
[0.983s] -- Check for working CXX compiler: /usr/bin/c++ - skipped
[0.983s] -- Detecting CXX compile features
[0.986s] -- Detecting CXX compile features - done
[0.996s] -- Configuring incomplete, errors occurred!
[0.996s] See also "/home/nadim/project-GO2/src/build/champ_description/CMakeFiles/CMakeOutput.log".
[0.998s] [31mCMake Error at CMakeLists.txt:4 (find_package):
[0.998s]   By not providing "Findament_cmake.cmake" in CMAKE_MODULE_PATH this project
[0.998s]   has asked CMake to find a package configuration file provided by
[0.998s]   "ament_cmake", but CMake did not find one.
[0.998s] 
[0.998s]   Could not find a package configuration file provided by "ament_cmake" with
[0.998s]   any of the following names:
[0.998s] 
[0.998s]     ament_cmakeConfig.cmake
[0.998s]     ament_cmake-config.cmake
[0.998s] 
[0.998s]   Add the installation prefix of "ament_cmake" to CMAKE_PREFIX_PATH or set
[0.998s]   "ament_cmake_DIR" to a directory containing one of the above files.  If
[0.998s]   "ament_cmake" provides a separate development package or SDK, be sure it
[0.998s]   has been installed.
[0.998s] 
[0.998s] [0m
[1.018s] Invoked command in '/home/nadim/project-GO2/src/build/champ_description' returned '1': /usr/bin/cmake /home/nadim/project-GO2/src/unitree-go2-ros2/champ/champ_description -DCMAKE_INSTALL_PREFIX=/home/nadim/project-GO2/src/install/champ_description
